[2023-04-01 15:04:21,329] {taskinstance.py:1159} INFO - Dependencies all met for <TaskInstance: example_bash_operator.runme_1 scheduled__2023-03-31T00:00:00+00:00 [queued]>
[2023-04-01 15:04:21,532] {taskinstance.py:1159} INFO - Dependencies all met for <TaskInstance: example_bash_operator.runme_1 scheduled__2023-03-31T00:00:00+00:00 [queued]>
[2023-04-01 15:04:21,546] {taskinstance.py:1356} INFO - 
--------------------------------------------------------------------------------
[2023-04-01 15:04:21,557] {taskinstance.py:1357} INFO - Starting attempt 1 of 1
[2023-04-01 15:04:21,566] {taskinstance.py:1358} INFO - 
--------------------------------------------------------------------------------
[2023-04-01 15:04:21,892] {taskinstance.py:1377} INFO - Executing <Task(BashOperator): runme_1> on 2023-03-31 00:00:00+00:00
[2023-04-01 15:04:22,134] {standard_task_runner.py:52} INFO - Started process 189 to run task
[2023-04-01 15:04:22,288] {standard_task_runner.py:79} INFO - Running: ['***', 'tasks', 'run', 'example_bash_operator', 'runme_1', 'scheduled__2023-03-31T00:00:00+00:00', '--job-id', '7', '--raw', '--subdir', '/home/***/.local/lib/python3.7/site-packages/***/example_dags/example_bash_operator.py', '--cfg-path', '/tmp/tmpkm5__gww', '--error-file', '/tmp/tmpwr4_3vlx']
[2023-04-01 15:04:22,292] {standard_task_runner.py:80} INFO - Job 7: Subtask runme_1
[2023-04-01 15:04:22,886] {task_command.py:369} INFO - Running <TaskInstance: example_bash_operator.runme_1 scheduled__2023-03-31T00:00:00+00:00 [running]> on host 94291ec70be5
[2023-04-01 15:04:23,225] {taskinstance.py:1571} INFO - Exporting the following env vars:
AIRFLOW_CTX_DAG_OWNER=***
AIRFLOW_CTX_DAG_ID=example_bash_operator
AIRFLOW_CTX_TASK_ID=runme_1
AIRFLOW_CTX_EXECUTION_DATE=2023-03-31T00:00:00+00:00
AIRFLOW_CTX_TRY_NUMBER=1
AIRFLOW_CTX_DAG_RUN_ID=scheduled__2023-03-31T00:00:00+00:00
[2023-04-01 15:04:23,229] {subprocess.py:62} INFO - Tmp dir root location: 
 /tmp
[2023-04-01 15:04:23,231] {subprocess.py:74} INFO - Running command: ['bash', '-c', 'echo "example_bash_operator__runme_1__20230331" && sleep 1']
[2023-04-01 15:04:23,271] {subprocess.py:85} INFO - Output:
[2023-04-01 15:04:23,274] {subprocess.py:92} INFO - example_bash_operator__runme_1__20230331
[2023-04-01 15:04:24,280] {subprocess.py:96} INFO - Command exited with return code 0
[2023-04-01 15:04:24,391] {taskinstance.py:1400} INFO - Marking task as SUCCESS. dag_id=example_bash_operator, task_id=runme_1, execution_date=20230331T000000, start_date=20230401T150421, end_date=20230401T150424
[2023-04-01 15:04:24,483] {local_task_job.py:156} INFO - Task exited with return code 0
[2023-04-01 15:04:24,580] {local_task_job.py:273} INFO - 0 downstream tasks scheduled from follow-on schedule check
