[2023-04-01 15:05:08,952] {taskinstance.py:1159} INFO - Dependencies all met for <TaskInstance: example_branch_operator.branching scheduled__2023-03-31T00:00:00+00:00 [queued]>
[2023-04-01 15:05:08,969] {taskinstance.py:1159} INFO - Dependencies all met for <TaskInstance: example_branch_operator.branching scheduled__2023-03-31T00:00:00+00:00 [queued]>
[2023-04-01 15:05:08,971] {taskinstance.py:1356} INFO - 
--------------------------------------------------------------------------------
[2023-04-01 15:05:08,972] {taskinstance.py:1357} INFO - Starting attempt 1 of 1
[2023-04-01 15:05:08,973] {taskinstance.py:1358} INFO - 
--------------------------------------------------------------------------------
[2023-04-01 15:05:08,997] {taskinstance.py:1377} INFO - Executing <Task(BranchPythonOperator): branching> on 2023-03-31 00:00:00+00:00
[2023-04-01 15:05:09,005] {standard_task_runner.py:52} INFO - Started process 261 to run task
[2023-04-01 15:05:09,011] {standard_task_runner.py:79} INFO - Running: ['***', 'tasks', 'run', 'example_branch_operator', 'branching', 'scheduled__2023-03-31T00:00:00+00:00', '--job-id', '19', '--raw', '--subdir', '/home/***/.local/lib/python3.7/site-packages/***/example_dags/example_branch_operator.py', '--cfg-path', '/tmp/tmp2sjuchz9', '--error-file', '/tmp/tmp8issvh2f']
[2023-04-01 15:05:09,012] {standard_task_runner.py:80} INFO - Job 19: Subtask branching
[2023-04-01 15:05:09,108] {task_command.py:369} INFO - Running <TaskInstance: example_branch_operator.branching scheduled__2023-03-31T00:00:00+00:00 [running]> on host 94291ec70be5
[2023-04-01 15:05:09,216] {taskinstance.py:1571} INFO - Exporting the following env vars:
AIRFLOW_CTX_DAG_OWNER=***
AIRFLOW_CTX_DAG_ID=example_branch_operator
AIRFLOW_CTX_TASK_ID=branching
AIRFLOW_CTX_EXECUTION_DATE=2023-03-31T00:00:00+00:00
AIRFLOW_CTX_TRY_NUMBER=1
AIRFLOW_CTX_DAG_RUN_ID=scheduled__2023-03-31T00:00:00+00:00
[2023-04-01 15:05:09,219] {python.py:173} INFO - Done. Returned value was: branch_c
[2023-04-01 15:05:09,220] {skipmixin.py:140} INFO - Following branch branch_c
[2023-04-01 15:05:09,221] {skipmixin.py:175} INFO - Skipping tasks ['branch_b', 'branch_a', 'branch_d']
[2023-04-01 15:05:09,290] {taskinstance.py:1400} INFO - Marking task as SUCCESS. dag_id=example_branch_operator, task_id=branching, execution_date=20230331T000000, start_date=20230401T150508, end_date=20230401T150509
[2023-04-01 15:05:09,345] {local_task_job.py:156} INFO - Task exited with return code 0
[2023-04-01 15:05:09,466] {local_task_job.py:273} INFO - 1 downstream tasks scheduled from follow-on schedule check
