[2023-04-01 15:10:21,838] {processor.py:153} INFO - Started process (PID=44) to work on /opt/airflow/dags/user_processing.py
[2023-04-01 15:10:21,840] {processor.py:641} INFO - Processing file /opt/airflow/dags/user_processing.py for tasks to queue
[2023-04-01 15:10:21,842] {logging_mixin.py:115} INFO - [2023-04-01 15:10:21,842] {dagbag.py:507} INFO - Filling up the DagBag from /opt/airflow/dags/user_processing.py
[2023-04-01 15:10:25,259] {processor.py:651} INFO - DAG(s) dict_keys(['user_processing']) retrieved from /opt/airflow/dags/user_processing.py
[2023-04-01 15:10:25,558] {logging_mixin.py:115} INFO - [2023-04-01 15:10:25,558] {manager.py:508} INFO - Created Permission View: can delete on DAG:user_processing
[2023-04-01 15:10:25,585] {logging_mixin.py:115} INFO - [2023-04-01 15:10:25,585] {manager.py:508} INFO - Created Permission View: can edit on DAG:user_processing
[2023-04-01 15:10:25,606] {logging_mixin.py:115} INFO - [2023-04-01 15:10:25,605] {manager.py:508} INFO - Created Permission View: can read on DAG:user_processing
[2023-04-01 15:10:25,610] {logging_mixin.py:115} INFO - [2023-04-01 15:10:25,608] {dag.py:2371} INFO - Sync 1 DAGs
[2023-04-01 15:10:25,640] {logging_mixin.py:115} INFO - [2023-04-01 15:10:25,639] {dag.py:2390} INFO - Creating ORM DAG for user_processing
[2023-04-01 15:10:25,729] {logging_mixin.py:115} INFO - [2023-04-01 15:10:25,726] {dag.py:2919} INFO - Setting next_dagrun for user_processing to 2023-03-31T00:00:00+00:00, run_after=2023-04-01T00:00:00+00:00
[2023-04-01 15:10:25,803] {processor.py:161} INFO - Processing /opt/airflow/dags/user_processing.py took 3.970 seconds
[2023-04-01 15:10:56,639] {processor.py:153} INFO - Started process (PID=105) to work on /opt/airflow/dags/user_processing.py
[2023-04-01 15:10:56,642] {processor.py:641} INFO - Processing file /opt/airflow/dags/user_processing.py for tasks to queue
[2023-04-01 15:10:56,645] {logging_mixin.py:115} INFO - [2023-04-01 15:10:56,644] {dagbag.py:507} INFO - Filling up the DagBag from /opt/airflow/dags/user_processing.py
[2023-04-01 15:10:57,384] {processor.py:651} INFO - DAG(s) dict_keys(['user_processing']) retrieved from /opt/airflow/dags/user_processing.py
[2023-04-01 15:10:57,473] {logging_mixin.py:115} INFO - [2023-04-01 15:10:57,472] {dag.py:2371} INFO - Sync 1 DAGs
[2023-04-01 15:10:57,525] {logging_mixin.py:115} INFO - [2023-04-01 15:10:57,524] {dag.py:2919} INFO - Setting next_dagrun for user_processing to 2023-04-01T00:00:00+00:00, run_after=2023-04-02T00:00:00+00:00
[2023-04-01 15:10:57,551] {processor.py:161} INFO - Processing /opt/airflow/dags/user_processing.py took 0.917 seconds
[2023-04-01 15:11:27,670] {processor.py:153} INFO - Started process (PID=169) to work on /opt/airflow/dags/user_processing.py
[2023-04-01 15:11:27,672] {processor.py:641} INFO - Processing file /opt/airflow/dags/user_processing.py for tasks to queue
[2023-04-01 15:11:27,673] {logging_mixin.py:115} INFO - [2023-04-01 15:11:27,673] {dagbag.py:507} INFO - Filling up the DagBag from /opt/airflow/dags/user_processing.py
[2023-04-01 15:11:28,177] {processor.py:651} INFO - DAG(s) dict_keys(['user_processing']) retrieved from /opt/airflow/dags/user_processing.py
[2023-04-01 15:11:28,227] {logging_mixin.py:115} INFO - [2023-04-01 15:11:28,227] {dag.py:2371} INFO - Sync 1 DAGs
[2023-04-01 15:11:28,260] {logging_mixin.py:115} INFO - [2023-04-01 15:11:28,259] {dag.py:2919} INFO - Setting next_dagrun for user_processing to 2023-04-01T00:00:00+00:00, run_after=2023-04-02T00:00:00+00:00
[2023-04-01 15:11:28,304] {processor.py:161} INFO - Processing /opt/airflow/dags/user_processing.py took 0.639 seconds
[2023-04-01 15:11:58,420] {processor.py:153} INFO - Started process (PID=227) to work on /opt/airflow/dags/user_processing.py
[2023-04-01 15:11:58,421] {processor.py:641} INFO - Processing file /opt/airflow/dags/user_processing.py for tasks to queue
[2023-04-01 15:11:58,424] {logging_mixin.py:115} INFO - [2023-04-01 15:11:58,423] {dagbag.py:507} INFO - Filling up the DagBag from /opt/airflow/dags/user_processing.py
[2023-04-01 15:11:58,991] {processor.py:651} INFO - DAG(s) dict_keys(['user_processing']) retrieved from /opt/airflow/dags/user_processing.py
[2023-04-01 15:11:59,067] {logging_mixin.py:115} INFO - [2023-04-01 15:11:59,066] {dag.py:2371} INFO - Sync 1 DAGs
[2023-04-01 15:11:59,115] {logging_mixin.py:115} INFO - [2023-04-01 15:11:59,115] {dag.py:2919} INFO - Setting next_dagrun for user_processing to 2023-04-01T00:00:00+00:00, run_after=2023-04-02T00:00:00+00:00
[2023-04-01 15:11:59,149] {processor.py:161} INFO - Processing /opt/airflow/dags/user_processing.py took 0.734 seconds
[2023-04-01 15:12:30,101] {processor.py:153} INFO - Started process (PID=293) to work on /opt/airflow/dags/user_processing.py
[2023-04-01 15:12:30,103] {processor.py:641} INFO - Processing file /opt/airflow/dags/user_processing.py for tasks to queue
[2023-04-01 15:12:30,104] {logging_mixin.py:115} INFO - [2023-04-01 15:12:30,104] {dagbag.py:507} INFO - Filling up the DagBag from /opt/airflow/dags/user_processing.py
[2023-04-01 15:12:30,667] {processor.py:651} INFO - DAG(s) dict_keys(['user_processing']) retrieved from /opt/airflow/dags/user_processing.py
[2023-04-01 15:12:30,771] {logging_mixin.py:115} INFO - [2023-04-01 15:12:30,770] {dag.py:2371} INFO - Sync 1 DAGs
[2023-04-01 15:12:30,803] {logging_mixin.py:115} INFO - [2023-04-01 15:12:30,803] {dag.py:2919} INFO - Setting next_dagrun for user_processing to 2023-04-01T00:00:00+00:00, run_after=2023-04-02T00:00:00+00:00
[2023-04-01 15:12:30,824] {processor.py:161} INFO - Processing /opt/airflow/dags/user_processing.py took 0.730 seconds
[2023-04-01 15:13:01,160] {processor.py:153} INFO - Started process (PID=356) to work on /opt/airflow/dags/user_processing.py
[2023-04-01 15:13:01,163] {processor.py:641} INFO - Processing file /opt/airflow/dags/user_processing.py for tasks to queue
[2023-04-01 15:13:01,165] {logging_mixin.py:115} INFO - [2023-04-01 15:13:01,165] {dagbag.py:507} INFO - Filling up the DagBag from /opt/airflow/dags/user_processing.py
[2023-04-01 15:13:01,971] {processor.py:651} INFO - DAG(s) dict_keys(['user_processing']) retrieved from /opt/airflow/dags/user_processing.py
[2023-04-01 15:13:02,049] {logging_mixin.py:115} INFO - [2023-04-01 15:13:02,048] {dag.py:2371} INFO - Sync 1 DAGs
[2023-04-01 15:13:02,086] {logging_mixin.py:115} INFO - [2023-04-01 15:13:02,086] {dag.py:2919} INFO - Setting next_dagrun for user_processing to 2023-04-01T00:00:00+00:00, run_after=2023-04-02T00:00:00+00:00
[2023-04-01 15:13:02,109] {processor.py:161} INFO - Processing /opt/airflow/dags/user_processing.py took 0.959 seconds
[2023-04-01 15:13:32,937] {processor.py:153} INFO - Started process (PID=414) to work on /opt/airflow/dags/user_processing.py
[2023-04-01 15:13:32,939] {processor.py:641} INFO - Processing file /opt/airflow/dags/user_processing.py for tasks to queue
[2023-04-01 15:13:32,940] {logging_mixin.py:115} INFO - [2023-04-01 15:13:32,940] {dagbag.py:507} INFO - Filling up the DagBag from /opt/airflow/dags/user_processing.py
[2023-04-01 15:13:33,457] {processor.py:651} INFO - DAG(s) dict_keys(['user_processing']) retrieved from /opt/airflow/dags/user_processing.py
[2023-04-01 15:13:33,509] {logging_mixin.py:115} INFO - [2023-04-01 15:13:33,509] {dag.py:2371} INFO - Sync 1 DAGs
[2023-04-01 15:13:33,546] {logging_mixin.py:115} INFO - [2023-04-01 15:13:33,546] {dag.py:2919} INFO - Setting next_dagrun for user_processing to 2023-04-01T00:00:00+00:00, run_after=2023-04-02T00:00:00+00:00
[2023-04-01 15:13:33,563] {processor.py:161} INFO - Processing /opt/airflow/dags/user_processing.py took 0.633 seconds
[2023-04-01 15:14:04,337] {processor.py:153} INFO - Started process (PID=479) to work on /opt/airflow/dags/user_processing.py
[2023-04-01 15:14:04,339] {processor.py:641} INFO - Processing file /opt/airflow/dags/user_processing.py for tasks to queue
[2023-04-01 15:14:04,341] {logging_mixin.py:115} INFO - [2023-04-01 15:14:04,341] {dagbag.py:507} INFO - Filling up the DagBag from /opt/airflow/dags/user_processing.py
[2023-04-01 15:14:04,945] {processor.py:651} INFO - DAG(s) dict_keys(['user_processing']) retrieved from /opt/airflow/dags/user_processing.py
[2023-04-01 15:14:04,999] {logging_mixin.py:115} INFO - [2023-04-01 15:14:04,998] {dag.py:2371} INFO - Sync 1 DAGs
[2023-04-01 15:14:05,030] {logging_mixin.py:115} INFO - [2023-04-01 15:14:05,030] {dag.py:2919} INFO - Setting next_dagrun for user_processing to 2023-04-01T00:00:00+00:00, run_after=2023-04-02T00:00:00+00:00
[2023-04-01 15:14:05,046] {processor.py:161} INFO - Processing /opt/airflow/dags/user_processing.py took 0.714 seconds
[2023-04-01 15:14:35,242] {processor.py:153} INFO - Started process (PID=534) to work on /opt/airflow/dags/user_processing.py
[2023-04-01 15:14:35,243] {processor.py:641} INFO - Processing file /opt/airflow/dags/user_processing.py for tasks to queue
[2023-04-01 15:14:35,245] {logging_mixin.py:115} INFO - [2023-04-01 15:14:35,245] {dagbag.py:507} INFO - Filling up the DagBag from /opt/airflow/dags/user_processing.py
[2023-04-01 15:14:36,042] {processor.py:651} INFO - DAG(s) dict_keys(['user_processing']) retrieved from /opt/airflow/dags/user_processing.py
[2023-04-01 15:14:36,104] {logging_mixin.py:115} INFO - [2023-04-01 15:14:36,103] {dag.py:2371} INFO - Sync 1 DAGs
[2023-04-01 15:14:36,135] {logging_mixin.py:115} INFO - [2023-04-01 15:14:36,135] {dag.py:2919} INFO - Setting next_dagrun for user_processing to 2023-04-01T00:00:00+00:00, run_after=2023-04-02T00:00:00+00:00
[2023-04-01 15:14:36,151] {processor.py:161} INFO - Processing /opt/airflow/dags/user_processing.py took 0.915 seconds
[2023-04-01 15:15:06,334] {processor.py:153} INFO - Started process (PID=600) to work on /opt/airflow/dags/user_processing.py
[2023-04-01 15:15:06,337] {processor.py:641} INFO - Processing file /opt/airflow/dags/user_processing.py for tasks to queue
[2023-04-01 15:15:06,341] {logging_mixin.py:115} INFO - [2023-04-01 15:15:06,341] {dagbag.py:507} INFO - Filling up the DagBag from /opt/airflow/dags/user_processing.py
[2023-04-01 15:15:06,892] {processor.py:651} INFO - DAG(s) dict_keys(['user_processing']) retrieved from /opt/airflow/dags/user_processing.py
[2023-04-01 15:15:06,967] {logging_mixin.py:115} INFO - [2023-04-01 15:15:06,966] {dag.py:2371} INFO - Sync 1 DAGs
[2023-04-01 15:15:07,030] {logging_mixin.py:115} INFO - [2023-04-01 15:15:07,030] {dag.py:2919} INFO - Setting next_dagrun for user_processing to 2023-04-01T00:00:00+00:00, run_after=2023-04-02T00:00:00+00:00
[2023-04-01 15:15:07,056] {processor.py:161} INFO - Processing /opt/airflow/dags/user_processing.py took 0.731 seconds
[2023-04-01 15:15:37,969] {processor.py:153} INFO - Started process (PID=658) to work on /opt/airflow/dags/user_processing.py
[2023-04-01 15:15:37,970] {processor.py:641} INFO - Processing file /opt/airflow/dags/user_processing.py for tasks to queue
[2023-04-01 15:15:37,972] {logging_mixin.py:115} INFO - [2023-04-01 15:15:37,972] {dagbag.py:507} INFO - Filling up the DagBag from /opt/airflow/dags/user_processing.py
[2023-04-01 15:15:38,460] {processor.py:651} INFO - DAG(s) dict_keys(['user_processing']) retrieved from /opt/airflow/dags/user_processing.py
[2023-04-01 15:15:38,520] {logging_mixin.py:115} INFO - [2023-04-01 15:15:38,519] {dag.py:2371} INFO - Sync 1 DAGs
[2023-04-01 15:15:38,549] {logging_mixin.py:115} INFO - [2023-04-01 15:15:38,549] {dag.py:2919} INFO - Setting next_dagrun for user_processing to 2023-04-01T00:00:00+00:00, run_after=2023-04-02T00:00:00+00:00
[2023-04-01 15:15:38,564] {processor.py:161} INFO - Processing /opt/airflow/dags/user_processing.py took 0.601 seconds
[2023-04-01 15:16:08,927] {processor.py:153} INFO - Started process (PID=721) to work on /opt/airflow/dags/user_processing.py
[2023-04-01 15:16:08,930] {processor.py:641} INFO - Processing file /opt/airflow/dags/user_processing.py for tasks to queue
[2023-04-01 15:16:08,932] {logging_mixin.py:115} INFO - [2023-04-01 15:16:08,932] {dagbag.py:507} INFO - Filling up the DagBag from /opt/airflow/dags/user_processing.py
[2023-04-01 15:16:09,450] {processor.py:651} INFO - DAG(s) dict_keys(['user_processing']) retrieved from /opt/airflow/dags/user_processing.py
[2023-04-01 15:16:09,507] {logging_mixin.py:115} INFO - [2023-04-01 15:16:09,507] {dag.py:2371} INFO - Sync 1 DAGs
[2023-04-01 15:16:09,546] {logging_mixin.py:115} INFO - [2023-04-01 15:16:09,545] {dag.py:2919} INFO - Setting next_dagrun for user_processing to 2023-04-01T00:00:00+00:00, run_after=2023-04-02T00:00:00+00:00
[2023-04-01 15:16:09,562] {processor.py:161} INFO - Processing /opt/airflow/dags/user_processing.py took 0.641 seconds
[2023-04-01 15:16:39,736] {processor.py:153} INFO - Started process (PID=784) to work on /opt/airflow/dags/user_processing.py
[2023-04-01 15:16:39,739] {processor.py:641} INFO - Processing file /opt/airflow/dags/user_processing.py for tasks to queue
[2023-04-01 15:16:39,741] {logging_mixin.py:115} INFO - [2023-04-01 15:16:39,741] {dagbag.py:507} INFO - Filling up the DagBag from /opt/airflow/dags/user_processing.py
[2023-04-01 15:16:40,332] {processor.py:651} INFO - DAG(s) dict_keys(['user_processing']) retrieved from /opt/airflow/dags/user_processing.py
[2023-04-01 15:16:40,398] {logging_mixin.py:115} INFO - [2023-04-01 15:16:40,397] {dag.py:2371} INFO - Sync 1 DAGs
[2023-04-01 15:16:40,437] {logging_mixin.py:115} INFO - [2023-04-01 15:16:40,436] {dag.py:2919} INFO - Setting next_dagrun for user_processing to 2023-04-01T00:00:00+00:00, run_after=2023-04-02T00:00:00+00:00
[2023-04-01 15:16:40,455] {processor.py:161} INFO - Processing /opt/airflow/dags/user_processing.py took 0.736 seconds
[2023-04-01 15:17:10,697] {processor.py:153} INFO - Started process (PID=841) to work on /opt/airflow/dags/user_processing.py
[2023-04-01 15:17:10,698] {processor.py:641} INFO - Processing file /opt/airflow/dags/user_processing.py for tasks to queue
[2023-04-01 15:17:10,700] {logging_mixin.py:115} INFO - [2023-04-01 15:17:10,700] {dagbag.py:507} INFO - Filling up the DagBag from /opt/airflow/dags/user_processing.py
[2023-04-01 15:17:11,186] {processor.py:651} INFO - DAG(s) dict_keys(['user_processing']) retrieved from /opt/airflow/dags/user_processing.py
[2023-04-01 15:17:11,242] {logging_mixin.py:115} INFO - [2023-04-01 15:17:11,241] {dag.py:2371} INFO - Sync 1 DAGs
[2023-04-01 15:17:11,276] {logging_mixin.py:115} INFO - [2023-04-01 15:17:11,276] {dag.py:2919} INFO - Setting next_dagrun for user_processing to 2023-04-01T00:00:00+00:00, run_after=2023-04-02T00:00:00+00:00
[2023-04-01 15:17:11,290] {processor.py:161} INFO - Processing /opt/airflow/dags/user_processing.py took 0.599 seconds
[2023-04-01 15:17:42,181] {processor.py:153} INFO - Started process (PID=906) to work on /opt/airflow/dags/user_processing.py
[2023-04-01 15:17:42,182] {processor.py:641} INFO - Processing file /opt/airflow/dags/user_processing.py for tasks to queue
[2023-04-01 15:17:42,184] {logging_mixin.py:115} INFO - [2023-04-01 15:17:42,184] {dagbag.py:507} INFO - Filling up the DagBag from /opt/airflow/dags/user_processing.py
[2023-04-01 15:17:42,687] {processor.py:651} INFO - DAG(s) dict_keys(['user_processing']) retrieved from /opt/airflow/dags/user_processing.py
[2023-04-01 15:17:42,748] {logging_mixin.py:115} INFO - [2023-04-01 15:17:42,747] {dag.py:2371} INFO - Sync 1 DAGs
[2023-04-01 15:17:42,777] {logging_mixin.py:115} INFO - [2023-04-01 15:17:42,777] {dag.py:2919} INFO - Setting next_dagrun for user_processing to 2023-04-01T00:00:00+00:00, run_after=2023-04-02T00:00:00+00:00
[2023-04-01 15:17:42,791] {processor.py:161} INFO - Processing /opt/airflow/dags/user_processing.py took 0.616 seconds
[2023-04-01 15:18:13,767] {processor.py:153} INFO - Started process (PID=964) to work on /opt/airflow/dags/user_processing.py
[2023-04-01 15:18:13,769] {processor.py:641} INFO - Processing file /opt/airflow/dags/user_processing.py for tasks to queue
[2023-04-01 15:18:13,770] {logging_mixin.py:115} INFO - [2023-04-01 15:18:13,770] {dagbag.py:507} INFO - Filling up the DagBag from /opt/airflow/dags/user_processing.py
[2023-04-01 15:18:14,290] {processor.py:651} INFO - DAG(s) dict_keys(['user_processing']) retrieved from /opt/airflow/dags/user_processing.py
[2023-04-01 15:18:14,341] {logging_mixin.py:115} INFO - [2023-04-01 15:18:14,340] {dag.py:2371} INFO - Sync 1 DAGs
[2023-04-01 15:18:14,373] {logging_mixin.py:115} INFO - [2023-04-01 15:18:14,373] {dag.py:2919} INFO - Setting next_dagrun for user_processing to 2023-04-01T00:00:00+00:00, run_after=2023-04-02T00:00:00+00:00
[2023-04-01 15:18:14,388] {processor.py:161} INFO - Processing /opt/airflow/dags/user_processing.py took 0.629 seconds
[2023-04-01 15:18:44,764] {processor.py:153} INFO - Started process (PID=1027) to work on /opt/airflow/dags/user_processing.py
[2023-04-01 15:18:44,766] {processor.py:641} INFO - Processing file /opt/airflow/dags/user_processing.py for tasks to queue
[2023-04-01 15:18:44,767] {logging_mixin.py:115} INFO - [2023-04-01 15:18:44,767] {dagbag.py:507} INFO - Filling up the DagBag from /opt/airflow/dags/user_processing.py
[2023-04-01 15:18:45,382] {processor.py:651} INFO - DAG(s) dict_keys(['user_processing']) retrieved from /opt/airflow/dags/user_processing.py
[2023-04-01 15:18:45,471] {logging_mixin.py:115} INFO - [2023-04-01 15:18:45,469] {dag.py:2371} INFO - Sync 1 DAGs
[2023-04-01 15:18:45,533] {logging_mixin.py:115} INFO - [2023-04-01 15:18:45,532] {dag.py:2919} INFO - Setting next_dagrun for user_processing to 2023-04-01T00:00:00+00:00, run_after=2023-04-02T00:00:00+00:00
[2023-04-01 15:18:45,555] {processor.py:161} INFO - Processing /opt/airflow/dags/user_processing.py took 0.797 seconds
[2023-04-01 15:19:15,669] {processor.py:153} INFO - Started process (PID=1082) to work on /opt/airflow/dags/user_processing.py
[2023-04-01 15:19:15,671] {processor.py:641} INFO - Processing file /opt/airflow/dags/user_processing.py for tasks to queue
[2023-04-01 15:19:15,672] {logging_mixin.py:115} INFO - [2023-04-01 15:19:15,672] {dagbag.py:507} INFO - Filling up the DagBag from /opt/airflow/dags/user_processing.py
[2023-04-01 15:19:16,147] {processor.py:651} INFO - DAG(s) dict_keys(['user_processing']) retrieved from /opt/airflow/dags/user_processing.py
[2023-04-01 15:19:16,197] {logging_mixin.py:115} INFO - [2023-04-01 15:19:16,196] {dag.py:2371} INFO - Sync 1 DAGs
[2023-04-01 15:19:16,227] {logging_mixin.py:115} INFO - [2023-04-01 15:19:16,227] {dag.py:2919} INFO - Setting next_dagrun for user_processing to 2023-04-01T00:00:00+00:00, run_after=2023-04-02T00:00:00+00:00
[2023-04-01 15:19:16,242] {processor.py:161} INFO - Processing /opt/airflow/dags/user_processing.py took 0.578 seconds
[2023-04-01 15:19:47,020] {processor.py:153} INFO - Started process (PID=1144) to work on /opt/airflow/dags/user_processing.py
[2023-04-01 15:19:47,023] {processor.py:641} INFO - Processing file /opt/airflow/dags/user_processing.py for tasks to queue
[2023-04-01 15:19:47,025] {logging_mixin.py:115} INFO - [2023-04-01 15:19:47,025] {dagbag.py:507} INFO - Filling up the DagBag from /opt/airflow/dags/user_processing.py
[2023-04-01 15:19:47,509] {processor.py:651} INFO - DAG(s) dict_keys(['user_processing']) retrieved from /opt/airflow/dags/user_processing.py
[2023-04-01 15:19:47,580] {logging_mixin.py:115} INFO - [2023-04-01 15:19:47,580] {dag.py:2371} INFO - Sync 1 DAGs
[2023-04-01 15:19:47,613] {logging_mixin.py:115} INFO - [2023-04-01 15:19:47,613] {dag.py:2919} INFO - Setting next_dagrun for user_processing to 2023-04-01T00:00:00+00:00, run_after=2023-04-02T00:00:00+00:00
[2023-04-01 15:19:47,627] {processor.py:161} INFO - Processing /opt/airflow/dags/user_processing.py took 0.614 seconds
[2023-04-01 15:20:18,230] {processor.py:153} INFO - Started process (PID=1200) to work on /opt/airflow/dags/user_processing.py
[2023-04-01 15:20:18,232] {processor.py:641} INFO - Processing file /opt/airflow/dags/user_processing.py for tasks to queue
[2023-04-01 15:20:18,233] {logging_mixin.py:115} INFO - [2023-04-01 15:20:18,233] {dagbag.py:507} INFO - Filling up the DagBag from /opt/airflow/dags/user_processing.py
[2023-04-01 15:20:18,695] {processor.py:651} INFO - DAG(s) dict_keys(['user_processing']) retrieved from /opt/airflow/dags/user_processing.py
[2023-04-01 15:20:18,744] {logging_mixin.py:115} INFO - [2023-04-01 15:20:18,744] {dag.py:2371} INFO - Sync 1 DAGs
[2023-04-01 15:20:18,776] {logging_mixin.py:115} INFO - [2023-04-01 15:20:18,776] {dag.py:2919} INFO - Setting next_dagrun for user_processing to 2023-04-01T00:00:00+00:00, run_after=2023-04-02T00:00:00+00:00
[2023-04-01 15:20:18,791] {processor.py:161} INFO - Processing /opt/airflow/dags/user_processing.py took 0.566 seconds
[2023-04-01 15:20:49,092] {processor.py:153} INFO - Started process (PID=1265) to work on /opt/airflow/dags/user_processing.py
[2023-04-01 15:20:49,094] {processor.py:641} INFO - Processing file /opt/airflow/dags/user_processing.py for tasks to queue
[2023-04-01 15:20:49,096] {logging_mixin.py:115} INFO - [2023-04-01 15:20:49,095] {dagbag.py:507} INFO - Filling up the DagBag from /opt/airflow/dags/user_processing.py
[2023-04-01 15:20:49,652] {processor.py:651} INFO - DAG(s) dict_keys(['user_processing']) retrieved from /opt/airflow/dags/user_processing.py
[2023-04-01 15:20:49,701] {logging_mixin.py:115} INFO - [2023-04-01 15:20:49,701] {dag.py:2371} INFO - Sync 1 DAGs
[2023-04-01 15:20:49,745] {logging_mixin.py:115} INFO - [2023-04-01 15:20:49,745] {dag.py:2919} INFO - Setting next_dagrun for user_processing to 2023-04-01T00:00:00+00:00, run_after=2023-04-02T00:00:00+00:00
[2023-04-01 15:20:49,760] {processor.py:161} INFO - Processing /opt/airflow/dags/user_processing.py took 0.673 seconds
[2023-04-01 15:21:20,556] {processor.py:153} INFO - Started process (PID=1319) to work on /opt/airflow/dags/user_processing.py
[2023-04-01 15:21:20,558] {processor.py:641} INFO - Processing file /opt/airflow/dags/user_processing.py for tasks to queue
[2023-04-01 15:21:20,560] {logging_mixin.py:115} INFO - [2023-04-01 15:21:20,560] {dagbag.py:507} INFO - Filling up the DagBag from /opt/airflow/dags/user_processing.py
[2023-04-01 15:21:21,115] {processor.py:651} INFO - DAG(s) dict_keys(['user_processing']) retrieved from /opt/airflow/dags/user_processing.py
[2023-04-01 15:21:21,166] {logging_mixin.py:115} INFO - [2023-04-01 15:21:21,165] {dag.py:2371} INFO - Sync 1 DAGs
[2023-04-01 15:21:21,196] {logging_mixin.py:115} INFO - [2023-04-01 15:21:21,196] {dag.py:2919} INFO - Setting next_dagrun for user_processing to 2023-04-01T00:00:00+00:00, run_after=2023-04-02T00:00:00+00:00
[2023-04-01 15:21:21,210] {processor.py:161} INFO - Processing /opt/airflow/dags/user_processing.py took 0.667 seconds
[2023-04-01 15:21:51,455] {processor.py:153} INFO - Started process (PID=1382) to work on /opt/airflow/dags/user_processing.py
[2023-04-01 15:21:51,457] {processor.py:641} INFO - Processing file /opt/airflow/dags/user_processing.py for tasks to queue
[2023-04-01 15:21:51,458] {logging_mixin.py:115} INFO - [2023-04-01 15:21:51,458] {dagbag.py:507} INFO - Filling up the DagBag from /opt/airflow/dags/user_processing.py
[2023-04-01 15:21:51,960] {processor.py:651} INFO - DAG(s) dict_keys(['user_processing']) retrieved from /opt/airflow/dags/user_processing.py
[2023-04-01 15:21:52,014] {logging_mixin.py:115} INFO - [2023-04-01 15:21:52,013] {dag.py:2371} INFO - Sync 1 DAGs
[2023-04-01 15:21:52,048] {logging_mixin.py:115} INFO - [2023-04-01 15:21:52,048] {dag.py:2919} INFO - Setting next_dagrun for user_processing to 2023-04-01T00:00:00+00:00, run_after=2023-04-02T00:00:00+00:00
[2023-04-01 15:21:52,062] {processor.py:161} INFO - Processing /opt/airflow/dags/user_processing.py took 0.612 seconds
[2023-04-01 15:22:22,325] {processor.py:153} INFO - Started process (PID=1436) to work on /opt/airflow/dags/user_processing.py
[2023-04-01 15:22:22,327] {processor.py:641} INFO - Processing file /opt/airflow/dags/user_processing.py for tasks to queue
[2023-04-01 15:22:22,328] {logging_mixin.py:115} INFO - [2023-04-01 15:22:22,328] {dagbag.py:507} INFO - Filling up the DagBag from /opt/airflow/dags/user_processing.py
[2023-04-01 15:22:22,794] {processor.py:651} INFO - DAG(s) dict_keys(['user_processing']) retrieved from /opt/airflow/dags/user_processing.py
[2023-04-01 15:22:22,848] {logging_mixin.py:115} INFO - [2023-04-01 15:22:22,847] {dag.py:2371} INFO - Sync 1 DAGs
[2023-04-01 15:22:22,879] {logging_mixin.py:115} INFO - [2023-04-01 15:22:22,879] {dag.py:2919} INFO - Setting next_dagrun for user_processing to 2023-04-01T00:00:00+00:00, run_after=2023-04-02T00:00:00+00:00
[2023-04-01 15:22:22,893] {processor.py:161} INFO - Processing /opt/airflow/dags/user_processing.py took 0.572 seconds
[2023-04-01 15:22:53,776] {processor.py:153} INFO - Started process (PID=1498) to work on /opt/airflow/dags/user_processing.py
[2023-04-01 15:22:53,777] {processor.py:641} INFO - Processing file /opt/airflow/dags/user_processing.py for tasks to queue
[2023-04-01 15:22:53,779] {logging_mixin.py:115} INFO - [2023-04-01 15:22:53,779] {dagbag.py:507} INFO - Filling up the DagBag from /opt/airflow/dags/user_processing.py
[2023-04-01 15:22:54,252] {processor.py:651} INFO - DAG(s) dict_keys(['user_processing']) retrieved from /opt/airflow/dags/user_processing.py
[2023-04-01 15:22:54,301] {logging_mixin.py:115} INFO - [2023-04-01 15:22:54,300] {dag.py:2371} INFO - Sync 1 DAGs
[2023-04-01 15:22:54,331] {logging_mixin.py:115} INFO - [2023-04-01 15:22:54,331] {dag.py:2919} INFO - Setting next_dagrun for user_processing to 2023-04-01T00:00:00+00:00, run_after=2023-04-02T00:00:00+00:00
[2023-04-01 15:22:54,345] {processor.py:161} INFO - Processing /opt/airflow/dags/user_processing.py took 0.575 seconds
[2023-04-01 15:23:24,989] {processor.py:153} INFO - Started process (PID=1561) to work on /opt/airflow/dags/user_processing.py
[2023-04-01 15:23:24,991] {processor.py:641} INFO - Processing file /opt/airflow/dags/user_processing.py for tasks to queue
[2023-04-01 15:23:24,992] {logging_mixin.py:115} INFO - [2023-04-01 15:23:24,992] {dagbag.py:507} INFO - Filling up the DagBag from /opt/airflow/dags/user_processing.py
[2023-04-01 15:23:25,477] {processor.py:651} INFO - DAG(s) dict_keys(['user_processing']) retrieved from /opt/airflow/dags/user_processing.py
[2023-04-01 15:23:25,535] {logging_mixin.py:115} INFO - [2023-04-01 15:23:25,535] {dag.py:2371} INFO - Sync 1 DAGs
[2023-04-01 15:23:25,569] {logging_mixin.py:115} INFO - [2023-04-01 15:23:25,568] {dag.py:2919} INFO - Setting next_dagrun for user_processing to 2023-04-01T00:00:00+00:00, run_after=2023-04-02T00:00:00+00:00
[2023-04-01 15:23:25,586] {processor.py:161} INFO - Processing /opt/airflow/dags/user_processing.py took 0.602 seconds
[2023-04-01 15:23:56,272] {processor.py:153} INFO - Started process (PID=1615) to work on /opt/airflow/dags/user_processing.py
[2023-04-01 15:23:56,273] {processor.py:641} INFO - Processing file /opt/airflow/dags/user_processing.py for tasks to queue
[2023-04-01 15:23:56,275] {logging_mixin.py:115} INFO - [2023-04-01 15:23:56,275] {dagbag.py:507} INFO - Filling up the DagBag from /opt/airflow/dags/user_processing.py
[2023-04-01 15:23:56,737] {processor.py:651} INFO - DAG(s) dict_keys(['user_processing']) retrieved from /opt/airflow/dags/user_processing.py
[2023-04-01 15:23:56,788] {logging_mixin.py:115} INFO - [2023-04-01 15:23:56,787] {dag.py:2371} INFO - Sync 1 DAGs
[2023-04-01 15:23:56,818] {logging_mixin.py:115} INFO - [2023-04-01 15:23:56,818] {dag.py:2919} INFO - Setting next_dagrun for user_processing to 2023-04-01T00:00:00+00:00, run_after=2023-04-02T00:00:00+00:00
[2023-04-01 15:23:56,833] {processor.py:161} INFO - Processing /opt/airflow/dags/user_processing.py took 0.566 seconds
[2023-04-01 15:24:27,303] {processor.py:153} INFO - Started process (PID=1678) to work on /opt/airflow/dags/user_processing.py
[2023-04-01 15:24:27,304] {processor.py:641} INFO - Processing file /opt/airflow/dags/user_processing.py for tasks to queue
[2023-04-01 15:24:27,306] {logging_mixin.py:115} INFO - [2023-04-01 15:24:27,306] {dagbag.py:507} INFO - Filling up the DagBag from /opt/airflow/dags/user_processing.py
[2023-04-01 15:24:27,789] {processor.py:651} INFO - DAG(s) dict_keys(['user_processing']) retrieved from /opt/airflow/dags/user_processing.py
[2023-04-01 15:24:27,841] {logging_mixin.py:115} INFO - [2023-04-01 15:24:27,840] {dag.py:2371} INFO - Sync 1 DAGs
[2023-04-01 15:24:27,871] {logging_mixin.py:115} INFO - [2023-04-01 15:24:27,871] {dag.py:2919} INFO - Setting next_dagrun for user_processing to 2023-04-01T00:00:00+00:00, run_after=2023-04-02T00:00:00+00:00
[2023-04-01 15:24:27,885] {processor.py:161} INFO - Processing /opt/airflow/dags/user_processing.py took 0.589 seconds
[2023-04-01 15:24:58,832] {processor.py:153} INFO - Started process (PID=1732) to work on /opt/airflow/dags/user_processing.py
[2023-04-01 15:24:58,834] {processor.py:641} INFO - Processing file /opt/airflow/dags/user_processing.py for tasks to queue
[2023-04-01 15:24:58,835] {logging_mixin.py:115} INFO - [2023-04-01 15:24:58,835] {dagbag.py:507} INFO - Filling up the DagBag from /opt/airflow/dags/user_processing.py
[2023-04-01 15:24:59,361] {processor.py:651} INFO - DAG(s) dict_keys(['user_processing']) retrieved from /opt/airflow/dags/user_processing.py
[2023-04-01 15:24:59,419] {logging_mixin.py:115} INFO - [2023-04-01 15:24:59,418] {dag.py:2371} INFO - Sync 1 DAGs
[2023-04-01 15:24:59,455] {logging_mixin.py:115} INFO - [2023-04-01 15:24:59,454] {dag.py:2919} INFO - Setting next_dagrun for user_processing to 2023-04-01T00:00:00+00:00, run_after=2023-04-02T00:00:00+00:00
[2023-04-01 15:24:59,475] {processor.py:161} INFO - Processing /opt/airflow/dags/user_processing.py took 0.648 seconds
[2023-04-01 15:25:29,857] {processor.py:153} INFO - Started process (PID=1795) to work on /opt/airflow/dags/user_processing.py
[2023-04-01 15:25:29,859] {processor.py:641} INFO - Processing file /opt/airflow/dags/user_processing.py for tasks to queue
[2023-04-01 15:25:29,861] {logging_mixin.py:115} INFO - [2023-04-01 15:25:29,861] {dagbag.py:507} INFO - Filling up the DagBag from /opt/airflow/dags/user_processing.py
[2023-04-01 15:25:30,438] {processor.py:651} INFO - DAG(s) dict_keys(['user_processing']) retrieved from /opt/airflow/dags/user_processing.py
[2023-04-01 15:25:30,488] {logging_mixin.py:115} INFO - [2023-04-01 15:25:30,487] {dag.py:2371} INFO - Sync 1 DAGs
[2023-04-01 15:25:30,517] {logging_mixin.py:115} INFO - [2023-04-01 15:25:30,517] {dag.py:2919} INFO - Setting next_dagrun for user_processing to 2023-04-01T00:00:00+00:00, run_after=2023-04-02T00:00:00+00:00
[2023-04-01 15:25:30,531] {processor.py:161} INFO - Processing /opt/airflow/dags/user_processing.py took 0.679 seconds
[2023-04-01 15:26:00,756] {processor.py:153} INFO - Started process (PID=1856) to work on /opt/airflow/dags/user_processing.py
[2023-04-01 15:26:00,757] {processor.py:641} INFO - Processing file /opt/airflow/dags/user_processing.py for tasks to queue
[2023-04-01 15:26:00,759] {logging_mixin.py:115} INFO - [2023-04-01 15:26:00,759] {dagbag.py:507} INFO - Filling up the DagBag from /opt/airflow/dags/user_processing.py
[2023-04-01 15:26:01,331] {processor.py:651} INFO - DAG(s) dict_keys(['user_processing']) retrieved from /opt/airflow/dags/user_processing.py
[2023-04-01 15:26:01,410] {logging_mixin.py:115} INFO - [2023-04-01 15:26:01,410] {dag.py:2371} INFO - Sync 1 DAGs
[2023-04-01 15:26:01,443] {logging_mixin.py:115} INFO - [2023-04-01 15:26:01,443] {dag.py:2919} INFO - Setting next_dagrun for user_processing to 2023-04-01T00:00:00+00:00, run_after=2023-04-02T00:00:00+00:00
[2023-04-01 15:26:01,462] {processor.py:161} INFO - Processing /opt/airflow/dags/user_processing.py took 0.714 seconds
[2023-04-01 15:26:31,869] {processor.py:153} INFO - Started process (PID=1913) to work on /opt/airflow/dags/user_processing.py
[2023-04-01 15:26:31,871] {processor.py:641} INFO - Processing file /opt/airflow/dags/user_processing.py for tasks to queue
[2023-04-01 15:26:31,873] {logging_mixin.py:115} INFO - [2023-04-01 15:26:31,873] {dagbag.py:507} INFO - Filling up the DagBag from /opt/airflow/dags/user_processing.py
[2023-04-01 15:26:32,402] {processor.py:651} INFO - DAG(s) dict_keys(['user_processing']) retrieved from /opt/airflow/dags/user_processing.py
[2023-04-01 15:26:32,451] {logging_mixin.py:115} INFO - [2023-04-01 15:26:32,450] {dag.py:2371} INFO - Sync 1 DAGs
[2023-04-01 15:26:32,485] {logging_mixin.py:115} INFO - [2023-04-01 15:26:32,485] {dag.py:2919} INFO - Setting next_dagrun for user_processing to 2023-04-01T00:00:00+00:00, run_after=2023-04-02T00:00:00+00:00
[2023-04-01 15:26:32,499] {processor.py:161} INFO - Processing /opt/airflow/dags/user_processing.py took 0.635 seconds
[2023-04-01 15:27:02,777] {processor.py:153} INFO - Started process (PID=1977) to work on /opt/airflow/dags/user_processing.py
[2023-04-01 15:27:02,779] {processor.py:641} INFO - Processing file /opt/airflow/dags/user_processing.py for tasks to queue
[2023-04-01 15:27:02,781] {logging_mixin.py:115} INFO - [2023-04-01 15:27:02,781] {dagbag.py:507} INFO - Filling up the DagBag from /opt/airflow/dags/user_processing.py
[2023-04-01 15:27:03,273] {processor.py:651} INFO - DAG(s) dict_keys(['user_processing']) retrieved from /opt/airflow/dags/user_processing.py
[2023-04-01 15:27:03,323] {logging_mixin.py:115} INFO - [2023-04-01 15:27:03,322] {dag.py:2371} INFO - Sync 1 DAGs
[2023-04-01 15:27:03,353] {logging_mixin.py:115} INFO - [2023-04-01 15:27:03,353] {dag.py:2919} INFO - Setting next_dagrun for user_processing to 2023-04-01T00:00:00+00:00, run_after=2023-04-02T00:00:00+00:00
[2023-04-01 15:27:03,367] {processor.py:161} INFO - Processing /opt/airflow/dags/user_processing.py took 0.595 seconds
[2023-04-01 15:27:33,899] {processor.py:153} INFO - Started process (PID=2031) to work on /opt/airflow/dags/user_processing.py
[2023-04-01 15:27:33,900] {processor.py:641} INFO - Processing file /opt/airflow/dags/user_processing.py for tasks to queue
[2023-04-01 15:27:33,902] {logging_mixin.py:115} INFO - [2023-04-01 15:27:33,902] {dagbag.py:507} INFO - Filling up the DagBag from /opt/airflow/dags/user_processing.py
[2023-04-01 15:27:34,413] {processor.py:651} INFO - DAG(s) dict_keys(['user_processing']) retrieved from /opt/airflow/dags/user_processing.py
[2023-04-01 15:27:34,473] {logging_mixin.py:115} INFO - [2023-04-01 15:27:34,472] {dag.py:2371} INFO - Sync 1 DAGs
[2023-04-01 15:27:34,504] {logging_mixin.py:115} INFO - [2023-04-01 15:27:34,504] {dag.py:2919} INFO - Setting next_dagrun for user_processing to 2023-04-01T00:00:00+00:00, run_after=2023-04-02T00:00:00+00:00
[2023-04-01 15:27:34,518] {processor.py:161} INFO - Processing /opt/airflow/dags/user_processing.py took 0.624 seconds
[2023-04-01 15:28:04,831] {processor.py:153} INFO - Started process (PID=2094) to work on /opt/airflow/dags/user_processing.py
[2023-04-01 15:28:04,832] {processor.py:641} INFO - Processing file /opt/airflow/dags/user_processing.py for tasks to queue
[2023-04-01 15:28:04,834] {logging_mixin.py:115} INFO - [2023-04-01 15:28:04,834] {dagbag.py:507} INFO - Filling up the DagBag from /opt/airflow/dags/user_processing.py
[2023-04-01 15:28:05,326] {processor.py:651} INFO - DAG(s) dict_keys(['user_processing']) retrieved from /opt/airflow/dags/user_processing.py
[2023-04-01 15:28:05,389] {logging_mixin.py:115} INFO - [2023-04-01 15:28:05,388] {dag.py:2371} INFO - Sync 1 DAGs
[2023-04-01 15:28:05,426] {logging_mixin.py:115} INFO - [2023-04-01 15:28:05,426] {dag.py:2919} INFO - Setting next_dagrun for user_processing to 2023-04-01T00:00:00+00:00, run_after=2023-04-02T00:00:00+00:00
[2023-04-01 15:28:05,446] {processor.py:161} INFO - Processing /opt/airflow/dags/user_processing.py took 0.620 seconds
[2023-04-01 15:28:35,776] {processor.py:153} INFO - Started process (PID=2158) to work on /opt/airflow/dags/user_processing.py
[2023-04-01 15:28:35,778] {processor.py:641} INFO - Processing file /opt/airflow/dags/user_processing.py for tasks to queue
[2023-04-01 15:28:35,779] {logging_mixin.py:115} INFO - [2023-04-01 15:28:35,779] {dagbag.py:507} INFO - Filling up the DagBag from /opt/airflow/dags/user_processing.py
[2023-04-01 15:28:36,284] {processor.py:651} INFO - DAG(s) dict_keys(['user_processing']) retrieved from /opt/airflow/dags/user_processing.py
[2023-04-01 15:28:36,334] {logging_mixin.py:115} INFO - [2023-04-01 15:28:36,333] {dag.py:2371} INFO - Sync 1 DAGs
[2023-04-01 15:28:36,365] {logging_mixin.py:115} INFO - [2023-04-01 15:28:36,365] {dag.py:2919} INFO - Setting next_dagrun for user_processing to 2023-04-01T00:00:00+00:00, run_after=2023-04-02T00:00:00+00:00
[2023-04-01 15:28:36,380] {processor.py:161} INFO - Processing /opt/airflow/dags/user_processing.py took 0.608 seconds
[2023-04-01 15:29:06,596] {processor.py:153} INFO - Started process (PID=2230) to work on /opt/airflow/dags/user_processing.py
[2023-04-01 15:29:06,599] {processor.py:641} INFO - Processing file /opt/airflow/dags/user_processing.py for tasks to queue
[2023-04-01 15:29:06,601] {logging_mixin.py:115} INFO - [2023-04-01 15:29:06,600] {dagbag.py:507} INFO - Filling up the DagBag from /opt/airflow/dags/user_processing.py
[2023-04-01 15:29:07,093] {processor.py:651} INFO - DAG(s) dict_keys(['user_processing']) retrieved from /opt/airflow/dags/user_processing.py
[2023-04-01 15:29:07,146] {logging_mixin.py:115} INFO - [2023-04-01 15:29:07,146] {dag.py:2371} INFO - Sync 1 DAGs
[2023-04-01 15:29:07,177] {logging_mixin.py:115} INFO - [2023-04-01 15:29:07,177] {dag.py:2919} INFO - Setting next_dagrun for user_processing to 2023-04-01T00:00:00+00:00, run_after=2023-04-02T00:00:00+00:00
[2023-04-01 15:29:07,193] {processor.py:161} INFO - Processing /opt/airflow/dags/user_processing.py took 0.602 seconds
[2023-04-01 15:29:37,526] {processor.py:153} INFO - Started process (PID=2284) to work on /opt/airflow/dags/user_processing.py
[2023-04-01 15:29:37,527] {processor.py:641} INFO - Processing file /opt/airflow/dags/user_processing.py for tasks to queue
[2023-04-01 15:29:37,528] {logging_mixin.py:115} INFO - [2023-04-01 15:29:37,528] {dagbag.py:507} INFO - Filling up the DagBag from /opt/airflow/dags/user_processing.py
[2023-04-01 15:29:37,984] {processor.py:651} INFO - DAG(s) dict_keys(['user_processing']) retrieved from /opt/airflow/dags/user_processing.py
[2023-04-01 15:29:38,035] {logging_mixin.py:115} INFO - [2023-04-01 15:29:38,034] {dag.py:2371} INFO - Sync 1 DAGs
[2023-04-01 15:29:38,064] {logging_mixin.py:115} INFO - [2023-04-01 15:29:38,064] {dag.py:2919} INFO - Setting next_dagrun for user_processing to 2023-04-01T00:00:00+00:00, run_after=2023-04-02T00:00:00+00:00
[2023-04-01 15:29:38,077] {processor.py:161} INFO - Processing /opt/airflow/dags/user_processing.py took 0.557 seconds
[2023-04-01 15:30:08,125] {processor.py:153} INFO - Started process (PID=2356) to work on /opt/airflow/dags/user_processing.py
[2023-04-01 15:30:08,127] {processor.py:641} INFO - Processing file /opt/airflow/dags/user_processing.py for tasks to queue
[2023-04-01 15:30:08,128] {logging_mixin.py:115} INFO - [2023-04-01 15:30:08,128] {dagbag.py:507} INFO - Filling up the DagBag from /opt/airflow/dags/user_processing.py
[2023-04-01 15:30:08,769] {processor.py:651} INFO - DAG(s) dict_keys(['user_processing']) retrieved from /opt/airflow/dags/user_processing.py
[2023-04-01 15:30:08,827] {logging_mixin.py:115} INFO - [2023-04-01 15:30:08,826] {dag.py:2371} INFO - Sync 1 DAGs
[2023-04-01 15:30:08,866] {logging_mixin.py:115} INFO - [2023-04-01 15:30:08,866] {dag.py:2919} INFO - Setting next_dagrun for user_processing to 2023-04-01T00:00:00+00:00, run_after=2023-04-02T00:00:00+00:00
[2023-04-01 15:30:08,893] {processor.py:161} INFO - Processing /opt/airflow/dags/user_processing.py took 0.774 seconds
[2023-04-01 15:30:38,973] {processor.py:153} INFO - Started process (PID=2420) to work on /opt/airflow/dags/user_processing.py
[2023-04-01 15:30:38,975] {processor.py:641} INFO - Processing file /opt/airflow/dags/user_processing.py for tasks to queue
[2023-04-01 15:30:38,976] {logging_mixin.py:115} INFO - [2023-04-01 15:30:38,976] {dagbag.py:507} INFO - Filling up the DagBag from /opt/airflow/dags/user_processing.py
[2023-04-01 15:30:39,501] {processor.py:651} INFO - DAG(s) dict_keys(['user_processing']) retrieved from /opt/airflow/dags/user_processing.py
[2023-04-01 15:30:39,559] {logging_mixin.py:115} INFO - [2023-04-01 15:30:39,558] {dag.py:2371} INFO - Sync 1 DAGs
[2023-04-01 15:30:39,588] {logging_mixin.py:115} INFO - [2023-04-01 15:30:39,588] {dag.py:2919} INFO - Setting next_dagrun for user_processing to 2023-04-01T00:00:00+00:00, run_after=2023-04-02T00:00:00+00:00
[2023-04-01 15:30:39,605] {processor.py:161} INFO - Processing /opt/airflow/dags/user_processing.py took 0.639 seconds
[2023-04-01 15:31:10,421] {processor.py:153} INFO - Started process (PID=2484) to work on /opt/airflow/dags/user_processing.py
[2023-04-01 15:31:10,423] {processor.py:641} INFO - Processing file /opt/airflow/dags/user_processing.py for tasks to queue
[2023-04-01 15:31:10,426] {logging_mixin.py:115} INFO - [2023-04-01 15:31:10,426] {dagbag.py:507} INFO - Filling up the DagBag from /opt/airflow/dags/user_processing.py
[2023-04-01 15:31:11,074] {processor.py:651} INFO - DAG(s) dict_keys(['user_processing']) retrieved from /opt/airflow/dags/user_processing.py
[2023-04-01 15:31:11,204] {logging_mixin.py:115} INFO - [2023-04-01 15:31:11,203] {dag.py:2371} INFO - Sync 1 DAGs
[2023-04-01 15:31:11,238] {logging_mixin.py:115} INFO - [2023-04-01 15:31:11,238] {dag.py:2919} INFO - Setting next_dagrun for user_processing to 2023-04-01T00:00:00+00:00, run_after=2023-04-02T00:00:00+00:00
[2023-04-01 15:31:11,268] {processor.py:161} INFO - Processing /opt/airflow/dags/user_processing.py took 0.853 seconds
[2023-04-01 15:31:41,955] {processor.py:153} INFO - Started process (PID=2546) to work on /opt/airflow/dags/user_processing.py
[2023-04-01 15:31:41,956] {processor.py:641} INFO - Processing file /opt/airflow/dags/user_processing.py for tasks to queue
[2023-04-01 15:31:41,958] {logging_mixin.py:115} INFO - [2023-04-01 15:31:41,958] {dagbag.py:507} INFO - Filling up the DagBag from /opt/airflow/dags/user_processing.py
[2023-04-01 15:31:42,578] {processor.py:651} INFO - DAG(s) dict_keys(['user_processing']) retrieved from /opt/airflow/dags/user_processing.py
[2023-04-01 15:31:42,640] {logging_mixin.py:115} INFO - [2023-04-01 15:31:42,639] {dag.py:2371} INFO - Sync 1 DAGs
[2023-04-01 15:31:42,680] {logging_mixin.py:115} INFO - [2023-04-01 15:31:42,680] {dag.py:2919} INFO - Setting next_dagrun for user_processing to 2023-04-01T00:00:00+00:00, run_after=2023-04-02T00:00:00+00:00
[2023-04-01 15:31:42,695] {processor.py:161} INFO - Processing /opt/airflow/dags/user_processing.py took 0.747 seconds
[2023-04-01 15:32:13,192] {processor.py:153} INFO - Started process (PID=2600) to work on /opt/airflow/dags/user_processing.py
[2023-04-01 15:32:13,195] {processor.py:641} INFO - Processing file /opt/airflow/dags/user_processing.py for tasks to queue
[2023-04-01 15:32:13,198] {logging_mixin.py:115} INFO - [2023-04-01 15:32:13,198] {dagbag.py:507} INFO - Filling up the DagBag from /opt/airflow/dags/user_processing.py
[2023-04-01 15:32:13,746] {processor.py:651} INFO - DAG(s) dict_keys(['user_processing']) retrieved from /opt/airflow/dags/user_processing.py
[2023-04-01 15:32:13,799] {logging_mixin.py:115} INFO - [2023-04-01 15:32:13,799] {dag.py:2371} INFO - Sync 1 DAGs
[2023-04-01 15:32:13,834] {logging_mixin.py:115} INFO - [2023-04-01 15:32:13,834] {dag.py:2919} INFO - Setting next_dagrun for user_processing to 2023-04-01T00:00:00+00:00, run_after=2023-04-02T00:00:00+00:00
[2023-04-01 15:32:13,856] {processor.py:161} INFO - Processing /opt/airflow/dags/user_processing.py took 0.680 seconds
[2023-04-01 15:32:44,615] {processor.py:153} INFO - Started process (PID=2665) to work on /opt/airflow/dags/user_processing.py
[2023-04-01 15:32:44,617] {processor.py:641} INFO - Processing file /opt/airflow/dags/user_processing.py for tasks to queue
[2023-04-01 15:32:44,618] {logging_mixin.py:115} INFO - [2023-04-01 15:32:44,618] {dagbag.py:507} INFO - Filling up the DagBag from /opt/airflow/dags/user_processing.py
[2023-04-01 15:32:45,108] {processor.py:651} INFO - DAG(s) dict_keys(['user_processing']) retrieved from /opt/airflow/dags/user_processing.py
[2023-04-01 15:32:45,159] {logging_mixin.py:115} INFO - [2023-04-01 15:32:45,158] {dag.py:2371} INFO - Sync 1 DAGs
[2023-04-01 15:32:45,187] {logging_mixin.py:115} INFO - [2023-04-01 15:32:45,186] {dag.py:2919} INFO - Setting next_dagrun for user_processing to 2023-04-01T00:00:00+00:00, run_after=2023-04-02T00:00:00+00:00
[2023-04-01 15:32:45,200] {processor.py:161} INFO - Processing /opt/airflow/dags/user_processing.py took 0.590 seconds
[2023-04-01 15:33:05,492] {processor.py:153} INFO - Started process (PID=2708) to work on /opt/airflow/dags/user_processing.py
[2023-04-01 15:33:05,494] {processor.py:641} INFO - Processing file /opt/airflow/dags/user_processing.py for tasks to queue
[2023-04-01 15:33:05,496] {logging_mixin.py:115} INFO - [2023-04-01 15:33:05,496] {dagbag.py:507} INFO - Filling up the DagBag from /opt/airflow/dags/user_processing.py
[2023-04-01 15:33:05,995] {processor.py:651} INFO - DAG(s) dict_keys(['user_processing']) retrieved from /opt/airflow/dags/user_processing.py
[2023-04-01 15:33:06,062] {logging_mixin.py:115} INFO - [2023-04-01 15:33:06,061] {dag.py:2371} INFO - Sync 1 DAGs
[2023-04-01 15:33:06,095] {logging_mixin.py:115} INFO - [2023-04-01 15:33:06,094] {dag.py:2919} INFO - Setting next_dagrun for user_processing to 2023-04-01T00:00:00+00:00, run_after=2023-04-02T00:00:00+00:00
[2023-04-01 15:33:06,114] {processor.py:161} INFO - Processing /opt/airflow/dags/user_processing.py took 0.626 seconds
[2023-04-01 15:33:36,830] {processor.py:153} INFO - Started process (PID=2771) to work on /opt/airflow/dags/user_processing.py
[2023-04-01 15:33:36,832] {processor.py:641} INFO - Processing file /opt/airflow/dags/user_processing.py for tasks to queue
[2023-04-01 15:33:36,833] {logging_mixin.py:115} INFO - [2023-04-01 15:33:36,833] {dagbag.py:507} INFO - Filling up the DagBag from /opt/airflow/dags/user_processing.py
[2023-04-01 15:33:37,316] {processor.py:651} INFO - DAG(s) dict_keys(['user_processing']) retrieved from /opt/airflow/dags/user_processing.py
[2023-04-01 15:33:37,368] {logging_mixin.py:115} INFO - [2023-04-01 15:33:37,367] {dag.py:2371} INFO - Sync 1 DAGs
[2023-04-01 15:33:37,396] {logging_mixin.py:115} INFO - [2023-04-01 15:33:37,396] {dag.py:2919} INFO - Setting next_dagrun for user_processing to 2023-04-01T00:00:00+00:00, run_after=2023-04-02T00:00:00+00:00
[2023-04-01 15:33:37,410] {processor.py:161} INFO - Processing /opt/airflow/dags/user_processing.py took 0.587 seconds
[2023-04-01 15:34:54,117] {processor.py:153} INFO - Started process (PID=45) to work on /opt/airflow/dags/user_processing.py
[2023-04-01 15:34:54,119] {processor.py:641} INFO - Processing file /opt/airflow/dags/user_processing.py for tasks to queue
[2023-04-01 15:34:54,121] {logging_mixin.py:115} INFO - [2023-04-01 15:34:54,121] {dagbag.py:507} INFO - Filling up the DagBag from /opt/airflow/dags/user_processing.py
[2023-04-01 15:34:56,523] {processor.py:651} INFO - DAG(s) dict_keys(['user_processing']) retrieved from /opt/airflow/dags/user_processing.py
[2023-04-01 15:34:56,581] {logging_mixin.py:115} INFO - [2023-04-01 15:34:56,581] {dag.py:2371} INFO - Sync 1 DAGs
[2023-04-01 15:34:56,624] {logging_mixin.py:115} INFO - [2023-04-01 15:34:56,624] {dag.py:2919} INFO - Setting next_dagrun for user_processing to 2023-04-01T00:00:00+00:00, run_after=2023-04-02T00:00:00+00:00
[2023-04-01 15:34:56,650] {processor.py:161} INFO - Processing /opt/airflow/dags/user_processing.py took 2.538 seconds
[2023-04-01 15:35:26,777] {processor.py:153} INFO - Started process (PID=112) to work on /opt/airflow/dags/user_processing.py
[2023-04-01 15:35:26,780] {processor.py:641} INFO - Processing file /opt/airflow/dags/user_processing.py for tasks to queue
[2023-04-01 15:35:26,783] {logging_mixin.py:115} INFO - [2023-04-01 15:35:26,782] {dagbag.py:507} INFO - Filling up the DagBag from /opt/airflow/dags/user_processing.py
[2023-04-01 15:35:27,606] {processor.py:651} INFO - DAG(s) dict_keys(['user_processing']) retrieved from /opt/airflow/dags/user_processing.py
[2023-04-01 15:35:27,758] {logging_mixin.py:115} INFO - [2023-04-01 15:35:27,757] {dag.py:2371} INFO - Sync 1 DAGs
[2023-04-01 15:35:27,828] {logging_mixin.py:115} INFO - [2023-04-01 15:35:27,827] {dag.py:2919} INFO - Setting next_dagrun for user_processing to 2023-04-01T00:00:00+00:00, run_after=2023-04-02T00:00:00+00:00
[2023-04-01 15:35:27,855] {processor.py:161} INFO - Processing /opt/airflow/dags/user_processing.py took 1.085 seconds
[2023-04-01 15:35:58,515] {processor.py:153} INFO - Started process (PID=168) to work on /opt/airflow/dags/user_processing.py
[2023-04-01 15:35:58,517] {processor.py:641} INFO - Processing file /opt/airflow/dags/user_processing.py for tasks to queue
[2023-04-01 15:35:58,518] {logging_mixin.py:115} INFO - [2023-04-01 15:35:58,518] {dagbag.py:507} INFO - Filling up the DagBag from /opt/airflow/dags/user_processing.py
[2023-04-01 15:35:59,011] {processor.py:651} INFO - DAG(s) dict_keys(['user_processing']) retrieved from /opt/airflow/dags/user_processing.py
[2023-04-01 15:35:59,063] {logging_mixin.py:115} INFO - [2023-04-01 15:35:59,062] {dag.py:2371} INFO - Sync 1 DAGs
[2023-04-01 15:35:59,094] {logging_mixin.py:115} INFO - [2023-04-01 15:35:59,094] {dag.py:2919} INFO - Setting next_dagrun for user_processing to 2023-04-01T00:00:00+00:00, run_after=2023-04-02T00:00:00+00:00
[2023-04-01 15:35:59,109] {processor.py:161} INFO - Processing /opt/airflow/dags/user_processing.py took 0.599 seconds
[2023-04-01 15:36:29,293] {processor.py:153} INFO - Started process (PID=238) to work on /opt/airflow/dags/user_processing.py
[2023-04-01 15:36:29,295] {processor.py:641} INFO - Processing file /opt/airflow/dags/user_processing.py for tasks to queue
[2023-04-01 15:36:29,297] {logging_mixin.py:115} INFO - [2023-04-01 15:36:29,297] {dagbag.py:507} INFO - Filling up the DagBag from /opt/airflow/dags/user_processing.py
[2023-04-01 15:36:29,925] {processor.py:651} INFO - DAG(s) dict_keys(['user_processing']) retrieved from /opt/airflow/dags/user_processing.py
[2023-04-01 15:36:29,976] {logging_mixin.py:115} INFO - [2023-04-01 15:36:29,975] {dag.py:2371} INFO - Sync 1 DAGs
[2023-04-01 15:36:30,011] {logging_mixin.py:115} INFO - [2023-04-01 15:36:30,011] {dag.py:2919} INFO - Setting next_dagrun for user_processing to 2023-04-01T00:00:00+00:00, run_after=2023-04-02T00:00:00+00:00
[2023-04-01 15:36:30,026] {processor.py:161} INFO - Processing /opt/airflow/dags/user_processing.py took 0.739 seconds
[2023-04-01 15:37:00,172] {processor.py:153} INFO - Started process (PID=302) to work on /opt/airflow/dags/user_processing.py
[2023-04-01 15:37:00,174] {processor.py:641} INFO - Processing file /opt/airflow/dags/user_processing.py for tasks to queue
[2023-04-01 15:37:00,175] {logging_mixin.py:115} INFO - [2023-04-01 15:37:00,175] {dagbag.py:507} INFO - Filling up the DagBag from /opt/airflow/dags/user_processing.py
[2023-04-01 15:37:00,705] {processor.py:651} INFO - DAG(s) dict_keys(['user_processing']) retrieved from /opt/airflow/dags/user_processing.py
[2023-04-01 15:37:00,810] {logging_mixin.py:115} INFO - [2023-04-01 15:37:00,809] {dag.py:2371} INFO - Sync 1 DAGs
[2023-04-01 15:37:00,852] {logging_mixin.py:115} INFO - [2023-04-01 15:37:00,852] {dag.py:2919} INFO - Setting next_dagrun for user_processing to 2023-04-01T00:00:00+00:00, run_after=2023-04-02T00:00:00+00:00
[2023-04-01 15:37:00,879] {processor.py:161} INFO - Processing /opt/airflow/dags/user_processing.py took 0.712 seconds
[2023-04-01 15:37:31,230] {processor.py:153} INFO - Started process (PID=385) to work on /opt/airflow/dags/user_processing.py
[2023-04-01 15:37:31,232] {processor.py:641} INFO - Processing file /opt/airflow/dags/user_processing.py for tasks to queue
[2023-04-01 15:37:31,234] {logging_mixin.py:115} INFO - [2023-04-01 15:37:31,234] {dagbag.py:507} INFO - Filling up the DagBag from /opt/airflow/dags/user_processing.py
[2023-04-01 15:37:31,762] {processor.py:651} INFO - DAG(s) dict_keys(['user_processing']) retrieved from /opt/airflow/dags/user_processing.py
[2023-04-01 15:37:31,839] {logging_mixin.py:115} INFO - [2023-04-01 15:37:31,838] {dag.py:2371} INFO - Sync 1 DAGs
[2023-04-01 15:37:31,876] {logging_mixin.py:115} INFO - [2023-04-01 15:37:31,876] {dag.py:2919} INFO - Setting next_dagrun for user_processing to 2023-04-01T00:00:00+00:00, run_after=2023-04-02T00:00:00+00:00
[2023-04-01 15:37:31,896] {processor.py:161} INFO - Processing /opt/airflow/dags/user_processing.py took 0.671 seconds
[2023-04-01 15:38:02,264] {processor.py:153} INFO - Started process (PID=442) to work on /opt/airflow/dags/user_processing.py
[2023-04-01 15:38:02,266] {processor.py:641} INFO - Processing file /opt/airflow/dags/user_processing.py for tasks to queue
[2023-04-01 15:38:02,267] {logging_mixin.py:115} INFO - [2023-04-01 15:38:02,267] {dagbag.py:507} INFO - Filling up the DagBag from /opt/airflow/dags/user_processing.py
[2023-04-01 15:38:02,834] {processor.py:651} INFO - DAG(s) dict_keys(['user_processing']) retrieved from /opt/airflow/dags/user_processing.py
[2023-04-01 15:38:02,905] {logging_mixin.py:115} INFO - [2023-04-01 15:38:02,904] {dag.py:2371} INFO - Sync 1 DAGs
[2023-04-01 15:38:02,934] {logging_mixin.py:115} INFO - [2023-04-01 15:38:02,934] {dag.py:2919} INFO - Setting next_dagrun for user_processing to 2023-04-01T00:00:00+00:00, run_after=2023-04-02T00:00:00+00:00
[2023-04-01 15:38:02,947] {processor.py:161} INFO - Processing /opt/airflow/dags/user_processing.py took 0.690 seconds
[2023-04-01 15:38:33,800] {processor.py:153} INFO - Started process (PID=511) to work on /opt/airflow/dags/user_processing.py
[2023-04-01 15:38:33,803] {processor.py:641} INFO - Processing file /opt/airflow/dags/user_processing.py for tasks to queue
[2023-04-01 15:38:33,805] {logging_mixin.py:115} INFO - [2023-04-01 15:38:33,805] {dagbag.py:507} INFO - Filling up the DagBag from /opt/airflow/dags/user_processing.py
[2023-04-01 15:38:34,382] {processor.py:651} INFO - DAG(s) dict_keys(['user_processing']) retrieved from /opt/airflow/dags/user_processing.py
[2023-04-01 15:38:34,432] {logging_mixin.py:115} INFO - [2023-04-01 15:38:34,431] {dag.py:2371} INFO - Sync 1 DAGs
[2023-04-01 15:38:34,461] {logging_mixin.py:115} INFO - [2023-04-01 15:38:34,461] {dag.py:2919} INFO - Setting next_dagrun for user_processing to 2023-04-01T00:00:00+00:00, run_after=2023-04-02T00:00:00+00:00
[2023-04-01 15:38:34,476] {processor.py:161} INFO - Processing /opt/airflow/dags/user_processing.py took 0.683 seconds
[2023-04-01 15:39:04,803] {processor.py:153} INFO - Started process (PID=565) to work on /opt/airflow/dags/user_processing.py
[2023-04-01 15:39:04,805] {processor.py:641} INFO - Processing file /opt/airflow/dags/user_processing.py for tasks to queue
[2023-04-01 15:39:04,806] {logging_mixin.py:115} INFO - [2023-04-01 15:39:04,806] {dagbag.py:507} INFO - Filling up the DagBag from /opt/airflow/dags/user_processing.py
[2023-04-01 15:39:05,338] {processor.py:651} INFO - DAG(s) dict_keys(['user_processing']) retrieved from /opt/airflow/dags/user_processing.py
[2023-04-01 15:39:05,389] {logging_mixin.py:115} INFO - [2023-04-01 15:39:05,388] {dag.py:2371} INFO - Sync 1 DAGs
[2023-04-01 15:39:05,428] {logging_mixin.py:115} INFO - [2023-04-01 15:39:05,428] {dag.py:2919} INFO - Setting next_dagrun for user_processing to 2023-04-01T00:00:00+00:00, run_after=2023-04-02T00:00:00+00:00
[2023-04-01 15:39:05,443] {processor.py:161} INFO - Processing /opt/airflow/dags/user_processing.py took 0.646 seconds
[2023-04-01 15:41:17,198] {processor.py:153} INFO - Started process (PID=44) to work on /opt/airflow/dags/user_processing.py
[2023-04-01 15:41:17,200] {processor.py:641} INFO - Processing file /opt/airflow/dags/user_processing.py for tasks to queue
[2023-04-01 15:41:17,202] {logging_mixin.py:115} INFO - [2023-04-01 15:41:17,202] {dagbag.py:507} INFO - Filling up the DagBag from /opt/airflow/dags/user_processing.py
[2023-04-01 15:41:18,878] {processor.py:651} INFO - DAG(s) dict_keys(['user_processing']) retrieved from /opt/airflow/dags/user_processing.py
[2023-04-01 15:41:18,943] {logging_mixin.py:115} INFO - [2023-04-01 15:41:18,943] {dag.py:2371} INFO - Sync 1 DAGs
[2023-04-01 15:41:18,984] {logging_mixin.py:115} INFO - [2023-04-01 15:41:18,984] {dag.py:2919} INFO - Setting next_dagrun for user_processing to 2023-04-01T00:00:00+00:00, run_after=2023-04-02T00:00:00+00:00
[2023-04-01 15:41:19,034] {processor.py:161} INFO - Processing /opt/airflow/dags/user_processing.py took 1.843 seconds
[2023-04-01 15:41:49,216] {processor.py:153} INFO - Started process (PID=109) to work on /opt/airflow/dags/user_processing.py
[2023-04-01 15:41:49,218] {processor.py:641} INFO - Processing file /opt/airflow/dags/user_processing.py for tasks to queue
[2023-04-01 15:41:49,220] {logging_mixin.py:115} INFO - [2023-04-01 15:41:49,220] {dagbag.py:507} INFO - Filling up the DagBag from /opt/airflow/dags/user_processing.py
[2023-04-01 15:41:50,004] {processor.py:651} INFO - DAG(s) dict_keys(['user_processing']) retrieved from /opt/airflow/dags/user_processing.py
[2023-04-01 15:41:50,103] {logging_mixin.py:115} INFO - [2023-04-01 15:41:50,102] {dag.py:2371} INFO - Sync 1 DAGs
[2023-04-01 15:41:50,145] {logging_mixin.py:115} INFO - [2023-04-01 15:41:50,144] {dag.py:2919} INFO - Setting next_dagrun for user_processing to 2023-04-01T00:00:00+00:00, run_after=2023-04-02T00:00:00+00:00
[2023-04-01 15:41:50,165] {processor.py:161} INFO - Processing /opt/airflow/dags/user_processing.py took 0.977 seconds
[2023-04-01 15:42:20,491] {processor.py:153} INFO - Started process (PID=174) to work on /opt/airflow/dags/user_processing.py
[2023-04-01 15:42:20,496] {processor.py:641} INFO - Processing file /opt/airflow/dags/user_processing.py for tasks to queue
[2023-04-01 15:42:20,498] {logging_mixin.py:115} INFO - [2023-04-01 15:42:20,498] {dagbag.py:507} INFO - Filling up the DagBag from /opt/airflow/dags/user_processing.py
[2023-04-01 15:42:21,091] {processor.py:651} INFO - DAG(s) dict_keys(['user_processing']) retrieved from /opt/airflow/dags/user_processing.py
[2023-04-01 15:42:21,155] {logging_mixin.py:115} INFO - [2023-04-01 15:42:21,154] {dag.py:2371} INFO - Sync 1 DAGs
[2023-04-01 15:42:21,187] {logging_mixin.py:115} INFO - [2023-04-01 15:42:21,186] {dag.py:2919} INFO - Setting next_dagrun for user_processing to 2023-04-01T00:00:00+00:00, run_after=2023-04-02T00:00:00+00:00
[2023-04-01 15:42:21,202] {processor.py:161} INFO - Processing /opt/airflow/dags/user_processing.py took 0.716 seconds
[2023-04-01 15:42:51,907] {processor.py:153} INFO - Started process (PID=238) to work on /opt/airflow/dags/user_processing.py
[2023-04-01 15:42:51,910] {processor.py:641} INFO - Processing file /opt/airflow/dags/user_processing.py for tasks to queue
[2023-04-01 15:42:51,911] {logging_mixin.py:115} INFO - [2023-04-01 15:42:51,911] {dagbag.py:507} INFO - Filling up the DagBag from /opt/airflow/dags/user_processing.py
[2023-04-01 15:42:52,504] {processor.py:651} INFO - DAG(s) dict_keys(['user_processing']) retrieved from /opt/airflow/dags/user_processing.py
[2023-04-01 15:42:52,567] {logging_mixin.py:115} INFO - [2023-04-01 15:42:52,566] {dag.py:2371} INFO - Sync 1 DAGs
[2023-04-01 15:42:52,611] {logging_mixin.py:115} INFO - [2023-04-01 15:42:52,611] {dag.py:2919} INFO - Setting next_dagrun for user_processing to 2023-04-01T00:00:00+00:00, run_after=2023-04-02T00:00:00+00:00
[2023-04-01 15:42:52,633] {processor.py:161} INFO - Processing /opt/airflow/dags/user_processing.py took 0.731 seconds
[2023-04-01 15:43:23,226] {processor.py:153} INFO - Started process (PID=295) to work on /opt/airflow/dags/user_processing.py
[2023-04-01 15:43:23,228] {processor.py:641} INFO - Processing file /opt/airflow/dags/user_processing.py for tasks to queue
[2023-04-01 15:43:23,229] {logging_mixin.py:115} INFO - [2023-04-01 15:43:23,229] {dagbag.py:507} INFO - Filling up the DagBag from /opt/airflow/dags/user_processing.py
[2023-04-01 15:43:23,791] {processor.py:651} INFO - DAG(s) dict_keys(['user_processing']) retrieved from /opt/airflow/dags/user_processing.py
[2023-04-01 15:43:23,871] {logging_mixin.py:115} INFO - [2023-04-01 15:43:23,869] {dag.py:2371} INFO - Sync 1 DAGs
[2023-04-01 15:43:23,969] {logging_mixin.py:115} INFO - [2023-04-01 15:43:23,969] {dag.py:2919} INFO - Setting next_dagrun for user_processing to 2023-04-01T00:00:00+00:00, run_after=2023-04-02T00:00:00+00:00
[2023-04-01 15:43:23,994] {processor.py:161} INFO - Processing /opt/airflow/dags/user_processing.py took 0.773 seconds
[2023-04-01 15:43:54,426] {processor.py:153} INFO - Started process (PID=364) to work on /opt/airflow/dags/user_processing.py
[2023-04-01 15:43:54,427] {processor.py:641} INFO - Processing file /opt/airflow/dags/user_processing.py for tasks to queue
[2023-04-01 15:43:54,430] {logging_mixin.py:115} INFO - [2023-04-01 15:43:54,430] {dagbag.py:507} INFO - Filling up the DagBag from /opt/airflow/dags/user_processing.py
[2023-04-01 15:43:54,985] {processor.py:651} INFO - DAG(s) dict_keys(['user_processing']) retrieved from /opt/airflow/dags/user_processing.py
[2023-04-01 15:43:55,038] {logging_mixin.py:115} INFO - [2023-04-01 15:43:55,038] {dag.py:2371} INFO - Sync 1 DAGs
[2023-04-01 15:43:55,068] {logging_mixin.py:115} INFO - [2023-04-01 15:43:55,068] {dag.py:2919} INFO - Setting next_dagrun for user_processing to 2023-04-01T00:00:00+00:00, run_after=2023-04-02T00:00:00+00:00
[2023-04-01 15:43:55,085] {processor.py:161} INFO - Processing /opt/airflow/dags/user_processing.py took 0.668 seconds
[2023-04-01 15:44:25,827] {processor.py:153} INFO - Started process (PID=437) to work on /opt/airflow/dags/user_processing.py
[2023-04-01 15:44:25,829] {processor.py:641} INFO - Processing file /opt/airflow/dags/user_processing.py for tasks to queue
[2023-04-01 15:44:25,831] {logging_mixin.py:115} INFO - [2023-04-01 15:44:25,831] {dagbag.py:507} INFO - Filling up the DagBag from /opt/airflow/dags/user_processing.py
[2023-04-01 15:44:26,414] {processor.py:651} INFO - DAG(s) dict_keys(['user_processing']) retrieved from /opt/airflow/dags/user_processing.py
[2023-04-01 15:44:26,490] {logging_mixin.py:115} INFO - [2023-04-01 15:44:26,489] {dag.py:2371} INFO - Sync 1 DAGs
[2023-04-01 15:44:26,524] {logging_mixin.py:115} INFO - [2023-04-01 15:44:26,524] {dag.py:2919} INFO - Setting next_dagrun for user_processing to 2023-04-01T00:00:00+00:00, run_after=2023-04-02T00:00:00+00:00
[2023-04-01 15:44:26,538] {processor.py:161} INFO - Processing /opt/airflow/dags/user_processing.py took 0.717 seconds
[2023-04-01 15:44:56,648] {processor.py:153} INFO - Started process (PID=492) to work on /opt/airflow/dags/user_processing.py
[2023-04-01 15:44:56,649] {processor.py:641} INFO - Processing file /opt/airflow/dags/user_processing.py for tasks to queue
[2023-04-01 15:44:56,651] {logging_mixin.py:115} INFO - [2023-04-01 15:44:56,651] {dagbag.py:507} INFO - Filling up the DagBag from /opt/airflow/dags/user_processing.py
[2023-04-01 15:44:57,147] {processor.py:651} INFO - DAG(s) dict_keys(['user_processing']) retrieved from /opt/airflow/dags/user_processing.py
[2023-04-01 15:44:57,195] {logging_mixin.py:115} INFO - [2023-04-01 15:44:57,194] {dag.py:2371} INFO - Sync 1 DAGs
[2023-04-01 15:44:57,224] {logging_mixin.py:115} INFO - [2023-04-01 15:44:57,224] {dag.py:2919} INFO - Setting next_dagrun for user_processing to 2023-04-01T00:00:00+00:00, run_after=2023-04-02T00:00:00+00:00
[2023-04-01 15:44:57,238] {processor.py:161} INFO - Processing /opt/airflow/dags/user_processing.py took 0.595 seconds
[2023-04-01 15:45:28,004] {processor.py:153} INFO - Started process (PID=555) to work on /opt/airflow/dags/user_processing.py
[2023-04-01 15:45:28,006] {processor.py:641} INFO - Processing file /opt/airflow/dags/user_processing.py for tasks to queue
[2023-04-01 15:45:28,008] {logging_mixin.py:115} INFO - [2023-04-01 15:45:28,008] {dagbag.py:507} INFO - Filling up the DagBag from /opt/airflow/dags/user_processing.py
[2023-04-01 15:45:28,601] {processor.py:651} INFO - DAG(s) dict_keys(['user_processing']) retrieved from /opt/airflow/dags/user_processing.py
[2023-04-01 15:45:28,658] {logging_mixin.py:115} INFO - [2023-04-01 15:45:28,657] {dag.py:2371} INFO - Sync 1 DAGs
[2023-04-01 15:45:28,691] {logging_mixin.py:115} INFO - [2023-04-01 15:45:28,691] {dag.py:2919} INFO - Setting next_dagrun for user_processing to 2023-04-01T00:00:00+00:00, run_after=2023-04-02T00:00:00+00:00
[2023-04-01 15:45:28,706] {processor.py:161} INFO - Processing /opt/airflow/dags/user_processing.py took 0.709 seconds
[2023-04-01 15:45:58,974] {processor.py:153} INFO - Started process (PID=610) to work on /opt/airflow/dags/user_processing.py
[2023-04-01 15:45:58,977] {processor.py:641} INFO - Processing file /opt/airflow/dags/user_processing.py for tasks to queue
[2023-04-01 15:45:58,980] {logging_mixin.py:115} INFO - [2023-04-01 15:45:58,980] {dagbag.py:507} INFO - Filling up the DagBag from /opt/airflow/dags/user_processing.py
[2023-04-01 15:45:59,529] {processor.py:651} INFO - DAG(s) dict_keys(['user_processing']) retrieved from /opt/airflow/dags/user_processing.py
[2023-04-01 15:45:59,592] {logging_mixin.py:115} INFO - [2023-04-01 15:45:59,591] {dag.py:2371} INFO - Sync 1 DAGs
[2023-04-01 15:45:59,639] {logging_mixin.py:115} INFO - [2023-04-01 15:45:59,639] {dag.py:2919} INFO - Setting next_dagrun for user_processing to 2023-04-01T00:00:00+00:00, run_after=2023-04-02T00:00:00+00:00
[2023-04-01 15:45:59,664] {processor.py:161} INFO - Processing /opt/airflow/dags/user_processing.py took 0.697 seconds
