[2023-04-01 15:04:37,260] {taskinstance.py:1159} INFO - Dependencies all met for <TaskInstance: example_bash_operator.runme_0 manual__2023-04-01T15:04:35.487776+00:00 [queued]>
[2023-04-01 15:04:37,288] {taskinstance.py:1159} INFO - Dependencies all met for <TaskInstance: example_bash_operator.runme_0 manual__2023-04-01T15:04:35.487776+00:00 [queued]>
[2023-04-01 15:04:37,290] {taskinstance.py:1356} INFO - 
--------------------------------------------------------------------------------
[2023-04-01 15:04:37,292] {taskinstance.py:1357} INFO - Starting attempt 1 of 1
[2023-04-01 15:04:37,293] {taskinstance.py:1358} INFO - 
--------------------------------------------------------------------------------
[2023-04-01 15:04:37,327] {taskinstance.py:1377} INFO - Executing <Task(BashOperator): runme_0> on 2023-04-01 15:04:35.487776+00:00
[2023-04-01 15:04:37,338] {standard_task_runner.py:52} INFO - Started process 212 to run task
[2023-04-01 15:04:37,346] {standard_task_runner.py:79} INFO - Running: ['***', 'tasks', 'run', 'example_bash_operator', 'runme_0', 'manual__2023-04-01T15:04:35.487776+00:00', '--job-id', '9', '--raw', '--subdir', '/home/***/.local/lib/python3.7/site-packages/***/example_dags/example_bash_operator.py', '--cfg-path', '/tmp/tmpv26vnnj_', '--error-file', '/tmp/tmp_ljyd_9p']
[2023-04-01 15:04:37,347] {standard_task_runner.py:80} INFO - Job 9: Subtask runme_0
[2023-04-01 15:04:37,505] {task_command.py:369} INFO - Running <TaskInstance: example_bash_operator.runme_0 manual__2023-04-01T15:04:35.487776+00:00 [running]> on host 94291ec70be5
[2023-04-01 15:04:37,658] {taskinstance.py:1571} INFO - Exporting the following env vars:
AIRFLOW_CTX_DAG_OWNER=***
AIRFLOW_CTX_DAG_ID=example_bash_operator
AIRFLOW_CTX_TASK_ID=runme_0
AIRFLOW_CTX_EXECUTION_DATE=2023-04-01T15:04:35.487776+00:00
AIRFLOW_CTX_TRY_NUMBER=1
AIRFLOW_CTX_DAG_RUN_ID=manual__2023-04-01T15:04:35.487776+00:00
[2023-04-01 15:04:37,662] {subprocess.py:62} INFO - Tmp dir root location: 
 /tmp
[2023-04-01 15:04:37,664] {subprocess.py:74} INFO - Running command: ['bash', '-c', 'echo "example_bash_operator__runme_0__20230401" && sleep 1']
[2023-04-01 15:04:37,684] {subprocess.py:85} INFO - Output:
[2023-04-01 15:04:37,688] {subprocess.py:92} INFO - example_bash_operator__runme_0__20230401
[2023-04-01 15:04:38,693] {subprocess.py:96} INFO - Command exited with return code 0
[2023-04-01 15:04:38,738] {taskinstance.py:1400} INFO - Marking task as SUCCESS. dag_id=example_bash_operator, task_id=runme_0, execution_date=20230401T150435, start_date=20230401T150437, end_date=20230401T150438
[2023-04-01 15:04:38,777] {local_task_job.py:156} INFO - Task exited with return code 0
[2023-04-01 15:04:38,836] {local_task_job.py:273} INFO - 0 downstream tasks scheduled from follow-on schedule check
