[2023-04-01 15:18:00,825] {taskinstance.py:1159} INFO - Dependencies all met for <TaskInstance: example_branch_dop_operator_v3.condition scheduled__2023-04-01T15:17:00+00:00 [queued]>
[2023-04-01 15:18:00,845] {taskinstance.py:1159} INFO - Dependencies all met for <TaskInstance: example_branch_dop_operator_v3.condition scheduled__2023-04-01T15:17:00+00:00 [queued]>
[2023-04-01 15:18:00,847] {taskinstance.py:1356} INFO - 
--------------------------------------------------------------------------------
[2023-04-01 15:18:00,847] {taskinstance.py:1357} INFO - Starting attempt 1 of 1
[2023-04-01 15:18:00,848] {taskinstance.py:1358} INFO - 
--------------------------------------------------------------------------------
[2023-04-01 15:18:00,872] {taskinstance.py:1377} INFO - Executing <Task(BranchPythonOperator): condition> on 2023-04-01 15:17:00+00:00
[2023-04-01 15:18:00,878] {standard_task_runner.py:52} INFO - Started process 419 to run task
[2023-04-01 15:18:00,886] {standard_task_runner.py:79} INFO - Running: ['***', 'tasks', 'run', 'example_branch_dop_operator_v3', 'condition', 'scheduled__2023-04-01T15:17:00+00:00', '--job-id', '45', '--raw', '--subdir', '/home/***/.local/lib/python3.7/site-packages/***/example_dags/example_branch_python_dop_operator_3.py', '--cfg-path', '/tmp/tmpxbf3jdbq', '--error-file', '/tmp/tmpw0y9v3f7']
[2023-04-01 15:18:00,887] {standard_task_runner.py:80} INFO - Job 45: Subtask condition
[2023-04-01 15:18:00,998] {task_command.py:369} INFO - Running <TaskInstance: example_branch_dop_operator_v3.condition scheduled__2023-04-01T15:17:00+00:00 [running]> on host 94291ec70be5
[2023-04-01 15:18:01,125] {taskinstance.py:1571} INFO - Exporting the following env vars:
AIRFLOW_CTX_DAG_OWNER=***
AIRFLOW_CTX_DAG_ID=example_branch_dop_operator_v3
AIRFLOW_CTX_TASK_ID=condition
AIRFLOW_CTX_EXECUTION_DATE=2023-04-01T15:17:00+00:00
AIRFLOW_CTX_TRY_NUMBER=1
AIRFLOW_CTX_DAG_RUN_ID=scheduled__2023-04-01T15:17:00+00:00
[2023-04-01 15:18:01,128] {warnings.py:110} WARNING - /home/***/.local/lib/python3.7/site-packages/***/utils/context.py:290: AirflowContextDeprecationWarning: Accessing 'execution_date' from the template is deprecated and will be removed in a future version. Please use 'data_interval_start' or 'logical_date' instead.
  warnings.warn(_create_deprecation_warning(k, replacements))

[2023-04-01 15:18:01,129] {logging_mixin.py:115} INFO - ------------- exec dttm = 2023-04-01T15:17:00+00:00 and minute = 17
[2023-04-01 15:18:01,130] {python.py:173} INFO - Done. Returned value was: empty_task_2
[2023-04-01 15:18:01,132] {skipmixin.py:140} INFO - Following branch empty_task_2
[2023-04-01 15:18:01,134] {skipmixin.py:175} INFO - Skipping tasks ['empty_task_1']
[2023-04-01 15:18:01,218] {taskinstance.py:1400} INFO - Marking task as SUCCESS. dag_id=example_branch_dop_operator_v3, task_id=condition, execution_date=20230401T151700, start_date=20230401T151800, end_date=20230401T151801
[2023-04-01 15:18:01,289] {local_task_job.py:156} INFO - Task exited with return code 0
[2023-04-01 15:18:01,374] {local_task_job.py:273} INFO - 1 downstream tasks scheduled from follow-on schedule check
