[2023-04-01 15:06:37,893] {taskinstance.py:1159} INFO - Dependencies all met for <TaskInstance: tutorial_taskflow_api_etl_virtualenv.transform manual__2023-04-01T15:06:27.329720+00:00 [queued]>
[2023-04-01 15:06:37,909] {taskinstance.py:1159} INFO - Dependencies all met for <TaskInstance: tutorial_taskflow_api_etl_virtualenv.transform manual__2023-04-01T15:06:27.329720+00:00 [queued]>
[2023-04-01 15:06:37,910] {taskinstance.py:1356} INFO - 
--------------------------------------------------------------------------------
[2023-04-01 15:06:37,911] {taskinstance.py:1357} INFO - Starting attempt 1 of 1
[2023-04-01 15:06:37,912] {taskinstance.py:1358} INFO - 
--------------------------------------------------------------------------------
[2023-04-01 15:06:37,947] {taskinstance.py:1377} INFO - Executing <Task(_PythonDecoratedOperator): transform> on 2023-04-01 15:06:27.329720+00:00
[2023-04-01 15:06:37,961] {standard_task_runner.py:52} INFO - Started process 373 to run task
[2023-04-01 15:06:37,967] {standard_task_runner.py:79} INFO - Running: ['***', 'tasks', 'run', 'tutorial_taskflow_api_etl_virtualenv', 'transform', 'manual__2023-04-01T15:06:27.329720+00:00', '--job-id', '26', '--raw', '--subdir', '/home/***/.local/lib/python3.7/site-packages/***/example_dags/tutorial_taskflow_api_etl_virtualenv.py', '--cfg-path', '/tmp/tmp5_igjz2r', '--error-file', '/tmp/tmprtzzqpnr']
[2023-04-01 15:06:37,968] {standard_task_runner.py:80} INFO - Job 26: Subtask transform
[2023-04-01 15:06:38,054] {task_command.py:369} INFO - Running <TaskInstance: tutorial_taskflow_api_etl_virtualenv.transform manual__2023-04-01T15:06:27.329720+00:00 [running]> on host 94291ec70be5
[2023-04-01 15:06:38,173] {taskinstance.py:1571} INFO - Exporting the following env vars:
AIRFLOW_CTX_DAG_OWNER=***
AIRFLOW_CTX_DAG_ID=tutorial_taskflow_api_etl_virtualenv
AIRFLOW_CTX_TASK_ID=transform
AIRFLOW_CTX_EXECUTION_DATE=2023-04-01T15:06:27.329720+00:00
AIRFLOW_CTX_TRY_NUMBER=1
AIRFLOW_CTX_DAG_RUN_ID=manual__2023-04-01T15:06:27.329720+00:00
[2023-04-01 15:06:38,175] {python.py:173} INFO - Done. Returned value was: {'total_order_value': 1236.7}
[2023-04-01 15:06:38,239] {taskinstance.py:1400} INFO - Marking task as SUCCESS. dag_id=tutorial_taskflow_api_etl_virtualenv, task_id=transform, execution_date=20230401T150627, start_date=20230401T150637, end_date=20230401T150638
[2023-04-01 15:06:38,303] {local_task_job.py:156} INFO - Task exited with return code 0
[2023-04-01 15:06:38,364] {local_task_job.py:273} INFO - 1 downstream tasks scheduled from follow-on schedule check
