[2023-04-01 15:06:25,153] {taskinstance.py:1159} INFO - Dependencies all met for <TaskInstance: tutorial.sleep scheduled__2023-03-31T15:06:13.958197+00:00 [queued]>
[2023-04-01 15:06:25,168] {taskinstance.py:1159} INFO - Dependencies all met for <TaskInstance: tutorial.sleep scheduled__2023-03-31T15:06:13.958197+00:00 [queued]>
[2023-04-01 15:06:25,169] {taskinstance.py:1356} INFO - 
--------------------------------------------------------------------------------
[2023-04-01 15:06:25,170] {taskinstance.py:1357} INFO - Starting attempt 1 of 4
[2023-04-01 15:06:25,171] {taskinstance.py:1358} INFO - 
--------------------------------------------------------------------------------
[2023-04-01 15:06:25,194] {taskinstance.py:1377} INFO - Executing <Task(BashOperator): sleep> on 2023-03-31 15:06:13.958197+00:00
[2023-04-01 15:06:25,201] {standard_task_runner.py:52} INFO - Started process 325 to run task
[2023-04-01 15:06:25,206] {standard_task_runner.py:79} INFO - Running: ['***', 'tasks', 'run', 'tutorial', 'sleep', 'scheduled__2023-03-31T15:06:13.958197+00:00', '--job-id', '23', '--raw', '--subdir', '/home/***/.local/lib/python3.7/site-packages/***/example_dags/tutorial.py', '--cfg-path', '/tmp/tmpietxirk2', '--error-file', '/tmp/tmplnutht64']
[2023-04-01 15:06:25,208] {standard_task_runner.py:80} INFO - Job 23: Subtask sleep
[2023-04-01 15:06:25,318] {task_command.py:369} INFO - Running <TaskInstance: tutorial.sleep scheduled__2023-03-31T15:06:13.958197+00:00 [running]> on host 94291ec70be5
[2023-04-01 15:06:25,441] {taskinstance.py:1571} INFO - Exporting the following env vars:
AIRFLOW_CTX_DAG_EMAIL=***@example.com
AIRFLOW_CTX_DAG_OWNER=***
AIRFLOW_CTX_DAG_ID=tutorial
AIRFLOW_CTX_TASK_ID=sleep
AIRFLOW_CTX_EXECUTION_DATE=2023-03-31T15:06:13.958197+00:00
AIRFLOW_CTX_TRY_NUMBER=1
AIRFLOW_CTX_DAG_RUN_ID=scheduled__2023-03-31T15:06:13.958197+00:00
[2023-04-01 15:06:25,445] {subprocess.py:62} INFO - Tmp dir root location: 
 /tmp
[2023-04-01 15:06:25,447] {subprocess.py:74} INFO - Running command: ['bash', '-c', 'sleep 5']
[2023-04-01 15:06:25,468] {subprocess.py:85} INFO - Output:
[2023-04-01 15:06:30,474] {subprocess.py:96} INFO - Command exited with return code 0
[2023-04-01 15:06:30,542] {taskinstance.py:1400} INFO - Marking task as SUCCESS. dag_id=tutorial, task_id=sleep, execution_date=20230331T150613, start_date=20230401T150625, end_date=20230401T150630
[2023-04-01 15:06:30,614] {local_task_job.py:156} INFO - Task exited with return code 0
[2023-04-01 15:06:30,668] {local_task_job.py:273} INFO - 0 downstream tasks scheduled from follow-on schedule check
