[2023-04-01 15:04:20,153] {taskinstance.py:1159} INFO - Dependencies all met for <TaskInstance: example_bash_operator.runme_2 scheduled__2023-03-31T00:00:00+00:00 [queued]>
[2023-04-01 15:04:20,181] {taskinstance.py:1159} INFO - Dependencies all met for <TaskInstance: example_bash_operator.runme_2 scheduled__2023-03-31T00:00:00+00:00 [queued]>
[2023-04-01 15:04:20,183] {taskinstance.py:1356} INFO - 
--------------------------------------------------------------------------------
[2023-04-01 15:04:20,184] {taskinstance.py:1357} INFO - Starting attempt 1 of 1
[2023-04-01 15:04:20,185] {taskinstance.py:1358} INFO - 
--------------------------------------------------------------------------------
[2023-04-01 15:04:20,257] {taskinstance.py:1377} INFO - Executing <Task(BashOperator): runme_2> on 2023-03-31 00:00:00+00:00
[2023-04-01 15:04:20,276] {standard_task_runner.py:52} INFO - Started process 186 to run task
[2023-04-01 15:04:20,348] {standard_task_runner.py:79} INFO - Running: ['***', 'tasks', 'run', 'example_bash_operator', 'runme_2', 'scheduled__2023-03-31T00:00:00+00:00', '--job-id', '3', '--raw', '--subdir', '/home/***/.local/lib/python3.7/site-packages/***/example_dags/example_bash_operator.py', '--cfg-path', '/tmp/tmp2cl5meeo', '--error-file', '/tmp/tmp0ix5yhli']
[2023-04-01 15:04:20,354] {standard_task_runner.py:80} INFO - Job 3: Subtask runme_2
[2023-04-01 15:04:21,506] {task_command.py:369} INFO - Running <TaskInstance: example_bash_operator.runme_2 scheduled__2023-03-31T00:00:00+00:00 [running]> on host 94291ec70be5
[2023-04-01 15:04:22,515] {taskinstance.py:1571} INFO - Exporting the following env vars:
AIRFLOW_CTX_DAG_OWNER=***
AIRFLOW_CTX_DAG_ID=example_bash_operator
AIRFLOW_CTX_TASK_ID=runme_2
AIRFLOW_CTX_EXECUTION_DATE=2023-03-31T00:00:00+00:00
AIRFLOW_CTX_TRY_NUMBER=1
AIRFLOW_CTX_DAG_RUN_ID=scheduled__2023-03-31T00:00:00+00:00
[2023-04-01 15:04:22,520] {subprocess.py:62} INFO - Tmp dir root location: 
 /tmp
[2023-04-01 15:04:22,523] {subprocess.py:74} INFO - Running command: ['bash', '-c', 'echo "example_bash_operator__runme_2__20230331" && sleep 1']
[2023-04-01 15:04:22,568] {subprocess.py:85} INFO - Output:
[2023-04-01 15:04:22,572] {subprocess.py:92} INFO - example_bash_operator__runme_2__20230331
[2023-04-01 15:04:23,603] {subprocess.py:96} INFO - Command exited with return code 0
[2023-04-01 15:04:23,697] {taskinstance.py:1400} INFO - Marking task as SUCCESS. dag_id=example_bash_operator, task_id=runme_2, execution_date=20230331T000000, start_date=20230401T150420, end_date=20230401T150423
[2023-04-01 15:04:23,767] {local_task_job.py:156} INFO - Task exited with return code 0
[2023-04-01 15:04:23,955] {local_task_job.py:273} INFO - 0 downstream tasks scheduled from follow-on schedule check
