[2023-04-01 15:06:25,210] {taskinstance.py:1159} INFO - Dependencies all met for <TaskInstance: tutorial.templated scheduled__2023-03-31T15:06:13.958197+00:00 [queued]>
[2023-04-01 15:06:25,227] {taskinstance.py:1159} INFO - Dependencies all met for <TaskInstance: tutorial.templated scheduled__2023-03-31T15:06:13.958197+00:00 [queued]>
[2023-04-01 15:06:25,228] {taskinstance.py:1356} INFO - 
--------------------------------------------------------------------------------
[2023-04-01 15:06:25,229] {taskinstance.py:1357} INFO - Starting attempt 1 of 2
[2023-04-01 15:06:25,230] {taskinstance.py:1358} INFO - 
--------------------------------------------------------------------------------
[2023-04-01 15:06:25,257] {taskinstance.py:1377} INFO - Executing <Task(BashOperator): templated> on 2023-03-31 15:06:13.958197+00:00
[2023-04-01 15:06:25,266] {standard_task_runner.py:52} INFO - Started process 326 to run task
[2023-04-01 15:06:25,272] {standard_task_runner.py:79} INFO - Running: ['***', 'tasks', 'run', 'tutorial', 'templated', 'scheduled__2023-03-31T15:06:13.958197+00:00', '--job-id', '24', '--raw', '--subdir', '/home/***/.local/lib/python3.7/site-packages/***/example_dags/tutorial.py', '--cfg-path', '/tmp/tmp5z4oyhep', '--error-file', '/tmp/tmp8cg2bu49']
[2023-04-01 15:06:25,274] {standard_task_runner.py:80} INFO - Job 24: Subtask templated
[2023-04-01 15:06:25,370] {task_command.py:369} INFO - Running <TaskInstance: tutorial.templated scheduled__2023-03-31T15:06:13.958197+00:00 [running]> on host 94291ec70be5
[2023-04-01 15:06:25,503] {taskinstance.py:1571} INFO - Exporting the following env vars:
AIRFLOW_CTX_DAG_EMAIL=***@example.com
AIRFLOW_CTX_DAG_OWNER=***
AIRFLOW_CTX_DAG_ID=tutorial
AIRFLOW_CTX_TASK_ID=templated
AIRFLOW_CTX_EXECUTION_DATE=2023-03-31T15:06:13.958197+00:00
AIRFLOW_CTX_TRY_NUMBER=1
AIRFLOW_CTX_DAG_RUN_ID=scheduled__2023-03-31T15:06:13.958197+00:00
[2023-04-01 15:06:25,507] {subprocess.py:62} INFO - Tmp dir root location: 
 /tmp
[2023-04-01 15:06:25,508] {subprocess.py:74} INFO - Running command: ['bash', '-c', '\n\n    echo "2023-03-31"\n    echo "2023-04-07"\n\n    echo "2023-03-31"\n    echo "2023-04-07"\n\n    echo "2023-03-31"\n    echo "2023-04-07"\n\n    echo "2023-03-31"\n    echo "2023-04-07"\n\n    echo "2023-03-31"\n    echo "2023-04-07"\n']
[2023-04-01 15:06:25,524] {subprocess.py:85} INFO - Output:
[2023-04-01 15:06:25,526] {subprocess.py:92} INFO - 2023-03-31
[2023-04-01 15:06:25,527] {subprocess.py:92} INFO - 2023-04-07
[2023-04-01 15:06:25,529] {subprocess.py:92} INFO - 2023-03-31
[2023-04-01 15:06:25,530] {subprocess.py:92} INFO - 2023-04-07
[2023-04-01 15:06:25,531] {subprocess.py:92} INFO - 2023-03-31
[2023-04-01 15:06:25,532] {subprocess.py:92} INFO - 2023-04-07
[2023-04-01 15:06:25,533] {subprocess.py:92} INFO - 2023-03-31
[2023-04-01 15:06:25,533] {subprocess.py:92} INFO - 2023-04-07
[2023-04-01 15:06:25,534] {subprocess.py:92} INFO - 2023-03-31
[2023-04-01 15:06:25,535] {subprocess.py:92} INFO - 2023-04-07
[2023-04-01 15:06:25,536] {subprocess.py:96} INFO - Command exited with return code 0
[2023-04-01 15:06:25,582] {taskinstance.py:1400} INFO - Marking task as SUCCESS. dag_id=tutorial, task_id=templated, execution_date=20230331T150613, start_date=20230401T150625, end_date=20230401T150625
[2023-04-01 15:06:25,647] {local_task_job.py:156} INFO - Task exited with return code 0
[2023-04-01 15:06:25,761] {local_task_job.py:273} INFO - 0 downstream tasks scheduled from follow-on schedule check
