[2023-04-01 15:04:37,352] {taskinstance.py:1159} INFO - Dependencies all met for <TaskInstance: example_bash_operator.also_run_this manual__2023-04-01T15:04:35.487776+00:00 [queued]>
[2023-04-01 15:04:37,379] {taskinstance.py:1159} INFO - Dependencies all met for <TaskInstance: example_bash_operator.also_run_this manual__2023-04-01T15:04:35.487776+00:00 [queued]>
[2023-04-01 15:04:37,382] {taskinstance.py:1356} INFO - 
--------------------------------------------------------------------------------
[2023-04-01 15:04:37,384] {taskinstance.py:1357} INFO - Starting attempt 1 of 1
[2023-04-01 15:04:37,385] {taskinstance.py:1358} INFO - 
--------------------------------------------------------------------------------
[2023-04-01 15:04:37,431] {taskinstance.py:1377} INFO - Executing <Task(BashOperator): also_run_this> on 2023-04-01 15:04:35.487776+00:00
[2023-04-01 15:04:37,443] {standard_task_runner.py:52} INFO - Started process 213 to run task
[2023-04-01 15:04:37,449] {standard_task_runner.py:79} INFO - Running: ['***', 'tasks', 'run', 'example_bash_operator', 'also_run_this', 'manual__2023-04-01T15:04:35.487776+00:00', '--job-id', '10', '--raw', '--subdir', '/home/***/.local/lib/python3.7/site-packages/***/example_dags/example_bash_operator.py', '--cfg-path', '/tmp/tmp0gy9ys4g', '--error-file', '/tmp/tmpc8y4vv9v']
[2023-04-01 15:04:37,453] {standard_task_runner.py:80} INFO - Job 10: Subtask also_run_this
[2023-04-01 15:04:37,610] {task_command.py:369} INFO - Running <TaskInstance: example_bash_operator.also_run_this manual__2023-04-01T15:04:35.487776+00:00 [running]> on host 94291ec70be5
[2023-04-01 15:04:37,781] {taskinstance.py:1571} INFO - Exporting the following env vars:
AIRFLOW_CTX_DAG_OWNER=***
AIRFLOW_CTX_DAG_ID=example_bash_operator
AIRFLOW_CTX_TASK_ID=also_run_this
AIRFLOW_CTX_EXECUTION_DATE=2023-04-01T15:04:35.487776+00:00
AIRFLOW_CTX_TRY_NUMBER=1
AIRFLOW_CTX_DAG_RUN_ID=manual__2023-04-01T15:04:35.487776+00:00
[2023-04-01 15:04:37,786] {subprocess.py:62} INFO - Tmp dir root location: 
 /tmp
[2023-04-01 15:04:37,788] {subprocess.py:74} INFO - Running command: ['bash', '-c', 'echo "run_id=manual__2023-04-01T15:04:35.487776+00:00 | dag_run=<DagRun example_bash_operator @ 2023-04-01 15:04:35.487776+00:00: manual__2023-04-01T15:04:35.487776+00:00, externally triggered: True>"']
[2023-04-01 15:04:37,805] {subprocess.py:85} INFO - Output:
[2023-04-01 15:04:37,811] {subprocess.py:92} INFO - run_id=manual__2023-04-01T15:04:35.487776+00:00 | dag_run=<DagRun example_bash_operator @ 2023-04-01 15:04:35.487776+00:00: manual__2023-04-01T15:04:35.487776+00:00, externally triggered: True>
[2023-04-01 15:04:37,813] {subprocess.py:96} INFO - Command exited with return code 0
[2023-04-01 15:04:37,882] {taskinstance.py:1400} INFO - Marking task as SUCCESS. dag_id=example_bash_operator, task_id=also_run_this, execution_date=20230401T150435, start_date=20230401T150437, end_date=20230401T150437
[2023-04-01 15:04:37,952] {local_task_job.py:156} INFO - Task exited with return code 0
[2023-04-01 15:04:38,015] {local_task_job.py:273} INFO - 0 downstream tasks scheduled from follow-on schedule check
