[2023-04-01 15:04:28,135] {taskinstance.py:1159} INFO - Dependencies all met for <TaskInstance: example_bash_operator.run_after_loop scheduled__2023-03-31T00:00:00+00:00 [queued]>
[2023-04-01 15:04:28,149] {taskinstance.py:1159} INFO - Dependencies all met for <TaskInstance: example_bash_operator.run_after_loop scheduled__2023-03-31T00:00:00+00:00 [queued]>
[2023-04-01 15:04:28,151] {taskinstance.py:1356} INFO - 
--------------------------------------------------------------------------------
[2023-04-01 15:04:28,151] {taskinstance.py:1357} INFO - Starting attempt 1 of 1
[2023-04-01 15:04:28,152] {taskinstance.py:1358} INFO - 
--------------------------------------------------------------------------------
[2023-04-01 15:04:28,172] {taskinstance.py:1377} INFO - Executing <Task(BashOperator): run_after_loop> on 2023-03-31 00:00:00+00:00
[2023-04-01 15:04:28,179] {standard_task_runner.py:52} INFO - Started process 203 to run task
[2023-04-01 15:04:28,185] {standard_task_runner.py:79} INFO - Running: ['***', 'tasks', 'run', 'example_bash_operator', 'run_after_loop', 'scheduled__2023-03-31T00:00:00+00:00', '--job-id', '8', '--raw', '--subdir', '/home/***/.local/lib/python3.7/site-packages/***/example_dags/example_bash_operator.py', '--cfg-path', '/tmp/tmplm3x8w9v', '--error-file', '/tmp/tmpxa51fpsu']
[2023-04-01 15:04:28,281] {standard_task_runner.py:80} INFO - Job 8: Subtask run_after_loop
[2023-04-01 15:04:28,390] {task_command.py:369} INFO - Running <TaskInstance: example_bash_operator.run_after_loop scheduled__2023-03-31T00:00:00+00:00 [running]> on host 94291ec70be5
[2023-04-01 15:04:28,495] {taskinstance.py:1571} INFO - Exporting the following env vars:
AIRFLOW_CTX_DAG_OWNER=***
AIRFLOW_CTX_DAG_ID=example_bash_operator
AIRFLOW_CTX_TASK_ID=run_after_loop
AIRFLOW_CTX_EXECUTION_DATE=2023-03-31T00:00:00+00:00
AIRFLOW_CTX_TRY_NUMBER=1
AIRFLOW_CTX_DAG_RUN_ID=scheduled__2023-03-31T00:00:00+00:00
[2023-04-01 15:04:28,498] {subprocess.py:62} INFO - Tmp dir root location: 
 /tmp
[2023-04-01 15:04:28,500] {subprocess.py:74} INFO - Running command: ['bash', '-c', 'echo 1']
[2023-04-01 15:04:28,516] {subprocess.py:85} INFO - Output:
[2023-04-01 15:04:28,518] {subprocess.py:92} INFO - 1
[2023-04-01 15:04:28,519] {subprocess.py:96} INFO - Command exited with return code 0
[2023-04-01 15:04:28,564] {taskinstance.py:1400} INFO - Marking task as SUCCESS. dag_id=example_bash_operator, task_id=run_after_loop, execution_date=20230331T000000, start_date=20230401T150428, end_date=20230401T150428
[2023-04-01 15:04:28,618] {local_task_job.py:156} INFO - Task exited with return code 0
[2023-04-01 15:04:28,671] {local_task_job.py:273} INFO - 0 downstream tasks scheduled from follow-on schedule check
