[2023-04-01 15:04:20,306] {taskinstance.py:1159} INFO - Dependencies all met for <TaskInstance: example_bash_operator.this_will_skip scheduled__2023-03-31T00:00:00+00:00 [queued]>
[2023-04-01 15:04:20,370] {taskinstance.py:1159} INFO - Dependencies all met for <TaskInstance: example_bash_operator.this_will_skip scheduled__2023-03-31T00:00:00+00:00 [queued]>
[2023-04-01 15:04:20,373] {taskinstance.py:1356} INFO - 
--------------------------------------------------------------------------------
[2023-04-01 15:04:20,375] {taskinstance.py:1357} INFO - Starting attempt 1 of 1
[2023-04-01 15:04:20,377] {taskinstance.py:1358} INFO - 
--------------------------------------------------------------------------------
[2023-04-01 15:04:20,474] {taskinstance.py:1377} INFO - Executing <Task(BashOperator): this_will_skip> on 2023-03-31 00:00:00+00:00
[2023-04-01 15:04:20,485] {standard_task_runner.py:52} INFO - Started process 187 to run task
[2023-04-01 15:04:20,534] {standard_task_runner.py:79} INFO - Running: ['***', 'tasks', 'run', 'example_bash_operator', 'this_will_skip', 'scheduled__2023-03-31T00:00:00+00:00', '--job-id', '4', '--raw', '--subdir', '/home/***/.local/lib/python3.7/site-packages/***/example_dags/example_bash_operator.py', '--cfg-path', '/tmp/tmpprudmq6c', '--error-file', '/tmp/tmpzcgamo3b']
[2023-04-01 15:04:20,539] {standard_task_runner.py:80} INFO - Job 4: Subtask this_will_skip
[2023-04-01 15:04:21,677] {task_command.py:369} INFO - Running <TaskInstance: example_bash_operator.this_will_skip scheduled__2023-03-31T00:00:00+00:00 [running]> on host 94291ec70be5
[2023-04-01 15:04:22,580] {taskinstance.py:1571} INFO - Exporting the following env vars:
AIRFLOW_CTX_DAG_OWNER=***
AIRFLOW_CTX_DAG_ID=example_bash_operator
AIRFLOW_CTX_TASK_ID=this_will_skip
AIRFLOW_CTX_EXECUTION_DATE=2023-03-31T00:00:00+00:00
AIRFLOW_CTX_TRY_NUMBER=1
AIRFLOW_CTX_DAG_RUN_ID=scheduled__2023-03-31T00:00:00+00:00
[2023-04-01 15:04:22,615] {subprocess.py:62} INFO - Tmp dir root location: 
 /tmp
[2023-04-01 15:04:22,643] {subprocess.py:74} INFO - Running command: ['bash', '-c', 'echo "hello world"; exit 99;']
[2023-04-01 15:04:22,860] {subprocess.py:85} INFO - Output:
[2023-04-01 15:04:22,868] {subprocess.py:92} INFO - hello world
[2023-04-01 15:04:22,875] {subprocess.py:96} INFO - Command exited with return code 99
[2023-04-01 15:04:22,882] {taskinstance.py:1478} INFO - Bash command returned exit code 99. Skipping.
[2023-04-01 15:04:22,929] {taskinstance.py:1400} INFO - Marking task as SKIPPED. dag_id=example_bash_operator, task_id=this_will_skip, execution_date=20230331T000000, start_date=20230401T150420, end_date=20230401T150422
[2023-04-01 15:04:22,994] {local_task_job.py:156} INFO - Task exited with return code 0
[2023-04-01 15:04:23,174] {local_task_job.py:273} INFO - 0 downstream tasks scheduled from follow-on schedule check
