[2023-04-01 15:01:38,563] {processor.py:153} INFO - Started process (PID=56) to work on /home/airflow/.local/lib/python3.7/site-packages/airflow/example_dags/example_xcom.py
[2023-04-01 15:01:38,565] {processor.py:641} INFO - Processing file /home/airflow/.local/lib/python3.7/site-packages/airflow/example_dags/example_xcom.py for tasks to queue
[2023-04-01 15:01:38,567] {logging_mixin.py:115} INFO - [2023-04-01 15:01:38,567] {dagbag.py:507} INFO - Filling up the DagBag from /home/airflow/.local/lib/python3.7/site-packages/airflow/example_dags/example_xcom.py
[2023-04-01 15:01:38,672] {processor.py:651} INFO - DAG(s) dict_keys(['example_xcom']) retrieved from /home/airflow/.local/lib/python3.7/site-packages/airflow/example_dags/example_xcom.py
[2023-04-01 15:01:39,550] {logging_mixin.py:115} INFO - [2023-04-01 15:01:39,550] {manager.py:508} INFO - Created Permission View: can delete on DAG:example_xcom
[2023-04-01 15:01:39,571] {logging_mixin.py:115} INFO - [2023-04-01 15:01:39,571] {manager.py:508} INFO - Created Permission View: can read on DAG:example_xcom
[2023-04-01 15:01:39,586] {logging_mixin.py:115} INFO - [2023-04-01 15:01:39,585] {manager.py:508} INFO - Created Permission View: can edit on DAG:example_xcom
[2023-04-01 15:01:39,587] {logging_mixin.py:115} INFO - [2023-04-01 15:01:39,587] {dag.py:2371} INFO - Sync 1 DAGs
[2023-04-01 15:01:39,624] {logging_mixin.py:115} INFO - [2023-04-01 15:01:39,624] {dag.py:2390} INFO - Creating ORM DAG for example_xcom
[2023-04-01 15:01:39,657] {logging_mixin.py:115} INFO - [2023-04-01 15:01:39,656] {dag.py:2919} INFO - Setting next_dagrun for example_xcom to 2021-01-01T00:00:00+00:00, run_after=2021-01-01T00:00:00+00:00
[2023-04-01 15:01:39,716] {processor.py:161} INFO - Processing /home/airflow/.local/lib/python3.7/site-packages/airflow/example_dags/example_xcom.py took 1.160 seconds
[2023-04-01 15:02:10,090] {processor.py:153} INFO - Started process (PID=111) to work on /home/airflow/.local/lib/python3.7/site-packages/airflow/example_dags/example_xcom.py
[2023-04-01 15:02:10,094] {processor.py:641} INFO - Processing file /home/airflow/.local/lib/python3.7/site-packages/airflow/example_dags/example_xcom.py for tasks to queue
[2023-04-01 15:02:10,098] {logging_mixin.py:115} INFO - [2023-04-01 15:02:10,097] {dagbag.py:507} INFO - Filling up the DagBag from /home/airflow/.local/lib/python3.7/site-packages/airflow/example_dags/example_xcom.py
[2023-04-01 15:02:10,172] {processor.py:651} INFO - DAG(s) dict_keys(['example_xcom']) retrieved from /home/airflow/.local/lib/python3.7/site-packages/airflow/example_dags/example_xcom.py
[2023-04-01 15:02:10,511] {logging_mixin.py:115} INFO - [2023-04-01 15:02:10,511] {dag.py:2371} INFO - Sync 1 DAGs
[2023-04-01 15:02:10,544] {logging_mixin.py:115} INFO - [2023-04-01 15:02:10,544] {dag.py:2919} INFO - Setting next_dagrun for example_xcom to 2021-01-01T00:00:00+00:00, run_after=2021-01-01T00:00:00+00:00
[2023-04-01 15:02:10,581] {processor.py:161} INFO - Processing /home/airflow/.local/lib/python3.7/site-packages/airflow/example_dags/example_xcom.py took 0.496 seconds
[2023-04-01 15:02:41,088] {processor.py:153} INFO - Started process (PID=163) to work on /home/airflow/.local/lib/python3.7/site-packages/airflow/example_dags/example_xcom.py
[2023-04-01 15:02:41,090] {processor.py:641} INFO - Processing file /home/airflow/.local/lib/python3.7/site-packages/airflow/example_dags/example_xcom.py for tasks to queue
[2023-04-01 15:02:41,091] {logging_mixin.py:115} INFO - [2023-04-01 15:02:41,091] {dagbag.py:507} INFO - Filling up the DagBag from /home/airflow/.local/lib/python3.7/site-packages/airflow/example_dags/example_xcom.py
[2023-04-01 15:02:41,123] {processor.py:651} INFO - DAG(s) dict_keys(['example_xcom']) retrieved from /home/airflow/.local/lib/python3.7/site-packages/airflow/example_dags/example_xcom.py
[2023-04-01 15:02:41,440] {logging_mixin.py:115} INFO - [2023-04-01 15:02:41,440] {dag.py:2371} INFO - Sync 1 DAGs
[2023-04-01 15:02:41,492] {logging_mixin.py:115} INFO - [2023-04-01 15:02:41,492] {dag.py:2919} INFO - Setting next_dagrun for example_xcom to 2021-01-01T00:00:00+00:00, run_after=2021-01-01T00:00:00+00:00
[2023-04-01 15:02:41,519] {processor.py:161} INFO - Processing /home/airflow/.local/lib/python3.7/site-packages/airflow/example_dags/example_xcom.py took 0.436 seconds
[2023-04-01 15:03:12,303] {processor.py:153} INFO - Started process (PID=225) to work on /home/airflow/.local/lib/python3.7/site-packages/airflow/example_dags/example_xcom.py
[2023-04-01 15:03:12,305] {processor.py:641} INFO - Processing file /home/airflow/.local/lib/python3.7/site-packages/airflow/example_dags/example_xcom.py for tasks to queue
[2023-04-01 15:03:12,307] {logging_mixin.py:115} INFO - [2023-04-01 15:03:12,307] {dagbag.py:507} INFO - Filling up the DagBag from /home/airflow/.local/lib/python3.7/site-packages/airflow/example_dags/example_xcom.py
[2023-04-01 15:03:12,341] {processor.py:651} INFO - DAG(s) dict_keys(['example_xcom']) retrieved from /home/airflow/.local/lib/python3.7/site-packages/airflow/example_dags/example_xcom.py
[2023-04-01 15:03:12,850] {logging_mixin.py:115} INFO - [2023-04-01 15:03:12,850] {dag.py:2371} INFO - Sync 1 DAGs
[2023-04-01 15:03:12,882] {logging_mixin.py:115} INFO - [2023-04-01 15:03:12,881] {dag.py:2919} INFO - Setting next_dagrun for example_xcom to 2021-01-01T00:00:00+00:00, run_after=2021-01-01T00:00:00+00:00
[2023-04-01 15:03:12,916] {processor.py:161} INFO - Processing /home/airflow/.local/lib/python3.7/site-packages/airflow/example_dags/example_xcom.py took 0.618 seconds
[2023-04-01 15:03:42,993] {processor.py:153} INFO - Started process (PID=278) to work on /home/airflow/.local/lib/python3.7/site-packages/airflow/example_dags/example_xcom.py
[2023-04-01 15:03:42,995] {processor.py:641} INFO - Processing file /home/airflow/.local/lib/python3.7/site-packages/airflow/example_dags/example_xcom.py for tasks to queue
[2023-04-01 15:03:42,996] {logging_mixin.py:115} INFO - [2023-04-01 15:03:42,996] {dagbag.py:507} INFO - Filling up the DagBag from /home/airflow/.local/lib/python3.7/site-packages/airflow/example_dags/example_xcom.py
[2023-04-01 15:03:43,023] {processor.py:651} INFO - DAG(s) dict_keys(['example_xcom']) retrieved from /home/airflow/.local/lib/python3.7/site-packages/airflow/example_dags/example_xcom.py
[2023-04-01 15:03:43,254] {logging_mixin.py:115} INFO - [2023-04-01 15:03:43,254] {dag.py:2371} INFO - Sync 1 DAGs
[2023-04-01 15:03:43,282] {logging_mixin.py:115} INFO - [2023-04-01 15:03:43,282] {dag.py:2919} INFO - Setting next_dagrun for example_xcom to 2021-01-01T00:00:00+00:00, run_after=2021-01-01T00:00:00+00:00
[2023-04-01 15:03:43,302] {processor.py:161} INFO - Processing /home/airflow/.local/lib/python3.7/site-packages/airflow/example_dags/example_xcom.py took 0.313 seconds
[2023-04-01 15:04:13,371] {processor.py:153} INFO - Started process (PID=339) to work on /home/airflow/.local/lib/python3.7/site-packages/airflow/example_dags/example_xcom.py
[2023-04-01 15:04:13,373] {processor.py:641} INFO - Processing file /home/airflow/.local/lib/python3.7/site-packages/airflow/example_dags/example_xcom.py for tasks to queue
[2023-04-01 15:04:13,375] {logging_mixin.py:115} INFO - [2023-04-01 15:04:13,374] {dagbag.py:507} INFO - Filling up the DagBag from /home/airflow/.local/lib/python3.7/site-packages/airflow/example_dags/example_xcom.py
[2023-04-01 15:04:13,401] {processor.py:651} INFO - DAG(s) dict_keys(['example_xcom']) retrieved from /home/airflow/.local/lib/python3.7/site-packages/airflow/example_dags/example_xcom.py
[2023-04-01 15:04:13,651] {logging_mixin.py:115} INFO - [2023-04-01 15:04:13,651] {dag.py:2371} INFO - Sync 1 DAGs
[2023-04-01 15:04:13,679] {logging_mixin.py:115} INFO - [2023-04-01 15:04:13,679] {dag.py:2919} INFO - Setting next_dagrun for example_xcom to 2021-01-01T00:00:00+00:00, run_after=2021-01-01T00:00:00+00:00
[2023-04-01 15:04:13,695] {processor.py:161} INFO - Processing /home/airflow/.local/lib/python3.7/site-packages/airflow/example_dags/example_xcom.py took 0.329 seconds
[2023-04-01 15:04:44,093] {processor.py:153} INFO - Started process (PID=405) to work on /home/airflow/.local/lib/python3.7/site-packages/airflow/example_dags/example_xcom.py
[2023-04-01 15:04:44,095] {processor.py:641} INFO - Processing file /home/airflow/.local/lib/python3.7/site-packages/airflow/example_dags/example_xcom.py for tasks to queue
[2023-04-01 15:04:44,097] {logging_mixin.py:115} INFO - [2023-04-01 15:04:44,097] {dagbag.py:507} INFO - Filling up the DagBag from /home/airflow/.local/lib/python3.7/site-packages/airflow/example_dags/example_xcom.py
[2023-04-01 15:04:44,123] {processor.py:651} INFO - DAG(s) dict_keys(['example_xcom']) retrieved from /home/airflow/.local/lib/python3.7/site-packages/airflow/example_dags/example_xcom.py
[2023-04-01 15:04:44,365] {logging_mixin.py:115} INFO - [2023-04-01 15:04:44,365] {dag.py:2371} INFO - Sync 1 DAGs
[2023-04-01 15:04:44,395] {logging_mixin.py:115} INFO - [2023-04-01 15:04:44,394] {dag.py:2919} INFO - Setting next_dagrun for example_xcom to 2021-01-01T00:00:00+00:00, run_after=2021-01-01T00:00:00+00:00
[2023-04-01 15:04:44,419] {processor.py:161} INFO - Processing /home/airflow/.local/lib/python3.7/site-packages/airflow/example_dags/example_xcom.py took 0.331 seconds
[2023-04-01 15:05:14,508] {processor.py:153} INFO - Started process (PID=471) to work on /home/airflow/.local/lib/python3.7/site-packages/airflow/example_dags/example_xcom.py
[2023-04-01 15:05:14,510] {processor.py:641} INFO - Processing file /home/airflow/.local/lib/python3.7/site-packages/airflow/example_dags/example_xcom.py for tasks to queue
[2023-04-01 15:05:14,512] {logging_mixin.py:115} INFO - [2023-04-01 15:05:14,512] {dagbag.py:507} INFO - Filling up the DagBag from /home/airflow/.local/lib/python3.7/site-packages/airflow/example_dags/example_xcom.py
[2023-04-01 15:05:14,564] {processor.py:651} INFO - DAG(s) dict_keys(['example_xcom']) retrieved from /home/airflow/.local/lib/python3.7/site-packages/airflow/example_dags/example_xcom.py
[2023-04-01 15:05:14,837] {logging_mixin.py:115} INFO - [2023-04-01 15:05:14,837] {dag.py:2371} INFO - Sync 1 DAGs
[2023-04-01 15:05:14,868] {logging_mixin.py:115} INFO - [2023-04-01 15:05:14,868] {dag.py:2919} INFO - Setting next_dagrun for example_xcom to 2021-01-01T00:00:00+00:00, run_after=2021-01-01T00:00:00+00:00
[2023-04-01 15:05:14,886] {processor.py:161} INFO - Processing /home/airflow/.local/lib/python3.7/site-packages/airflow/example_dags/example_xcom.py took 0.385 seconds
[2023-04-01 15:05:45,692] {processor.py:153} INFO - Started process (PID=523) to work on /home/airflow/.local/lib/python3.7/site-packages/airflow/example_dags/example_xcom.py
[2023-04-01 15:05:45,694] {processor.py:641} INFO - Processing file /home/airflow/.local/lib/python3.7/site-packages/airflow/example_dags/example_xcom.py for tasks to queue
[2023-04-01 15:05:45,696] {logging_mixin.py:115} INFO - [2023-04-01 15:05:45,695] {dagbag.py:507} INFO - Filling up the DagBag from /home/airflow/.local/lib/python3.7/site-packages/airflow/example_dags/example_xcom.py
[2023-04-01 15:05:45,726] {processor.py:651} INFO - DAG(s) dict_keys(['example_xcom']) retrieved from /home/airflow/.local/lib/python3.7/site-packages/airflow/example_dags/example_xcom.py
[2023-04-01 15:05:46,093] {logging_mixin.py:115} INFO - [2023-04-01 15:05:46,093] {dag.py:2371} INFO - Sync 1 DAGs
[2023-04-01 15:05:46,124] {logging_mixin.py:115} INFO - [2023-04-01 15:05:46,124] {dag.py:2919} INFO - Setting next_dagrun for example_xcom to 2021-01-01T00:00:00+00:00, run_after=2021-01-01T00:00:00+00:00
[2023-04-01 15:05:46,146] {processor.py:161} INFO - Processing /home/airflow/.local/lib/python3.7/site-packages/airflow/example_dags/example_xcom.py took 0.461 seconds
[2023-04-01 15:06:17,028] {processor.py:153} INFO - Started process (PID=584) to work on /home/airflow/.local/lib/python3.7/site-packages/airflow/example_dags/example_xcom.py
[2023-04-01 15:06:17,029] {processor.py:641} INFO - Processing file /home/airflow/.local/lib/python3.7/site-packages/airflow/example_dags/example_xcom.py for tasks to queue
[2023-04-01 15:06:17,031] {logging_mixin.py:115} INFO - [2023-04-01 15:06:17,031] {dagbag.py:507} INFO - Filling up the DagBag from /home/airflow/.local/lib/python3.7/site-packages/airflow/example_dags/example_xcom.py
[2023-04-01 15:06:17,059] {processor.py:651} INFO - DAG(s) dict_keys(['example_xcom']) retrieved from /home/airflow/.local/lib/python3.7/site-packages/airflow/example_dags/example_xcom.py
[2023-04-01 15:06:17,293] {logging_mixin.py:115} INFO - [2023-04-01 15:06:17,292] {dag.py:2371} INFO - Sync 1 DAGs
[2023-04-01 15:06:17,319] {logging_mixin.py:115} INFO - [2023-04-01 15:06:17,318] {dag.py:2919} INFO - Setting next_dagrun for example_xcom to 2021-01-01T00:00:00+00:00, run_after=2021-01-01T00:00:00+00:00
[2023-04-01 15:06:17,336] {processor.py:161} INFO - Processing /home/airflow/.local/lib/python3.7/site-packages/airflow/example_dags/example_xcom.py took 0.314 seconds
[2023-04-01 15:06:48,080] {processor.py:153} INFO - Started process (PID=641) to work on /home/airflow/.local/lib/python3.7/site-packages/airflow/example_dags/example_xcom.py
[2023-04-01 15:06:48,082] {processor.py:641} INFO - Processing file /home/airflow/.local/lib/python3.7/site-packages/airflow/example_dags/example_xcom.py for tasks to queue
[2023-04-01 15:06:48,084] {logging_mixin.py:115} INFO - [2023-04-01 15:06:48,084] {dagbag.py:507} INFO - Filling up the DagBag from /home/airflow/.local/lib/python3.7/site-packages/airflow/example_dags/example_xcom.py
[2023-04-01 15:06:48,114] {processor.py:651} INFO - DAG(s) dict_keys(['example_xcom']) retrieved from /home/airflow/.local/lib/python3.7/site-packages/airflow/example_dags/example_xcom.py
[2023-04-01 15:06:48,157] {logging_mixin.py:115} INFO - [2023-04-01 15:06:48,157] {dag.py:2371} INFO - Sync 1 DAGs
[2023-04-01 15:06:48,322] {logging_mixin.py:115} INFO - [2023-04-01 15:06:48,322] {dag.py:2919} INFO - Setting next_dagrun for example_xcom to 2021-01-01T00:00:00+00:00, run_after=2021-01-01T00:00:00+00:00
[2023-04-01 15:06:48,337] {processor.py:161} INFO - Processing /home/airflow/.local/lib/python3.7/site-packages/airflow/example_dags/example_xcom.py took 0.264 seconds
[2023-04-01 15:07:19,015] {processor.py:153} INFO - Started process (PID=703) to work on /home/airflow/.local/lib/python3.7/site-packages/airflow/example_dags/example_xcom.py
[2023-04-01 15:07:19,016] {processor.py:641} INFO - Processing file /home/airflow/.local/lib/python3.7/site-packages/airflow/example_dags/example_xcom.py for tasks to queue
[2023-04-01 15:07:19,018] {logging_mixin.py:115} INFO - [2023-04-01 15:07:19,018] {dagbag.py:507} INFO - Filling up the DagBag from /home/airflow/.local/lib/python3.7/site-packages/airflow/example_dags/example_xcom.py
[2023-04-01 15:07:19,045] {processor.py:651} INFO - DAG(s) dict_keys(['example_xcom']) retrieved from /home/airflow/.local/lib/python3.7/site-packages/airflow/example_dags/example_xcom.py
[2023-04-01 15:07:19,085] {logging_mixin.py:115} INFO - [2023-04-01 15:07:19,085] {dag.py:2371} INFO - Sync 1 DAGs
[2023-04-01 15:07:19,247] {logging_mixin.py:115} INFO - [2023-04-01 15:07:19,247] {dag.py:2919} INFO - Setting next_dagrun for example_xcom to 2021-01-01T00:00:00+00:00, run_after=2021-01-01T00:00:00+00:00
[2023-04-01 15:07:19,262] {processor.py:161} INFO - Processing /home/airflow/.local/lib/python3.7/site-packages/airflow/example_dags/example_xcom.py took 0.252 seconds
[2023-04-01 15:07:49,413] {processor.py:153} INFO - Started process (PID=755) to work on /home/airflow/.local/lib/python3.7/site-packages/airflow/example_dags/example_xcom.py
[2023-04-01 15:07:49,415] {processor.py:641} INFO - Processing file /home/airflow/.local/lib/python3.7/site-packages/airflow/example_dags/example_xcom.py for tasks to queue
[2023-04-01 15:07:49,417] {logging_mixin.py:115} INFO - [2023-04-01 15:07:49,417] {dagbag.py:507} INFO - Filling up the DagBag from /home/airflow/.local/lib/python3.7/site-packages/airflow/example_dags/example_xcom.py
[2023-04-01 15:07:49,446] {processor.py:651} INFO - DAG(s) dict_keys(['example_xcom']) retrieved from /home/airflow/.local/lib/python3.7/site-packages/airflow/example_dags/example_xcom.py
[2023-04-01 15:07:49,733] {logging_mixin.py:115} INFO - [2023-04-01 15:07:49,732] {dag.py:2371} INFO - Sync 1 DAGs
[2023-04-01 15:07:49,774] {logging_mixin.py:115} INFO - [2023-04-01 15:07:49,774] {dag.py:2919} INFO - Setting next_dagrun for example_xcom to 2021-01-01T00:00:00+00:00, run_after=2021-01-01T00:00:00+00:00
[2023-04-01 15:07:49,804] {processor.py:161} INFO - Processing /home/airflow/.local/lib/python3.7/site-packages/airflow/example_dags/example_xcom.py took 0.397 seconds
[2023-04-01 15:08:20,290] {processor.py:153} INFO - Started process (PID=816) to work on /home/airflow/.local/lib/python3.7/site-packages/airflow/example_dags/example_xcom.py
[2023-04-01 15:08:20,293] {processor.py:641} INFO - Processing file /home/airflow/.local/lib/python3.7/site-packages/airflow/example_dags/example_xcom.py for tasks to queue
[2023-04-01 15:08:20,296] {logging_mixin.py:115} INFO - [2023-04-01 15:08:20,296] {dagbag.py:507} INFO - Filling up the DagBag from /home/airflow/.local/lib/python3.7/site-packages/airflow/example_dags/example_xcom.py
[2023-04-01 15:08:20,351] {processor.py:651} INFO - DAG(s) dict_keys(['example_xcom']) retrieved from /home/airflow/.local/lib/python3.7/site-packages/airflow/example_dags/example_xcom.py
[2023-04-01 15:08:20,816] {logging_mixin.py:115} INFO - [2023-04-01 15:08:20,816] {dag.py:2371} INFO - Sync 1 DAGs
[2023-04-01 15:08:20,883] {logging_mixin.py:115} INFO - [2023-04-01 15:08:20,882] {dag.py:2919} INFO - Setting next_dagrun for example_xcom to 2021-01-01T00:00:00+00:00, run_after=2021-01-01T00:00:00+00:00
[2023-04-01 15:08:20,927] {processor.py:161} INFO - Processing /home/airflow/.local/lib/python3.7/site-packages/airflow/example_dags/example_xcom.py took 0.669 seconds
[2023-04-01 15:10:24,112] {processor.py:153} INFO - Started process (PID=51) to work on /home/airflow/.local/lib/python3.7/site-packages/airflow/example_dags/example_xcom.py
[2023-04-01 15:10:24,115] {processor.py:641} INFO - Processing file /home/airflow/.local/lib/python3.7/site-packages/airflow/example_dags/example_xcom.py for tasks to queue
[2023-04-01 15:10:24,117] {logging_mixin.py:115} INFO - [2023-04-01 15:10:24,117] {dagbag.py:507} INFO - Filling up the DagBag from /home/airflow/.local/lib/python3.7/site-packages/airflow/example_dags/example_xcom.py
[2023-04-01 15:10:24,153] {processor.py:651} INFO - DAG(s) dict_keys(['example_xcom']) retrieved from /home/airflow/.local/lib/python3.7/site-packages/airflow/example_dags/example_xcom.py
[2023-04-01 15:10:24,267] {logging_mixin.py:115} INFO - [2023-04-01 15:10:24,267] {dag.py:2371} INFO - Sync 1 DAGs
[2023-04-01 15:10:24,481] {logging_mixin.py:115} INFO - [2023-04-01 15:10:24,481] {dag.py:2919} INFO - Setting next_dagrun for example_xcom to 2021-01-01T00:00:00+00:00, run_after=2021-01-01T00:00:00+00:00
[2023-04-01 15:10:24,518] {processor.py:161} INFO - Processing /home/airflow/.local/lib/python3.7/site-packages/airflow/example_dags/example_xcom.py took 0.411 seconds
[2023-04-01 15:10:55,207] {processor.py:153} INFO - Started process (PID=103) to work on /home/airflow/.local/lib/python3.7/site-packages/airflow/example_dags/example_xcom.py
[2023-04-01 15:10:55,209] {processor.py:641} INFO - Processing file /home/airflow/.local/lib/python3.7/site-packages/airflow/example_dags/example_xcom.py for tasks to queue
[2023-04-01 15:10:55,210] {logging_mixin.py:115} INFO - [2023-04-01 15:10:55,210] {dagbag.py:507} INFO - Filling up the DagBag from /home/airflow/.local/lib/python3.7/site-packages/airflow/example_dags/example_xcom.py
[2023-04-01 15:10:55,240] {processor.py:651} INFO - DAG(s) dict_keys(['example_xcom']) retrieved from /home/airflow/.local/lib/python3.7/site-packages/airflow/example_dags/example_xcom.py
[2023-04-01 15:10:55,338] {logging_mixin.py:115} INFO - [2023-04-01 15:10:55,337] {dag.py:2371} INFO - Sync 1 DAGs
[2023-04-01 15:10:55,566] {logging_mixin.py:115} INFO - [2023-04-01 15:10:55,566] {dag.py:2919} INFO - Setting next_dagrun for example_xcom to 2021-01-01T00:00:00+00:00, run_after=2021-01-01T00:00:00+00:00
[2023-04-01 15:10:55,587] {processor.py:161} INFO - Processing /home/airflow/.local/lib/python3.7/site-packages/airflow/example_dags/example_xcom.py took 0.386 seconds
[2023-04-01 15:11:25,774] {processor.py:153} INFO - Started process (PID=166) to work on /home/airflow/.local/lib/python3.7/site-packages/airflow/example_dags/example_xcom.py
[2023-04-01 15:11:25,776] {processor.py:641} INFO - Processing file /home/airflow/.local/lib/python3.7/site-packages/airflow/example_dags/example_xcom.py for tasks to queue
[2023-04-01 15:11:25,777] {logging_mixin.py:115} INFO - [2023-04-01 15:11:25,777] {dagbag.py:507} INFO - Filling up the DagBag from /home/airflow/.local/lib/python3.7/site-packages/airflow/example_dags/example_xcom.py
[2023-04-01 15:11:25,806] {processor.py:651} INFO - DAG(s) dict_keys(['example_xcom']) retrieved from /home/airflow/.local/lib/python3.7/site-packages/airflow/example_dags/example_xcom.py
[2023-04-01 15:11:25,844] {logging_mixin.py:115} INFO - [2023-04-01 15:11:25,844] {dag.py:2371} INFO - Sync 1 DAGs
[2023-04-01 15:11:25,878] {logging_mixin.py:115} INFO - [2023-04-01 15:11:25,877] {dag.py:2919} INFO - Setting next_dagrun for example_xcom to 2021-01-01T00:00:00+00:00, run_after=2021-01-01T00:00:00+00:00
[2023-04-01 15:11:25,896] {processor.py:161} INFO - Processing /home/airflow/.local/lib/python3.7/site-packages/airflow/example_dags/example_xcom.py took 0.127 seconds
[2023-04-01 15:11:56,027] {processor.py:153} INFO - Started process (PID=220) to work on /home/airflow/.local/lib/python3.7/site-packages/airflow/example_dags/example_xcom.py
[2023-04-01 15:11:56,028] {processor.py:641} INFO - Processing file /home/airflow/.local/lib/python3.7/site-packages/airflow/example_dags/example_xcom.py for tasks to queue
[2023-04-01 15:11:56,030] {logging_mixin.py:115} INFO - [2023-04-01 15:11:56,029] {dagbag.py:507} INFO - Filling up the DagBag from /home/airflow/.local/lib/python3.7/site-packages/airflow/example_dags/example_xcom.py
[2023-04-01 15:11:56,056] {processor.py:651} INFO - DAG(s) dict_keys(['example_xcom']) retrieved from /home/airflow/.local/lib/python3.7/site-packages/airflow/example_dags/example_xcom.py
[2023-04-01 15:11:56,156] {logging_mixin.py:115} INFO - [2023-04-01 15:11:56,155] {dag.py:2371} INFO - Sync 1 DAGs
[2023-04-01 15:11:56,322] {logging_mixin.py:115} INFO - [2023-04-01 15:11:56,322] {dag.py:2919} INFO - Setting next_dagrun for example_xcom to 2021-01-01T00:00:00+00:00, run_after=2021-01-01T00:00:00+00:00
[2023-04-01 15:11:56,341] {processor.py:161} INFO - Processing /home/airflow/.local/lib/python3.7/site-packages/airflow/example_dags/example_xcom.py took 0.319 seconds
[2023-04-01 15:12:26,560] {processor.py:153} INFO - Started process (PID=283) to work on /home/airflow/.local/lib/python3.7/site-packages/airflow/example_dags/example_xcom.py
[2023-04-01 15:12:26,561] {processor.py:641} INFO - Processing file /home/airflow/.local/lib/python3.7/site-packages/airflow/example_dags/example_xcom.py for tasks to queue
[2023-04-01 15:12:26,563] {logging_mixin.py:115} INFO - [2023-04-01 15:12:26,563] {dagbag.py:507} INFO - Filling up the DagBag from /home/airflow/.local/lib/python3.7/site-packages/airflow/example_dags/example_xcom.py
[2023-04-01 15:12:26,605] {processor.py:651} INFO - DAG(s) dict_keys(['example_xcom']) retrieved from /home/airflow/.local/lib/python3.7/site-packages/airflow/example_dags/example_xcom.py
[2023-04-01 15:12:26,706] {logging_mixin.py:115} INFO - [2023-04-01 15:12:26,706] {dag.py:2371} INFO - Sync 1 DAGs
[2023-04-01 15:12:26,883] {logging_mixin.py:115} INFO - [2023-04-01 15:12:26,883] {dag.py:2919} INFO - Setting next_dagrun for example_xcom to 2021-01-01T00:00:00+00:00, run_after=2021-01-01T00:00:00+00:00
[2023-04-01 15:12:26,905] {processor.py:161} INFO - Processing /home/airflow/.local/lib/python3.7/site-packages/airflow/example_dags/example_xcom.py took 0.351 seconds
[2023-04-01 15:12:57,747] {processor.py:153} INFO - Started process (PID=337) to work on /home/airflow/.local/lib/python3.7/site-packages/airflow/example_dags/example_xcom.py
[2023-04-01 15:12:57,749] {processor.py:641} INFO - Processing file /home/airflow/.local/lib/python3.7/site-packages/airflow/example_dags/example_xcom.py for tasks to queue
[2023-04-01 15:12:57,753] {logging_mixin.py:115} INFO - [2023-04-01 15:12:57,753] {dagbag.py:507} INFO - Filling up the DagBag from /home/airflow/.local/lib/python3.7/site-packages/airflow/example_dags/example_xcom.py
[2023-04-01 15:12:57,783] {processor.py:651} INFO - DAG(s) dict_keys(['example_xcom']) retrieved from /home/airflow/.local/lib/python3.7/site-packages/airflow/example_dags/example_xcom.py
[2023-04-01 15:12:57,902] {logging_mixin.py:115} INFO - [2023-04-01 15:12:57,902] {dag.py:2371} INFO - Sync 1 DAGs
[2023-04-01 15:12:58,084] {logging_mixin.py:115} INFO - [2023-04-01 15:12:58,084] {dag.py:2919} INFO - Setting next_dagrun for example_xcom to 2021-01-01T00:00:00+00:00, run_after=2021-01-01T00:00:00+00:00
[2023-04-01 15:12:58,102] {processor.py:161} INFO - Processing /home/airflow/.local/lib/python3.7/site-packages/airflow/example_dags/example_xcom.py took 0.361 seconds
[2023-04-01 15:13:28,165] {processor.py:153} INFO - Started process (PID=399) to work on /home/airflow/.local/lib/python3.7/site-packages/airflow/example_dags/example_xcom.py
[2023-04-01 15:13:28,168] {processor.py:641} INFO - Processing file /home/airflow/.local/lib/python3.7/site-packages/airflow/example_dags/example_xcom.py for tasks to queue
[2023-04-01 15:13:28,170] {logging_mixin.py:115} INFO - [2023-04-01 15:13:28,170] {dagbag.py:507} INFO - Filling up the DagBag from /home/airflow/.local/lib/python3.7/site-packages/airflow/example_dags/example_xcom.py
[2023-04-01 15:13:28,206] {processor.py:651} INFO - DAG(s) dict_keys(['example_xcom']) retrieved from /home/airflow/.local/lib/python3.7/site-packages/airflow/example_dags/example_xcom.py
[2023-04-01 15:13:28,324] {logging_mixin.py:115} INFO - [2023-04-01 15:13:28,324] {dag.py:2371} INFO - Sync 1 DAGs
[2023-04-01 15:13:28,538] {logging_mixin.py:115} INFO - [2023-04-01 15:13:28,538] {dag.py:2919} INFO - Setting next_dagrun for example_xcom to 2021-01-01T00:00:00+00:00, run_after=2021-01-01T00:00:00+00:00
[2023-04-01 15:13:28,558] {processor.py:161} INFO - Processing /home/airflow/.local/lib/python3.7/site-packages/airflow/example_dags/example_xcom.py took 0.398 seconds
[2023-04-01 15:13:59,338] {processor.py:153} INFO - Started process (PID=454) to work on /home/airflow/.local/lib/python3.7/site-packages/airflow/example_dags/example_xcom.py
[2023-04-01 15:13:59,340] {processor.py:641} INFO - Processing file /home/airflow/.local/lib/python3.7/site-packages/airflow/example_dags/example_xcom.py for tasks to queue
[2023-04-01 15:13:59,341] {logging_mixin.py:115} INFO - [2023-04-01 15:13:59,341] {dagbag.py:507} INFO - Filling up the DagBag from /home/airflow/.local/lib/python3.7/site-packages/airflow/example_dags/example_xcom.py
[2023-04-01 15:13:59,369] {processor.py:651} INFO - DAG(s) dict_keys(['example_xcom']) retrieved from /home/airflow/.local/lib/python3.7/site-packages/airflow/example_dags/example_xcom.py
[2023-04-01 15:13:59,477] {logging_mixin.py:115} INFO - [2023-04-01 15:13:59,477] {dag.py:2371} INFO - Sync 1 DAGs
[2023-04-01 15:13:59,676] {logging_mixin.py:115} INFO - [2023-04-01 15:13:59,676] {dag.py:2919} INFO - Setting next_dagrun for example_xcom to 2021-01-01T00:00:00+00:00, run_after=2021-01-01T00:00:00+00:00
[2023-04-01 15:13:59,695] {processor.py:161} INFO - Processing /home/airflow/.local/lib/python3.7/site-packages/airflow/example_dags/example_xcom.py took 0.363 seconds
[2023-04-01 15:14:29,883] {processor.py:153} INFO - Started process (PID=517) to work on /home/airflow/.local/lib/python3.7/site-packages/airflow/example_dags/example_xcom.py
[2023-04-01 15:14:29,884] {processor.py:641} INFO - Processing file /home/airflow/.local/lib/python3.7/site-packages/airflow/example_dags/example_xcom.py for tasks to queue
[2023-04-01 15:14:29,886] {logging_mixin.py:115} INFO - [2023-04-01 15:14:29,886] {dagbag.py:507} INFO - Filling up the DagBag from /home/airflow/.local/lib/python3.7/site-packages/airflow/example_dags/example_xcom.py
[2023-04-01 15:14:29,917] {processor.py:651} INFO - DAG(s) dict_keys(['example_xcom']) retrieved from /home/airflow/.local/lib/python3.7/site-packages/airflow/example_dags/example_xcom.py
[2023-04-01 15:14:30,027] {logging_mixin.py:115} INFO - [2023-04-01 15:14:30,027] {dag.py:2371} INFO - Sync 1 DAGs
[2023-04-01 15:14:30,239] {logging_mixin.py:115} INFO - [2023-04-01 15:14:30,239] {dag.py:2919} INFO - Setting next_dagrun for example_xcom to 2021-01-01T00:00:00+00:00, run_after=2021-01-01T00:00:00+00:00
[2023-04-01 15:14:30,265] {processor.py:161} INFO - Processing /home/airflow/.local/lib/python3.7/site-packages/airflow/example_dags/example_xcom.py took 0.388 seconds
[2023-04-01 15:15:00,439] {processor.py:153} INFO - Started process (PID=571) to work on /home/airflow/.local/lib/python3.7/site-packages/airflow/example_dags/example_xcom.py
[2023-04-01 15:15:00,441] {processor.py:641} INFO - Processing file /home/airflow/.local/lib/python3.7/site-packages/airflow/example_dags/example_xcom.py for tasks to queue
[2023-04-01 15:15:00,442] {logging_mixin.py:115} INFO - [2023-04-01 15:15:00,442] {dagbag.py:507} INFO - Filling up the DagBag from /home/airflow/.local/lib/python3.7/site-packages/airflow/example_dags/example_xcom.py
[2023-04-01 15:15:00,471] {processor.py:651} INFO - DAG(s) dict_keys(['example_xcom']) retrieved from /home/airflow/.local/lib/python3.7/site-packages/airflow/example_dags/example_xcom.py
[2023-04-01 15:15:00,576] {logging_mixin.py:115} INFO - [2023-04-01 15:15:00,576] {dag.py:2371} INFO - Sync 1 DAGs
[2023-04-01 15:15:00,781] {logging_mixin.py:115} INFO - [2023-04-01 15:15:00,781] {dag.py:2919} INFO - Setting next_dagrun for example_xcom to 2021-01-01T00:00:00+00:00, run_after=2021-01-01T00:00:00+00:00
[2023-04-01 15:15:00,807] {processor.py:161} INFO - Processing /home/airflow/.local/lib/python3.7/site-packages/airflow/example_dags/example_xcom.py took 0.373 seconds
[2023-04-01 15:15:31,676] {processor.py:153} INFO - Started process (PID=635) to work on /home/airflow/.local/lib/python3.7/site-packages/airflow/example_dags/example_xcom.py
[2023-04-01 15:15:31,677] {processor.py:641} INFO - Processing file /home/airflow/.local/lib/python3.7/site-packages/airflow/example_dags/example_xcom.py for tasks to queue
[2023-04-01 15:15:31,679] {logging_mixin.py:115} INFO - [2023-04-01 15:15:31,679] {dagbag.py:507} INFO - Filling up the DagBag from /home/airflow/.local/lib/python3.7/site-packages/airflow/example_dags/example_xcom.py
[2023-04-01 15:15:31,706] {processor.py:651} INFO - DAG(s) dict_keys(['example_xcom']) retrieved from /home/airflow/.local/lib/python3.7/site-packages/airflow/example_dags/example_xcom.py
[2023-04-01 15:15:31,801] {logging_mixin.py:115} INFO - [2023-04-01 15:15:31,801] {dag.py:2371} INFO - Sync 1 DAGs
[2023-04-01 15:15:31,965] {logging_mixin.py:115} INFO - [2023-04-01 15:15:31,965] {dag.py:2919} INFO - Setting next_dagrun for example_xcom to 2021-01-01T00:00:00+00:00, run_after=2021-01-01T00:00:00+00:00
[2023-04-01 15:15:31,986] {processor.py:161} INFO - Processing /home/airflow/.local/lib/python3.7/site-packages/airflow/example_dags/example_xcom.py took 0.316 seconds
[2023-04-01 15:16:02,464] {processor.py:153} INFO - Started process (PID=689) to work on /home/airflow/.local/lib/python3.7/site-packages/airflow/example_dags/example_xcom.py
[2023-04-01 15:16:02,466] {processor.py:641} INFO - Processing file /home/airflow/.local/lib/python3.7/site-packages/airflow/example_dags/example_xcom.py for tasks to queue
[2023-04-01 15:16:02,467] {logging_mixin.py:115} INFO - [2023-04-01 15:16:02,467] {dagbag.py:507} INFO - Filling up the DagBag from /home/airflow/.local/lib/python3.7/site-packages/airflow/example_dags/example_xcom.py
[2023-04-01 15:16:02,495] {processor.py:651} INFO - DAG(s) dict_keys(['example_xcom']) retrieved from /home/airflow/.local/lib/python3.7/site-packages/airflow/example_dags/example_xcom.py
[2023-04-01 15:16:02,607] {logging_mixin.py:115} INFO - [2023-04-01 15:16:02,606] {dag.py:2371} INFO - Sync 1 DAGs
[2023-04-01 15:16:02,860] {logging_mixin.py:115} INFO - [2023-04-01 15:16:02,860] {dag.py:2919} INFO - Setting next_dagrun for example_xcom to 2021-01-01T00:00:00+00:00, run_after=2021-01-01T00:00:00+00:00
[2023-04-01 15:16:02,885] {processor.py:161} INFO - Processing /home/airflow/.local/lib/python3.7/site-packages/airflow/example_dags/example_xcom.py took 0.426 seconds
[2023-04-01 15:16:33,374] {processor.py:153} INFO - Started process (PID=752) to work on /home/airflow/.local/lib/python3.7/site-packages/airflow/example_dags/example_xcom.py
[2023-04-01 15:16:33,376] {processor.py:641} INFO - Processing file /home/airflow/.local/lib/python3.7/site-packages/airflow/example_dags/example_xcom.py for tasks to queue
[2023-04-01 15:16:33,378] {logging_mixin.py:115} INFO - [2023-04-01 15:16:33,377] {dagbag.py:507} INFO - Filling up the DagBag from /home/airflow/.local/lib/python3.7/site-packages/airflow/example_dags/example_xcom.py
[2023-04-01 15:16:33,407] {processor.py:651} INFO - DAG(s) dict_keys(['example_xcom']) retrieved from /home/airflow/.local/lib/python3.7/site-packages/airflow/example_dags/example_xcom.py
[2023-04-01 15:16:33,509] {logging_mixin.py:115} INFO - [2023-04-01 15:16:33,509] {dag.py:2371} INFO - Sync 1 DAGs
[2023-04-01 15:16:33,688] {logging_mixin.py:115} INFO - [2023-04-01 15:16:33,687] {dag.py:2919} INFO - Setting next_dagrun for example_xcom to 2021-01-01T00:00:00+00:00, run_after=2021-01-01T00:00:00+00:00
[2023-04-01 15:16:33,710] {processor.py:161} INFO - Processing /home/airflow/.local/lib/python3.7/site-packages/airflow/example_dags/example_xcom.py took 0.342 seconds
[2023-04-01 15:17:04,374] {processor.py:153} INFO - Started process (PID=815) to work on /home/airflow/.local/lib/python3.7/site-packages/airflow/example_dags/example_xcom.py
[2023-04-01 15:17:04,376] {processor.py:641} INFO - Processing file /home/airflow/.local/lib/python3.7/site-packages/airflow/example_dags/example_xcom.py for tasks to queue
[2023-04-01 15:17:04,379] {logging_mixin.py:115} INFO - [2023-04-01 15:17:04,379] {dagbag.py:507} INFO - Filling up the DagBag from /home/airflow/.local/lib/python3.7/site-packages/airflow/example_dags/example_xcom.py
[2023-04-01 15:17:04,420] {processor.py:651} INFO - DAG(s) dict_keys(['example_xcom']) retrieved from /home/airflow/.local/lib/python3.7/site-packages/airflow/example_dags/example_xcom.py
[2023-04-01 15:17:04,464] {logging_mixin.py:115} INFO - [2023-04-01 15:17:04,464] {dag.py:2371} INFO - Sync 1 DAGs
[2023-04-01 15:17:04,505] {logging_mixin.py:115} INFO - [2023-04-01 15:17:04,505] {dag.py:2919} INFO - Setting next_dagrun for example_xcom to 2021-01-01T00:00:00+00:00, run_after=2021-01-01T00:00:00+00:00
[2023-04-01 15:17:04,526] {processor.py:161} INFO - Processing /home/airflow/.local/lib/python3.7/site-packages/airflow/example_dags/example_xcom.py took 0.159 seconds
[2023-04-01 15:17:34,858] {processor.py:153} INFO - Started process (PID=871) to work on /home/airflow/.local/lib/python3.7/site-packages/airflow/example_dags/example_xcom.py
[2023-04-01 15:17:34,860] {processor.py:641} INFO - Processing file /home/airflow/.local/lib/python3.7/site-packages/airflow/example_dags/example_xcom.py for tasks to queue
[2023-04-01 15:17:34,861] {logging_mixin.py:115} INFO - [2023-04-01 15:17:34,861] {dagbag.py:507} INFO - Filling up the DagBag from /home/airflow/.local/lib/python3.7/site-packages/airflow/example_dags/example_xcom.py
[2023-04-01 15:17:34,889] {processor.py:651} INFO - DAG(s) dict_keys(['example_xcom']) retrieved from /home/airflow/.local/lib/python3.7/site-packages/airflow/example_dags/example_xcom.py
[2023-04-01 15:17:34,987] {logging_mixin.py:115} INFO - [2023-04-01 15:17:34,987] {dag.py:2371} INFO - Sync 1 DAGs
[2023-04-01 15:17:35,154] {logging_mixin.py:115} INFO - [2023-04-01 15:17:35,153] {dag.py:2919} INFO - Setting next_dagrun for example_xcom to 2021-01-01T00:00:00+00:00, run_after=2021-01-01T00:00:00+00:00
[2023-04-01 15:17:35,171] {processor.py:161} INFO - Processing /home/airflow/.local/lib/python3.7/site-packages/airflow/example_dags/example_xcom.py took 0.318 seconds
[2023-04-01 15:18:05,373] {processor.py:153} INFO - Started process (PID=935) to work on /home/airflow/.local/lib/python3.7/site-packages/airflow/example_dags/example_xcom.py
[2023-04-01 15:18:05,374] {processor.py:641} INFO - Processing file /home/airflow/.local/lib/python3.7/site-packages/airflow/example_dags/example_xcom.py for tasks to queue
[2023-04-01 15:18:05,377] {logging_mixin.py:115} INFO - [2023-04-01 15:18:05,377] {dagbag.py:507} INFO - Filling up the DagBag from /home/airflow/.local/lib/python3.7/site-packages/airflow/example_dags/example_xcom.py
[2023-04-01 15:18:05,414] {processor.py:651} INFO - DAG(s) dict_keys(['example_xcom']) retrieved from /home/airflow/.local/lib/python3.7/site-packages/airflow/example_dags/example_xcom.py
[2023-04-01 15:18:05,538] {logging_mixin.py:115} INFO - [2023-04-01 15:18:05,538] {dag.py:2371} INFO - Sync 1 DAGs
[2023-04-01 15:18:05,791] {logging_mixin.py:115} INFO - [2023-04-01 15:18:05,791] {dag.py:2919} INFO - Setting next_dagrun for example_xcom to 2021-01-01T00:00:00+00:00, run_after=2021-01-01T00:00:00+00:00
[2023-04-01 15:18:05,815] {processor.py:161} INFO - Processing /home/airflow/.local/lib/python3.7/site-packages/airflow/example_dags/example_xcom.py took 0.449 seconds
[2023-04-01 15:18:36,472] {processor.py:153} INFO - Started process (PID=989) to work on /home/airflow/.local/lib/python3.7/site-packages/airflow/example_dags/example_xcom.py
[2023-04-01 15:18:36,474] {processor.py:641} INFO - Processing file /home/airflow/.local/lib/python3.7/site-packages/airflow/example_dags/example_xcom.py for tasks to queue
[2023-04-01 15:18:36,476] {logging_mixin.py:115} INFO - [2023-04-01 15:18:36,476] {dagbag.py:507} INFO - Filling up the DagBag from /home/airflow/.local/lib/python3.7/site-packages/airflow/example_dags/example_xcom.py
[2023-04-01 15:18:36,528] {processor.py:651} INFO - DAG(s) dict_keys(['example_xcom']) retrieved from /home/airflow/.local/lib/python3.7/site-packages/airflow/example_dags/example_xcom.py
[2023-04-01 15:18:36,594] {logging_mixin.py:115} INFO - [2023-04-01 15:18:36,593] {dag.py:2371} INFO - Sync 1 DAGs
[2023-04-01 15:18:36,650] {logging_mixin.py:115} INFO - [2023-04-01 15:18:36,650] {dag.py:2919} INFO - Setting next_dagrun for example_xcom to 2021-01-01T00:00:00+00:00, run_after=2021-01-01T00:00:00+00:00
[2023-04-01 15:18:36,690] {processor.py:161} INFO - Processing /home/airflow/.local/lib/python3.7/site-packages/airflow/example_dags/example_xcom.py took 0.228 seconds
[2023-04-01 15:19:07,393] {processor.py:153} INFO - Started process (PID=1043) to work on /home/airflow/.local/lib/python3.7/site-packages/airflow/example_dags/example_xcom.py
[2023-04-01 15:19:07,395] {processor.py:641} INFO - Processing file /home/airflow/.local/lib/python3.7/site-packages/airflow/example_dags/example_xcom.py for tasks to queue
[2023-04-01 15:19:07,396] {logging_mixin.py:115} INFO - [2023-04-01 15:19:07,396] {dagbag.py:507} INFO - Filling up the DagBag from /home/airflow/.local/lib/python3.7/site-packages/airflow/example_dags/example_xcom.py
[2023-04-01 15:19:07,428] {processor.py:651} INFO - DAG(s) dict_keys(['example_xcom']) retrieved from /home/airflow/.local/lib/python3.7/site-packages/airflow/example_dags/example_xcom.py
[2023-04-01 15:19:07,537] {logging_mixin.py:115} INFO - [2023-04-01 15:19:07,536] {dag.py:2371} INFO - Sync 1 DAGs
[2023-04-01 15:19:07,712] {logging_mixin.py:115} INFO - [2023-04-01 15:19:07,711] {dag.py:2919} INFO - Setting next_dagrun for example_xcom to 2021-01-01T00:00:00+00:00, run_after=2021-01-01T00:00:00+00:00
[2023-04-01 15:19:07,734] {processor.py:161} INFO - Processing /home/airflow/.local/lib/python3.7/site-packages/airflow/example_dags/example_xcom.py took 0.346 seconds
[2023-04-01 15:19:37,947] {processor.py:153} INFO - Started process (PID=1108) to work on /home/airflow/.local/lib/python3.7/site-packages/airflow/example_dags/example_xcom.py
[2023-04-01 15:19:37,949] {processor.py:641} INFO - Processing file /home/airflow/.local/lib/python3.7/site-packages/airflow/example_dags/example_xcom.py for tasks to queue
[2023-04-01 15:19:37,951] {logging_mixin.py:115} INFO - [2023-04-01 15:19:37,951] {dagbag.py:507} INFO - Filling up the DagBag from /home/airflow/.local/lib/python3.7/site-packages/airflow/example_dags/example_xcom.py
[2023-04-01 15:19:37,991] {processor.py:651} INFO - DAG(s) dict_keys(['example_xcom']) retrieved from /home/airflow/.local/lib/python3.7/site-packages/airflow/example_dags/example_xcom.py
[2023-04-01 15:19:38,116] {logging_mixin.py:115} INFO - [2023-04-01 15:19:38,116] {dag.py:2371} INFO - Sync 1 DAGs
[2023-04-01 15:19:38,306] {logging_mixin.py:115} INFO - [2023-04-01 15:19:38,306] {dag.py:2919} INFO - Setting next_dagrun for example_xcom to 2021-01-01T00:00:00+00:00, run_after=2021-01-01T00:00:00+00:00
[2023-04-01 15:19:38,326] {processor.py:161} INFO - Processing /home/airflow/.local/lib/python3.7/site-packages/airflow/example_dags/example_xcom.py took 0.386 seconds
[2023-04-01 15:20:09,212] {processor.py:153} INFO - Started process (PID=1162) to work on /home/airflow/.local/lib/python3.7/site-packages/airflow/example_dags/example_xcom.py
[2023-04-01 15:20:09,215] {processor.py:641} INFO - Processing file /home/airflow/.local/lib/python3.7/site-packages/airflow/example_dags/example_xcom.py for tasks to queue
[2023-04-01 15:20:09,217] {logging_mixin.py:115} INFO - [2023-04-01 15:20:09,216] {dagbag.py:507} INFO - Filling up the DagBag from /home/airflow/.local/lib/python3.7/site-packages/airflow/example_dags/example_xcom.py
[2023-04-01 15:20:09,247] {processor.py:651} INFO - DAG(s) dict_keys(['example_xcom']) retrieved from /home/airflow/.local/lib/python3.7/site-packages/airflow/example_dags/example_xcom.py
[2023-04-01 15:20:09,287] {logging_mixin.py:115} INFO - [2023-04-01 15:20:09,287] {dag.py:2371} INFO - Sync 1 DAGs
[2023-04-01 15:20:09,328] {logging_mixin.py:115} INFO - [2023-04-01 15:20:09,328] {dag.py:2919} INFO - Setting next_dagrun for example_xcom to 2021-01-01T00:00:00+00:00, run_after=2021-01-01T00:00:00+00:00
[2023-04-01 15:20:09,351] {processor.py:161} INFO - Processing /home/airflow/.local/lib/python3.7/site-packages/airflow/example_dags/example_xcom.py took 0.146 seconds
[2023-04-01 15:20:39,900] {processor.py:153} INFO - Started process (PID=1227) to work on /home/airflow/.local/lib/python3.7/site-packages/airflow/example_dags/example_xcom.py
[2023-04-01 15:20:39,904] {processor.py:641} INFO - Processing file /home/airflow/.local/lib/python3.7/site-packages/airflow/example_dags/example_xcom.py for tasks to queue
[2023-04-01 15:20:39,909] {logging_mixin.py:115} INFO - [2023-04-01 15:20:39,908] {dagbag.py:507} INFO - Filling up the DagBag from /home/airflow/.local/lib/python3.7/site-packages/airflow/example_dags/example_xcom.py
[2023-04-01 15:20:39,959] {processor.py:651} INFO - DAG(s) dict_keys(['example_xcom']) retrieved from /home/airflow/.local/lib/python3.7/site-packages/airflow/example_dags/example_xcom.py
[2023-04-01 15:20:40,105] {logging_mixin.py:115} INFO - [2023-04-01 15:20:40,105] {dag.py:2371} INFO - Sync 1 DAGs
[2023-04-01 15:20:40,318] {logging_mixin.py:115} INFO - [2023-04-01 15:20:40,318] {dag.py:2919} INFO - Setting next_dagrun for example_xcom to 2021-01-01T00:00:00+00:00, run_after=2021-01-01T00:00:00+00:00
[2023-04-01 15:20:40,342] {processor.py:161} INFO - Processing /home/airflow/.local/lib/python3.7/site-packages/airflow/example_dags/example_xcom.py took 0.455 seconds
[2023-04-01 15:21:11,161] {processor.py:153} INFO - Started process (PID=1281) to work on /home/airflow/.local/lib/python3.7/site-packages/airflow/example_dags/example_xcom.py
[2023-04-01 15:21:11,162] {processor.py:641} INFO - Processing file /home/airflow/.local/lib/python3.7/site-packages/airflow/example_dags/example_xcom.py for tasks to queue
[2023-04-01 15:21:11,164] {logging_mixin.py:115} INFO - [2023-04-01 15:21:11,164] {dagbag.py:507} INFO - Filling up the DagBag from /home/airflow/.local/lib/python3.7/site-packages/airflow/example_dags/example_xcom.py
[2023-04-01 15:21:11,195] {processor.py:651} INFO - DAG(s) dict_keys(['example_xcom']) retrieved from /home/airflow/.local/lib/python3.7/site-packages/airflow/example_dags/example_xcom.py
[2023-04-01 15:21:11,301] {logging_mixin.py:115} INFO - [2023-04-01 15:21:11,301] {dag.py:2371} INFO - Sync 1 DAGs
[2023-04-01 15:21:11,486] {logging_mixin.py:115} INFO - [2023-04-01 15:21:11,486] {dag.py:2919} INFO - Setting next_dagrun for example_xcom to 2021-01-01T00:00:00+00:00, run_after=2021-01-01T00:00:00+00:00
[2023-04-01 15:21:11,507] {processor.py:161} INFO - Processing /home/airflow/.local/lib/python3.7/site-packages/airflow/example_dags/example_xcom.py took 0.353 seconds
[2023-04-01 15:21:41,620] {processor.py:153} INFO - Started process (PID=1344) to work on /home/airflow/.local/lib/python3.7/site-packages/airflow/example_dags/example_xcom.py
[2023-04-01 15:21:41,621] {processor.py:641} INFO - Processing file /home/airflow/.local/lib/python3.7/site-packages/airflow/example_dags/example_xcom.py for tasks to queue
[2023-04-01 15:21:41,622] {logging_mixin.py:115} INFO - [2023-04-01 15:21:41,622] {dagbag.py:507} INFO - Filling up the DagBag from /home/airflow/.local/lib/python3.7/site-packages/airflow/example_dags/example_xcom.py
[2023-04-01 15:21:41,653] {processor.py:651} INFO - DAG(s) dict_keys(['example_xcom']) retrieved from /home/airflow/.local/lib/python3.7/site-packages/airflow/example_dags/example_xcom.py
[2023-04-01 15:21:41,693] {logging_mixin.py:115} INFO - [2023-04-01 15:21:41,693] {dag.py:2371} INFO - Sync 1 DAGs
[2023-04-01 15:21:41,728] {logging_mixin.py:115} INFO - [2023-04-01 15:21:41,728] {dag.py:2919} INFO - Setting next_dagrun for example_xcom to 2021-01-01T00:00:00+00:00, run_after=2021-01-01T00:00:00+00:00
[2023-04-01 15:21:41,745] {processor.py:161} INFO - Processing /home/airflow/.local/lib/python3.7/site-packages/airflow/example_dags/example_xcom.py took 0.132 seconds
[2023-04-01 15:22:11,882] {processor.py:153} INFO - Started process (PID=1407) to work on /home/airflow/.local/lib/python3.7/site-packages/airflow/example_dags/example_xcom.py
[2023-04-01 15:22:11,884] {processor.py:641} INFO - Processing file /home/airflow/.local/lib/python3.7/site-packages/airflow/example_dags/example_xcom.py for tasks to queue
[2023-04-01 15:22:11,885] {logging_mixin.py:115} INFO - [2023-04-01 15:22:11,885] {dagbag.py:507} INFO - Filling up the DagBag from /home/airflow/.local/lib/python3.7/site-packages/airflow/example_dags/example_xcom.py
[2023-04-01 15:22:11,913] {processor.py:651} INFO - DAG(s) dict_keys(['example_xcom']) retrieved from /home/airflow/.local/lib/python3.7/site-packages/airflow/example_dags/example_xcom.py
[2023-04-01 15:22:12,018] {logging_mixin.py:115} INFO - [2023-04-01 15:22:12,018] {dag.py:2371} INFO - Sync 1 DAGs
[2023-04-01 15:22:12,197] {logging_mixin.py:115} INFO - [2023-04-01 15:22:12,197] {dag.py:2919} INFO - Setting next_dagrun for example_xcom to 2021-01-01T00:00:00+00:00, run_after=2021-01-01T00:00:00+00:00
[2023-04-01 15:22:12,216] {processor.py:161} INFO - Processing /home/airflow/.local/lib/python3.7/site-packages/airflow/example_dags/example_xcom.py took 0.340 seconds
[2023-04-01 15:22:42,332] {processor.py:153} INFO - Started process (PID=1460) to work on /home/airflow/.local/lib/python3.7/site-packages/airflow/example_dags/example_xcom.py
[2023-04-01 15:22:42,334] {processor.py:641} INFO - Processing file /home/airflow/.local/lib/python3.7/site-packages/airflow/example_dags/example_xcom.py for tasks to queue
[2023-04-01 15:22:42,336] {logging_mixin.py:115} INFO - [2023-04-01 15:22:42,335] {dagbag.py:507} INFO - Filling up the DagBag from /home/airflow/.local/lib/python3.7/site-packages/airflow/example_dags/example_xcom.py
[2023-04-01 15:22:42,365] {processor.py:651} INFO - DAG(s) dict_keys(['example_xcom']) retrieved from /home/airflow/.local/lib/python3.7/site-packages/airflow/example_dags/example_xcom.py
[2023-04-01 15:22:42,409] {logging_mixin.py:115} INFO - [2023-04-01 15:22:42,409] {dag.py:2371} INFO - Sync 1 DAGs
[2023-04-01 15:22:42,451] {logging_mixin.py:115} INFO - [2023-04-01 15:22:42,451] {dag.py:2919} INFO - Setting next_dagrun for example_xcom to 2021-01-01T00:00:00+00:00, run_after=2021-01-01T00:00:00+00:00
[2023-04-01 15:22:42,467] {processor.py:161} INFO - Processing /home/airflow/.local/lib/python3.7/site-packages/airflow/example_dags/example_xcom.py took 0.140 seconds
[2023-04-01 15:23:12,778] {processor.py:153} INFO - Started process (PID=1523) to work on /home/airflow/.local/lib/python3.7/site-packages/airflow/example_dags/example_xcom.py
[2023-04-01 15:23:12,781] {processor.py:641} INFO - Processing file /home/airflow/.local/lib/python3.7/site-packages/airflow/example_dags/example_xcom.py for tasks to queue
[2023-04-01 15:23:12,782] {logging_mixin.py:115} INFO - [2023-04-01 15:23:12,782] {dagbag.py:507} INFO - Filling up the DagBag from /home/airflow/.local/lib/python3.7/site-packages/airflow/example_dags/example_xcom.py
[2023-04-01 15:23:12,808] {processor.py:651} INFO - DAG(s) dict_keys(['example_xcom']) retrieved from /home/airflow/.local/lib/python3.7/site-packages/airflow/example_dags/example_xcom.py
[2023-04-01 15:23:12,846] {logging_mixin.py:115} INFO - [2023-04-01 15:23:12,846] {dag.py:2371} INFO - Sync 1 DAGs
[2023-04-01 15:23:12,879] {logging_mixin.py:115} INFO - [2023-04-01 15:23:12,879] {dag.py:2919} INFO - Setting next_dagrun for example_xcom to 2021-01-01T00:00:00+00:00, run_after=2021-01-01T00:00:00+00:00
[2023-04-01 15:23:12,899] {processor.py:161} INFO - Processing /home/airflow/.local/lib/python3.7/site-packages/airflow/example_dags/example_xcom.py took 0.125 seconds
[2023-04-01 15:23:43,088] {processor.py:153} INFO - Started process (PID=1577) to work on /home/airflow/.local/lib/python3.7/site-packages/airflow/example_dags/example_xcom.py
[2023-04-01 15:23:43,090] {processor.py:641} INFO - Processing file /home/airflow/.local/lib/python3.7/site-packages/airflow/example_dags/example_xcom.py for tasks to queue
[2023-04-01 15:23:43,091] {logging_mixin.py:115} INFO - [2023-04-01 15:23:43,091] {dagbag.py:507} INFO - Filling up the DagBag from /home/airflow/.local/lib/python3.7/site-packages/airflow/example_dags/example_xcom.py
[2023-04-01 15:23:43,118] {processor.py:651} INFO - DAG(s) dict_keys(['example_xcom']) retrieved from /home/airflow/.local/lib/python3.7/site-packages/airflow/example_dags/example_xcom.py
[2023-04-01 15:23:43,155] {logging_mixin.py:115} INFO - [2023-04-01 15:23:43,155] {dag.py:2371} INFO - Sync 1 DAGs
[2023-04-01 15:23:43,186] {logging_mixin.py:115} INFO - [2023-04-01 15:23:43,186] {dag.py:2919} INFO - Setting next_dagrun for example_xcom to 2021-01-01T00:00:00+00:00, run_after=2021-01-01T00:00:00+00:00
[2023-04-01 15:23:43,202] {processor.py:161} INFO - Processing /home/airflow/.local/lib/python3.7/site-packages/airflow/example_dags/example_xcom.py took 0.119 seconds
[2023-04-01 15:24:13,379] {processor.py:153} INFO - Started process (PID=1640) to work on /home/airflow/.local/lib/python3.7/site-packages/airflow/example_dags/example_xcom.py
[2023-04-01 15:24:13,380] {processor.py:641} INFO - Processing file /home/airflow/.local/lib/python3.7/site-packages/airflow/example_dags/example_xcom.py for tasks to queue
[2023-04-01 15:24:13,381] {logging_mixin.py:115} INFO - [2023-04-01 15:24:13,381] {dagbag.py:507} INFO - Filling up the DagBag from /home/airflow/.local/lib/python3.7/site-packages/airflow/example_dags/example_xcom.py
[2023-04-01 15:24:13,411] {processor.py:651} INFO - DAG(s) dict_keys(['example_xcom']) retrieved from /home/airflow/.local/lib/python3.7/site-packages/airflow/example_dags/example_xcom.py
[2023-04-01 15:24:13,510] {logging_mixin.py:115} INFO - [2023-04-01 15:24:13,510] {dag.py:2371} INFO - Sync 1 DAGs
[2023-04-01 15:24:13,668] {logging_mixin.py:115} INFO - [2023-04-01 15:24:13,668] {dag.py:2919} INFO - Setting next_dagrun for example_xcom to 2021-01-01T00:00:00+00:00, run_after=2021-01-01T00:00:00+00:00
[2023-04-01 15:24:13,685] {processor.py:161} INFO - Processing /home/airflow/.local/lib/python3.7/site-packages/airflow/example_dags/example_xcom.py took 0.311 seconds
[2023-04-01 15:24:43,804] {processor.py:153} INFO - Started process (PID=1694) to work on /home/airflow/.local/lib/python3.7/site-packages/airflow/example_dags/example_xcom.py
[2023-04-01 15:24:43,807] {processor.py:641} INFO - Processing file /home/airflow/.local/lib/python3.7/site-packages/airflow/example_dags/example_xcom.py for tasks to queue
[2023-04-01 15:24:43,810] {logging_mixin.py:115} INFO - [2023-04-01 15:24:43,810] {dagbag.py:507} INFO - Filling up the DagBag from /home/airflow/.local/lib/python3.7/site-packages/airflow/example_dags/example_xcom.py
[2023-04-01 15:24:43,841] {processor.py:651} INFO - DAG(s) dict_keys(['example_xcom']) retrieved from /home/airflow/.local/lib/python3.7/site-packages/airflow/example_dags/example_xcom.py
[2023-04-01 15:24:43,965] {logging_mixin.py:115} INFO - [2023-04-01 15:24:43,965] {dag.py:2371} INFO - Sync 1 DAGs
[2023-04-01 15:24:44,154] {logging_mixin.py:115} INFO - [2023-04-01 15:24:44,154] {dag.py:2919} INFO - Setting next_dagrun for example_xcom to 2021-01-01T00:00:00+00:00, run_after=2021-01-01T00:00:00+00:00
[2023-04-01 15:24:44,173] {processor.py:161} INFO - Processing /home/airflow/.local/lib/python3.7/site-packages/airflow/example_dags/example_xcom.py took 0.381 seconds
[2023-04-01 15:25:14,845] {processor.py:153} INFO - Started process (PID=1757) to work on /home/airflow/.local/lib/python3.7/site-packages/airflow/example_dags/example_xcom.py
[2023-04-01 15:25:14,849] {processor.py:641} INFO - Processing file /home/airflow/.local/lib/python3.7/site-packages/airflow/example_dags/example_xcom.py for tasks to queue
[2023-04-01 15:25:14,853] {logging_mixin.py:115} INFO - [2023-04-01 15:25:14,853] {dagbag.py:507} INFO - Filling up the DagBag from /home/airflow/.local/lib/python3.7/site-packages/airflow/example_dags/example_xcom.py
[2023-04-01 15:25:14,939] {processor.py:651} INFO - DAG(s) dict_keys(['example_xcom']) retrieved from /home/airflow/.local/lib/python3.7/site-packages/airflow/example_dags/example_xcom.py
[2023-04-01 15:25:15,070] {logging_mixin.py:115} INFO - [2023-04-01 15:25:15,070] {dag.py:2371} INFO - Sync 1 DAGs
[2023-04-01 15:25:15,229] {logging_mixin.py:115} INFO - [2023-04-01 15:25:15,229] {dag.py:2919} INFO - Setting next_dagrun for example_xcom to 2021-01-01T00:00:00+00:00, run_after=2021-01-01T00:00:00+00:00
[2023-04-01 15:25:15,246] {processor.py:161} INFO - Processing /home/airflow/.local/lib/python3.7/site-packages/airflow/example_dags/example_xcom.py took 0.415 seconds
[2023-04-01 15:25:45,373] {processor.py:153} INFO - Started process (PID=1811) to work on /home/airflow/.local/lib/python3.7/site-packages/airflow/example_dags/example_xcom.py
[2023-04-01 15:25:45,375] {processor.py:641} INFO - Processing file /home/airflow/.local/lib/python3.7/site-packages/airflow/example_dags/example_xcom.py for tasks to queue
[2023-04-01 15:25:45,376] {logging_mixin.py:115} INFO - [2023-04-01 15:25:45,376] {dagbag.py:507} INFO - Filling up the DagBag from /home/airflow/.local/lib/python3.7/site-packages/airflow/example_dags/example_xcom.py
[2023-04-01 15:25:45,404] {processor.py:651} INFO - DAG(s) dict_keys(['example_xcom']) retrieved from /home/airflow/.local/lib/python3.7/site-packages/airflow/example_dags/example_xcom.py
[2023-04-01 15:25:45,636] {logging_mixin.py:115} INFO - [2023-04-01 15:25:45,635] {dag.py:2371} INFO - Sync 1 DAGs
[2023-04-01 15:25:45,661] {logging_mixin.py:115} INFO - [2023-04-01 15:25:45,661] {dag.py:2919} INFO - Setting next_dagrun for example_xcom to 2021-01-01T00:00:00+00:00, run_after=2021-01-01T00:00:00+00:00
[2023-04-01 15:25:45,678] {processor.py:161} INFO - Processing /home/airflow/.local/lib/python3.7/site-packages/airflow/example_dags/example_xcom.py took 0.310 seconds
[2023-04-01 15:26:15,735] {processor.py:153} INFO - Started process (PID=1874) to work on /home/airflow/.local/lib/python3.7/site-packages/airflow/example_dags/example_xcom.py
[2023-04-01 15:26:15,742] {processor.py:641} INFO - Processing file /home/airflow/.local/lib/python3.7/site-packages/airflow/example_dags/example_xcom.py for tasks to queue
[2023-04-01 15:26:15,744] {logging_mixin.py:115} INFO - [2023-04-01 15:26:15,744] {dagbag.py:507} INFO - Filling up the DagBag from /home/airflow/.local/lib/python3.7/site-packages/airflow/example_dags/example_xcom.py
[2023-04-01 15:26:15,772] {processor.py:651} INFO - DAG(s) dict_keys(['example_xcom']) retrieved from /home/airflow/.local/lib/python3.7/site-packages/airflow/example_dags/example_xcom.py
[2023-04-01 15:26:16,010] {logging_mixin.py:115} INFO - [2023-04-01 15:26:16,010] {dag.py:2371} INFO - Sync 1 DAGs
[2023-04-01 15:26:16,038] {logging_mixin.py:115} INFO - [2023-04-01 15:26:16,037] {dag.py:2919} INFO - Setting next_dagrun for example_xcom to 2021-01-01T00:00:00+00:00, run_after=2021-01-01T00:00:00+00:00
[2023-04-01 15:26:16,056] {processor.py:161} INFO - Processing /home/airflow/.local/lib/python3.7/site-packages/airflow/example_dags/example_xcom.py took 0.329 seconds
[2023-04-01 15:26:46,553] {processor.py:153} INFO - Started process (PID=1930) to work on /home/airflow/.local/lib/python3.7/site-packages/airflow/example_dags/example_xcom.py
[2023-04-01 15:26:46,555] {processor.py:641} INFO - Processing file /home/airflow/.local/lib/python3.7/site-packages/airflow/example_dags/example_xcom.py for tasks to queue
[2023-04-01 15:26:46,556] {logging_mixin.py:115} INFO - [2023-04-01 15:26:46,556] {dagbag.py:507} INFO - Filling up the DagBag from /home/airflow/.local/lib/python3.7/site-packages/airflow/example_dags/example_xcom.py
[2023-04-01 15:26:46,584] {processor.py:651} INFO - DAG(s) dict_keys(['example_xcom']) retrieved from /home/airflow/.local/lib/python3.7/site-packages/airflow/example_dags/example_xcom.py
[2023-04-01 15:26:46,819] {logging_mixin.py:115} INFO - [2023-04-01 15:26:46,819] {dag.py:2371} INFO - Sync 1 DAGs
[2023-04-01 15:26:46,854] {logging_mixin.py:115} INFO - [2023-04-01 15:26:46,854] {dag.py:2919} INFO - Setting next_dagrun for example_xcom to 2021-01-01T00:00:00+00:00, run_after=2021-01-01T00:00:00+00:00
[2023-04-01 15:26:46,874] {processor.py:161} INFO - Processing /home/airflow/.local/lib/python3.7/site-packages/airflow/example_dags/example_xcom.py took 0.328 seconds
[2023-04-01 15:27:17,760] {processor.py:153} INFO - Started process (PID=1993) to work on /home/airflow/.local/lib/python3.7/site-packages/airflow/example_dags/example_xcom.py
[2023-04-01 15:27:17,763] {processor.py:641} INFO - Processing file /home/airflow/.local/lib/python3.7/site-packages/airflow/example_dags/example_xcom.py for tasks to queue
[2023-04-01 15:27:17,765] {logging_mixin.py:115} INFO - [2023-04-01 15:27:17,765] {dagbag.py:507} INFO - Filling up the DagBag from /home/airflow/.local/lib/python3.7/site-packages/airflow/example_dags/example_xcom.py
[2023-04-01 15:27:17,815] {processor.py:651} INFO - DAG(s) dict_keys(['example_xcom']) retrieved from /home/airflow/.local/lib/python3.7/site-packages/airflow/example_dags/example_xcom.py
[2023-04-01 15:27:18,302] {logging_mixin.py:115} INFO - [2023-04-01 15:27:18,302] {dag.py:2371} INFO - Sync 1 DAGs
[2023-04-01 15:27:18,381] {logging_mixin.py:115} INFO - [2023-04-01 15:27:18,380] {dag.py:2919} INFO - Setting next_dagrun for example_xcom to 2021-01-01T00:00:00+00:00, run_after=2021-01-01T00:00:00+00:00
[2023-04-01 15:27:18,431] {processor.py:161} INFO - Processing /home/airflow/.local/lib/python3.7/site-packages/airflow/example_dags/example_xcom.py took 0.679 seconds
[2023-04-01 15:27:48,625] {processor.py:153} INFO - Started process (PID=2049) to work on /home/airflow/.local/lib/python3.7/site-packages/airflow/example_dags/example_xcom.py
[2023-04-01 15:27:48,626] {processor.py:641} INFO - Processing file /home/airflow/.local/lib/python3.7/site-packages/airflow/example_dags/example_xcom.py for tasks to queue
[2023-04-01 15:27:48,628] {logging_mixin.py:115} INFO - [2023-04-01 15:27:48,628] {dagbag.py:507} INFO - Filling up the DagBag from /home/airflow/.local/lib/python3.7/site-packages/airflow/example_dags/example_xcom.py
[2023-04-01 15:27:48,655] {processor.py:651} INFO - DAG(s) dict_keys(['example_xcom']) retrieved from /home/airflow/.local/lib/python3.7/site-packages/airflow/example_dags/example_xcom.py
[2023-04-01 15:27:48,897] {logging_mixin.py:115} INFO - [2023-04-01 15:27:48,897] {dag.py:2371} INFO - Sync 1 DAGs
[2023-04-01 15:27:48,929] {logging_mixin.py:115} INFO - [2023-04-01 15:27:48,929] {dag.py:2919} INFO - Setting next_dagrun for example_xcom to 2021-01-01T00:00:00+00:00, run_after=2021-01-01T00:00:00+00:00
[2023-04-01 15:27:48,955] {processor.py:161} INFO - Processing /home/airflow/.local/lib/python3.7/site-packages/airflow/example_dags/example_xcom.py took 0.335 seconds
[2023-04-01 15:28:19,666] {processor.py:153} INFO - Started process (PID=2122) to work on /home/airflow/.local/lib/python3.7/site-packages/airflow/example_dags/example_xcom.py
[2023-04-01 15:28:19,668] {processor.py:641} INFO - Processing file /home/airflow/.local/lib/python3.7/site-packages/airflow/example_dags/example_xcom.py for tasks to queue
[2023-04-01 15:28:19,669] {logging_mixin.py:115} INFO - [2023-04-01 15:28:19,669] {dagbag.py:507} INFO - Filling up the DagBag from /home/airflow/.local/lib/python3.7/site-packages/airflow/example_dags/example_xcom.py
[2023-04-01 15:28:19,711] {processor.py:651} INFO - DAG(s) dict_keys(['example_xcom']) retrieved from /home/airflow/.local/lib/python3.7/site-packages/airflow/example_dags/example_xcom.py
[2023-04-01 15:28:20,039] {logging_mixin.py:115} INFO - [2023-04-01 15:28:20,039] {dag.py:2371} INFO - Sync 1 DAGs
[2023-04-01 15:28:20,073] {logging_mixin.py:115} INFO - [2023-04-01 15:28:20,073] {dag.py:2919} INFO - Setting next_dagrun for example_xcom to 2021-01-01T00:00:00+00:00, run_after=2021-01-01T00:00:00+00:00
[2023-04-01 15:28:20,074] {processor.py:161} INFO - Processing /home/airflow/.local/lib/python3.7/site-packages/airflow/example_dags/example_xcom.py took 0.437 seconds
[2023-04-01 15:28:50,184] {processor.py:153} INFO - Started process (PID=2185) to work on /home/airflow/.local/lib/python3.7/site-packages/airflow/example_dags/example_xcom.py
[2023-04-01 15:28:50,186] {processor.py:641} INFO - Processing file /home/airflow/.local/lib/python3.7/site-packages/airflow/example_dags/example_xcom.py for tasks to queue
[2023-04-01 15:28:50,187] {logging_mixin.py:115} INFO - [2023-04-01 15:28:50,187] {dagbag.py:507} INFO - Filling up the DagBag from /home/airflow/.local/lib/python3.7/site-packages/airflow/example_dags/example_xcom.py
[2023-04-01 15:28:50,215] {processor.py:651} INFO - DAG(s) dict_keys(['example_xcom']) retrieved from /home/airflow/.local/lib/python3.7/site-packages/airflow/example_dags/example_xcom.py
[2023-04-01 15:28:50,253] {logging_mixin.py:115} INFO - [2023-04-01 15:28:50,253] {dag.py:2371} INFO - Sync 1 DAGs
[2023-04-01 15:28:50,284] {logging_mixin.py:115} INFO - [2023-04-01 15:28:50,284] {dag.py:2919} INFO - Setting next_dagrun for example_xcom to 2021-01-01T00:00:00+00:00, run_after=2021-01-01T00:00:00+00:00
[2023-04-01 15:28:50,299] {processor.py:161} INFO - Processing /home/airflow/.local/lib/python3.7/site-packages/airflow/example_dags/example_xcom.py took 0.120 seconds
[2023-04-01 15:29:20,964] {processor.py:153} INFO - Started process (PID=2248) to work on /home/airflow/.local/lib/python3.7/site-packages/airflow/example_dags/example_xcom.py
[2023-04-01 15:29:20,966] {processor.py:641} INFO - Processing file /home/airflow/.local/lib/python3.7/site-packages/airflow/example_dags/example_xcom.py for tasks to queue
[2023-04-01 15:29:20,967] {logging_mixin.py:115} INFO - [2023-04-01 15:29:20,967] {dagbag.py:507} INFO - Filling up the DagBag from /home/airflow/.local/lib/python3.7/site-packages/airflow/example_dags/example_xcom.py
[2023-04-01 15:29:20,995] {processor.py:651} INFO - DAG(s) dict_keys(['example_xcom']) retrieved from /home/airflow/.local/lib/python3.7/site-packages/airflow/example_dags/example_xcom.py
[2023-04-01 15:29:21,036] {logging_mixin.py:115} INFO - [2023-04-01 15:29:21,036] {dag.py:2371} INFO - Sync 1 DAGs
[2023-04-01 15:29:21,068] {logging_mixin.py:115} INFO - [2023-04-01 15:29:21,068] {dag.py:2919} INFO - Setting next_dagrun for example_xcom to 2021-01-01T00:00:00+00:00, run_after=2021-01-01T00:00:00+00:00
[2023-04-01 15:29:21,084] {processor.py:161} INFO - Processing /home/airflow/.local/lib/python3.7/site-packages/airflow/example_dags/example_xcom.py took 0.126 seconds
[2023-04-01 15:29:51,646] {processor.py:153} INFO - Started process (PID=2309) to work on /home/airflow/.local/lib/python3.7/site-packages/airflow/example_dags/example_xcom.py
[2023-04-01 15:29:51,648] {processor.py:641} INFO - Processing file /home/airflow/.local/lib/python3.7/site-packages/airflow/example_dags/example_xcom.py for tasks to queue
[2023-04-01 15:29:51,651] {logging_mixin.py:115} INFO - [2023-04-01 15:29:51,651] {dagbag.py:507} INFO - Filling up the DagBag from /home/airflow/.local/lib/python3.7/site-packages/airflow/example_dags/example_xcom.py
[2023-04-01 15:29:51,683] {processor.py:651} INFO - DAG(s) dict_keys(['example_xcom']) retrieved from /home/airflow/.local/lib/python3.7/site-packages/airflow/example_dags/example_xcom.py
[2023-04-01 15:29:51,725] {logging_mixin.py:115} INFO - [2023-04-01 15:29:51,724] {dag.py:2371} INFO - Sync 1 DAGs
[2023-04-01 15:29:51,760] {logging_mixin.py:115} INFO - [2023-04-01 15:29:51,760] {dag.py:2919} INFO - Setting next_dagrun for example_xcom to 2021-01-01T00:00:00+00:00, run_after=2021-01-01T00:00:00+00:00
[2023-04-01 15:29:51,778] {processor.py:161} INFO - Processing /home/airflow/.local/lib/python3.7/site-packages/airflow/example_dags/example_xcom.py took 0.140 seconds
[2023-04-01 15:30:22,505] {processor.py:153} INFO - Started process (PID=2375) to work on /home/airflow/.local/lib/python3.7/site-packages/airflow/example_dags/example_xcom.py
[2023-04-01 15:30:22,507] {processor.py:641} INFO - Processing file /home/airflow/.local/lib/python3.7/site-packages/airflow/example_dags/example_xcom.py for tasks to queue
[2023-04-01 15:30:22,508] {logging_mixin.py:115} INFO - [2023-04-01 15:30:22,508] {dagbag.py:507} INFO - Filling up the DagBag from /home/airflow/.local/lib/python3.7/site-packages/airflow/example_dags/example_xcom.py
[2023-04-01 15:30:22,537] {processor.py:651} INFO - DAG(s) dict_keys(['example_xcom']) retrieved from /home/airflow/.local/lib/python3.7/site-packages/airflow/example_dags/example_xcom.py
[2023-04-01 15:30:22,771] {logging_mixin.py:115} INFO - [2023-04-01 15:30:22,771] {dag.py:2371} INFO - Sync 1 DAGs
[2023-04-01 15:30:22,797] {logging_mixin.py:115} INFO - [2023-04-01 15:30:22,797] {dag.py:2919} INFO - Setting next_dagrun for example_xcom to 2021-01-01T00:00:00+00:00, run_after=2021-01-01T00:00:00+00:00
[2023-04-01 15:30:22,815] {processor.py:161} INFO - Processing /home/airflow/.local/lib/python3.7/site-packages/airflow/example_dags/example_xcom.py took 0.315 seconds
[2023-04-01 15:30:53,235] {processor.py:153} INFO - Started process (PID=2448) to work on /home/airflow/.local/lib/python3.7/site-packages/airflow/example_dags/example_xcom.py
[2023-04-01 15:30:53,237] {processor.py:641} INFO - Processing file /home/airflow/.local/lib/python3.7/site-packages/airflow/example_dags/example_xcom.py for tasks to queue
[2023-04-01 15:30:53,238] {logging_mixin.py:115} INFO - [2023-04-01 15:30:53,238] {dagbag.py:507} INFO - Filling up the DagBag from /home/airflow/.local/lib/python3.7/site-packages/airflow/example_dags/example_xcom.py
[2023-04-01 15:30:53,266] {processor.py:651} INFO - DAG(s) dict_keys(['example_xcom']) retrieved from /home/airflow/.local/lib/python3.7/site-packages/airflow/example_dags/example_xcom.py
[2023-04-01 15:30:53,307] {logging_mixin.py:115} INFO - [2023-04-01 15:30:53,307] {dag.py:2371} INFO - Sync 1 DAGs
[2023-04-01 15:30:53,340] {logging_mixin.py:115} INFO - [2023-04-01 15:30:53,340] {dag.py:2919} INFO - Setting next_dagrun for example_xcom to 2021-01-01T00:00:00+00:00, run_after=2021-01-01T00:00:00+00:00
[2023-04-01 15:30:53,359] {processor.py:161} INFO - Processing /home/airflow/.local/lib/python3.7/site-packages/airflow/example_dags/example_xcom.py took 0.129 seconds
[2023-04-01 15:31:23,804] {processor.py:153} INFO - Started process (PID=2502) to work on /home/airflow/.local/lib/python3.7/site-packages/airflow/example_dags/example_xcom.py
[2023-04-01 15:31:23,805] {processor.py:641} INFO - Processing file /home/airflow/.local/lib/python3.7/site-packages/airflow/example_dags/example_xcom.py for tasks to queue
[2023-04-01 15:31:23,807] {logging_mixin.py:115} INFO - [2023-04-01 15:31:23,807] {dagbag.py:507} INFO - Filling up the DagBag from /home/airflow/.local/lib/python3.7/site-packages/airflow/example_dags/example_xcom.py
[2023-04-01 15:31:23,834] {processor.py:651} INFO - DAG(s) dict_keys(['example_xcom']) retrieved from /home/airflow/.local/lib/python3.7/site-packages/airflow/example_dags/example_xcom.py
[2023-04-01 15:31:24,069] {logging_mixin.py:115} INFO - [2023-04-01 15:31:24,068] {dag.py:2371} INFO - Sync 1 DAGs
[2023-04-01 15:31:24,095] {logging_mixin.py:115} INFO - [2023-04-01 15:31:24,095] {dag.py:2919} INFO - Setting next_dagrun for example_xcom to 2021-01-01T00:00:00+00:00, run_after=2021-01-01T00:00:00+00:00
[2023-04-01 15:31:24,113] {processor.py:161} INFO - Processing /home/airflow/.local/lib/python3.7/site-packages/airflow/example_dags/example_xcom.py took 0.315 seconds
[2023-04-01 15:31:54,300] {processor.py:153} INFO - Started process (PID=2564) to work on /home/airflow/.local/lib/python3.7/site-packages/airflow/example_dags/example_xcom.py
[2023-04-01 15:31:54,302] {processor.py:641} INFO - Processing file /home/airflow/.local/lib/python3.7/site-packages/airflow/example_dags/example_xcom.py for tasks to queue
[2023-04-01 15:31:54,304] {logging_mixin.py:115} INFO - [2023-04-01 15:31:54,303] {dagbag.py:507} INFO - Filling up the DagBag from /home/airflow/.local/lib/python3.7/site-packages/airflow/example_dags/example_xcom.py
[2023-04-01 15:31:54,333] {processor.py:651} INFO - DAG(s) dict_keys(['example_xcom']) retrieved from /home/airflow/.local/lib/python3.7/site-packages/airflow/example_dags/example_xcom.py
[2023-04-01 15:31:54,374] {logging_mixin.py:115} INFO - [2023-04-01 15:31:54,374] {dag.py:2371} INFO - Sync 1 DAGs
[2023-04-01 15:31:54,406] {logging_mixin.py:115} INFO - [2023-04-01 15:31:54,406] {dag.py:2919} INFO - Setting next_dagrun for example_xcom to 2021-01-01T00:00:00+00:00, run_after=2021-01-01T00:00:00+00:00
[2023-04-01 15:31:54,429] {processor.py:161} INFO - Processing /home/airflow/.local/lib/python3.7/site-packages/airflow/example_dags/example_xcom.py took 0.135 seconds
[2023-04-01 15:32:24,915] {processor.py:153} INFO - Started process (PID=2618) to work on /home/airflow/.local/lib/python3.7/site-packages/airflow/example_dags/example_xcom.py
[2023-04-01 15:32:24,917] {processor.py:641} INFO - Processing file /home/airflow/.local/lib/python3.7/site-packages/airflow/example_dags/example_xcom.py for tasks to queue
[2023-04-01 15:32:24,920] {logging_mixin.py:115} INFO - [2023-04-01 15:32:24,919] {dagbag.py:507} INFO - Filling up the DagBag from /home/airflow/.local/lib/python3.7/site-packages/airflow/example_dags/example_xcom.py
[2023-04-01 15:32:24,966] {processor.py:651} INFO - DAG(s) dict_keys(['example_xcom']) retrieved from /home/airflow/.local/lib/python3.7/site-packages/airflow/example_dags/example_xcom.py
[2023-04-01 15:32:25,307] {logging_mixin.py:115} INFO - [2023-04-01 15:32:25,306] {dag.py:2371} INFO - Sync 1 DAGs
[2023-04-01 15:32:25,338] {logging_mixin.py:115} INFO - [2023-04-01 15:32:25,337] {dag.py:2919} INFO - Setting next_dagrun for example_xcom to 2021-01-01T00:00:00+00:00, run_after=2021-01-01T00:00:00+00:00
[2023-04-01 15:32:25,357] {processor.py:161} INFO - Processing /home/airflow/.local/lib/python3.7/site-packages/airflow/example_dags/example_xcom.py took 0.453 seconds
[2023-04-01 15:32:56,103] {processor.py:153} INFO - Started process (PID=2681) to work on /home/airflow/.local/lib/python3.7/site-packages/airflow/example_dags/example_xcom.py
[2023-04-01 15:32:56,106] {processor.py:641} INFO - Processing file /home/airflow/.local/lib/python3.7/site-packages/airflow/example_dags/example_xcom.py for tasks to queue
[2023-04-01 15:32:56,110] {logging_mixin.py:115} INFO - [2023-04-01 15:32:56,109] {dagbag.py:507} INFO - Filling up the DagBag from /home/airflow/.local/lib/python3.7/site-packages/airflow/example_dags/example_xcom.py
[2023-04-01 15:32:56,161] {processor.py:651} INFO - DAG(s) dict_keys(['example_xcom']) retrieved from /home/airflow/.local/lib/python3.7/site-packages/airflow/example_dags/example_xcom.py
[2023-04-01 15:32:56,484] {logging_mixin.py:115} INFO - [2023-04-01 15:32:56,484] {dag.py:2371} INFO - Sync 1 DAGs
[2023-04-01 15:32:56,528] {logging_mixin.py:115} INFO - [2023-04-01 15:32:56,528] {dag.py:2919} INFO - Setting next_dagrun for example_xcom to 2021-01-01T00:00:00+00:00, run_after=2021-01-01T00:00:00+00:00
[2023-04-01 15:32:56,562] {processor.py:161} INFO - Processing /home/airflow/.local/lib/python3.7/site-packages/airflow/example_dags/example_xcom.py took 0.471 seconds
[2023-04-01 15:33:26,683] {processor.py:153} INFO - Started process (PID=2735) to work on /home/airflow/.local/lib/python3.7/site-packages/airflow/example_dags/example_xcom.py
[2023-04-01 15:33:26,685] {processor.py:641} INFO - Processing file /home/airflow/.local/lib/python3.7/site-packages/airflow/example_dags/example_xcom.py for tasks to queue
[2023-04-01 15:33:26,686] {logging_mixin.py:115} INFO - [2023-04-01 15:33:26,686] {dagbag.py:507} INFO - Filling up the DagBag from /home/airflow/.local/lib/python3.7/site-packages/airflow/example_dags/example_xcom.py
[2023-04-01 15:33:26,716] {processor.py:651} INFO - DAG(s) dict_keys(['example_xcom']) retrieved from /home/airflow/.local/lib/python3.7/site-packages/airflow/example_dags/example_xcom.py
[2023-04-01 15:33:26,756] {logging_mixin.py:115} INFO - [2023-04-01 15:33:26,756] {dag.py:2371} INFO - Sync 1 DAGs
[2023-04-01 15:33:26,788] {logging_mixin.py:115} INFO - [2023-04-01 15:33:26,788] {dag.py:2919} INFO - Setting next_dagrun for example_xcom to 2021-01-01T00:00:00+00:00, run_after=2021-01-01T00:00:00+00:00
[2023-04-01 15:33:26,807] {processor.py:161} INFO - Processing /home/airflow/.local/lib/python3.7/site-packages/airflow/example_dags/example_xcom.py took 0.129 seconds
[2023-04-01 15:34:56,271] {processor.py:153} INFO - Started process (PID=52) to work on /home/airflow/.local/lib/python3.7/site-packages/airflow/example_dags/example_xcom.py
[2023-04-01 15:34:56,274] {processor.py:641} INFO - Processing file /home/airflow/.local/lib/python3.7/site-packages/airflow/example_dags/example_xcom.py for tasks to queue
[2023-04-01 15:34:56,276] {logging_mixin.py:115} INFO - [2023-04-01 15:34:56,276] {dagbag.py:507} INFO - Filling up the DagBag from /home/airflow/.local/lib/python3.7/site-packages/airflow/example_dags/example_xcom.py
[2023-04-01 15:34:56,316] {processor.py:651} INFO - DAG(s) dict_keys(['example_xcom']) retrieved from /home/airflow/.local/lib/python3.7/site-packages/airflow/example_dags/example_xcom.py
[2023-04-01 15:34:56,670] {logging_mixin.py:115} INFO - [2023-04-01 15:34:56,670] {dag.py:2371} INFO - Sync 1 DAGs
[2023-04-01 15:34:56,722] {logging_mixin.py:115} INFO - [2023-04-01 15:34:56,722] {dag.py:2919} INFO - Setting next_dagrun for example_xcom to 2021-01-01T00:00:00+00:00, run_after=2021-01-01T00:00:00+00:00
[2023-04-01 15:34:56,788] {processor.py:161} INFO - Processing /home/airflow/.local/lib/python3.7/site-packages/airflow/example_dags/example_xcom.py took 0.523 seconds
[2023-04-01 15:35:27,230] {processor.py:153} INFO - Started process (PID=115) to work on /home/airflow/.local/lib/python3.7/site-packages/airflow/example_dags/example_xcom.py
[2023-04-01 15:35:27,233] {processor.py:641} INFO - Processing file /home/airflow/.local/lib/python3.7/site-packages/airflow/example_dags/example_xcom.py for tasks to queue
[2023-04-01 15:35:27,235] {logging_mixin.py:115} INFO - [2023-04-01 15:35:27,235] {dagbag.py:507} INFO - Filling up the DagBag from /home/airflow/.local/lib/python3.7/site-packages/airflow/example_dags/example_xcom.py
[2023-04-01 15:35:27,276] {processor.py:651} INFO - DAG(s) dict_keys(['example_xcom']) retrieved from /home/airflow/.local/lib/python3.7/site-packages/airflow/example_dags/example_xcom.py
[2023-04-01 15:35:27,739] {logging_mixin.py:115} INFO - [2023-04-01 15:35:27,738] {dag.py:2371} INFO - Sync 1 DAGs
[2023-04-01 15:35:27,833] {logging_mixin.py:115} INFO - [2023-04-01 15:35:27,832] {dag.py:2919} INFO - Setting next_dagrun for example_xcom to 2021-01-01T00:00:00+00:00, run_after=2021-01-01T00:00:00+00:00
[2023-04-01 15:35:27,861] {processor.py:161} INFO - Processing /home/airflow/.local/lib/python3.7/site-packages/airflow/example_dags/example_xcom.py took 0.637 seconds
[2023-04-01 15:35:58,521] {processor.py:153} INFO - Started process (PID=169) to work on /home/airflow/.local/lib/python3.7/site-packages/airflow/example_dags/example_xcom.py
[2023-04-01 15:35:58,524] {processor.py:641} INFO - Processing file /home/airflow/.local/lib/python3.7/site-packages/airflow/example_dags/example_xcom.py for tasks to queue
[2023-04-01 15:35:58,525] {logging_mixin.py:115} INFO - [2023-04-01 15:35:58,525] {dagbag.py:507} INFO - Filling up the DagBag from /home/airflow/.local/lib/python3.7/site-packages/airflow/example_dags/example_xcom.py
[2023-04-01 15:35:58,553] {processor.py:651} INFO - DAG(s) dict_keys(['example_xcom']) retrieved from /home/airflow/.local/lib/python3.7/site-packages/airflow/example_dags/example_xcom.py
[2023-04-01 15:35:58,799] {logging_mixin.py:115} INFO - [2023-04-01 15:35:58,799] {dag.py:2371} INFO - Sync 1 DAGs
[2023-04-01 15:35:58,829] {logging_mixin.py:115} INFO - [2023-04-01 15:35:58,829] {dag.py:2919} INFO - Setting next_dagrun for example_xcom to 2021-01-01T00:00:00+00:00, run_after=2021-01-01T00:00:00+00:00
[2023-04-01 15:35:58,848] {processor.py:161} INFO - Processing /home/airflow/.local/lib/python3.7/site-packages/airflow/example_dags/example_xcom.py took 0.332 seconds
[2023-04-01 15:36:29,305] {processor.py:153} INFO - Started process (PID=239) to work on /home/airflow/.local/lib/python3.7/site-packages/airflow/example_dags/example_xcom.py
[2023-04-01 15:36:29,307] {processor.py:641} INFO - Processing file /home/airflow/.local/lib/python3.7/site-packages/airflow/example_dags/example_xcom.py for tasks to queue
[2023-04-01 15:36:29,310] {logging_mixin.py:115} INFO - [2023-04-01 15:36:29,309] {dagbag.py:507} INFO - Filling up the DagBag from /home/airflow/.local/lib/python3.7/site-packages/airflow/example_dags/example_xcom.py
[2023-04-01 15:36:29,354] {processor.py:651} INFO - DAG(s) dict_keys(['example_xcom']) retrieved from /home/airflow/.local/lib/python3.7/site-packages/airflow/example_dags/example_xcom.py
[2023-04-01 15:36:29,670] {logging_mixin.py:115} INFO - [2023-04-01 15:36:29,670] {dag.py:2371} INFO - Sync 1 DAGs
[2023-04-01 15:36:29,701] {logging_mixin.py:115} INFO - [2023-04-01 15:36:29,701] {dag.py:2919} INFO - Setting next_dagrun for example_xcom to 2021-01-01T00:00:00+00:00, run_after=2021-01-01T00:00:00+00:00
[2023-04-01 15:36:29,736] {processor.py:161} INFO - Processing /home/airflow/.local/lib/python3.7/site-packages/airflow/example_dags/example_xcom.py took 0.441 seconds
[2023-04-01 15:36:59,911] {processor.py:153} INFO - Started process (PID=301) to work on /home/airflow/.local/lib/python3.7/site-packages/airflow/example_dags/example_xcom.py
[2023-04-01 15:36:59,914] {processor.py:641} INFO - Processing file /home/airflow/.local/lib/python3.7/site-packages/airflow/example_dags/example_xcom.py for tasks to queue
[2023-04-01 15:36:59,917] {logging_mixin.py:115} INFO - [2023-04-01 15:36:59,916] {dagbag.py:507} INFO - Filling up the DagBag from /home/airflow/.local/lib/python3.7/site-packages/airflow/example_dags/example_xcom.py
[2023-04-01 15:36:59,948] {processor.py:651} INFO - DAG(s) dict_keys(['example_xcom']) retrieved from /home/airflow/.local/lib/python3.7/site-packages/airflow/example_dags/example_xcom.py
[2023-04-01 15:37:00,190] {logging_mixin.py:115} INFO - [2023-04-01 15:37:00,190] {dag.py:2371} INFO - Sync 1 DAGs
[2023-04-01 15:37:00,217] {logging_mixin.py:115} INFO - [2023-04-01 15:37:00,216] {dag.py:2919} INFO - Setting next_dagrun for example_xcom to 2021-01-01T00:00:00+00:00, run_after=2021-01-01T00:00:00+00:00
[2023-04-01 15:37:00,235] {processor.py:161} INFO - Processing /home/airflow/.local/lib/python3.7/site-packages/airflow/example_dags/example_xcom.py took 0.330 seconds
[2023-04-01 15:37:30,759] {processor.py:153} INFO - Started process (PID=383) to work on /home/airflow/.local/lib/python3.7/site-packages/airflow/example_dags/example_xcom.py
[2023-04-01 15:37:30,762] {processor.py:641} INFO - Processing file /home/airflow/.local/lib/python3.7/site-packages/airflow/example_dags/example_xcom.py for tasks to queue
[2023-04-01 15:37:30,765] {logging_mixin.py:115} INFO - [2023-04-01 15:37:30,765] {dagbag.py:507} INFO - Filling up the DagBag from /home/airflow/.local/lib/python3.7/site-packages/airflow/example_dags/example_xcom.py
[2023-04-01 15:37:30,801] {processor.py:651} INFO - DAG(s) dict_keys(['example_xcom']) retrieved from /home/airflow/.local/lib/python3.7/site-packages/airflow/example_dags/example_xcom.py
[2023-04-01 15:37:31,134] {logging_mixin.py:115} INFO - [2023-04-01 15:37:31,133] {dag.py:2371} INFO - Sync 1 DAGs
[2023-04-01 15:37:31,161] {logging_mixin.py:115} INFO - [2023-04-01 15:37:31,161] {dag.py:2919} INFO - Setting next_dagrun for example_xcom to 2021-01-01T00:00:00+00:00, run_after=2021-01-01T00:00:00+00:00
[2023-04-01 15:37:31,179] {processor.py:161} INFO - Processing /home/airflow/.local/lib/python3.7/site-packages/airflow/example_dags/example_xcom.py took 0.427 seconds
[2023-04-01 15:38:01,890] {processor.py:153} INFO - Started process (PID=438) to work on /home/airflow/.local/lib/python3.7/site-packages/airflow/example_dags/example_xcom.py
[2023-04-01 15:38:01,892] {processor.py:641} INFO - Processing file /home/airflow/.local/lib/python3.7/site-packages/airflow/example_dags/example_xcom.py for tasks to queue
[2023-04-01 15:38:01,894] {logging_mixin.py:115} INFO - [2023-04-01 15:38:01,894] {dagbag.py:507} INFO - Filling up the DagBag from /home/airflow/.local/lib/python3.7/site-packages/airflow/example_dags/example_xcom.py
[2023-04-01 15:38:01,926] {processor.py:651} INFO - DAG(s) dict_keys(['example_xcom']) retrieved from /home/airflow/.local/lib/python3.7/site-packages/airflow/example_dags/example_xcom.py
[2023-04-01 15:38:02,173] {logging_mixin.py:115} INFO - [2023-04-01 15:38:02,173] {dag.py:2371} INFO - Sync 1 DAGs
[2023-04-01 15:38:02,200] {logging_mixin.py:115} INFO - [2023-04-01 15:38:02,200] {dag.py:2919} INFO - Setting next_dagrun for example_xcom to 2021-01-01T00:00:00+00:00, run_after=2021-01-01T00:00:00+00:00
[2023-04-01 15:38:02,219] {processor.py:161} INFO - Processing /home/airflow/.local/lib/python3.7/site-packages/airflow/example_dags/example_xcom.py took 0.337 seconds
[2023-04-01 15:38:32,434] {processor.py:153} INFO - Started process (PID=509) to work on /home/airflow/.local/lib/python3.7/site-packages/airflow/example_dags/example_xcom.py
[2023-04-01 15:38:32,436] {processor.py:641} INFO - Processing file /home/airflow/.local/lib/python3.7/site-packages/airflow/example_dags/example_xcom.py for tasks to queue
[2023-04-01 15:38:32,437] {logging_mixin.py:115} INFO - [2023-04-01 15:38:32,437] {dagbag.py:507} INFO - Filling up the DagBag from /home/airflow/.local/lib/python3.7/site-packages/airflow/example_dags/example_xcom.py
[2023-04-01 15:38:32,467] {processor.py:651} INFO - DAG(s) dict_keys(['example_xcom']) retrieved from /home/airflow/.local/lib/python3.7/site-packages/airflow/example_dags/example_xcom.py
[2023-04-01 15:38:32,707] {logging_mixin.py:115} INFO - [2023-04-01 15:38:32,706] {dag.py:2371} INFO - Sync 1 DAGs
[2023-04-01 15:38:32,733] {logging_mixin.py:115} INFO - [2023-04-01 15:38:32,733] {dag.py:2919} INFO - Setting next_dagrun for example_xcom to 2021-01-01T00:00:00+00:00, run_after=2021-01-01T00:00:00+00:00
[2023-04-01 15:38:32,750] {processor.py:161} INFO - Processing /home/airflow/.local/lib/python3.7/site-packages/airflow/example_dags/example_xcom.py took 0.320 seconds
[2023-04-01 15:39:03,435] {processor.py:153} INFO - Started process (PID=563) to work on /home/airflow/.local/lib/python3.7/site-packages/airflow/example_dags/example_xcom.py
[2023-04-01 15:39:03,437] {processor.py:641} INFO - Processing file /home/airflow/.local/lib/python3.7/site-packages/airflow/example_dags/example_xcom.py for tasks to queue
[2023-04-01 15:39:03,438] {logging_mixin.py:115} INFO - [2023-04-01 15:39:03,438] {dagbag.py:507} INFO - Filling up the DagBag from /home/airflow/.local/lib/python3.7/site-packages/airflow/example_dags/example_xcom.py
[2023-04-01 15:39:03,466] {processor.py:651} INFO - DAG(s) dict_keys(['example_xcom']) retrieved from /home/airflow/.local/lib/python3.7/site-packages/airflow/example_dags/example_xcom.py
[2023-04-01 15:39:03,705] {logging_mixin.py:115} INFO - [2023-04-01 15:39:03,705] {dag.py:2371} INFO - Sync 1 DAGs
[2023-04-01 15:39:03,733] {logging_mixin.py:115} INFO - [2023-04-01 15:39:03,733] {dag.py:2919} INFO - Setting next_dagrun for example_xcom to 2021-01-01T00:00:00+00:00, run_after=2021-01-01T00:00:00+00:00
[2023-04-01 15:39:03,752] {processor.py:161} INFO - Processing /home/airflow/.local/lib/python3.7/site-packages/airflow/example_dags/example_xcom.py took 0.323 seconds
[2023-04-01 15:41:18,790] {processor.py:153} INFO - Started process (PID=51) to work on /home/airflow/.local/lib/python3.7/site-packages/airflow/example_dags/example_xcom.py
[2023-04-01 15:41:18,792] {processor.py:641} INFO - Processing file /home/airflow/.local/lib/python3.7/site-packages/airflow/example_dags/example_xcom.py for tasks to queue
[2023-04-01 15:41:18,794] {logging_mixin.py:115} INFO - [2023-04-01 15:41:18,794] {dagbag.py:507} INFO - Filling up the DagBag from /home/airflow/.local/lib/python3.7/site-packages/airflow/example_dags/example_xcom.py
[2023-04-01 15:41:18,833] {processor.py:651} INFO - DAG(s) dict_keys(['example_xcom']) retrieved from /home/airflow/.local/lib/python3.7/site-packages/airflow/example_dags/example_xcom.py
[2023-04-01 15:41:19,186] {logging_mixin.py:115} INFO - [2023-04-01 15:41:19,186] {dag.py:2371} INFO - Sync 1 DAGs
[2023-04-01 15:41:19,237] {logging_mixin.py:115} INFO - [2023-04-01 15:41:19,237] {dag.py:2919} INFO - Setting next_dagrun for example_xcom to 2021-01-01T00:00:00+00:00, run_after=2021-01-01T00:00:00+00:00
[2023-04-01 15:41:19,272] {processor.py:161} INFO - Processing /home/airflow/.local/lib/python3.7/site-packages/airflow/example_dags/example_xcom.py took 0.487 seconds
[2023-04-01 15:41:50,087] {processor.py:153} INFO - Started process (PID=113) to work on /home/airflow/.local/lib/python3.7/site-packages/airflow/example_dags/example_xcom.py
[2023-04-01 15:41:50,089] {processor.py:641} INFO - Processing file /home/airflow/.local/lib/python3.7/site-packages/airflow/example_dags/example_xcom.py for tasks to queue
[2023-04-01 15:41:50,092] {logging_mixin.py:115} INFO - [2023-04-01 15:41:50,092] {dagbag.py:507} INFO - Filling up the DagBag from /home/airflow/.local/lib/python3.7/site-packages/airflow/example_dags/example_xcom.py
[2023-04-01 15:41:50,130] {processor.py:651} INFO - DAG(s) dict_keys(['example_xcom']) retrieved from /home/airflow/.local/lib/python3.7/site-packages/airflow/example_dags/example_xcom.py
[2023-04-01 15:41:50,424] {logging_mixin.py:115} INFO - [2023-04-01 15:41:50,424] {dag.py:2371} INFO - Sync 1 DAGs
[2023-04-01 15:41:50,459] {logging_mixin.py:115} INFO - [2023-04-01 15:41:50,459] {dag.py:2919} INFO - Setting next_dagrun for example_xcom to 2021-01-01T00:00:00+00:00, run_after=2021-01-01T00:00:00+00:00
[2023-04-01 15:41:50,479] {processor.py:161} INFO - Processing /home/airflow/.local/lib/python3.7/site-packages/airflow/example_dags/example_xcom.py took 0.398 seconds
[2023-04-01 15:42:21,149] {processor.py:153} INFO - Started process (PID=178) to work on /home/airflow/.local/lib/python3.7/site-packages/airflow/example_dags/example_xcom.py
[2023-04-01 15:42:21,151] {processor.py:641} INFO - Processing file /home/airflow/.local/lib/python3.7/site-packages/airflow/example_dags/example_xcom.py for tasks to queue
[2023-04-01 15:42:21,153] {logging_mixin.py:115} INFO - [2023-04-01 15:42:21,153] {dagbag.py:507} INFO - Filling up the DagBag from /home/airflow/.local/lib/python3.7/site-packages/airflow/example_dags/example_xcom.py
[2023-04-01 15:42:21,181] {processor.py:651} INFO - DAG(s) dict_keys(['example_xcom']) retrieved from /home/airflow/.local/lib/python3.7/site-packages/airflow/example_dags/example_xcom.py
[2023-04-01 15:42:21,433] {logging_mixin.py:115} INFO - [2023-04-01 15:42:21,432] {dag.py:2371} INFO - Sync 1 DAGs
[2023-04-01 15:42:21,462] {logging_mixin.py:115} INFO - [2023-04-01 15:42:21,462] {dag.py:2919} INFO - Setting next_dagrun for example_xcom to 2021-01-01T00:00:00+00:00, run_after=2021-01-01T00:00:00+00:00
[2023-04-01 15:42:21,481] {processor.py:161} INFO - Processing /home/airflow/.local/lib/python3.7/site-packages/airflow/example_dags/example_xcom.py took 0.337 seconds
[2023-04-01 15:42:52,267] {processor.py:153} INFO - Started process (PID=241) to work on /home/airflow/.local/lib/python3.7/site-packages/airflow/example_dags/example_xcom.py
[2023-04-01 15:42:52,269] {processor.py:641} INFO - Processing file /home/airflow/.local/lib/python3.7/site-packages/airflow/example_dags/example_xcom.py for tasks to queue
[2023-04-01 15:42:52,270] {logging_mixin.py:115} INFO - [2023-04-01 15:42:52,270] {dagbag.py:507} INFO - Filling up the DagBag from /home/airflow/.local/lib/python3.7/site-packages/airflow/example_dags/example_xcom.py
[2023-04-01 15:42:52,302] {processor.py:651} INFO - DAG(s) dict_keys(['example_xcom']) retrieved from /home/airflow/.local/lib/python3.7/site-packages/airflow/example_dags/example_xcom.py
[2023-04-01 15:42:52,585] {logging_mixin.py:115} INFO - [2023-04-01 15:42:52,585] {dag.py:2371} INFO - Sync 1 DAGs
[2023-04-01 15:42:52,628] {logging_mixin.py:115} INFO - [2023-04-01 15:42:52,627] {dag.py:2919} INFO - Setting next_dagrun for example_xcom to 2021-01-01T00:00:00+00:00, run_after=2021-01-01T00:00:00+00:00
[2023-04-01 15:42:52,671] {processor.py:161} INFO - Processing /home/airflow/.local/lib/python3.7/site-packages/airflow/example_dags/example_xcom.py took 0.409 seconds
[2023-04-01 15:43:23,578] {processor.py:153} INFO - Started process (PID=298) to work on /home/airflow/.local/lib/python3.7/site-packages/airflow/example_dags/example_xcom.py
[2023-04-01 15:43:23,580] {processor.py:641} INFO - Processing file /home/airflow/.local/lib/python3.7/site-packages/airflow/example_dags/example_xcom.py for tasks to queue
[2023-04-01 15:43:23,582] {logging_mixin.py:115} INFO - [2023-04-01 15:43:23,582] {dagbag.py:507} INFO - Filling up the DagBag from /home/airflow/.local/lib/python3.7/site-packages/airflow/example_dags/example_xcom.py
[2023-04-01 15:43:23,610] {processor.py:651} INFO - DAG(s) dict_keys(['example_xcom']) retrieved from /home/airflow/.local/lib/python3.7/site-packages/airflow/example_dags/example_xcom.py
[2023-04-01 15:43:23,956] {logging_mixin.py:115} INFO - [2023-04-01 15:43:23,955] {dag.py:2371} INFO - Sync 1 DAGs
[2023-04-01 15:43:24,009] {logging_mixin.py:115} INFO - [2023-04-01 15:43:24,009] {dag.py:2919} INFO - Setting next_dagrun for example_xcom to 2021-01-01T00:00:00+00:00, run_after=2021-01-01T00:00:00+00:00
[2023-04-01 15:43:24,040] {processor.py:161} INFO - Processing /home/airflow/.local/lib/python3.7/site-packages/airflow/example_dags/example_xcom.py took 0.466 seconds
[2023-04-01 15:43:54,745] {processor.py:153} INFO - Started process (PID=367) to work on /home/airflow/.local/lib/python3.7/site-packages/airflow/example_dags/example_xcom.py
[2023-04-01 15:43:54,747] {processor.py:641} INFO - Processing file /home/airflow/.local/lib/python3.7/site-packages/airflow/example_dags/example_xcom.py for tasks to queue
[2023-04-01 15:43:54,749] {logging_mixin.py:115} INFO - [2023-04-01 15:43:54,749] {dagbag.py:507} INFO - Filling up the DagBag from /home/airflow/.local/lib/python3.7/site-packages/airflow/example_dags/example_xcom.py
[2023-04-01 15:43:54,783] {processor.py:651} INFO - DAG(s) dict_keys(['example_xcom']) retrieved from /home/airflow/.local/lib/python3.7/site-packages/airflow/example_dags/example_xcom.py
[2023-04-01 15:43:55,024] {logging_mixin.py:115} INFO - [2023-04-01 15:43:55,024] {dag.py:2371} INFO - Sync 1 DAGs
[2023-04-01 15:43:55,053] {logging_mixin.py:115} INFO - [2023-04-01 15:43:55,053] {dag.py:2919} INFO - Setting next_dagrun for example_xcom to 2021-01-01T00:00:00+00:00, run_after=2021-01-01T00:00:00+00:00
[2023-04-01 15:43:55,072] {processor.py:161} INFO - Processing /home/airflow/.local/lib/python3.7/site-packages/airflow/example_dags/example_xcom.py took 0.334 seconds
[2023-04-01 15:44:25,831] {processor.py:153} INFO - Started process (PID=438) to work on /home/airflow/.local/lib/python3.7/site-packages/airflow/example_dags/example_xcom.py
[2023-04-01 15:44:25,834] {processor.py:641} INFO - Processing file /home/airflow/.local/lib/python3.7/site-packages/airflow/example_dags/example_xcom.py for tasks to queue
[2023-04-01 15:44:25,837] {logging_mixin.py:115} INFO - [2023-04-01 15:44:25,837] {dagbag.py:507} INFO - Filling up the DagBag from /home/airflow/.local/lib/python3.7/site-packages/airflow/example_dags/example_xcom.py
[2023-04-01 15:44:25,865] {processor.py:651} INFO - DAG(s) dict_keys(['example_xcom']) retrieved from /home/airflow/.local/lib/python3.7/site-packages/airflow/example_dags/example_xcom.py
[2023-04-01 15:44:26,105] {logging_mixin.py:115} INFO - [2023-04-01 15:44:26,105] {dag.py:2371} INFO - Sync 1 DAGs
[2023-04-01 15:44:26,133] {logging_mixin.py:115} INFO - [2023-04-01 15:44:26,133] {dag.py:2919} INFO - Setting next_dagrun for example_xcom to 2021-01-01T00:00:00+00:00, run_after=2021-01-01T00:00:00+00:00
[2023-04-01 15:44:26,151] {processor.py:161} INFO - Processing /home/airflow/.local/lib/python3.7/site-packages/airflow/example_dags/example_xcom.py took 0.325 seconds
[2023-04-01 15:44:56,294] {processor.py:153} INFO - Started process (PID=491) to work on /home/airflow/.local/lib/python3.7/site-packages/airflow/example_dags/example_xcom.py
[2023-04-01 15:44:56,296] {processor.py:641} INFO - Processing file /home/airflow/.local/lib/python3.7/site-packages/airflow/example_dags/example_xcom.py for tasks to queue
[2023-04-01 15:44:56,297] {logging_mixin.py:115} INFO - [2023-04-01 15:44:56,297] {dagbag.py:507} INFO - Filling up the DagBag from /home/airflow/.local/lib/python3.7/site-packages/airflow/example_dags/example_xcom.py
[2023-04-01 15:44:56,324] {processor.py:651} INFO - DAG(s) dict_keys(['example_xcom']) retrieved from /home/airflow/.local/lib/python3.7/site-packages/airflow/example_dags/example_xcom.py
[2023-04-01 15:44:56,565] {logging_mixin.py:115} INFO - [2023-04-01 15:44:56,565] {dag.py:2371} INFO - Sync 1 DAGs
[2023-04-01 15:44:56,593] {logging_mixin.py:115} INFO - [2023-04-01 15:44:56,592] {dag.py:2919} INFO - Setting next_dagrun for example_xcom to 2021-01-01T00:00:00+00:00, run_after=2021-01-01T00:00:00+00:00
[2023-04-01 15:44:56,609] {processor.py:161} INFO - Processing /home/airflow/.local/lib/python3.7/site-packages/airflow/example_dags/example_xcom.py took 0.320 seconds
[2023-04-01 15:45:26,666] {processor.py:153} INFO - Started process (PID=545) to work on /home/airflow/.local/lib/python3.7/site-packages/airflow/example_dags/example_xcom.py
[2023-04-01 15:45:26,667] {processor.py:641} INFO - Processing file /home/airflow/.local/lib/python3.7/site-packages/airflow/example_dags/example_xcom.py for tasks to queue
[2023-04-01 15:45:26,669] {logging_mixin.py:115} INFO - [2023-04-01 15:45:26,669] {dagbag.py:507} INFO - Filling up the DagBag from /home/airflow/.local/lib/python3.7/site-packages/airflow/example_dags/example_xcom.py
[2023-04-01 15:45:26,697] {processor.py:651} INFO - DAG(s) dict_keys(['example_xcom']) retrieved from /home/airflow/.local/lib/python3.7/site-packages/airflow/example_dags/example_xcom.py
[2023-04-01 15:45:26,937] {logging_mixin.py:115} INFO - [2023-04-01 15:45:26,937] {dag.py:2371} INFO - Sync 1 DAGs
[2023-04-01 15:45:26,977] {logging_mixin.py:115} INFO - [2023-04-01 15:45:26,977] {dag.py:2919} INFO - Setting next_dagrun for example_xcom to 2021-01-01T00:00:00+00:00, run_after=2021-01-01T00:00:00+00:00
[2023-04-01 15:45:27,015] {processor.py:161} INFO - Processing /home/airflow/.local/lib/python3.7/site-packages/airflow/example_dags/example_xcom.py took 0.354 seconds
[2023-04-01 15:45:57,167] {processor.py:153} INFO - Started process (PID=608) to work on /home/airflow/.local/lib/python3.7/site-packages/airflow/example_dags/example_xcom.py
[2023-04-01 15:45:57,169] {processor.py:641} INFO - Processing file /home/airflow/.local/lib/python3.7/site-packages/airflow/example_dags/example_xcom.py for tasks to queue
[2023-04-01 15:45:57,171] {logging_mixin.py:115} INFO - [2023-04-01 15:45:57,171] {dagbag.py:507} INFO - Filling up the DagBag from /home/airflow/.local/lib/python3.7/site-packages/airflow/example_dags/example_xcom.py
[2023-04-01 15:45:57,206] {processor.py:651} INFO - DAG(s) dict_keys(['example_xcom']) retrieved from /home/airflow/.local/lib/python3.7/site-packages/airflow/example_dags/example_xcom.py
[2023-04-01 15:45:57,500] {logging_mixin.py:115} INFO - [2023-04-01 15:45:57,500] {dag.py:2371} INFO - Sync 1 DAGs
[2023-04-01 15:45:57,528] {logging_mixin.py:115} INFO - [2023-04-01 15:45:57,528] {dag.py:2919} INFO - Setting next_dagrun for example_xcom to 2021-01-01T00:00:00+00:00, run_after=2021-01-01T00:00:00+00:00
[2023-04-01 15:45:57,553] {processor.py:161} INFO - Processing /home/airflow/.local/lib/python3.7/site-packages/airflow/example_dags/example_xcom.py took 0.394 seconds
