[2023-04-01 15:01:49,425] {processor.py:153} INFO - Started process (PID=78) to work on /home/airflow/.local/lib/python3.7/site-packages/airflow/example_dags/example_complex.py
[2023-04-01 15:01:49,427] {processor.py:641} INFO - Processing file /home/airflow/.local/lib/python3.7/site-packages/airflow/example_dags/example_complex.py for tasks to queue
[2023-04-01 15:01:49,430] {logging_mixin.py:115} INFO - [2023-04-01 15:01:49,429] {dagbag.py:507} INFO - Filling up the DagBag from /home/airflow/.local/lib/python3.7/site-packages/airflow/example_dags/example_complex.py
[2023-04-01 15:01:49,459] {processor.py:651} INFO - DAG(s) dict_keys(['example_complex']) retrieved from /home/airflow/.local/lib/python3.7/site-packages/airflow/example_dags/example_complex.py
[2023-04-01 15:01:49,846] {logging_mixin.py:115} INFO - [2023-04-01 15:01:49,846] {manager.py:508} INFO - Created Permission View: can delete on DAG:example_complex
[2023-04-01 15:01:49,864] {logging_mixin.py:115} INFO - [2023-04-01 15:01:49,864] {manager.py:508} INFO - Created Permission View: can read on DAG:example_complex
[2023-04-01 15:01:49,883] {logging_mixin.py:115} INFO - [2023-04-01 15:01:49,883] {manager.py:508} INFO - Created Permission View: can edit on DAG:example_complex
[2023-04-01 15:01:49,885] {logging_mixin.py:115} INFO - [2023-04-01 15:01:49,884] {dag.py:2371} INFO - Sync 1 DAGs
[2023-04-01 15:01:49,902] {logging_mixin.py:115} INFO - [2023-04-01 15:01:49,902] {dag.py:2390} INFO - Creating ORM DAG for example_complex
[2023-04-01 15:01:49,927] {logging_mixin.py:115} INFO - [2023-04-01 15:01:49,927] {dag.py:2919} INFO - Setting next_dagrun for example_complex to None, run_after=None
[2023-04-01 15:01:49,956] {processor.py:161} INFO - Processing /home/airflow/.local/lib/python3.7/site-packages/airflow/example_dags/example_complex.py took 0.537 seconds
[2023-04-01 15:02:20,301] {processor.py:153} INFO - Started process (PID=139) to work on /home/airflow/.local/lib/python3.7/site-packages/airflow/example_dags/example_complex.py
[2023-04-01 15:02:20,303] {processor.py:641} INFO - Processing file /home/airflow/.local/lib/python3.7/site-packages/airflow/example_dags/example_complex.py for tasks to queue
[2023-04-01 15:02:20,305] {logging_mixin.py:115} INFO - [2023-04-01 15:02:20,304] {dagbag.py:507} INFO - Filling up the DagBag from /home/airflow/.local/lib/python3.7/site-packages/airflow/example_dags/example_complex.py
[2023-04-01 15:02:20,327] {processor.py:651} INFO - DAG(s) dict_keys(['example_complex']) retrieved from /home/airflow/.local/lib/python3.7/site-packages/airflow/example_dags/example_complex.py
[2023-04-01 15:02:20,375] {logging_mixin.py:115} INFO - [2023-04-01 15:02:20,375] {dag.py:2371} INFO - Sync 1 DAGs
[2023-04-01 15:02:20,410] {logging_mixin.py:115} INFO - [2023-04-01 15:02:20,410] {dag.py:2919} INFO - Setting next_dagrun for example_complex to None, run_after=None
[2023-04-01 15:02:20,560] {processor.py:161} INFO - Processing /home/airflow/.local/lib/python3.7/site-packages/airflow/example_dags/example_complex.py took 0.264 seconds
[2023-04-01 15:02:51,260] {processor.py:153} INFO - Started process (PID=191) to work on /home/airflow/.local/lib/python3.7/site-packages/airflow/example_dags/example_complex.py
[2023-04-01 15:02:51,262] {processor.py:641} INFO - Processing file /home/airflow/.local/lib/python3.7/site-packages/airflow/example_dags/example_complex.py for tasks to queue
[2023-04-01 15:02:51,263] {logging_mixin.py:115} INFO - [2023-04-01 15:02:51,263] {dagbag.py:507} INFO - Filling up the DagBag from /home/airflow/.local/lib/python3.7/site-packages/airflow/example_dags/example_complex.py
[2023-04-01 15:02:51,284] {processor.py:651} INFO - DAG(s) dict_keys(['example_complex']) retrieved from /home/airflow/.local/lib/python3.7/site-packages/airflow/example_dags/example_complex.py
[2023-04-01 15:02:51,331] {logging_mixin.py:115} INFO - [2023-04-01 15:02:51,331] {dag.py:2371} INFO - Sync 1 DAGs
[2023-04-01 15:02:51,369] {logging_mixin.py:115} INFO - [2023-04-01 15:02:51,369] {dag.py:2919} INFO - Setting next_dagrun for example_complex to None, run_after=None
[2023-04-01 15:02:51,522] {processor.py:161} INFO - Processing /home/airflow/.local/lib/python3.7/site-packages/airflow/example_dags/example_complex.py took 0.266 seconds
[2023-04-01 15:03:21,963] {processor.py:153} INFO - Started process (PID=253) to work on /home/airflow/.local/lib/python3.7/site-packages/airflow/example_dags/example_complex.py
[2023-04-01 15:03:21,964] {processor.py:641} INFO - Processing file /home/airflow/.local/lib/python3.7/site-packages/airflow/example_dags/example_complex.py for tasks to queue
[2023-04-01 15:03:21,966] {logging_mixin.py:115} INFO - [2023-04-01 15:03:21,966] {dagbag.py:507} INFO - Filling up the DagBag from /home/airflow/.local/lib/python3.7/site-packages/airflow/example_dags/example_complex.py
[2023-04-01 15:03:21,986] {processor.py:651} INFO - DAG(s) dict_keys(['example_complex']) retrieved from /home/airflow/.local/lib/python3.7/site-packages/airflow/example_dags/example_complex.py
[2023-04-01 15:03:22,034] {logging_mixin.py:115} INFO - [2023-04-01 15:03:22,034] {dag.py:2371} INFO - Sync 1 DAGs
[2023-04-01 15:03:22,069] {logging_mixin.py:115} INFO - [2023-04-01 15:03:22,069] {dag.py:2919} INFO - Setting next_dagrun for example_complex to None, run_after=None
[2023-04-01 15:03:22,243] {processor.py:161} INFO - Processing /home/airflow/.local/lib/python3.7/site-packages/airflow/example_dags/example_complex.py took 0.286 seconds
[2023-04-01 15:03:52,593] {processor.py:153} INFO - Started process (PID=306) to work on /home/airflow/.local/lib/python3.7/site-packages/airflow/example_dags/example_complex.py
[2023-04-01 15:03:52,594] {processor.py:641} INFO - Processing file /home/airflow/.local/lib/python3.7/site-packages/airflow/example_dags/example_complex.py for tasks to queue
[2023-04-01 15:03:52,596] {logging_mixin.py:115} INFO - [2023-04-01 15:03:52,596] {dagbag.py:507} INFO - Filling up the DagBag from /home/airflow/.local/lib/python3.7/site-packages/airflow/example_dags/example_complex.py
[2023-04-01 15:03:52,617] {processor.py:651} INFO - DAG(s) dict_keys(['example_complex']) retrieved from /home/airflow/.local/lib/python3.7/site-packages/airflow/example_dags/example_complex.py
[2023-04-01 15:03:52,666] {logging_mixin.py:115} INFO - [2023-04-01 15:03:52,665] {dag.py:2371} INFO - Sync 1 DAGs
[2023-04-01 15:03:52,701] {logging_mixin.py:115} INFO - [2023-04-01 15:03:52,701] {dag.py:2919} INFO - Setting next_dagrun for example_complex to None, run_after=None
[2023-04-01 15:03:52,856] {processor.py:161} INFO - Processing /home/airflow/.local/lib/python3.7/site-packages/airflow/example_dags/example_complex.py took 0.269 seconds
[2023-04-01 15:04:24,632] {processor.py:153} INFO - Started process (PID=374) to work on /home/airflow/.local/lib/python3.7/site-packages/airflow/example_dags/example_complex.py
[2023-04-01 15:04:24,637] {processor.py:641} INFO - Processing file /home/airflow/.local/lib/python3.7/site-packages/airflow/example_dags/example_complex.py for tasks to queue
[2023-04-01 15:04:24,640] {logging_mixin.py:115} INFO - [2023-04-01 15:04:24,640] {dagbag.py:507} INFO - Filling up the DagBag from /home/airflow/.local/lib/python3.7/site-packages/airflow/example_dags/example_complex.py
[2023-04-01 15:04:24,685] {processor.py:651} INFO - DAG(s) dict_keys(['example_complex']) retrieved from /home/airflow/.local/lib/python3.7/site-packages/airflow/example_dags/example_complex.py
[2023-04-01 15:04:24,784] {logging_mixin.py:115} INFO - [2023-04-01 15:04:24,784] {dag.py:2371} INFO - Sync 1 DAGs
[2023-04-01 15:04:24,827] {logging_mixin.py:115} INFO - [2023-04-01 15:04:24,827] {dag.py:2919} INFO - Setting next_dagrun for example_complex to None, run_after=None
[2023-04-01 15:04:25,059] {processor.py:161} INFO - Processing /home/airflow/.local/lib/python3.7/site-packages/airflow/example_dags/example_complex.py took 0.438 seconds
[2023-04-01 15:04:55,914] {processor.py:153} INFO - Started process (PID=434) to work on /home/airflow/.local/lib/python3.7/site-packages/airflow/example_dags/example_complex.py
[2023-04-01 15:04:55,916] {processor.py:641} INFO - Processing file /home/airflow/.local/lib/python3.7/site-packages/airflow/example_dags/example_complex.py for tasks to queue
[2023-04-01 15:04:55,925] {logging_mixin.py:115} INFO - [2023-04-01 15:04:55,925] {dagbag.py:507} INFO - Filling up the DagBag from /home/airflow/.local/lib/python3.7/site-packages/airflow/example_dags/example_complex.py
[2023-04-01 15:04:55,975] {processor.py:651} INFO - DAG(s) dict_keys(['example_complex']) retrieved from /home/airflow/.local/lib/python3.7/site-packages/airflow/example_dags/example_complex.py
[2023-04-01 15:04:56,058] {logging_mixin.py:115} INFO - [2023-04-01 15:04:56,058] {dag.py:2371} INFO - Sync 1 DAGs
[2023-04-01 15:04:56,106] {logging_mixin.py:115} INFO - [2023-04-01 15:04:56,106] {dag.py:2919} INFO - Setting next_dagrun for example_complex to None, run_after=None
[2023-04-01 15:04:56,380] {processor.py:161} INFO - Processing /home/airflow/.local/lib/python3.7/site-packages/airflow/example_dags/example_complex.py took 0.475 seconds
[2023-04-01 15:05:26,486] {processor.py:153} INFO - Started process (PID=498) to work on /home/airflow/.local/lib/python3.7/site-packages/airflow/example_dags/example_complex.py
[2023-04-01 15:05:26,488] {processor.py:641} INFO - Processing file /home/airflow/.local/lib/python3.7/site-packages/airflow/example_dags/example_complex.py for tasks to queue
[2023-04-01 15:05:26,489] {logging_mixin.py:115} INFO - [2023-04-01 15:05:26,489] {dagbag.py:507} INFO - Filling up the DagBag from /home/airflow/.local/lib/python3.7/site-packages/airflow/example_dags/example_complex.py
[2023-04-01 15:05:26,510] {processor.py:651} INFO - DAG(s) dict_keys(['example_complex']) retrieved from /home/airflow/.local/lib/python3.7/site-packages/airflow/example_dags/example_complex.py
[2023-04-01 15:05:26,557] {logging_mixin.py:115} INFO - [2023-04-01 15:05:26,557] {dag.py:2371} INFO - Sync 1 DAGs
[2023-04-01 15:05:26,592] {logging_mixin.py:115} INFO - [2023-04-01 15:05:26,592] {dag.py:2919} INFO - Setting next_dagrun for example_complex to None, run_after=None
[2023-04-01 15:05:26,746] {processor.py:161} INFO - Processing /home/airflow/.local/lib/python3.7/site-packages/airflow/example_dags/example_complex.py took 0.264 seconds
[2023-04-01 15:05:57,100] {processor.py:153} INFO - Started process (PID=550) to work on /home/airflow/.local/lib/python3.7/site-packages/airflow/example_dags/example_complex.py
[2023-04-01 15:05:57,102] {processor.py:641} INFO - Processing file /home/airflow/.local/lib/python3.7/site-packages/airflow/example_dags/example_complex.py for tasks to queue
[2023-04-01 15:05:57,103] {logging_mixin.py:115} INFO - [2023-04-01 15:05:57,103] {dagbag.py:507} INFO - Filling up the DagBag from /home/airflow/.local/lib/python3.7/site-packages/airflow/example_dags/example_complex.py
[2023-04-01 15:05:57,123] {processor.py:651} INFO - DAG(s) dict_keys(['example_complex']) retrieved from /home/airflow/.local/lib/python3.7/site-packages/airflow/example_dags/example_complex.py
[2023-04-01 15:05:57,169] {logging_mixin.py:115} INFO - [2023-04-01 15:05:57,169] {dag.py:2371} INFO - Sync 1 DAGs
[2023-04-01 15:05:57,203] {logging_mixin.py:115} INFO - [2023-04-01 15:05:57,202] {dag.py:2919} INFO - Setting next_dagrun for example_complex to None, run_after=None
[2023-04-01 15:05:57,353] {processor.py:161} INFO - Processing /home/airflow/.local/lib/python3.7/site-packages/airflow/example_dags/example_complex.py took 0.257 seconds
[2023-04-01 15:06:27,771] {processor.py:153} INFO - Started process (PID=616) to work on /home/airflow/.local/lib/python3.7/site-packages/airflow/example_dags/example_complex.py
[2023-04-01 15:06:27,773] {processor.py:641} INFO - Processing file /home/airflow/.local/lib/python3.7/site-packages/airflow/example_dags/example_complex.py for tasks to queue
[2023-04-01 15:06:27,775] {logging_mixin.py:115} INFO - [2023-04-01 15:06:27,775] {dagbag.py:507} INFO - Filling up the DagBag from /home/airflow/.local/lib/python3.7/site-packages/airflow/example_dags/example_complex.py
[2023-04-01 15:06:27,816] {processor.py:651} INFO - DAG(s) dict_keys(['example_complex']) retrieved from /home/airflow/.local/lib/python3.7/site-packages/airflow/example_dags/example_complex.py
[2023-04-01 15:06:27,900] {logging_mixin.py:115} INFO - [2023-04-01 15:06:27,899] {dag.py:2371} INFO - Sync 1 DAGs
[2023-04-01 15:06:27,998] {logging_mixin.py:115} INFO - [2023-04-01 15:06:27,998] {dag.py:2919} INFO - Setting next_dagrun for example_complex to None, run_after=None
[2023-04-01 15:06:28,228] {processor.py:161} INFO - Processing /home/airflow/.local/lib/python3.7/site-packages/airflow/example_dags/example_complex.py took 0.463 seconds
[2023-04-01 15:06:58,388] {processor.py:153} INFO - Started process (PID=668) to work on /home/airflow/.local/lib/python3.7/site-packages/airflow/example_dags/example_complex.py
[2023-04-01 15:06:58,391] {processor.py:641} INFO - Processing file /home/airflow/.local/lib/python3.7/site-packages/airflow/example_dags/example_complex.py for tasks to queue
[2023-04-01 15:06:58,393] {logging_mixin.py:115} INFO - [2023-04-01 15:06:58,393] {dagbag.py:507} INFO - Filling up the DagBag from /home/airflow/.local/lib/python3.7/site-packages/airflow/example_dags/example_complex.py
[2023-04-01 15:06:58,416] {processor.py:651} INFO - DAG(s) dict_keys(['example_complex']) retrieved from /home/airflow/.local/lib/python3.7/site-packages/airflow/example_dags/example_complex.py
[2023-04-01 15:06:58,465] {logging_mixin.py:115} INFO - [2023-04-01 15:06:58,464] {dag.py:2371} INFO - Sync 1 DAGs
[2023-04-01 15:06:58,635] {logging_mixin.py:115} INFO - [2023-04-01 15:06:58,635] {dag.py:2919} INFO - Setting next_dagrun for example_complex to None, run_after=None
[2023-04-01 15:06:58,650] {processor.py:161} INFO - Processing /home/airflow/.local/lib/python3.7/site-packages/airflow/example_dags/example_complex.py took 0.269 seconds
[2023-04-01 15:07:28,990] {processor.py:153} INFO - Started process (PID=731) to work on /home/airflow/.local/lib/python3.7/site-packages/airflow/example_dags/example_complex.py
[2023-04-01 15:07:28,992] {processor.py:641} INFO - Processing file /home/airflow/.local/lib/python3.7/site-packages/airflow/example_dags/example_complex.py for tasks to queue
[2023-04-01 15:07:28,993] {logging_mixin.py:115} INFO - [2023-04-01 15:07:28,993] {dagbag.py:507} INFO - Filling up the DagBag from /home/airflow/.local/lib/python3.7/site-packages/airflow/example_dags/example_complex.py
[2023-04-01 15:07:29,014] {processor.py:651} INFO - DAG(s) dict_keys(['example_complex']) retrieved from /home/airflow/.local/lib/python3.7/site-packages/airflow/example_dags/example_complex.py
[2023-04-01 15:07:29,062] {logging_mixin.py:115} INFO - [2023-04-01 15:07:29,062] {dag.py:2371} INFO - Sync 1 DAGs
[2023-04-01 15:07:29,258] {logging_mixin.py:115} INFO - [2023-04-01 15:07:29,257] {dag.py:2919} INFO - Setting next_dagrun for example_complex to None, run_after=None
[2023-04-01 15:07:29,277] {processor.py:161} INFO - Processing /home/airflow/.local/lib/python3.7/site-packages/airflow/example_dags/example_complex.py took 0.292 seconds
[2023-04-01 15:07:59,792] {processor.py:153} INFO - Started process (PID=783) to work on /home/airflow/.local/lib/python3.7/site-packages/airflow/example_dags/example_complex.py
[2023-04-01 15:07:59,794] {processor.py:641} INFO - Processing file /home/airflow/.local/lib/python3.7/site-packages/airflow/example_dags/example_complex.py for tasks to queue
[2023-04-01 15:07:59,796] {logging_mixin.py:115} INFO - [2023-04-01 15:07:59,796] {dagbag.py:507} INFO - Filling up the DagBag from /home/airflow/.local/lib/python3.7/site-packages/airflow/example_dags/example_complex.py
[2023-04-01 15:07:59,817] {processor.py:651} INFO - DAG(s) dict_keys(['example_complex']) retrieved from /home/airflow/.local/lib/python3.7/site-packages/airflow/example_dags/example_complex.py
[2023-04-01 15:07:59,863] {logging_mixin.py:115} INFO - [2023-04-01 15:07:59,863] {dag.py:2371} INFO - Sync 1 DAGs
[2023-04-01 15:08:00,036] {logging_mixin.py:115} INFO - [2023-04-01 15:08:00,035] {dag.py:2919} INFO - Setting next_dagrun for example_complex to None, run_after=None
[2023-04-01 15:08:00,052] {processor.py:161} INFO - Processing /home/airflow/.local/lib/python3.7/site-packages/airflow/example_dags/example_complex.py took 0.265 seconds
[2023-04-01 15:08:30,189] {processor.py:153} INFO - Started process (PID=834) to work on /home/airflow/.local/lib/python3.7/site-packages/airflow/example_dags/example_complex.py
[2023-04-01 15:08:30,192] {processor.py:641} INFO - Processing file /home/airflow/.local/lib/python3.7/site-packages/airflow/example_dags/example_complex.py for tasks to queue
[2023-04-01 15:08:30,194] {logging_mixin.py:115} INFO - [2023-04-01 15:08:30,194] {dagbag.py:507} INFO - Filling up the DagBag from /home/airflow/.local/lib/python3.7/site-packages/airflow/example_dags/example_complex.py
[2023-04-01 15:08:30,222] {processor.py:651} INFO - DAG(s) dict_keys(['example_complex']) retrieved from /home/airflow/.local/lib/python3.7/site-packages/airflow/example_dags/example_complex.py
[2023-04-01 15:08:30,279] {logging_mixin.py:115} INFO - [2023-04-01 15:08:30,279] {dag.py:2371} INFO - Sync 1 DAGs
[2023-04-01 15:08:30,480] {logging_mixin.py:115} INFO - [2023-04-01 15:08:30,480] {dag.py:2919} INFO - Setting next_dagrun for example_complex to None, run_after=None
[2023-04-01 15:08:30,510] {processor.py:161} INFO - Processing /home/airflow/.local/lib/python3.7/site-packages/airflow/example_dags/example_complex.py took 0.326 seconds
[2023-04-01 15:10:29,105] {processor.py:153} INFO - Started process (PID=70) to work on /home/airflow/.local/lib/python3.7/site-packages/airflow/example_dags/example_complex.py
[2023-04-01 15:10:29,109] {processor.py:641} INFO - Processing file /home/airflow/.local/lib/python3.7/site-packages/airflow/example_dags/example_complex.py for tasks to queue
[2023-04-01 15:10:29,112] {logging_mixin.py:115} INFO - [2023-04-01 15:10:29,111] {dagbag.py:507} INFO - Filling up the DagBag from /home/airflow/.local/lib/python3.7/site-packages/airflow/example_dags/example_complex.py
[2023-04-01 15:10:29,187] {processor.py:651} INFO - DAG(s) dict_keys(['example_complex']) retrieved from /home/airflow/.local/lib/python3.7/site-packages/airflow/example_dags/example_complex.py
[2023-04-01 15:10:29,336] {logging_mixin.py:115} INFO - [2023-04-01 15:10:29,336] {dag.py:2371} INFO - Sync 1 DAGs
[2023-04-01 15:10:29,385] {logging_mixin.py:115} INFO - [2023-04-01 15:10:29,384] {dag.py:2919} INFO - Setting next_dagrun for example_complex to None, run_after=None
[2023-04-01 15:10:29,409] {processor.py:161} INFO - Processing /home/airflow/.local/lib/python3.7/site-packages/airflow/example_dags/example_complex.py took 0.316 seconds
[2023-04-01 15:10:59,518] {processor.py:153} INFO - Started process (PID=132) to work on /home/airflow/.local/lib/python3.7/site-packages/airflow/example_dags/example_complex.py
[2023-04-01 15:10:59,520] {processor.py:641} INFO - Processing file /home/airflow/.local/lib/python3.7/site-packages/airflow/example_dags/example_complex.py for tasks to queue
[2023-04-01 15:10:59,521] {logging_mixin.py:115} INFO - [2023-04-01 15:10:59,521] {dagbag.py:507} INFO - Filling up the DagBag from /home/airflow/.local/lib/python3.7/site-packages/airflow/example_dags/example_complex.py
[2023-04-01 15:10:59,557] {processor.py:651} INFO - DAG(s) dict_keys(['example_complex']) retrieved from /home/airflow/.local/lib/python3.7/site-packages/airflow/example_dags/example_complex.py
[2023-04-01 15:10:59,611] {logging_mixin.py:115} INFO - [2023-04-01 15:10:59,610] {dag.py:2371} INFO - Sync 1 DAGs
[2023-04-01 15:10:59,651] {logging_mixin.py:115} INFO - [2023-04-01 15:10:59,651] {dag.py:2919} INFO - Setting next_dagrun for example_complex to None, run_after=None
[2023-04-01 15:10:59,671] {processor.py:161} INFO - Processing /home/airflow/.local/lib/python3.7/site-packages/airflow/example_dags/example_complex.py took 0.159 seconds
[2023-04-01 15:11:30,570] {processor.py:153} INFO - Started process (PID=187) to work on /home/airflow/.local/lib/python3.7/site-packages/airflow/example_dags/example_complex.py
[2023-04-01 15:11:30,572] {processor.py:641} INFO - Processing file /home/airflow/.local/lib/python3.7/site-packages/airflow/example_dags/example_complex.py for tasks to queue
[2023-04-01 15:11:30,575] {logging_mixin.py:115} INFO - [2023-04-01 15:11:30,575] {dagbag.py:507} INFO - Filling up the DagBag from /home/airflow/.local/lib/python3.7/site-packages/airflow/example_dags/example_complex.py
[2023-04-01 15:11:30,598] {processor.py:651} INFO - DAG(s) dict_keys(['example_complex']) retrieved from /home/airflow/.local/lib/python3.7/site-packages/airflow/example_dags/example_complex.py
[2023-04-01 15:11:30,650] {logging_mixin.py:115} INFO - [2023-04-01 15:11:30,650] {dag.py:2371} INFO - Sync 1 DAGs
[2023-04-01 15:11:30,687] {logging_mixin.py:115} INFO - [2023-04-01 15:11:30,687] {dag.py:2919} INFO - Setting next_dagrun for example_complex to None, run_after=None
[2023-04-01 15:11:30,709] {processor.py:161} INFO - Processing /home/airflow/.local/lib/python3.7/site-packages/airflow/example_dags/example_complex.py took 0.145 seconds
[2023-04-01 15:12:01,839] {processor.py:153} INFO - Started process (PID=250) to work on /home/airflow/.local/lib/python3.7/site-packages/airflow/example_dags/example_complex.py
[2023-04-01 15:12:01,843] {processor.py:641} INFO - Processing file /home/airflow/.local/lib/python3.7/site-packages/airflow/example_dags/example_complex.py for tasks to queue
[2023-04-01 15:12:01,847] {logging_mixin.py:115} INFO - [2023-04-01 15:12:01,846] {dagbag.py:507} INFO - Filling up the DagBag from /home/airflow/.local/lib/python3.7/site-packages/airflow/example_dags/example_complex.py
[2023-04-01 15:12:01,886] {processor.py:651} INFO - DAG(s) dict_keys(['example_complex']) retrieved from /home/airflow/.local/lib/python3.7/site-packages/airflow/example_dags/example_complex.py
[2023-04-01 15:12:01,953] {logging_mixin.py:115} INFO - [2023-04-01 15:12:01,953] {dag.py:2371} INFO - Sync 1 DAGs
[2023-04-01 15:12:02,001] {logging_mixin.py:115} INFO - [2023-04-01 15:12:02,001] {dag.py:2919} INFO - Setting next_dagrun for example_complex to None, run_after=None
[2023-04-01 15:12:02,021] {processor.py:161} INFO - Processing /home/airflow/.local/lib/python3.7/site-packages/airflow/example_dags/example_complex.py took 0.202 seconds
[2023-04-01 15:12:32,426] {processor.py:153} INFO - Started process (PID=304) to work on /home/airflow/.local/lib/python3.7/site-packages/airflow/example_dags/example_complex.py
[2023-04-01 15:12:32,428] {processor.py:641} INFO - Processing file /home/airflow/.local/lib/python3.7/site-packages/airflow/example_dags/example_complex.py for tasks to queue
[2023-04-01 15:12:32,429] {logging_mixin.py:115} INFO - [2023-04-01 15:12:32,429] {dagbag.py:507} INFO - Filling up the DagBag from /home/airflow/.local/lib/python3.7/site-packages/airflow/example_dags/example_complex.py
[2023-04-01 15:12:32,452] {processor.py:651} INFO - DAG(s) dict_keys(['example_complex']) retrieved from /home/airflow/.local/lib/python3.7/site-packages/airflow/example_dags/example_complex.py
[2023-04-01 15:12:32,507] {logging_mixin.py:115} INFO - [2023-04-01 15:12:32,506] {dag.py:2371} INFO - Sync 1 DAGs
[2023-04-01 15:12:32,545] {logging_mixin.py:115} INFO - [2023-04-01 15:12:32,545] {dag.py:2919} INFO - Setting next_dagrun for example_complex to None, run_after=None
[2023-04-01 15:12:32,564] {processor.py:161} INFO - Processing /home/airflow/.local/lib/python3.7/site-packages/airflow/example_dags/example_complex.py took 0.143 seconds
[2023-04-01 15:13:03,545] {processor.py:153} INFO - Started process (PID=366) to work on /home/airflow/.local/lib/python3.7/site-packages/airflow/example_dags/example_complex.py
[2023-04-01 15:13:03,547] {processor.py:641} INFO - Processing file /home/airflow/.local/lib/python3.7/site-packages/airflow/example_dags/example_complex.py for tasks to queue
[2023-04-01 15:13:03,550] {logging_mixin.py:115} INFO - [2023-04-01 15:13:03,549] {dagbag.py:507} INFO - Filling up the DagBag from /home/airflow/.local/lib/python3.7/site-packages/airflow/example_dags/example_complex.py
[2023-04-01 15:13:03,575] {processor.py:651} INFO - DAG(s) dict_keys(['example_complex']) retrieved from /home/airflow/.local/lib/python3.7/site-packages/airflow/example_dags/example_complex.py
[2023-04-01 15:13:03,628] {logging_mixin.py:115} INFO - [2023-04-01 15:13:03,628] {dag.py:2371} INFO - Sync 1 DAGs
[2023-04-01 15:13:03,664] {logging_mixin.py:115} INFO - [2023-04-01 15:13:03,664] {dag.py:2919} INFO - Setting next_dagrun for example_complex to None, run_after=None
[2023-04-01 15:13:03,683] {processor.py:161} INFO - Processing /home/airflow/.local/lib/python3.7/site-packages/airflow/example_dags/example_complex.py took 0.146 seconds
[2023-04-01 15:13:34,048] {processor.py:153} INFO - Started process (PID=420) to work on /home/airflow/.local/lib/python3.7/site-packages/airflow/example_dags/example_complex.py
[2023-04-01 15:13:34,050] {processor.py:641} INFO - Processing file /home/airflow/.local/lib/python3.7/site-packages/airflow/example_dags/example_complex.py for tasks to queue
[2023-04-01 15:13:34,052] {logging_mixin.py:115} INFO - [2023-04-01 15:13:34,052] {dagbag.py:507} INFO - Filling up the DagBag from /home/airflow/.local/lib/python3.7/site-packages/airflow/example_dags/example_complex.py
[2023-04-01 15:13:34,081] {processor.py:651} INFO - DAG(s) dict_keys(['example_complex']) retrieved from /home/airflow/.local/lib/python3.7/site-packages/airflow/example_dags/example_complex.py
[2023-04-01 15:13:34,149] {logging_mixin.py:115} INFO - [2023-04-01 15:13:34,149] {dag.py:2371} INFO - Sync 1 DAGs
[2023-04-01 15:13:34,191] {logging_mixin.py:115} INFO - [2023-04-01 15:13:34,191] {dag.py:2919} INFO - Setting next_dagrun for example_complex to None, run_after=None
[2023-04-01 15:13:34,214] {processor.py:161} INFO - Processing /home/airflow/.local/lib/python3.7/site-packages/airflow/example_dags/example_complex.py took 0.171 seconds
[2023-04-01 15:14:05,101] {processor.py:153} INFO - Started process (PID=484) to work on /home/airflow/.local/lib/python3.7/site-packages/airflow/example_dags/example_complex.py
[2023-04-01 15:14:05,103] {processor.py:641} INFO - Processing file /home/airflow/.local/lib/python3.7/site-packages/airflow/example_dags/example_complex.py for tasks to queue
[2023-04-01 15:14:05,104] {logging_mixin.py:115} INFO - [2023-04-01 15:14:05,104] {dagbag.py:507} INFO - Filling up the DagBag from /home/airflow/.local/lib/python3.7/site-packages/airflow/example_dags/example_complex.py
[2023-04-01 15:14:05,127] {processor.py:651} INFO - DAG(s) dict_keys(['example_complex']) retrieved from /home/airflow/.local/lib/python3.7/site-packages/airflow/example_dags/example_complex.py
[2023-04-01 15:14:05,178] {logging_mixin.py:115} INFO - [2023-04-01 15:14:05,178] {dag.py:2371} INFO - Sync 1 DAGs
[2023-04-01 15:14:05,215] {logging_mixin.py:115} INFO - [2023-04-01 15:14:05,215] {dag.py:2919} INFO - Setting next_dagrun for example_complex to None, run_after=None
[2023-04-01 15:14:05,237] {processor.py:161} INFO - Processing /home/airflow/.local/lib/python3.7/site-packages/airflow/example_dags/example_complex.py took 0.142 seconds
[2023-04-01 15:14:35,700] {processor.py:153} INFO - Started process (PID=538) to work on /home/airflow/.local/lib/python3.7/site-packages/airflow/example_dags/example_complex.py
[2023-04-01 15:14:35,702] {processor.py:641} INFO - Processing file /home/airflow/.local/lib/python3.7/site-packages/airflow/example_dags/example_complex.py for tasks to queue
[2023-04-01 15:14:35,704] {logging_mixin.py:115} INFO - [2023-04-01 15:14:35,704] {dagbag.py:507} INFO - Filling up the DagBag from /home/airflow/.local/lib/python3.7/site-packages/airflow/example_dags/example_complex.py
[2023-04-01 15:14:35,738] {processor.py:651} INFO - DAG(s) dict_keys(['example_complex']) retrieved from /home/airflow/.local/lib/python3.7/site-packages/airflow/example_dags/example_complex.py
[2023-04-01 15:14:35,821] {logging_mixin.py:115} INFO - [2023-04-01 15:14:35,821] {dag.py:2371} INFO - Sync 1 DAGs
[2023-04-01 15:14:35,909] {logging_mixin.py:115} INFO - [2023-04-01 15:14:35,909] {dag.py:2919} INFO - Setting next_dagrun for example_complex to None, run_after=None
[2023-04-01 15:14:35,960] {processor.py:161} INFO - Processing /home/airflow/.local/lib/python3.7/site-packages/airflow/example_dags/example_complex.py took 0.265 seconds
[2023-04-01 15:15:06,171] {processor.py:153} INFO - Started process (PID=599) to work on /home/airflow/.local/lib/python3.7/site-packages/airflow/example_dags/example_complex.py
[2023-04-01 15:15:06,173] {processor.py:641} INFO - Processing file /home/airflow/.local/lib/python3.7/site-packages/airflow/example_dags/example_complex.py for tasks to queue
[2023-04-01 15:15:06,174] {logging_mixin.py:115} INFO - [2023-04-01 15:15:06,174] {dagbag.py:507} INFO - Filling up the DagBag from /home/airflow/.local/lib/python3.7/site-packages/airflow/example_dags/example_complex.py
[2023-04-01 15:15:06,195] {processor.py:651} INFO - DAG(s) dict_keys(['example_complex']) retrieved from /home/airflow/.local/lib/python3.7/site-packages/airflow/example_dags/example_complex.py
[2023-04-01 15:15:06,245] {logging_mixin.py:115} INFO - [2023-04-01 15:15:06,245] {dag.py:2371} INFO - Sync 1 DAGs
[2023-04-01 15:15:06,278] {logging_mixin.py:115} INFO - [2023-04-01 15:15:06,278] {dag.py:2919} INFO - Setting next_dagrun for example_complex to None, run_after=None
[2023-04-01 15:15:06,296] {processor.py:161} INFO - Processing /home/airflow/.local/lib/python3.7/site-packages/airflow/example_dags/example_complex.py took 0.130 seconds
[2023-04-01 15:15:36,505] {processor.py:153} INFO - Started process (PID=654) to work on /home/airflow/.local/lib/python3.7/site-packages/airflow/example_dags/example_complex.py
[2023-04-01 15:15:36,510] {processor.py:641} INFO - Processing file /home/airflow/.local/lib/python3.7/site-packages/airflow/example_dags/example_complex.py for tasks to queue
[2023-04-01 15:15:36,513] {logging_mixin.py:115} INFO - [2023-04-01 15:15:36,513] {dagbag.py:507} INFO - Filling up the DagBag from /home/airflow/.local/lib/python3.7/site-packages/airflow/example_dags/example_complex.py
[2023-04-01 15:15:36,536] {processor.py:651} INFO - DAG(s) dict_keys(['example_complex']) retrieved from /home/airflow/.local/lib/python3.7/site-packages/airflow/example_dags/example_complex.py
[2023-04-01 15:15:36,584] {logging_mixin.py:115} INFO - [2023-04-01 15:15:36,584] {dag.py:2371} INFO - Sync 1 DAGs
[2023-04-01 15:15:36,617] {logging_mixin.py:115} INFO - [2023-04-01 15:15:36,617] {dag.py:2919} INFO - Setting next_dagrun for example_complex to None, run_after=None
[2023-04-01 15:15:36,635] {processor.py:161} INFO - Processing /home/airflow/.local/lib/python3.7/site-packages/airflow/example_dags/example_complex.py took 0.135 seconds
[2023-04-01 15:16:07,498] {processor.py:153} INFO - Started process (PID=717) to work on /home/airflow/.local/lib/python3.7/site-packages/airflow/example_dags/example_complex.py
[2023-04-01 15:16:07,500] {processor.py:641} INFO - Processing file /home/airflow/.local/lib/python3.7/site-packages/airflow/example_dags/example_complex.py for tasks to queue
[2023-04-01 15:16:07,502] {logging_mixin.py:115} INFO - [2023-04-01 15:16:07,501] {dagbag.py:507} INFO - Filling up the DagBag from /home/airflow/.local/lib/python3.7/site-packages/airflow/example_dags/example_complex.py
[2023-04-01 15:16:07,537] {processor.py:651} INFO - DAG(s) dict_keys(['example_complex']) retrieved from /home/airflow/.local/lib/python3.7/site-packages/airflow/example_dags/example_complex.py
[2023-04-01 15:16:07,601] {logging_mixin.py:115} INFO - [2023-04-01 15:16:07,601] {dag.py:2371} INFO - Sync 1 DAGs
[2023-04-01 15:16:07,645] {logging_mixin.py:115} INFO - [2023-04-01 15:16:07,644] {dag.py:2919} INFO - Setting next_dagrun for example_complex to None, run_after=None
[2023-04-01 15:16:07,674] {processor.py:161} INFO - Processing /home/airflow/.local/lib/python3.7/site-packages/airflow/example_dags/example_complex.py took 0.181 seconds
[2023-04-01 15:16:38,167] {processor.py:153} INFO - Started process (PID=771) to work on /home/airflow/.local/lib/python3.7/site-packages/airflow/example_dags/example_complex.py
[2023-04-01 15:16:38,170] {processor.py:641} INFO - Processing file /home/airflow/.local/lib/python3.7/site-packages/airflow/example_dags/example_complex.py for tasks to queue
[2023-04-01 15:16:38,172] {logging_mixin.py:115} INFO - [2023-04-01 15:16:38,172] {dagbag.py:507} INFO - Filling up the DagBag from /home/airflow/.local/lib/python3.7/site-packages/airflow/example_dags/example_complex.py
[2023-04-01 15:16:38,208] {processor.py:651} INFO - DAG(s) dict_keys(['example_complex']) retrieved from /home/airflow/.local/lib/python3.7/site-packages/airflow/example_dags/example_complex.py
[2023-04-01 15:16:38,282] {logging_mixin.py:115} INFO - [2023-04-01 15:16:38,282] {dag.py:2371} INFO - Sync 1 DAGs
[2023-04-01 15:16:38,331] {logging_mixin.py:115} INFO - [2023-04-01 15:16:38,330] {dag.py:2919} INFO - Setting next_dagrun for example_complex to None, run_after=None
[2023-04-01 15:16:38,354] {processor.py:161} INFO - Processing /home/airflow/.local/lib/python3.7/site-packages/airflow/example_dags/example_complex.py took 0.194 seconds
[2023-04-01 15:17:08,988] {processor.py:153} INFO - Started process (PID=834) to work on /home/airflow/.local/lib/python3.7/site-packages/airflow/example_dags/example_complex.py
[2023-04-01 15:17:08,990] {processor.py:641} INFO - Processing file /home/airflow/.local/lib/python3.7/site-packages/airflow/example_dags/example_complex.py for tasks to queue
[2023-04-01 15:17:08,992] {logging_mixin.py:115} INFO - [2023-04-01 15:17:08,991] {dagbag.py:507} INFO - Filling up the DagBag from /home/airflow/.local/lib/python3.7/site-packages/airflow/example_dags/example_complex.py
[2023-04-01 15:17:09,032] {processor.py:651} INFO - DAG(s) dict_keys(['example_complex']) retrieved from /home/airflow/.local/lib/python3.7/site-packages/airflow/example_dags/example_complex.py
[2023-04-01 15:17:09,105] {logging_mixin.py:115} INFO - [2023-04-01 15:17:09,105] {dag.py:2371} INFO - Sync 1 DAGs
[2023-04-01 15:17:09,153] {logging_mixin.py:115} INFO - [2023-04-01 15:17:09,153] {dag.py:2919} INFO - Setting next_dagrun for example_complex to None, run_after=None
[2023-04-01 15:17:09,180] {processor.py:161} INFO - Processing /home/airflow/.local/lib/python3.7/site-packages/airflow/example_dags/example_complex.py took 0.197 seconds
[2023-04-01 15:17:40,202] {processor.py:153} INFO - Started process (PID=897) to work on /home/airflow/.local/lib/python3.7/site-packages/airflow/example_dags/example_complex.py
[2023-04-01 15:17:40,204] {processor.py:641} INFO - Processing file /home/airflow/.local/lib/python3.7/site-packages/airflow/example_dags/example_complex.py for tasks to queue
[2023-04-01 15:17:40,205] {logging_mixin.py:115} INFO - [2023-04-01 15:17:40,205] {dagbag.py:507} INFO - Filling up the DagBag from /home/airflow/.local/lib/python3.7/site-packages/airflow/example_dags/example_complex.py
[2023-04-01 15:17:40,228] {processor.py:651} INFO - DAG(s) dict_keys(['example_complex']) retrieved from /home/airflow/.local/lib/python3.7/site-packages/airflow/example_dags/example_complex.py
[2023-04-01 15:17:40,294] {logging_mixin.py:115} INFO - [2023-04-01 15:17:40,294] {dag.py:2371} INFO - Sync 1 DAGs
[2023-04-01 15:17:40,335] {logging_mixin.py:115} INFO - [2023-04-01 15:17:40,335] {dag.py:2919} INFO - Setting next_dagrun for example_complex to None, run_after=None
[2023-04-01 15:17:40,361] {processor.py:161} INFO - Processing /home/airflow/.local/lib/python3.7/site-packages/airflow/example_dags/example_complex.py took 0.165 seconds
[2023-04-01 15:18:10,707] {processor.py:153} INFO - Started process (PID=954) to work on /home/airflow/.local/lib/python3.7/site-packages/airflow/example_dags/example_complex.py
[2023-04-01 15:18:10,709] {processor.py:641} INFO - Processing file /home/airflow/.local/lib/python3.7/site-packages/airflow/example_dags/example_complex.py for tasks to queue
[2023-04-01 15:18:10,710] {logging_mixin.py:115} INFO - [2023-04-01 15:18:10,710] {dagbag.py:507} INFO - Filling up the DagBag from /home/airflow/.local/lib/python3.7/site-packages/airflow/example_dags/example_complex.py
[2023-04-01 15:18:10,731] {processor.py:651} INFO - DAG(s) dict_keys(['example_complex']) retrieved from /home/airflow/.local/lib/python3.7/site-packages/airflow/example_dags/example_complex.py
[2023-04-01 15:18:10,793] {logging_mixin.py:115} INFO - [2023-04-01 15:18:10,793] {dag.py:2371} INFO - Sync 1 DAGs
[2023-04-01 15:18:10,828] {logging_mixin.py:115} INFO - [2023-04-01 15:18:10,828] {dag.py:2919} INFO - Setting next_dagrun for example_complex to None, run_after=None
[2023-04-01 15:18:10,847] {processor.py:161} INFO - Processing /home/airflow/.local/lib/python3.7/site-packages/airflow/example_dags/example_complex.py took 0.144 seconds
[2023-04-01 15:18:41,080] {processor.py:153} INFO - Started process (PID=1008) to work on /home/airflow/.local/lib/python3.7/site-packages/airflow/example_dags/example_complex.py
[2023-04-01 15:18:41,081] {processor.py:641} INFO - Processing file /home/airflow/.local/lib/python3.7/site-packages/airflow/example_dags/example_complex.py for tasks to queue
[2023-04-01 15:18:41,083] {logging_mixin.py:115} INFO - [2023-04-01 15:18:41,083] {dagbag.py:507} INFO - Filling up the DagBag from /home/airflow/.local/lib/python3.7/site-packages/airflow/example_dags/example_complex.py
[2023-04-01 15:18:41,103] {processor.py:651} INFO - DAG(s) dict_keys(['example_complex']) retrieved from /home/airflow/.local/lib/python3.7/site-packages/airflow/example_dags/example_complex.py
[2023-04-01 15:18:41,151] {logging_mixin.py:115} INFO - [2023-04-01 15:18:41,151] {dag.py:2371} INFO - Sync 1 DAGs
[2023-04-01 15:18:41,188] {logging_mixin.py:115} INFO - [2023-04-01 15:18:41,188] {dag.py:2919} INFO - Setting next_dagrun for example_complex to None, run_after=None
[2023-04-01 15:18:41,212] {processor.py:161} INFO - Processing /home/airflow/.local/lib/python3.7/site-packages/airflow/example_dags/example_complex.py took 0.137 seconds
[2023-04-01 15:19:11,385] {processor.py:153} INFO - Started process (PID=1071) to work on /home/airflow/.local/lib/python3.7/site-packages/airflow/example_dags/example_complex.py
[2023-04-01 15:19:11,387] {processor.py:641} INFO - Processing file /home/airflow/.local/lib/python3.7/site-packages/airflow/example_dags/example_complex.py for tasks to queue
[2023-04-01 15:19:11,388] {logging_mixin.py:115} INFO - [2023-04-01 15:19:11,388] {dagbag.py:507} INFO - Filling up the DagBag from /home/airflow/.local/lib/python3.7/site-packages/airflow/example_dags/example_complex.py
[2023-04-01 15:19:11,410] {processor.py:651} INFO - DAG(s) dict_keys(['example_complex']) retrieved from /home/airflow/.local/lib/python3.7/site-packages/airflow/example_dags/example_complex.py
[2023-04-01 15:19:11,459] {logging_mixin.py:115} INFO - [2023-04-01 15:19:11,458] {dag.py:2371} INFO - Sync 1 DAGs
[2023-04-01 15:19:11,493] {logging_mixin.py:115} INFO - [2023-04-01 15:19:11,493] {dag.py:2919} INFO - Setting next_dagrun for example_complex to None, run_after=None
[2023-04-01 15:19:11,511] {processor.py:161} INFO - Processing /home/airflow/.local/lib/python3.7/site-packages/airflow/example_dags/example_complex.py took 0.132 seconds
[2023-04-01 15:19:42,010] {processor.py:153} INFO - Started process (PID=1126) to work on /home/airflow/.local/lib/python3.7/site-packages/airflow/example_dags/example_complex.py
[2023-04-01 15:19:42,011] {processor.py:641} INFO - Processing file /home/airflow/.local/lib/python3.7/site-packages/airflow/example_dags/example_complex.py for tasks to queue
[2023-04-01 15:19:42,013] {logging_mixin.py:115} INFO - [2023-04-01 15:19:42,013] {dagbag.py:507} INFO - Filling up the DagBag from /home/airflow/.local/lib/python3.7/site-packages/airflow/example_dags/example_complex.py
[2023-04-01 15:19:42,037] {processor.py:651} INFO - DAG(s) dict_keys(['example_complex']) retrieved from /home/airflow/.local/lib/python3.7/site-packages/airflow/example_dags/example_complex.py
[2023-04-01 15:19:42,083] {logging_mixin.py:115} INFO - [2023-04-01 15:19:42,083] {dag.py:2371} INFO - Sync 1 DAGs
[2023-04-01 15:19:42,115] {logging_mixin.py:115} INFO - [2023-04-01 15:19:42,115] {dag.py:2919} INFO - Setting next_dagrun for example_complex to None, run_after=None
[2023-04-01 15:19:42,132] {processor.py:161} INFO - Processing /home/airflow/.local/lib/python3.7/site-packages/airflow/example_dags/example_complex.py took 0.128 seconds
[2023-04-01 15:20:13,375] {processor.py:153} INFO - Started process (PID=1190) to work on /home/airflow/.local/lib/python3.7/site-packages/airflow/example_dags/example_complex.py
[2023-04-01 15:20:13,378] {processor.py:641} INFO - Processing file /home/airflow/.local/lib/python3.7/site-packages/airflow/example_dags/example_complex.py for tasks to queue
[2023-04-01 15:20:13,379] {logging_mixin.py:115} INFO - [2023-04-01 15:20:13,379] {dagbag.py:507} INFO - Filling up the DagBag from /home/airflow/.local/lib/python3.7/site-packages/airflow/example_dags/example_complex.py
[2023-04-01 15:20:13,400] {processor.py:651} INFO - DAG(s) dict_keys(['example_complex']) retrieved from /home/airflow/.local/lib/python3.7/site-packages/airflow/example_dags/example_complex.py
[2023-04-01 15:20:13,454] {logging_mixin.py:115} INFO - [2023-04-01 15:20:13,453] {dag.py:2371} INFO - Sync 1 DAGs
[2023-04-01 15:20:13,494] {logging_mixin.py:115} INFO - [2023-04-01 15:20:13,494] {dag.py:2919} INFO - Setting next_dagrun for example_complex to None, run_after=None
[2023-04-01 15:20:13,514] {processor.py:161} INFO - Processing /home/airflow/.local/lib/python3.7/site-packages/airflow/example_dags/example_complex.py took 0.143 seconds
[2023-04-01 15:20:44,257] {processor.py:153} INFO - Started process (PID=1246) to work on /home/airflow/.local/lib/python3.7/site-packages/airflow/example_dags/example_complex.py
[2023-04-01 15:20:44,259] {processor.py:641} INFO - Processing file /home/airflow/.local/lib/python3.7/site-packages/airflow/example_dags/example_complex.py for tasks to queue
[2023-04-01 15:20:44,260] {logging_mixin.py:115} INFO - [2023-04-01 15:20:44,260] {dagbag.py:507} INFO - Filling up the DagBag from /home/airflow/.local/lib/python3.7/site-packages/airflow/example_dags/example_complex.py
[2023-04-01 15:20:44,291] {processor.py:651} INFO - DAG(s) dict_keys(['example_complex']) retrieved from /home/airflow/.local/lib/python3.7/site-packages/airflow/example_dags/example_complex.py
[2023-04-01 15:20:44,342] {logging_mixin.py:115} INFO - [2023-04-01 15:20:44,341] {dag.py:2371} INFO - Sync 1 DAGs
[2023-04-01 15:20:44,376] {logging_mixin.py:115} INFO - [2023-04-01 15:20:44,376] {dag.py:2919} INFO - Setting next_dagrun for example_complex to None, run_after=None
[2023-04-01 15:20:44,392] {processor.py:161} INFO - Processing /home/airflow/.local/lib/python3.7/site-packages/airflow/example_dags/example_complex.py took 0.141 seconds
[2023-04-01 15:21:15,601] {processor.py:153} INFO - Started process (PID=1309) to work on /home/airflow/.local/lib/python3.7/site-packages/airflow/example_dags/example_complex.py
[2023-04-01 15:21:15,602] {processor.py:641} INFO - Processing file /home/airflow/.local/lib/python3.7/site-packages/airflow/example_dags/example_complex.py for tasks to queue
[2023-04-01 15:21:15,604] {logging_mixin.py:115} INFO - [2023-04-01 15:21:15,604] {dagbag.py:507} INFO - Filling up the DagBag from /home/airflow/.local/lib/python3.7/site-packages/airflow/example_dags/example_complex.py
[2023-04-01 15:21:15,634] {processor.py:651} INFO - DAG(s) dict_keys(['example_complex']) retrieved from /home/airflow/.local/lib/python3.7/site-packages/airflow/example_dags/example_complex.py
[2023-04-01 15:21:15,686] {logging_mixin.py:115} INFO - [2023-04-01 15:21:15,686] {dag.py:2371} INFO - Sync 1 DAGs
[2023-04-01 15:21:15,719] {logging_mixin.py:115} INFO - [2023-04-01 15:21:15,719] {dag.py:2919} INFO - Setting next_dagrun for example_complex to None, run_after=None
[2023-04-01 15:21:15,748] {processor.py:161} INFO - Processing /home/airflow/.local/lib/python3.7/site-packages/airflow/example_dags/example_complex.py took 0.153 seconds
[2023-04-01 15:21:46,627] {processor.py:153} INFO - Started process (PID=1363) to work on /home/airflow/.local/lib/python3.7/site-packages/airflow/example_dags/example_complex.py
[2023-04-01 15:21:46,629] {processor.py:641} INFO - Processing file /home/airflow/.local/lib/python3.7/site-packages/airflow/example_dags/example_complex.py for tasks to queue
[2023-04-01 15:21:46,630] {logging_mixin.py:115} INFO - [2023-04-01 15:21:46,630] {dagbag.py:507} INFO - Filling up the DagBag from /home/airflow/.local/lib/python3.7/site-packages/airflow/example_dags/example_complex.py
[2023-04-01 15:21:46,651] {processor.py:651} INFO - DAG(s) dict_keys(['example_complex']) retrieved from /home/airflow/.local/lib/python3.7/site-packages/airflow/example_dags/example_complex.py
[2023-04-01 15:21:46,699] {logging_mixin.py:115} INFO - [2023-04-01 15:21:46,699] {dag.py:2371} INFO - Sync 1 DAGs
[2023-04-01 15:21:46,730] {logging_mixin.py:115} INFO - [2023-04-01 15:21:46,730] {dag.py:2919} INFO - Setting next_dagrun for example_complex to None, run_after=None
[2023-04-01 15:21:46,747] {processor.py:161} INFO - Processing /home/airflow/.local/lib/python3.7/site-packages/airflow/example_dags/example_complex.py took 0.125 seconds
[2023-04-01 15:22:17,327] {processor.py:153} INFO - Started process (PID=1426) to work on /home/airflow/.local/lib/python3.7/site-packages/airflow/example_dags/example_complex.py
[2023-04-01 15:22:17,329] {processor.py:641} INFO - Processing file /home/airflow/.local/lib/python3.7/site-packages/airflow/example_dags/example_complex.py for tasks to queue
[2023-04-01 15:22:17,330] {logging_mixin.py:115} INFO - [2023-04-01 15:22:17,330] {dagbag.py:507} INFO - Filling up the DagBag from /home/airflow/.local/lib/python3.7/site-packages/airflow/example_dags/example_complex.py
[2023-04-01 15:22:17,351] {processor.py:651} INFO - DAG(s) dict_keys(['example_complex']) retrieved from /home/airflow/.local/lib/python3.7/site-packages/airflow/example_dags/example_complex.py
[2023-04-01 15:22:17,396] {logging_mixin.py:115} INFO - [2023-04-01 15:22:17,396] {dag.py:2371} INFO - Sync 1 DAGs
[2023-04-01 15:22:17,429] {logging_mixin.py:115} INFO - [2023-04-01 15:22:17,429] {dag.py:2919} INFO - Setting next_dagrun for example_complex to None, run_after=None
[2023-04-01 15:22:17,445] {processor.py:161} INFO - Processing /home/airflow/.local/lib/python3.7/site-packages/airflow/example_dags/example_complex.py took 0.122 seconds
[2023-04-01 15:22:47,784] {processor.py:153} INFO - Started process (PID=1488) to work on /home/airflow/.local/lib/python3.7/site-packages/airflow/example_dags/example_complex.py
[2023-04-01 15:22:47,786] {processor.py:641} INFO - Processing file /home/airflow/.local/lib/python3.7/site-packages/airflow/example_dags/example_complex.py for tasks to queue
[2023-04-01 15:22:47,787] {logging_mixin.py:115} INFO - [2023-04-01 15:22:47,787] {dagbag.py:507} INFO - Filling up the DagBag from /home/airflow/.local/lib/python3.7/site-packages/airflow/example_dags/example_complex.py
[2023-04-01 15:22:47,815] {processor.py:651} INFO - DAG(s) dict_keys(['example_complex']) retrieved from /home/airflow/.local/lib/python3.7/site-packages/airflow/example_dags/example_complex.py
[2023-04-01 15:22:47,879] {logging_mixin.py:115} INFO - [2023-04-01 15:22:47,879] {dag.py:2371} INFO - Sync 1 DAGs
[2023-04-01 15:22:47,923] {logging_mixin.py:115} INFO - [2023-04-01 15:22:47,923] {dag.py:2919} INFO - Setting next_dagrun for example_complex to None, run_after=None
[2023-04-01 15:22:47,947] {processor.py:161} INFO - Processing /home/airflow/.local/lib/python3.7/site-packages/airflow/example_dags/example_complex.py took 0.168 seconds
[2023-04-01 15:23:18,003] {processor.py:153} INFO - Started process (PID=1542) to work on /home/airflow/.local/lib/python3.7/site-packages/airflow/example_dags/example_complex.py
[2023-04-01 15:23:18,005] {processor.py:641} INFO - Processing file /home/airflow/.local/lib/python3.7/site-packages/airflow/example_dags/example_complex.py for tasks to queue
[2023-04-01 15:23:18,006] {logging_mixin.py:115} INFO - [2023-04-01 15:23:18,006] {dagbag.py:507} INFO - Filling up the DagBag from /home/airflow/.local/lib/python3.7/site-packages/airflow/example_dags/example_complex.py
[2023-04-01 15:23:18,028] {processor.py:651} INFO - DAG(s) dict_keys(['example_complex']) retrieved from /home/airflow/.local/lib/python3.7/site-packages/airflow/example_dags/example_complex.py
[2023-04-01 15:23:18,076] {logging_mixin.py:115} INFO - [2023-04-01 15:23:18,076] {dag.py:2371} INFO - Sync 1 DAGs
[2023-04-01 15:23:18,115] {logging_mixin.py:115} INFO - [2023-04-01 15:23:18,115] {dag.py:2919} INFO - Setting next_dagrun for example_complex to None, run_after=None
[2023-04-01 15:23:18,136] {processor.py:161} INFO - Processing /home/airflow/.local/lib/python3.7/site-packages/airflow/example_dags/example_complex.py took 0.138 seconds
[2023-04-01 15:23:49,219] {processor.py:153} INFO - Started process (PID=1605) to work on /home/airflow/.local/lib/python3.7/site-packages/airflow/example_dags/example_complex.py
[2023-04-01 15:23:49,221] {processor.py:641} INFO - Processing file /home/airflow/.local/lib/python3.7/site-packages/airflow/example_dags/example_complex.py for tasks to queue
[2023-04-01 15:23:49,222] {logging_mixin.py:115} INFO - [2023-04-01 15:23:49,222] {dagbag.py:507} INFO - Filling up the DagBag from /home/airflow/.local/lib/python3.7/site-packages/airflow/example_dags/example_complex.py
[2023-04-01 15:23:49,243] {processor.py:651} INFO - DAG(s) dict_keys(['example_complex']) retrieved from /home/airflow/.local/lib/python3.7/site-packages/airflow/example_dags/example_complex.py
[2023-04-01 15:23:49,291] {logging_mixin.py:115} INFO - [2023-04-01 15:23:49,291] {dag.py:2371} INFO - Sync 1 DAGs
[2023-04-01 15:23:49,322] {logging_mixin.py:115} INFO - [2023-04-01 15:23:49,322] {dag.py:2919} INFO - Setting next_dagrun for example_complex to None, run_after=None
[2023-04-01 15:23:49,338] {processor.py:161} INFO - Processing /home/airflow/.local/lib/python3.7/site-packages/airflow/example_dags/example_complex.py took 0.124 seconds
[2023-04-01 15:24:20,473] {processor.py:153} INFO - Started process (PID=1659) to work on /home/airflow/.local/lib/python3.7/site-packages/airflow/example_dags/example_complex.py
[2023-04-01 15:24:20,475] {processor.py:641} INFO - Processing file /home/airflow/.local/lib/python3.7/site-packages/airflow/example_dags/example_complex.py for tasks to queue
[2023-04-01 15:24:20,476] {logging_mixin.py:115} INFO - [2023-04-01 15:24:20,476] {dagbag.py:507} INFO - Filling up the DagBag from /home/airflow/.local/lib/python3.7/site-packages/airflow/example_dags/example_complex.py
[2023-04-01 15:24:20,497] {processor.py:651} INFO - DAG(s) dict_keys(['example_complex']) retrieved from /home/airflow/.local/lib/python3.7/site-packages/airflow/example_dags/example_complex.py
[2023-04-01 15:24:20,544] {logging_mixin.py:115} INFO - [2023-04-01 15:24:20,544] {dag.py:2371} INFO - Sync 1 DAGs
[2023-04-01 15:24:20,577] {logging_mixin.py:115} INFO - [2023-04-01 15:24:20,577] {dag.py:2919} INFO - Setting next_dagrun for example_complex to None, run_after=None
[2023-04-01 15:24:20,594] {processor.py:161} INFO - Processing /home/airflow/.local/lib/python3.7/site-packages/airflow/example_dags/example_complex.py took 0.125 seconds
[2023-04-01 15:24:50,859] {processor.py:153} INFO - Started process (PID=1722) to work on /home/airflow/.local/lib/python3.7/site-packages/airflow/example_dags/example_complex.py
[2023-04-01 15:24:50,860] {processor.py:641} INFO - Processing file /home/airflow/.local/lib/python3.7/site-packages/airflow/example_dags/example_complex.py for tasks to queue
[2023-04-01 15:24:50,862] {logging_mixin.py:115} INFO - [2023-04-01 15:24:50,862] {dagbag.py:507} INFO - Filling up the DagBag from /home/airflow/.local/lib/python3.7/site-packages/airflow/example_dags/example_complex.py
[2023-04-01 15:24:50,883] {processor.py:651} INFO - DAG(s) dict_keys(['example_complex']) retrieved from /home/airflow/.local/lib/python3.7/site-packages/airflow/example_dags/example_complex.py
[2023-04-01 15:24:50,935] {logging_mixin.py:115} INFO - [2023-04-01 15:24:50,935] {dag.py:2371} INFO - Sync 1 DAGs
[2023-04-01 15:24:50,970] {logging_mixin.py:115} INFO - [2023-04-01 15:24:50,970] {dag.py:2919} INFO - Setting next_dagrun for example_complex to None, run_after=None
[2023-04-01 15:24:50,988] {processor.py:161} INFO - Processing /home/airflow/.local/lib/python3.7/site-packages/airflow/example_dags/example_complex.py took 0.135 seconds
[2023-04-01 15:25:21,825] {processor.py:153} INFO - Started process (PID=1776) to work on /home/airflow/.local/lib/python3.7/site-packages/airflow/example_dags/example_complex.py
[2023-04-01 15:25:21,827] {processor.py:641} INFO - Processing file /home/airflow/.local/lib/python3.7/site-packages/airflow/example_dags/example_complex.py for tasks to queue
[2023-04-01 15:25:21,829] {logging_mixin.py:115} INFO - [2023-04-01 15:25:21,829] {dagbag.py:507} INFO - Filling up the DagBag from /home/airflow/.local/lib/python3.7/site-packages/airflow/example_dags/example_complex.py
[2023-04-01 15:25:21,852] {processor.py:651} INFO - DAG(s) dict_keys(['example_complex']) retrieved from /home/airflow/.local/lib/python3.7/site-packages/airflow/example_dags/example_complex.py
[2023-04-01 15:25:21,904] {logging_mixin.py:115} INFO - [2023-04-01 15:25:21,903] {dag.py:2371} INFO - Sync 1 DAGs
[2023-04-01 15:25:21,937] {logging_mixin.py:115} INFO - [2023-04-01 15:25:21,937] {dag.py:2919} INFO - Setting next_dagrun for example_complex to None, run_after=None
[2023-04-01 15:25:21,955] {processor.py:161} INFO - Processing /home/airflow/.local/lib/python3.7/site-packages/airflow/example_dags/example_complex.py took 0.136 seconds
[2023-04-01 15:25:52,657] {processor.py:153} INFO - Started process (PID=1839) to work on /home/airflow/.local/lib/python3.7/site-packages/airflow/example_dags/example_complex.py
[2023-04-01 15:25:52,658] {processor.py:641} INFO - Processing file /home/airflow/.local/lib/python3.7/site-packages/airflow/example_dags/example_complex.py for tasks to queue
[2023-04-01 15:25:52,660] {logging_mixin.py:115} INFO - [2023-04-01 15:25:52,660] {dagbag.py:507} INFO - Filling up the DagBag from /home/airflow/.local/lib/python3.7/site-packages/airflow/example_dags/example_complex.py
[2023-04-01 15:25:52,681] {processor.py:651} INFO - DAG(s) dict_keys(['example_complex']) retrieved from /home/airflow/.local/lib/python3.7/site-packages/airflow/example_dags/example_complex.py
[2023-04-01 15:25:52,727] {logging_mixin.py:115} INFO - [2023-04-01 15:25:52,726] {dag.py:2371} INFO - Sync 1 DAGs
[2023-04-01 15:25:52,758] {logging_mixin.py:115} INFO - [2023-04-01 15:25:52,757] {dag.py:2919} INFO - Setting next_dagrun for example_complex to None, run_after=None
[2023-04-01 15:25:52,774] {processor.py:161} INFO - Processing /home/airflow/.local/lib/python3.7/site-packages/airflow/example_dags/example_complex.py took 0.121 seconds
[2023-04-01 15:26:23,045] {processor.py:153} INFO - Started process (PID=1893) to work on /home/airflow/.local/lib/python3.7/site-packages/airflow/example_dags/example_complex.py
[2023-04-01 15:26:23,047] {processor.py:641} INFO - Processing file /home/airflow/.local/lib/python3.7/site-packages/airflow/example_dags/example_complex.py for tasks to queue
[2023-04-01 15:26:23,048] {logging_mixin.py:115} INFO - [2023-04-01 15:26:23,048] {dagbag.py:507} INFO - Filling up the DagBag from /home/airflow/.local/lib/python3.7/site-packages/airflow/example_dags/example_complex.py
[2023-04-01 15:26:23,069] {processor.py:651} INFO - DAG(s) dict_keys(['example_complex']) retrieved from /home/airflow/.local/lib/python3.7/site-packages/airflow/example_dags/example_complex.py
[2023-04-01 15:26:23,115] {logging_mixin.py:115} INFO - [2023-04-01 15:26:23,115] {dag.py:2371} INFO - Sync 1 DAGs
[2023-04-01 15:26:23,147] {logging_mixin.py:115} INFO - [2023-04-01 15:26:23,146] {dag.py:2919} INFO - Setting next_dagrun for example_complex to None, run_after=None
[2023-04-01 15:26:23,163] {processor.py:161} INFO - Processing /home/airflow/.local/lib/python3.7/site-packages/airflow/example_dags/example_complex.py took 0.123 seconds
[2023-04-01 15:26:53,360] {processor.py:153} INFO - Started process (PID=1958) to work on /home/airflow/.local/lib/python3.7/site-packages/airflow/example_dags/example_complex.py
[2023-04-01 15:26:53,361] {processor.py:641} INFO - Processing file /home/airflow/.local/lib/python3.7/site-packages/airflow/example_dags/example_complex.py for tasks to queue
[2023-04-01 15:26:53,363] {logging_mixin.py:115} INFO - [2023-04-01 15:26:53,362] {dagbag.py:507} INFO - Filling up the DagBag from /home/airflow/.local/lib/python3.7/site-packages/airflow/example_dags/example_complex.py
[2023-04-01 15:26:53,387] {processor.py:651} INFO - DAG(s) dict_keys(['example_complex']) retrieved from /home/airflow/.local/lib/python3.7/site-packages/airflow/example_dags/example_complex.py
[2023-04-01 15:26:53,436] {logging_mixin.py:115} INFO - [2023-04-01 15:26:53,436] {dag.py:2371} INFO - Sync 1 DAGs
[2023-04-01 15:26:53,473] {logging_mixin.py:115} INFO - [2023-04-01 15:26:53,473] {dag.py:2919} INFO - Setting next_dagrun for example_complex to None, run_after=None
[2023-04-01 15:26:53,497] {processor.py:161} INFO - Processing /home/airflow/.local/lib/python3.7/site-packages/airflow/example_dags/example_complex.py took 0.142 seconds
[2023-04-01 15:27:24,193] {processor.py:153} INFO - Started process (PID=2012) to work on /home/airflow/.local/lib/python3.7/site-packages/airflow/example_dags/example_complex.py
[2023-04-01 15:27:24,194] {processor.py:641} INFO - Processing file /home/airflow/.local/lib/python3.7/site-packages/airflow/example_dags/example_complex.py for tasks to queue
[2023-04-01 15:27:24,196] {logging_mixin.py:115} INFO - [2023-04-01 15:27:24,195] {dagbag.py:507} INFO - Filling up the DagBag from /home/airflow/.local/lib/python3.7/site-packages/airflow/example_dags/example_complex.py
[2023-04-01 15:27:24,221] {processor.py:651} INFO - DAG(s) dict_keys(['example_complex']) retrieved from /home/airflow/.local/lib/python3.7/site-packages/airflow/example_dags/example_complex.py
[2023-04-01 15:27:24,267] {logging_mixin.py:115} INFO - [2023-04-01 15:27:24,267] {dag.py:2371} INFO - Sync 1 DAGs
[2023-04-01 15:27:24,299] {logging_mixin.py:115} INFO - [2023-04-01 15:27:24,298] {dag.py:2919} INFO - Setting next_dagrun for example_complex to None, run_after=None
[2023-04-01 15:27:24,315] {processor.py:161} INFO - Processing /home/airflow/.local/lib/python3.7/site-packages/airflow/example_dags/example_complex.py took 0.128 seconds
[2023-04-01 15:27:54,839] {processor.py:153} INFO - Started process (PID=2075) to work on /home/airflow/.local/lib/python3.7/site-packages/airflow/example_dags/example_complex.py
[2023-04-01 15:27:54,841] {processor.py:641} INFO - Processing file /home/airflow/.local/lib/python3.7/site-packages/airflow/example_dags/example_complex.py for tasks to queue
[2023-04-01 15:27:54,843] {logging_mixin.py:115} INFO - [2023-04-01 15:27:54,842] {dagbag.py:507} INFO - Filling up the DagBag from /home/airflow/.local/lib/python3.7/site-packages/airflow/example_dags/example_complex.py
[2023-04-01 15:27:54,865] {processor.py:651} INFO - DAG(s) dict_keys(['example_complex']) retrieved from /home/airflow/.local/lib/python3.7/site-packages/airflow/example_dags/example_complex.py
[2023-04-01 15:27:54,911] {logging_mixin.py:115} INFO - [2023-04-01 15:27:54,910] {dag.py:2371} INFO - Sync 1 DAGs
[2023-04-01 15:27:54,943] {logging_mixin.py:115} INFO - [2023-04-01 15:27:54,943] {dag.py:2919} INFO - Setting next_dagrun for example_complex to None, run_after=None
[2023-04-01 15:27:54,959] {processor.py:161} INFO - Processing /home/airflow/.local/lib/python3.7/site-packages/airflow/example_dags/example_complex.py took 0.125 seconds
[2023-04-01 15:28:25,653] {processor.py:153} INFO - Started process (PID=2139) to work on /home/airflow/.local/lib/python3.7/site-packages/airflow/example_dags/example_complex.py
[2023-04-01 15:28:25,655] {processor.py:641} INFO - Processing file /home/airflow/.local/lib/python3.7/site-packages/airflow/example_dags/example_complex.py for tasks to queue
[2023-04-01 15:28:25,657] {logging_mixin.py:115} INFO - [2023-04-01 15:28:25,657] {dagbag.py:507} INFO - Filling up the DagBag from /home/airflow/.local/lib/python3.7/site-packages/airflow/example_dags/example_complex.py
[2023-04-01 15:28:25,685] {processor.py:651} INFO - DAG(s) dict_keys(['example_complex']) retrieved from /home/airflow/.local/lib/python3.7/site-packages/airflow/example_dags/example_complex.py
[2023-04-01 15:28:25,751] {logging_mixin.py:115} INFO - [2023-04-01 15:28:25,751] {dag.py:2371} INFO - Sync 1 DAGs
[2023-04-01 15:28:25,792] {logging_mixin.py:115} INFO - [2023-04-01 15:28:25,792] {dag.py:2919} INFO - Setting next_dagrun for example_complex to None, run_after=None
[2023-04-01 15:28:25,815] {processor.py:161} INFO - Processing /home/airflow/.local/lib/python3.7/site-packages/airflow/example_dags/example_complex.py took 0.169 seconds
[2023-04-01 15:28:56,581] {processor.py:153} INFO - Started process (PID=2211) to work on /home/airflow/.local/lib/python3.7/site-packages/airflow/example_dags/example_complex.py
[2023-04-01 15:28:56,583] {processor.py:641} INFO - Processing file /home/airflow/.local/lib/python3.7/site-packages/airflow/example_dags/example_complex.py for tasks to queue
[2023-04-01 15:28:56,584] {logging_mixin.py:115} INFO - [2023-04-01 15:28:56,584] {dagbag.py:507} INFO - Filling up the DagBag from /home/airflow/.local/lib/python3.7/site-packages/airflow/example_dags/example_complex.py
[2023-04-01 15:28:56,607] {processor.py:651} INFO - DAG(s) dict_keys(['example_complex']) retrieved from /home/airflow/.local/lib/python3.7/site-packages/airflow/example_dags/example_complex.py
[2023-04-01 15:28:56,668] {logging_mixin.py:115} INFO - [2023-04-01 15:28:56,668] {dag.py:2371} INFO - Sync 1 DAGs
[2023-04-01 15:28:56,715] {logging_mixin.py:115} INFO - [2023-04-01 15:28:56,715] {dag.py:2919} INFO - Setting next_dagrun for example_complex to None, run_after=None
[2023-04-01 15:28:56,749] {processor.py:161} INFO - Processing /home/airflow/.local/lib/python3.7/site-packages/airflow/example_dags/example_complex.py took 0.173 seconds
[2023-04-01 15:29:27,439] {processor.py:153} INFO - Started process (PID=2265) to work on /home/airflow/.local/lib/python3.7/site-packages/airflow/example_dags/example_complex.py
[2023-04-01 15:29:27,442] {processor.py:641} INFO - Processing file /home/airflow/.local/lib/python3.7/site-packages/airflow/example_dags/example_complex.py for tasks to queue
[2023-04-01 15:29:27,447] {logging_mixin.py:115} INFO - [2023-04-01 15:29:27,447] {dagbag.py:507} INFO - Filling up the DagBag from /home/airflow/.local/lib/python3.7/site-packages/airflow/example_dags/example_complex.py
[2023-04-01 15:29:27,473] {processor.py:651} INFO - DAG(s) dict_keys(['example_complex']) retrieved from /home/airflow/.local/lib/python3.7/site-packages/airflow/example_dags/example_complex.py
[2023-04-01 15:29:27,537] {logging_mixin.py:115} INFO - [2023-04-01 15:29:27,537] {dag.py:2371} INFO - Sync 1 DAGs
[2023-04-01 15:29:27,581] {logging_mixin.py:115} INFO - [2023-04-01 15:29:27,581] {dag.py:2919} INFO - Setting next_dagrun for example_complex to None, run_after=None
[2023-04-01 15:29:27,602] {processor.py:161} INFO - Processing /home/airflow/.local/lib/python3.7/site-packages/airflow/example_dags/example_complex.py took 0.168 seconds
[2023-04-01 15:29:58,230] {processor.py:153} INFO - Started process (PID=2331) to work on /home/airflow/.local/lib/python3.7/site-packages/airflow/example_dags/example_complex.py
[2023-04-01 15:29:58,233] {processor.py:641} INFO - Processing file /home/airflow/.local/lib/python3.7/site-packages/airflow/example_dags/example_complex.py for tasks to queue
[2023-04-01 15:29:58,235] {logging_mixin.py:115} INFO - [2023-04-01 15:29:58,235] {dagbag.py:507} INFO - Filling up the DagBag from /home/airflow/.local/lib/python3.7/site-packages/airflow/example_dags/example_complex.py
[2023-04-01 15:29:58,262] {processor.py:651} INFO - DAG(s) dict_keys(['example_complex']) retrieved from /home/airflow/.local/lib/python3.7/site-packages/airflow/example_dags/example_complex.py
[2023-04-01 15:29:58,313] {logging_mixin.py:115} INFO - [2023-04-01 15:29:58,312] {dag.py:2371} INFO - Sync 1 DAGs
[2023-04-01 15:29:58,347] {logging_mixin.py:115} INFO - [2023-04-01 15:29:58,347] {dag.py:2919} INFO - Setting next_dagrun for example_complex to None, run_after=None
[2023-04-01 15:29:58,364] {processor.py:161} INFO - Processing /home/airflow/.local/lib/python3.7/site-packages/airflow/example_dags/example_complex.py took 0.147 seconds
[2023-04-01 15:30:28,732] {processor.py:153} INFO - Started process (PID=2401) to work on /home/airflow/.local/lib/python3.7/site-packages/airflow/example_dags/example_complex.py
[2023-04-01 15:30:28,735] {processor.py:641} INFO - Processing file /home/airflow/.local/lib/python3.7/site-packages/airflow/example_dags/example_complex.py for tasks to queue
[2023-04-01 15:30:28,736] {logging_mixin.py:115} INFO - [2023-04-01 15:30:28,736] {dagbag.py:507} INFO - Filling up the DagBag from /home/airflow/.local/lib/python3.7/site-packages/airflow/example_dags/example_complex.py
[2023-04-01 15:30:28,769] {processor.py:651} INFO - DAG(s) dict_keys(['example_complex']) retrieved from /home/airflow/.local/lib/python3.7/site-packages/airflow/example_dags/example_complex.py
[2023-04-01 15:30:28,822] {logging_mixin.py:115} INFO - [2023-04-01 15:30:28,822] {dag.py:2371} INFO - Sync 1 DAGs
[2023-04-01 15:30:28,876] {logging_mixin.py:115} INFO - [2023-04-01 15:30:28,876] {dag.py:2919} INFO - Setting next_dagrun for example_complex to None, run_after=None
[2023-04-01 15:30:28,903] {processor.py:161} INFO - Processing /home/airflow/.local/lib/python3.7/site-packages/airflow/example_dags/example_complex.py took 0.176 seconds
[2023-04-01 15:30:59,390] {processor.py:153} INFO - Started process (PID=2465) to work on /home/airflow/.local/lib/python3.7/site-packages/airflow/example_dags/example_complex.py
[2023-04-01 15:30:59,393] {processor.py:641} INFO - Processing file /home/airflow/.local/lib/python3.7/site-packages/airflow/example_dags/example_complex.py for tasks to queue
[2023-04-01 15:30:59,395] {logging_mixin.py:115} INFO - [2023-04-01 15:30:59,394] {dagbag.py:507} INFO - Filling up the DagBag from /home/airflow/.local/lib/python3.7/site-packages/airflow/example_dags/example_complex.py
[2023-04-01 15:30:59,426] {processor.py:651} INFO - DAG(s) dict_keys(['example_complex']) retrieved from /home/airflow/.local/lib/python3.7/site-packages/airflow/example_dags/example_complex.py
[2023-04-01 15:30:59,491] {logging_mixin.py:115} INFO - [2023-04-01 15:30:59,491] {dag.py:2371} INFO - Sync 1 DAGs
[2023-04-01 15:30:59,532] {logging_mixin.py:115} INFO - [2023-04-01 15:30:59,532] {dag.py:2919} INFO - Setting next_dagrun for example_complex to None, run_after=None
[2023-04-01 15:30:59,554] {processor.py:161} INFO - Processing /home/airflow/.local/lib/python3.7/site-packages/airflow/example_dags/example_complex.py took 0.172 seconds
[2023-04-01 15:31:29,693] {processor.py:153} INFO - Started process (PID=2527) to work on /home/airflow/.local/lib/python3.7/site-packages/airflow/example_dags/example_complex.py
[2023-04-01 15:31:29,694] {processor.py:641} INFO - Processing file /home/airflow/.local/lib/python3.7/site-packages/airflow/example_dags/example_complex.py for tasks to queue
[2023-04-01 15:31:29,696] {logging_mixin.py:115} INFO - [2023-04-01 15:31:29,696] {dagbag.py:507} INFO - Filling up the DagBag from /home/airflow/.local/lib/python3.7/site-packages/airflow/example_dags/example_complex.py
[2023-04-01 15:31:29,735] {processor.py:651} INFO - DAG(s) dict_keys(['example_complex']) retrieved from /home/airflow/.local/lib/python3.7/site-packages/airflow/example_dags/example_complex.py
[2023-04-01 15:31:29,797] {logging_mixin.py:115} INFO - [2023-04-01 15:31:29,797] {dag.py:2371} INFO - Sync 1 DAGs
[2023-04-01 15:31:29,841] {logging_mixin.py:115} INFO - [2023-04-01 15:31:29,841] {dag.py:2919} INFO - Setting next_dagrun for example_complex to None, run_after=None
[2023-04-01 15:31:29,861] {processor.py:161} INFO - Processing /home/airflow/.local/lib/python3.7/site-packages/airflow/example_dags/example_complex.py took 0.175 seconds
[2023-04-01 15:32:00,105] {processor.py:153} INFO - Started process (PID=2581) to work on /home/airflow/.local/lib/python3.7/site-packages/airflow/example_dags/example_complex.py
[2023-04-01 15:32:00,108] {processor.py:641} INFO - Processing file /home/airflow/.local/lib/python3.7/site-packages/airflow/example_dags/example_complex.py for tasks to queue
[2023-04-01 15:32:00,109] {logging_mixin.py:115} INFO - [2023-04-01 15:32:00,109] {dagbag.py:507} INFO - Filling up the DagBag from /home/airflow/.local/lib/python3.7/site-packages/airflow/example_dags/example_complex.py
[2023-04-01 15:32:00,131] {processor.py:651} INFO - DAG(s) dict_keys(['example_complex']) retrieved from /home/airflow/.local/lib/python3.7/site-packages/airflow/example_dags/example_complex.py
[2023-04-01 15:32:00,182] {logging_mixin.py:115} INFO - [2023-04-01 15:32:00,182] {dag.py:2371} INFO - Sync 1 DAGs
[2023-04-01 15:32:00,213] {logging_mixin.py:115} INFO - [2023-04-01 15:32:00,213] {dag.py:2919} INFO - Setting next_dagrun for example_complex to None, run_after=None
[2023-04-01 15:32:00,230] {processor.py:161} INFO - Processing /home/airflow/.local/lib/python3.7/site-packages/airflow/example_dags/example_complex.py took 0.132 seconds
[2023-04-01 15:32:31,282] {processor.py:153} INFO - Started process (PID=2644) to work on /home/airflow/.local/lib/python3.7/site-packages/airflow/example_dags/example_complex.py
[2023-04-01 15:32:31,284] {processor.py:641} INFO - Processing file /home/airflow/.local/lib/python3.7/site-packages/airflow/example_dags/example_complex.py for tasks to queue
[2023-04-01 15:32:31,286] {logging_mixin.py:115} INFO - [2023-04-01 15:32:31,286] {dagbag.py:507} INFO - Filling up the DagBag from /home/airflow/.local/lib/python3.7/site-packages/airflow/example_dags/example_complex.py
[2023-04-01 15:32:31,309] {processor.py:651} INFO - DAG(s) dict_keys(['example_complex']) retrieved from /home/airflow/.local/lib/python3.7/site-packages/airflow/example_dags/example_complex.py
[2023-04-01 15:32:31,377] {logging_mixin.py:115} INFO - [2023-04-01 15:32:31,376] {dag.py:2371} INFO - Sync 1 DAGs
[2023-04-01 15:32:31,421] {logging_mixin.py:115} INFO - [2023-04-01 15:32:31,421] {dag.py:2919} INFO - Setting next_dagrun for example_complex to None, run_after=None
[2023-04-01 15:32:31,443] {processor.py:161} INFO - Processing /home/airflow/.local/lib/python3.7/site-packages/airflow/example_dags/example_complex.py took 0.166 seconds
[2023-04-01 15:33:02,517] {processor.py:153} INFO - Started process (PID=2698) to work on /home/airflow/.local/lib/python3.7/site-packages/airflow/example_dags/example_complex.py
[2023-04-01 15:33:02,518] {processor.py:641} INFO - Processing file /home/airflow/.local/lib/python3.7/site-packages/airflow/example_dags/example_complex.py for tasks to queue
[2023-04-01 15:33:02,520] {logging_mixin.py:115} INFO - [2023-04-01 15:33:02,520] {dagbag.py:507} INFO - Filling up the DagBag from /home/airflow/.local/lib/python3.7/site-packages/airflow/example_dags/example_complex.py
[2023-04-01 15:33:02,544] {processor.py:651} INFO - DAG(s) dict_keys(['example_complex']) retrieved from /home/airflow/.local/lib/python3.7/site-packages/airflow/example_dags/example_complex.py
[2023-04-01 15:33:02,596] {logging_mixin.py:115} INFO - [2023-04-01 15:33:02,596] {dag.py:2371} INFO - Sync 1 DAGs
[2023-04-01 15:33:02,633] {logging_mixin.py:115} INFO - [2023-04-01 15:33:02,633] {dag.py:2919} INFO - Setting next_dagrun for example_complex to None, run_after=None
[2023-04-01 15:33:02,655] {processor.py:161} INFO - Processing /home/airflow/.local/lib/python3.7/site-packages/airflow/example_dags/example_complex.py took 0.143 seconds
[2023-04-01 15:33:33,029] {processor.py:153} INFO - Started process (PID=2761) to work on /home/airflow/.local/lib/python3.7/site-packages/airflow/example_dags/example_complex.py
[2023-04-01 15:33:33,031] {processor.py:641} INFO - Processing file /home/airflow/.local/lib/python3.7/site-packages/airflow/example_dags/example_complex.py for tasks to queue
[2023-04-01 15:33:33,032] {logging_mixin.py:115} INFO - [2023-04-01 15:33:33,032] {dagbag.py:507} INFO - Filling up the DagBag from /home/airflow/.local/lib/python3.7/site-packages/airflow/example_dags/example_complex.py
[2023-04-01 15:33:33,053] {processor.py:651} INFO - DAG(s) dict_keys(['example_complex']) retrieved from /home/airflow/.local/lib/python3.7/site-packages/airflow/example_dags/example_complex.py
[2023-04-01 15:33:33,098] {logging_mixin.py:115} INFO - [2023-04-01 15:33:33,098] {dag.py:2371} INFO - Sync 1 DAGs
[2023-04-01 15:33:33,129] {logging_mixin.py:115} INFO - [2023-04-01 15:33:33,129] {dag.py:2919} INFO - Setting next_dagrun for example_complex to None, run_after=None
[2023-04-01 15:33:33,147] {processor.py:161} INFO - Processing /home/airflow/.local/lib/python3.7/site-packages/airflow/example_dags/example_complex.py took 0.123 seconds
[2023-04-01 15:35:00,447] {processor.py:153} INFO - Started process (PID=80) to work on /home/airflow/.local/lib/python3.7/site-packages/airflow/example_dags/example_complex.py
[2023-04-01 15:35:00,455] {processor.py:641} INFO - Processing file /home/airflow/.local/lib/python3.7/site-packages/airflow/example_dags/example_complex.py for tasks to queue
[2023-04-01 15:35:00,458] {logging_mixin.py:115} INFO - [2023-04-01 15:35:00,457] {dagbag.py:507} INFO - Filling up the DagBag from /home/airflow/.local/lib/python3.7/site-packages/airflow/example_dags/example_complex.py
[2023-04-01 15:35:00,504] {processor.py:651} INFO - DAG(s) dict_keys(['example_complex']) retrieved from /home/airflow/.local/lib/python3.7/site-packages/airflow/example_dags/example_complex.py
[2023-04-01 15:35:00,579] {logging_mixin.py:115} INFO - [2023-04-01 15:35:00,579] {dag.py:2371} INFO - Sync 1 DAGs
[2023-04-01 15:35:00,634] {logging_mixin.py:115} INFO - [2023-04-01 15:35:00,634] {dag.py:2919} INFO - Setting next_dagrun for example_complex to None, run_after=None
[2023-04-01 15:35:00,842] {processor.py:161} INFO - Processing /home/airflow/.local/lib/python3.7/site-packages/airflow/example_dags/example_complex.py took 0.402 seconds
[2023-04-01 15:35:31,374] {processor.py:153} INFO - Started process (PID=134) to work on /home/airflow/.local/lib/python3.7/site-packages/airflow/example_dags/example_complex.py
[2023-04-01 15:35:31,376] {processor.py:641} INFO - Processing file /home/airflow/.local/lib/python3.7/site-packages/airflow/example_dags/example_complex.py for tasks to queue
[2023-04-01 15:35:31,377] {logging_mixin.py:115} INFO - [2023-04-01 15:35:31,377] {dagbag.py:507} INFO - Filling up the DagBag from /home/airflow/.local/lib/python3.7/site-packages/airflow/example_dags/example_complex.py
[2023-04-01 15:35:31,402] {processor.py:651} INFO - DAG(s) dict_keys(['example_complex']) retrieved from /home/airflow/.local/lib/python3.7/site-packages/airflow/example_dags/example_complex.py
[2023-04-01 15:35:31,457] {logging_mixin.py:115} INFO - [2023-04-01 15:35:31,457] {dag.py:2371} INFO - Sync 1 DAGs
[2023-04-01 15:35:31,496] {logging_mixin.py:115} INFO - [2023-04-01 15:35:31,496] {dag.py:2919} INFO - Setting next_dagrun for example_complex to None, run_after=None
[2023-04-01 15:35:31,661] {processor.py:161} INFO - Processing /home/airflow/.local/lib/python3.7/site-packages/airflow/example_dags/example_complex.py took 0.294 seconds
[2023-04-01 15:36:01,894] {processor.py:153} INFO - Started process (PID=196) to work on /home/airflow/.local/lib/python3.7/site-packages/airflow/example_dags/example_complex.py
[2023-04-01 15:36:01,895] {processor.py:641} INFO - Processing file /home/airflow/.local/lib/python3.7/site-packages/airflow/example_dags/example_complex.py for tasks to queue
[2023-04-01 15:36:01,897] {logging_mixin.py:115} INFO - [2023-04-01 15:36:01,897] {dagbag.py:507} INFO - Filling up the DagBag from /home/airflow/.local/lib/python3.7/site-packages/airflow/example_dags/example_complex.py
[2023-04-01 15:36:01,927] {processor.py:651} INFO - DAG(s) dict_keys(['example_complex']) retrieved from /home/airflow/.local/lib/python3.7/site-packages/airflow/example_dags/example_complex.py
[2023-04-01 15:36:01,981] {logging_mixin.py:115} INFO - [2023-04-01 15:36:01,981] {dag.py:2371} INFO - Sync 1 DAGs
[2023-04-01 15:36:02,018] {logging_mixin.py:115} INFO - [2023-04-01 15:36:02,018] {dag.py:2919} INFO - Setting next_dagrun for example_complex to None, run_after=None
[2023-04-01 15:36:02,175] {processor.py:161} INFO - Processing /home/airflow/.local/lib/python3.7/site-packages/airflow/example_dags/example_complex.py took 0.288 seconds
[2023-04-01 15:36:33,051] {processor.py:153} INFO - Started process (PID=259) to work on /home/airflow/.local/lib/python3.7/site-packages/airflow/example_dags/example_complex.py
[2023-04-01 15:36:33,053] {processor.py:641} INFO - Processing file /home/airflow/.local/lib/python3.7/site-packages/airflow/example_dags/example_complex.py for tasks to queue
[2023-04-01 15:36:33,056] {logging_mixin.py:115} INFO - [2023-04-01 15:36:33,056] {dagbag.py:507} INFO - Filling up the DagBag from /home/airflow/.local/lib/python3.7/site-packages/airflow/example_dags/example_complex.py
[2023-04-01 15:36:33,080] {processor.py:651} INFO - DAG(s) dict_keys(['example_complex']) retrieved from /home/airflow/.local/lib/python3.7/site-packages/airflow/example_dags/example_complex.py
[2023-04-01 15:36:33,130] {logging_mixin.py:115} INFO - [2023-04-01 15:36:33,130] {dag.py:2371} INFO - Sync 1 DAGs
[2023-04-01 15:36:33,166] {logging_mixin.py:115} INFO - [2023-04-01 15:36:33,165] {dag.py:2919} INFO - Setting next_dagrun for example_complex to None, run_after=None
[2023-04-01 15:36:33,347] {processor.py:161} INFO - Processing /home/airflow/.local/lib/python3.7/site-packages/airflow/example_dags/example_complex.py took 0.301 seconds
[2023-04-01 15:37:03,535] {processor.py:153} INFO - Started process (PID=322) to work on /home/airflow/.local/lib/python3.7/site-packages/airflow/example_dags/example_complex.py
[2023-04-01 15:37:03,536] {processor.py:641} INFO - Processing file /home/airflow/.local/lib/python3.7/site-packages/airflow/example_dags/example_complex.py for tasks to queue
[2023-04-01 15:37:03,538] {logging_mixin.py:115} INFO - [2023-04-01 15:37:03,538] {dagbag.py:507} INFO - Filling up the DagBag from /home/airflow/.local/lib/python3.7/site-packages/airflow/example_dags/example_complex.py
[2023-04-01 15:37:03,559] {processor.py:651} INFO - DAG(s) dict_keys(['example_complex']) retrieved from /home/airflow/.local/lib/python3.7/site-packages/airflow/example_dags/example_complex.py
[2023-04-01 15:37:03,606] {logging_mixin.py:115} INFO - [2023-04-01 15:37:03,606] {dag.py:2371} INFO - Sync 1 DAGs
[2023-04-01 15:37:03,643] {logging_mixin.py:115} INFO - [2023-04-01 15:37:03,643] {dag.py:2919} INFO - Setting next_dagrun for example_complex to None, run_after=None
[2023-04-01 15:37:03,801] {processor.py:161} INFO - Processing /home/airflow/.local/lib/python3.7/site-packages/airflow/example_dags/example_complex.py took 0.272 seconds
[2023-04-01 15:37:34,390] {processor.py:153} INFO - Started process (PID=403) to work on /home/airflow/.local/lib/python3.7/site-packages/airflow/example_dags/example_complex.py
[2023-04-01 15:37:34,394] {processor.py:641} INFO - Processing file /home/airflow/.local/lib/python3.7/site-packages/airflow/example_dags/example_complex.py for tasks to queue
[2023-04-01 15:37:34,396] {logging_mixin.py:115} INFO - [2023-04-01 15:37:34,396] {dagbag.py:507} INFO - Filling up the DagBag from /home/airflow/.local/lib/python3.7/site-packages/airflow/example_dags/example_complex.py
[2023-04-01 15:37:34,423] {processor.py:651} INFO - DAG(s) dict_keys(['example_complex']) retrieved from /home/airflow/.local/lib/python3.7/site-packages/airflow/example_dags/example_complex.py
[2023-04-01 15:37:34,494] {logging_mixin.py:115} INFO - [2023-04-01 15:37:34,494] {dag.py:2371} INFO - Sync 1 DAGs
[2023-04-01 15:37:34,541] {logging_mixin.py:115} INFO - [2023-04-01 15:37:34,541] {dag.py:2919} INFO - Setting next_dagrun for example_complex to None, run_after=None
[2023-04-01 15:37:34,742] {processor.py:161} INFO - Processing /home/airflow/.local/lib/python3.7/site-packages/airflow/example_dags/example_complex.py took 0.359 seconds
[2023-04-01 15:38:05,867] {processor.py:153} INFO - Started process (PID=476) to work on /home/airflow/.local/lib/python3.7/site-packages/airflow/example_dags/example_complex.py
[2023-04-01 15:38:05,870] {processor.py:641} INFO - Processing file /home/airflow/.local/lib/python3.7/site-packages/airflow/example_dags/example_complex.py for tasks to queue
[2023-04-01 15:38:05,873] {logging_mixin.py:115} INFO - [2023-04-01 15:38:05,873] {dagbag.py:507} INFO - Filling up the DagBag from /home/airflow/.local/lib/python3.7/site-packages/airflow/example_dags/example_complex.py
[2023-04-01 15:38:05,917] {processor.py:651} INFO - DAG(s) dict_keys(['example_complex']) retrieved from /home/airflow/.local/lib/python3.7/site-packages/airflow/example_dags/example_complex.py
[2023-04-01 15:38:05,987] {logging_mixin.py:115} INFO - [2023-04-01 15:38:05,986] {dag.py:2371} INFO - Sync 1 DAGs
[2023-04-01 15:38:06,039] {logging_mixin.py:115} INFO - [2023-04-01 15:38:06,039] {dag.py:2919} INFO - Setting next_dagrun for example_complex to None, run_after=None
[2023-04-01 15:38:06,242] {processor.py:161} INFO - Processing /home/airflow/.local/lib/python3.7/site-packages/airflow/example_dags/example_complex.py took 0.388 seconds
[2023-04-01 15:38:37,097] {processor.py:153} INFO - Started process (PID=530) to work on /home/airflow/.local/lib/python3.7/site-packages/airflow/example_dags/example_complex.py
[2023-04-01 15:38:37,099] {processor.py:641} INFO - Processing file /home/airflow/.local/lib/python3.7/site-packages/airflow/example_dags/example_complex.py for tasks to queue
[2023-04-01 15:38:37,100] {logging_mixin.py:115} INFO - [2023-04-01 15:38:37,100] {dagbag.py:507} INFO - Filling up the DagBag from /home/airflow/.local/lib/python3.7/site-packages/airflow/example_dags/example_complex.py
[2023-04-01 15:38:37,121] {processor.py:651} INFO - DAG(s) dict_keys(['example_complex']) retrieved from /home/airflow/.local/lib/python3.7/site-packages/airflow/example_dags/example_complex.py
[2023-04-01 15:38:37,170] {logging_mixin.py:115} INFO - [2023-04-01 15:38:37,170] {dag.py:2371} INFO - Sync 1 DAGs
[2023-04-01 15:38:37,206] {logging_mixin.py:115} INFO - [2023-04-01 15:38:37,206] {dag.py:2919} INFO - Setting next_dagrun for example_complex to None, run_after=None
[2023-04-01 15:38:37,386] {processor.py:161} INFO - Processing /home/airflow/.local/lib/python3.7/site-packages/airflow/example_dags/example_complex.py took 0.294 seconds
[2023-04-01 15:39:07,815] {processor.py:153} INFO - Started process (PID=593) to work on /home/airflow/.local/lib/python3.7/site-packages/airflow/example_dags/example_complex.py
[2023-04-01 15:39:07,818] {processor.py:641} INFO - Processing file /home/airflow/.local/lib/python3.7/site-packages/airflow/example_dags/example_complex.py for tasks to queue
[2023-04-01 15:39:07,820] {logging_mixin.py:115} INFO - [2023-04-01 15:39:07,820] {dagbag.py:507} INFO - Filling up the DagBag from /home/airflow/.local/lib/python3.7/site-packages/airflow/example_dags/example_complex.py
[2023-04-01 15:39:07,852] {processor.py:651} INFO - DAG(s) dict_keys(['example_complex']) retrieved from /home/airflow/.local/lib/python3.7/site-packages/airflow/example_dags/example_complex.py
[2023-04-01 15:39:07,912] {logging_mixin.py:115} INFO - [2023-04-01 15:39:07,912] {dag.py:2371} INFO - Sync 1 DAGs
[2023-04-01 15:39:07,951] {logging_mixin.py:115} INFO - [2023-04-01 15:39:07,951] {dag.py:2919} INFO - Setting next_dagrun for example_complex to None, run_after=None
[2023-04-01 15:39:08,114] {processor.py:161} INFO - Processing /home/airflow/.local/lib/python3.7/site-packages/airflow/example_dags/example_complex.py took 0.306 seconds
[2023-04-01 15:41:23,368] {processor.py:153} INFO - Started process (PID=78) to work on /home/airflow/.local/lib/python3.7/site-packages/airflow/example_dags/example_complex.py
[2023-04-01 15:41:23,370] {processor.py:641} INFO - Processing file /home/airflow/.local/lib/python3.7/site-packages/airflow/example_dags/example_complex.py for tasks to queue
[2023-04-01 15:41:23,372] {logging_mixin.py:115} INFO - [2023-04-01 15:41:23,372] {dagbag.py:507} INFO - Filling up the DagBag from /home/airflow/.local/lib/python3.7/site-packages/airflow/example_dags/example_complex.py
[2023-04-01 15:41:23,431] {processor.py:651} INFO - DAG(s) dict_keys(['example_complex']) retrieved from /home/airflow/.local/lib/python3.7/site-packages/airflow/example_dags/example_complex.py
[2023-04-01 15:41:23,511] {logging_mixin.py:115} INFO - [2023-04-01 15:41:23,511] {dag.py:2371} INFO - Sync 1 DAGs
[2023-04-01 15:41:23,570] {logging_mixin.py:115} INFO - [2023-04-01 15:41:23,570] {dag.py:2919} INFO - Setting next_dagrun for example_complex to None, run_after=None
[2023-04-01 15:41:24,027] {processor.py:161} INFO - Processing /home/airflow/.local/lib/python3.7/site-packages/airflow/example_dags/example_complex.py took 0.665 seconds
[2023-04-01 15:41:54,245] {processor.py:153} INFO - Started process (PID=132) to work on /home/airflow/.local/lib/python3.7/site-packages/airflow/example_dags/example_complex.py
[2023-04-01 15:41:54,246] {processor.py:641} INFO - Processing file /home/airflow/.local/lib/python3.7/site-packages/airflow/example_dags/example_complex.py for tasks to queue
[2023-04-01 15:41:54,248] {logging_mixin.py:115} INFO - [2023-04-01 15:41:54,248] {dagbag.py:507} INFO - Filling up the DagBag from /home/airflow/.local/lib/python3.7/site-packages/airflow/example_dags/example_complex.py
[2023-04-01 15:41:54,268] {processor.py:651} INFO - DAG(s) dict_keys(['example_complex']) retrieved from /home/airflow/.local/lib/python3.7/site-packages/airflow/example_dags/example_complex.py
[2023-04-01 15:41:54,315] {logging_mixin.py:115} INFO - [2023-04-01 15:41:54,315] {dag.py:2371} INFO - Sync 1 DAGs
[2023-04-01 15:41:54,351] {logging_mixin.py:115} INFO - [2023-04-01 15:41:54,351] {dag.py:2919} INFO - Setting next_dagrun for example_complex to None, run_after=None
[2023-04-01 15:41:54,501] {processor.py:161} INFO - Processing /home/airflow/.local/lib/python3.7/site-packages/airflow/example_dags/example_complex.py took 0.262 seconds
[2023-04-01 15:42:25,005] {processor.py:153} INFO - Started process (PID=206) to work on /home/airflow/.local/lib/python3.7/site-packages/airflow/example_dags/example_complex.py
[2023-04-01 15:42:25,007] {processor.py:641} INFO - Processing file /home/airflow/.local/lib/python3.7/site-packages/airflow/example_dags/example_complex.py for tasks to queue
[2023-04-01 15:42:25,008] {logging_mixin.py:115} INFO - [2023-04-01 15:42:25,008] {dagbag.py:507} INFO - Filling up the DagBag from /home/airflow/.local/lib/python3.7/site-packages/airflow/example_dags/example_complex.py
[2023-04-01 15:42:25,029] {processor.py:651} INFO - DAG(s) dict_keys(['example_complex']) retrieved from /home/airflow/.local/lib/python3.7/site-packages/airflow/example_dags/example_complex.py
[2023-04-01 15:42:25,076] {logging_mixin.py:115} INFO - [2023-04-01 15:42:25,076] {dag.py:2371} INFO - Sync 1 DAGs
[2023-04-01 15:42:25,112] {logging_mixin.py:115} INFO - [2023-04-01 15:42:25,112] {dag.py:2919} INFO - Setting next_dagrun for example_complex to None, run_after=None
[2023-04-01 15:42:25,263] {processor.py:161} INFO - Processing /home/airflow/.local/lib/python3.7/site-packages/airflow/example_dags/example_complex.py took 0.264 seconds
[2023-04-01 15:42:56,173] {processor.py:153} INFO - Started process (PID=260) to work on /home/airflow/.local/lib/python3.7/site-packages/airflow/example_dags/example_complex.py
[2023-04-01 15:42:56,195] {processor.py:641} INFO - Processing file /home/airflow/.local/lib/python3.7/site-packages/airflow/example_dags/example_complex.py for tasks to queue
[2023-04-01 15:42:56,216] {logging_mixin.py:115} INFO - [2023-04-01 15:42:56,216] {dagbag.py:507} INFO - Filling up the DagBag from /home/airflow/.local/lib/python3.7/site-packages/airflow/example_dags/example_complex.py
[2023-04-01 15:42:56,261] {processor.py:651} INFO - DAG(s) dict_keys(['example_complex']) retrieved from /home/airflow/.local/lib/python3.7/site-packages/airflow/example_dags/example_complex.py
[2023-04-01 15:42:56,333] {logging_mixin.py:115} INFO - [2023-04-01 15:42:56,332] {dag.py:2371} INFO - Sync 1 DAGs
[2023-04-01 15:42:56,380] {logging_mixin.py:115} INFO - [2023-04-01 15:42:56,380] {dag.py:2919} INFO - Setting next_dagrun for example_complex to None, run_after=None
[2023-04-01 15:42:56,547] {processor.py:161} INFO - Processing /home/airflow/.local/lib/python3.7/site-packages/airflow/example_dags/example_complex.py took 0.381 seconds
[2023-04-01 15:43:27,186] {processor.py:153} INFO - Started process (PID=332) to work on /home/airflow/.local/lib/python3.7/site-packages/airflow/example_dags/example_complex.py
[2023-04-01 15:43:27,188] {processor.py:641} INFO - Processing file /home/airflow/.local/lib/python3.7/site-packages/airflow/example_dags/example_complex.py for tasks to queue
[2023-04-01 15:43:27,190] {logging_mixin.py:115} INFO - [2023-04-01 15:43:27,189] {dagbag.py:507} INFO - Filling up the DagBag from /home/airflow/.local/lib/python3.7/site-packages/airflow/example_dags/example_complex.py
[2023-04-01 15:43:27,213] {processor.py:651} INFO - DAG(s) dict_keys(['example_complex']) retrieved from /home/airflow/.local/lib/python3.7/site-packages/airflow/example_dags/example_complex.py
[2023-04-01 15:43:27,271] {logging_mixin.py:115} INFO - [2023-04-01 15:43:27,271] {dag.py:2371} INFO - Sync 1 DAGs
[2023-04-01 15:43:27,317] {logging_mixin.py:115} INFO - [2023-04-01 15:43:27,316] {dag.py:2919} INFO - Setting next_dagrun for example_complex to None, run_after=None
[2023-04-01 15:43:27,489] {processor.py:161} INFO - Processing /home/airflow/.local/lib/python3.7/site-packages/airflow/example_dags/example_complex.py took 0.308 seconds
[2023-04-01 15:43:58,025] {processor.py:153} INFO - Started process (PID=386) to work on /home/airflow/.local/lib/python3.7/site-packages/airflow/example_dags/example_complex.py
[2023-04-01 15:43:58,027] {processor.py:641} INFO - Processing file /home/airflow/.local/lib/python3.7/site-packages/airflow/example_dags/example_complex.py for tasks to queue
[2023-04-01 15:43:58,029] {logging_mixin.py:115} INFO - [2023-04-01 15:43:58,029] {dagbag.py:507} INFO - Filling up the DagBag from /home/airflow/.local/lib/python3.7/site-packages/airflow/example_dags/example_complex.py
[2023-04-01 15:43:58,050] {processor.py:651} INFO - DAG(s) dict_keys(['example_complex']) retrieved from /home/airflow/.local/lib/python3.7/site-packages/airflow/example_dags/example_complex.py
[2023-04-01 15:43:58,099] {logging_mixin.py:115} INFO - [2023-04-01 15:43:58,099] {dag.py:2371} INFO - Sync 1 DAGs
[2023-04-01 15:43:58,136] {logging_mixin.py:115} INFO - [2023-04-01 15:43:58,135] {dag.py:2919} INFO - Setting next_dagrun for example_complex to None, run_after=None
[2023-04-01 15:43:58,292] {processor.py:161} INFO - Processing /home/airflow/.local/lib/python3.7/site-packages/airflow/example_dags/example_complex.py took 0.272 seconds
[2023-04-01 15:44:29,012] {processor.py:153} INFO - Started process (PID=458) to work on /home/airflow/.local/lib/python3.7/site-packages/airflow/example_dags/example_complex.py
[2023-04-01 15:44:29,014] {processor.py:641} INFO - Processing file /home/airflow/.local/lib/python3.7/site-packages/airflow/example_dags/example_complex.py for tasks to queue
[2023-04-01 15:44:29,015] {logging_mixin.py:115} INFO - [2023-04-01 15:44:29,015] {dagbag.py:507} INFO - Filling up the DagBag from /home/airflow/.local/lib/python3.7/site-packages/airflow/example_dags/example_complex.py
[2023-04-01 15:44:29,037] {processor.py:651} INFO - DAG(s) dict_keys(['example_complex']) retrieved from /home/airflow/.local/lib/python3.7/site-packages/airflow/example_dags/example_complex.py
[2023-04-01 15:44:29,086] {logging_mixin.py:115} INFO - [2023-04-01 15:44:29,086] {dag.py:2371} INFO - Sync 1 DAGs
[2023-04-01 15:44:29,121] {logging_mixin.py:115} INFO - [2023-04-01 15:44:29,121] {dag.py:2919} INFO - Setting next_dagrun for example_complex to None, run_after=None
[2023-04-01 15:44:29,271] {processor.py:161} INFO - Processing /home/airflow/.local/lib/python3.7/site-packages/airflow/example_dags/example_complex.py took 0.264 seconds
[2023-04-01 15:45:00,386] {processor.py:153} INFO - Started process (PID=512) to work on /home/airflow/.local/lib/python3.7/site-packages/airflow/example_dags/example_complex.py
[2023-04-01 15:45:00,388] {processor.py:641} INFO - Processing file /home/airflow/.local/lib/python3.7/site-packages/airflow/example_dags/example_complex.py for tasks to queue
[2023-04-01 15:45:00,390] {logging_mixin.py:115} INFO - [2023-04-01 15:45:00,390] {dagbag.py:507} INFO - Filling up the DagBag from /home/airflow/.local/lib/python3.7/site-packages/airflow/example_dags/example_complex.py
[2023-04-01 15:45:00,416] {processor.py:651} INFO - DAG(s) dict_keys(['example_complex']) retrieved from /home/airflow/.local/lib/python3.7/site-packages/airflow/example_dags/example_complex.py
[2023-04-01 15:45:00,472] {logging_mixin.py:115} INFO - [2023-04-01 15:45:00,472] {dag.py:2371} INFO - Sync 1 DAGs
[2023-04-01 15:45:00,513] {logging_mixin.py:115} INFO - [2023-04-01 15:45:00,513] {dag.py:2919} INFO - Setting next_dagrun for example_complex to None, run_after=None
[2023-04-01 15:45:00,723] {processor.py:161} INFO - Processing /home/airflow/.local/lib/python3.7/site-packages/airflow/example_dags/example_complex.py took 0.342 seconds
[2023-04-01 15:45:31,046] {processor.py:153} INFO - Started process (PID=575) to work on /home/airflow/.local/lib/python3.7/site-packages/airflow/example_dags/example_complex.py
[2023-04-01 15:45:31,048] {processor.py:641} INFO - Processing file /home/airflow/.local/lib/python3.7/site-packages/airflow/example_dags/example_complex.py for tasks to queue
[2023-04-01 15:45:31,049] {logging_mixin.py:115} INFO - [2023-04-01 15:45:31,049] {dagbag.py:507} INFO - Filling up the DagBag from /home/airflow/.local/lib/python3.7/site-packages/airflow/example_dags/example_complex.py
[2023-04-01 15:45:31,072] {processor.py:651} INFO - DAG(s) dict_keys(['example_complex']) retrieved from /home/airflow/.local/lib/python3.7/site-packages/airflow/example_dags/example_complex.py
[2023-04-01 15:45:31,134] {logging_mixin.py:115} INFO - [2023-04-01 15:45:31,134] {dag.py:2371} INFO - Sync 1 DAGs
[2023-04-01 15:45:31,175] {logging_mixin.py:115} INFO - [2023-04-01 15:45:31,175] {dag.py:2919} INFO - Setting next_dagrun for example_complex to None, run_after=None
[2023-04-01 15:45:31,343] {processor.py:161} INFO - Processing /home/airflow/.local/lib/python3.7/site-packages/airflow/example_dags/example_complex.py took 0.303 seconds
[2023-04-01 15:46:02,198] {processor.py:153} INFO - Started process (PID=629) to work on /home/airflow/.local/lib/python3.7/site-packages/airflow/example_dags/example_complex.py
[2023-04-01 15:46:02,200] {processor.py:641} INFO - Processing file /home/airflow/.local/lib/python3.7/site-packages/airflow/example_dags/example_complex.py for tasks to queue
[2023-04-01 15:46:02,202] {logging_mixin.py:115} INFO - [2023-04-01 15:46:02,202] {dagbag.py:507} INFO - Filling up the DagBag from /home/airflow/.local/lib/python3.7/site-packages/airflow/example_dags/example_complex.py
[2023-04-01 15:46:02,226] {processor.py:651} INFO - DAG(s) dict_keys(['example_complex']) retrieved from /home/airflow/.local/lib/python3.7/site-packages/airflow/example_dags/example_complex.py
[2023-04-01 15:46:02,285] {logging_mixin.py:115} INFO - [2023-04-01 15:46:02,285] {dag.py:2371} INFO - Sync 1 DAGs
[2023-04-01 15:46:02,329] {logging_mixin.py:115} INFO - [2023-04-01 15:46:02,329] {dag.py:2919} INFO - Setting next_dagrun for example_complex to None, run_after=None
[2023-04-01 15:46:02,529] {processor.py:161} INFO - Processing /home/airflow/.local/lib/python3.7/site-packages/airflow/example_dags/example_complex.py took 0.337 seconds
