[2023-04-01 15:01:44,980] {processor.py:153} INFO - Started process (PID=68) to work on /home/airflow/.local/lib/python3.7/site-packages/airflow/example_dags/tutorial_etl_dag.py
[2023-04-01 15:01:44,982] {processor.py:641} INFO - Processing file /home/airflow/.local/lib/python3.7/site-packages/airflow/example_dags/tutorial_etl_dag.py for tasks to queue
[2023-04-01 15:01:44,984] {logging_mixin.py:115} INFO - [2023-04-01 15:01:44,984] {dagbag.py:507} INFO - Filling up the DagBag from /home/airflow/.local/lib/python3.7/site-packages/airflow/example_dags/tutorial_etl_dag.py
[2023-04-01 15:01:44,999] {processor.py:651} INFO - DAG(s) dict_keys(['tutorial_etl_dag']) retrieved from /home/airflow/.local/lib/python3.7/site-packages/airflow/example_dags/tutorial_etl_dag.py
[2023-04-01 15:01:45,876] {logging_mixin.py:115} INFO - [2023-04-01 15:01:45,876] {manager.py:508} INFO - Created Permission View: can delete on DAG:tutorial_etl_dag
[2023-04-01 15:01:45,969] {logging_mixin.py:115} INFO - [2023-04-01 15:01:45,969] {manager.py:508} INFO - Created Permission View: can read on DAG:tutorial_etl_dag
[2023-04-01 15:01:46,017] {logging_mixin.py:115} INFO - [2023-04-01 15:01:46,016] {manager.py:508} INFO - Created Permission View: can edit on DAG:tutorial_etl_dag
[2023-04-01 15:01:46,021] {logging_mixin.py:115} INFO - [2023-04-01 15:01:46,020] {dag.py:2371} INFO - Sync 1 DAGs
[2023-04-01 15:01:46,065] {logging_mixin.py:115} INFO - [2023-04-01 15:01:46,064] {dag.py:2390} INFO - Creating ORM DAG for tutorial_etl_dag
[2023-04-01 15:01:46,113] {logging_mixin.py:115} INFO - [2023-04-01 15:01:46,113] {dag.py:2919} INFO - Setting next_dagrun for tutorial_etl_dag to None, run_after=None
[2023-04-01 15:01:46,182] {processor.py:161} INFO - Processing /home/airflow/.local/lib/python3.7/site-packages/airflow/example_dags/tutorial_etl_dag.py took 1.209 seconds
[2023-04-01 15:02:16,424] {processor.py:153} INFO - Started process (PID=120) to work on /home/airflow/.local/lib/python3.7/site-packages/airflow/example_dags/tutorial_etl_dag.py
[2023-04-01 15:02:16,426] {processor.py:641} INFO - Processing file /home/airflow/.local/lib/python3.7/site-packages/airflow/example_dags/tutorial_etl_dag.py for tasks to queue
[2023-04-01 15:02:16,427] {logging_mixin.py:115} INFO - [2023-04-01 15:02:16,427] {dagbag.py:507} INFO - Filling up the DagBag from /home/airflow/.local/lib/python3.7/site-packages/airflow/example_dags/tutorial_etl_dag.py
[2023-04-01 15:02:16,439] {processor.py:651} INFO - DAG(s) dict_keys(['tutorial_etl_dag']) retrieved from /home/airflow/.local/lib/python3.7/site-packages/airflow/example_dags/tutorial_etl_dag.py
[2023-04-01 15:02:16,483] {logging_mixin.py:115} INFO - [2023-04-01 15:02:16,483] {dag.py:2371} INFO - Sync 1 DAGs
[2023-04-01 15:02:16,527] {logging_mixin.py:115} INFO - [2023-04-01 15:02:16,527] {dag.py:2919} INFO - Setting next_dagrun for tutorial_etl_dag to None, run_after=None
[2023-04-01 15:02:16,680] {processor.py:161} INFO - Processing /home/airflow/.local/lib/python3.7/site-packages/airflow/example_dags/tutorial_etl_dag.py took 0.262 seconds
[2023-04-01 15:02:47,032] {processor.py:153} INFO - Started process (PID=181) to work on /home/airflow/.local/lib/python3.7/site-packages/airflow/example_dags/tutorial_etl_dag.py
[2023-04-01 15:02:47,034] {processor.py:641} INFO - Processing file /home/airflow/.local/lib/python3.7/site-packages/airflow/example_dags/tutorial_etl_dag.py for tasks to queue
[2023-04-01 15:02:47,035] {logging_mixin.py:115} INFO - [2023-04-01 15:02:47,035] {dagbag.py:507} INFO - Filling up the DagBag from /home/airflow/.local/lib/python3.7/site-packages/airflow/example_dags/tutorial_etl_dag.py
[2023-04-01 15:02:47,048] {processor.py:651} INFO - DAG(s) dict_keys(['tutorial_etl_dag']) retrieved from /home/airflow/.local/lib/python3.7/site-packages/airflow/example_dags/tutorial_etl_dag.py
[2023-04-01 15:02:47,091] {logging_mixin.py:115} INFO - [2023-04-01 15:02:47,091] {dag.py:2371} INFO - Sync 1 DAGs
[2023-04-01 15:02:47,131] {logging_mixin.py:115} INFO - [2023-04-01 15:02:47,130] {dag.py:2919} INFO - Setting next_dagrun for tutorial_etl_dag to None, run_after=None
[2023-04-01 15:02:47,291] {processor.py:161} INFO - Processing /home/airflow/.local/lib/python3.7/site-packages/airflow/example_dags/tutorial_etl_dag.py took 0.265 seconds
[2023-04-01 15:03:17,363] {processor.py:153} INFO - Started process (PID=234) to work on /home/airflow/.local/lib/python3.7/site-packages/airflow/example_dags/tutorial_etl_dag.py
[2023-04-01 15:03:17,366] {processor.py:641} INFO - Processing file /home/airflow/.local/lib/python3.7/site-packages/airflow/example_dags/tutorial_etl_dag.py for tasks to queue
[2023-04-01 15:03:17,367] {logging_mixin.py:115} INFO - [2023-04-01 15:03:17,367] {dagbag.py:507} INFO - Filling up the DagBag from /home/airflow/.local/lib/python3.7/site-packages/airflow/example_dags/tutorial_etl_dag.py
[2023-04-01 15:03:17,398] {processor.py:651} INFO - DAG(s) dict_keys(['tutorial_etl_dag']) retrieved from /home/airflow/.local/lib/python3.7/site-packages/airflow/example_dags/tutorial_etl_dag.py
[2023-04-01 15:03:17,441] {logging_mixin.py:115} INFO - [2023-04-01 15:03:17,440] {dag.py:2371} INFO - Sync 1 DAGs
[2023-04-01 15:03:17,481] {logging_mixin.py:115} INFO - [2023-04-01 15:03:17,481] {dag.py:2919} INFO - Setting next_dagrun for tutorial_etl_dag to None, run_after=None
[2023-04-01 15:03:17,633] {processor.py:161} INFO - Processing /home/airflow/.local/lib/python3.7/site-packages/airflow/example_dags/tutorial_etl_dag.py took 0.276 seconds
[2023-04-01 15:03:48,366] {processor.py:153} INFO - Started process (PID=296) to work on /home/airflow/.local/lib/python3.7/site-packages/airflow/example_dags/tutorial_etl_dag.py
[2023-04-01 15:03:48,367] {processor.py:641} INFO - Processing file /home/airflow/.local/lib/python3.7/site-packages/airflow/example_dags/tutorial_etl_dag.py for tasks to queue
[2023-04-01 15:03:48,369] {logging_mixin.py:115} INFO - [2023-04-01 15:03:48,369] {dagbag.py:507} INFO - Filling up the DagBag from /home/airflow/.local/lib/python3.7/site-packages/airflow/example_dags/tutorial_etl_dag.py
[2023-04-01 15:03:48,380] {processor.py:651} INFO - DAG(s) dict_keys(['tutorial_etl_dag']) retrieved from /home/airflow/.local/lib/python3.7/site-packages/airflow/example_dags/tutorial_etl_dag.py
[2023-04-01 15:03:48,417] {logging_mixin.py:115} INFO - [2023-04-01 15:03:48,416] {dag.py:2371} INFO - Sync 1 DAGs
[2023-04-01 15:03:48,451] {logging_mixin.py:115} INFO - [2023-04-01 15:03:48,451] {dag.py:2919} INFO - Setting next_dagrun for tutorial_etl_dag to None, run_after=None
[2023-04-01 15:03:48,595] {processor.py:161} INFO - Processing /home/airflow/.local/lib/python3.7/site-packages/airflow/example_dags/tutorial_etl_dag.py took 0.233 seconds
[2023-04-01 15:04:18,970] {processor.py:153} INFO - Started process (PID=355) to work on /home/airflow/.local/lib/python3.7/site-packages/airflow/example_dags/tutorial_etl_dag.py
[2023-04-01 15:04:18,972] {processor.py:641} INFO - Processing file /home/airflow/.local/lib/python3.7/site-packages/airflow/example_dags/tutorial_etl_dag.py for tasks to queue
[2023-04-01 15:04:18,975] {logging_mixin.py:115} INFO - [2023-04-01 15:04:18,975] {dagbag.py:507} INFO - Filling up the DagBag from /home/airflow/.local/lib/python3.7/site-packages/airflow/example_dags/tutorial_etl_dag.py
[2023-04-01 15:04:18,998] {processor.py:651} INFO - DAG(s) dict_keys(['tutorial_etl_dag']) retrieved from /home/airflow/.local/lib/python3.7/site-packages/airflow/example_dags/tutorial_etl_dag.py
[2023-04-01 15:04:19,072] {logging_mixin.py:115} INFO - [2023-04-01 15:04:19,072] {dag.py:2371} INFO - Sync 1 DAGs
[2023-04-01 15:04:19,136] {logging_mixin.py:115} INFO - [2023-04-01 15:04:19,136] {dag.py:2919} INFO - Setting next_dagrun for tutorial_etl_dag to None, run_after=None
[2023-04-01 15:04:19,414] {processor.py:161} INFO - Processing /home/airflow/.local/lib/python3.7/site-packages/airflow/example_dags/tutorial_etl_dag.py took 0.456 seconds
[2023-04-01 15:04:49,473] {processor.py:153} INFO - Started process (PID=424) to work on /home/airflow/.local/lib/python3.7/site-packages/airflow/example_dags/tutorial_etl_dag.py
[2023-04-01 15:04:49,474] {processor.py:641} INFO - Processing file /home/airflow/.local/lib/python3.7/site-packages/airflow/example_dags/tutorial_etl_dag.py for tasks to queue
[2023-04-01 15:04:49,476] {logging_mixin.py:115} INFO - [2023-04-01 15:04:49,476] {dagbag.py:507} INFO - Filling up the DagBag from /home/airflow/.local/lib/python3.7/site-packages/airflow/example_dags/tutorial_etl_dag.py
[2023-04-01 15:04:49,487] {processor.py:651} INFO - DAG(s) dict_keys(['tutorial_etl_dag']) retrieved from /home/airflow/.local/lib/python3.7/site-packages/airflow/example_dags/tutorial_etl_dag.py
[2023-04-01 15:04:49,525] {logging_mixin.py:115} INFO - [2023-04-01 15:04:49,524] {dag.py:2371} INFO - Sync 1 DAGs
[2023-04-01 15:04:49,560] {logging_mixin.py:115} INFO - [2023-04-01 15:04:49,560] {dag.py:2919} INFO - Setting next_dagrun for tutorial_etl_dag to None, run_after=None
[2023-04-01 15:04:49,717] {processor.py:161} INFO - Processing /home/airflow/.local/lib/python3.7/site-packages/airflow/example_dags/tutorial_etl_dag.py took 0.249 seconds
[2023-04-01 15:05:20,001] {processor.py:153} INFO - Started process (PID=480) to work on /home/airflow/.local/lib/python3.7/site-packages/airflow/example_dags/tutorial_etl_dag.py
[2023-04-01 15:05:20,003] {processor.py:641} INFO - Processing file /home/airflow/.local/lib/python3.7/site-packages/airflow/example_dags/tutorial_etl_dag.py for tasks to queue
[2023-04-01 15:05:20,005] {logging_mixin.py:115} INFO - [2023-04-01 15:05:20,005] {dagbag.py:507} INFO - Filling up the DagBag from /home/airflow/.local/lib/python3.7/site-packages/airflow/example_dags/tutorial_etl_dag.py
[2023-04-01 15:05:20,018] {processor.py:651} INFO - DAG(s) dict_keys(['tutorial_etl_dag']) retrieved from /home/airflow/.local/lib/python3.7/site-packages/airflow/example_dags/tutorial_etl_dag.py
[2023-04-01 15:05:20,067] {logging_mixin.py:115} INFO - [2023-04-01 15:05:20,067] {dag.py:2371} INFO - Sync 1 DAGs
[2023-04-01 15:05:20,106] {logging_mixin.py:115} INFO - [2023-04-01 15:05:20,106] {dag.py:2919} INFO - Setting next_dagrun for tutorial_etl_dag to None, run_after=None
[2023-04-01 15:05:20,264] {processor.py:161} INFO - Processing /home/airflow/.local/lib/python3.7/site-packages/airflow/example_dags/tutorial_etl_dag.py took 0.267 seconds
[2023-04-01 15:05:50,536] {processor.py:153} INFO - Started process (PID=541) to work on /home/airflow/.local/lib/python3.7/site-packages/airflow/example_dags/tutorial_etl_dag.py
[2023-04-01 15:05:50,537] {processor.py:641} INFO - Processing file /home/airflow/.local/lib/python3.7/site-packages/airflow/example_dags/tutorial_etl_dag.py for tasks to queue
[2023-04-01 15:05:50,539] {logging_mixin.py:115} INFO - [2023-04-01 15:05:50,538] {dagbag.py:507} INFO - Filling up the DagBag from /home/airflow/.local/lib/python3.7/site-packages/airflow/example_dags/tutorial_etl_dag.py
[2023-04-01 15:05:50,550] {processor.py:651} INFO - DAG(s) dict_keys(['tutorial_etl_dag']) retrieved from /home/airflow/.local/lib/python3.7/site-packages/airflow/example_dags/tutorial_etl_dag.py
[2023-04-01 15:05:50,590] {logging_mixin.py:115} INFO - [2023-04-01 15:05:50,590] {dag.py:2371} INFO - Sync 1 DAGs
[2023-04-01 15:05:50,625] {logging_mixin.py:115} INFO - [2023-04-01 15:05:50,625] {dag.py:2919} INFO - Setting next_dagrun for tutorial_etl_dag to None, run_after=None
[2023-04-01 15:05:50,795] {processor.py:161} INFO - Processing /home/airflow/.local/lib/python3.7/site-packages/airflow/example_dags/tutorial_etl_dag.py took 0.263 seconds
[2023-04-01 15:06:21,223] {processor.py:153} INFO - Started process (PID=593) to work on /home/airflow/.local/lib/python3.7/site-packages/airflow/example_dags/tutorial_etl_dag.py
[2023-04-01 15:06:21,225] {processor.py:641} INFO - Processing file /home/airflow/.local/lib/python3.7/site-packages/airflow/example_dags/tutorial_etl_dag.py for tasks to queue
[2023-04-01 15:06:21,227] {logging_mixin.py:115} INFO - [2023-04-01 15:06:21,227] {dagbag.py:507} INFO - Filling up the DagBag from /home/airflow/.local/lib/python3.7/site-packages/airflow/example_dags/tutorial_etl_dag.py
[2023-04-01 15:06:21,240] {processor.py:651} INFO - DAG(s) dict_keys(['tutorial_etl_dag']) retrieved from /home/airflow/.local/lib/python3.7/site-packages/airflow/example_dags/tutorial_etl_dag.py
[2023-04-01 15:06:21,297] {logging_mixin.py:115} INFO - [2023-04-01 15:06:21,297] {dag.py:2371} INFO - Sync 1 DAGs
[2023-04-01 15:06:21,339] {logging_mixin.py:115} INFO - [2023-04-01 15:06:21,339] {dag.py:2919} INFO - Setting next_dagrun for tutorial_etl_dag to None, run_after=None
[2023-04-01 15:06:21,491] {processor.py:161} INFO - Processing /home/airflow/.local/lib/python3.7/site-packages/airflow/example_dags/tutorial_etl_dag.py took 0.274 seconds
[2023-04-01 15:06:51,850] {processor.py:153} INFO - Started process (PID=659) to work on /home/airflow/.local/lib/python3.7/site-packages/airflow/example_dags/tutorial_etl_dag.py
[2023-04-01 15:06:51,852] {processor.py:641} INFO - Processing file /home/airflow/.local/lib/python3.7/site-packages/airflow/example_dags/tutorial_etl_dag.py for tasks to queue
[2023-04-01 15:06:51,854] {logging_mixin.py:115} INFO - [2023-04-01 15:06:51,853] {dagbag.py:507} INFO - Filling up the DagBag from /home/airflow/.local/lib/python3.7/site-packages/airflow/example_dags/tutorial_etl_dag.py
[2023-04-01 15:06:51,866] {processor.py:651} INFO - DAG(s) dict_keys(['tutorial_etl_dag']) retrieved from /home/airflow/.local/lib/python3.7/site-packages/airflow/example_dags/tutorial_etl_dag.py
[2023-04-01 15:06:51,910] {logging_mixin.py:115} INFO - [2023-04-01 15:06:51,910] {dag.py:2371} INFO - Sync 1 DAGs
[2023-04-01 15:06:52,108] {logging_mixin.py:115} INFO - [2023-04-01 15:06:52,108] {dag.py:2919} INFO - Setting next_dagrun for tutorial_etl_dag to None, run_after=None
[2023-04-01 15:06:52,125] {processor.py:161} INFO - Processing /home/airflow/.local/lib/python3.7/site-packages/airflow/example_dags/tutorial_etl_dag.py took 0.281 seconds
[2023-04-01 15:07:22,257] {processor.py:153} INFO - Started process (PID=712) to work on /home/airflow/.local/lib/python3.7/site-packages/airflow/example_dags/tutorial_etl_dag.py
[2023-04-01 15:07:22,259] {processor.py:641} INFO - Processing file /home/airflow/.local/lib/python3.7/site-packages/airflow/example_dags/tutorial_etl_dag.py for tasks to queue
[2023-04-01 15:07:22,260] {logging_mixin.py:115} INFO - [2023-04-01 15:07:22,260] {dagbag.py:507} INFO - Filling up the DagBag from /home/airflow/.local/lib/python3.7/site-packages/airflow/example_dags/tutorial_etl_dag.py
[2023-04-01 15:07:22,271] {processor.py:651} INFO - DAG(s) dict_keys(['tutorial_etl_dag']) retrieved from /home/airflow/.local/lib/python3.7/site-packages/airflow/example_dags/tutorial_etl_dag.py
[2023-04-01 15:07:22,312] {logging_mixin.py:115} INFO - [2023-04-01 15:07:22,312] {dag.py:2371} INFO - Sync 1 DAGs
[2023-04-01 15:07:22,478] {logging_mixin.py:115} INFO - [2023-04-01 15:07:22,478] {dag.py:2919} INFO - Setting next_dagrun for tutorial_etl_dag to None, run_after=None
[2023-04-01 15:07:22,493] {processor.py:161} INFO - Processing /home/airflow/.local/lib/python3.7/site-packages/airflow/example_dags/tutorial_etl_dag.py took 0.240 seconds
[2023-04-01 15:07:53,241] {processor.py:153} INFO - Started process (PID=773) to work on /home/airflow/.local/lib/python3.7/site-packages/airflow/example_dags/tutorial_etl_dag.py
[2023-04-01 15:07:53,242] {processor.py:641} INFO - Processing file /home/airflow/.local/lib/python3.7/site-packages/airflow/example_dags/tutorial_etl_dag.py for tasks to queue
[2023-04-01 15:07:53,244] {logging_mixin.py:115} INFO - [2023-04-01 15:07:53,243] {dagbag.py:507} INFO - Filling up the DagBag from /home/airflow/.local/lib/python3.7/site-packages/airflow/example_dags/tutorial_etl_dag.py
[2023-04-01 15:07:53,258] {processor.py:651} INFO - DAG(s) dict_keys(['tutorial_etl_dag']) retrieved from /home/airflow/.local/lib/python3.7/site-packages/airflow/example_dags/tutorial_etl_dag.py
[2023-04-01 15:07:53,307] {logging_mixin.py:115} INFO - [2023-04-01 15:07:53,307] {dag.py:2371} INFO - Sync 1 DAGs
[2023-04-01 15:07:53,533] {logging_mixin.py:115} INFO - [2023-04-01 15:07:53,533] {dag.py:2919} INFO - Setting next_dagrun for tutorial_etl_dag to None, run_after=None
[2023-04-01 15:07:53,563] {processor.py:161} INFO - Processing /home/airflow/.local/lib/python3.7/site-packages/airflow/example_dags/tutorial_etl_dag.py took 0.327 seconds
[2023-04-01 15:08:24,177] {processor.py:153} INFO - Started process (PID=825) to work on /home/airflow/.local/lib/python3.7/site-packages/airflow/example_dags/tutorial_etl_dag.py
[2023-04-01 15:08:24,182] {processor.py:641} INFO - Processing file /home/airflow/.local/lib/python3.7/site-packages/airflow/example_dags/tutorial_etl_dag.py for tasks to queue
[2023-04-01 15:08:24,187] {logging_mixin.py:115} INFO - [2023-04-01 15:08:24,186] {dagbag.py:507} INFO - Filling up the DagBag from /home/airflow/.local/lib/python3.7/site-packages/airflow/example_dags/tutorial_etl_dag.py
[2023-04-01 15:08:24,204] {processor.py:651} INFO - DAG(s) dict_keys(['tutorial_etl_dag']) retrieved from /home/airflow/.local/lib/python3.7/site-packages/airflow/example_dags/tutorial_etl_dag.py
[2023-04-01 15:08:24,324] {logging_mixin.py:115} INFO - [2023-04-01 15:08:24,324] {dag.py:2371} INFO - Sync 1 DAGs
[2023-04-01 15:08:25,305] {logging_mixin.py:115} INFO - [2023-04-01 15:08:25,302] {dag.py:2919} INFO - Setting next_dagrun for tutorial_etl_dag to None, run_after=None
[2023-04-01 15:08:25,374] {processor.py:161} INFO - Processing /home/airflow/.local/lib/python3.7/site-packages/airflow/example_dags/tutorial_etl_dag.py took 1.207 seconds
[2023-04-01 15:10:27,308] {processor.py:153} INFO - Started process (PID=60) to work on /home/airflow/.local/lib/python3.7/site-packages/airflow/example_dags/tutorial_etl_dag.py
[2023-04-01 15:10:27,310] {processor.py:641} INFO - Processing file /home/airflow/.local/lib/python3.7/site-packages/airflow/example_dags/tutorial_etl_dag.py for tasks to queue
[2023-04-01 15:10:27,312] {logging_mixin.py:115} INFO - [2023-04-01 15:10:27,311] {dagbag.py:507} INFO - Filling up the DagBag from /home/airflow/.local/lib/python3.7/site-packages/airflow/example_dags/tutorial_etl_dag.py
[2023-04-01 15:10:27,327] {processor.py:651} INFO - DAG(s) dict_keys(['tutorial_etl_dag']) retrieved from /home/airflow/.local/lib/python3.7/site-packages/airflow/example_dags/tutorial_etl_dag.py
[2023-04-01 15:10:27,369] {logging_mixin.py:115} INFO - [2023-04-01 15:10:27,369] {dag.py:2371} INFO - Sync 1 DAGs
[2023-04-01 15:10:27,433] {logging_mixin.py:115} INFO - [2023-04-01 15:10:27,432] {dag.py:2919} INFO - Setting next_dagrun for tutorial_etl_dag to None, run_after=None
[2023-04-01 15:10:27,491] {processor.py:161} INFO - Processing /home/airflow/.local/lib/python3.7/site-packages/airflow/example_dags/tutorial_etl_dag.py took 0.190 seconds
[2023-04-01 15:10:57,961] {processor.py:153} INFO - Started process (PID=123) to work on /home/airflow/.local/lib/python3.7/site-packages/airflow/example_dags/tutorial_etl_dag.py
[2023-04-01 15:10:57,963] {processor.py:641} INFO - Processing file /home/airflow/.local/lib/python3.7/site-packages/airflow/example_dags/tutorial_etl_dag.py for tasks to queue
[2023-04-01 15:10:57,965] {logging_mixin.py:115} INFO - [2023-04-01 15:10:57,965] {dagbag.py:507} INFO - Filling up the DagBag from /home/airflow/.local/lib/python3.7/site-packages/airflow/example_dags/tutorial_etl_dag.py
[2023-04-01 15:10:57,979] {processor.py:651} INFO - DAG(s) dict_keys(['tutorial_etl_dag']) retrieved from /home/airflow/.local/lib/python3.7/site-packages/airflow/example_dags/tutorial_etl_dag.py
[2023-04-01 15:10:58,025] {logging_mixin.py:115} INFO - [2023-04-01 15:10:58,025] {dag.py:2371} INFO - Sync 1 DAGs
[2023-04-01 15:10:58,066] {logging_mixin.py:115} INFO - [2023-04-01 15:10:58,065] {dag.py:2919} INFO - Setting next_dagrun for tutorial_etl_dag to None, run_after=None
[2023-04-01 15:10:58,084] {processor.py:161} INFO - Processing /home/airflow/.local/lib/python3.7/site-packages/airflow/example_dags/tutorial_etl_dag.py took 0.130 seconds
[2023-04-01 15:11:28,425] {processor.py:153} INFO - Started process (PID=177) to work on /home/airflow/.local/lib/python3.7/site-packages/airflow/example_dags/tutorial_etl_dag.py
[2023-04-01 15:11:28,427] {processor.py:641} INFO - Processing file /home/airflow/.local/lib/python3.7/site-packages/airflow/example_dags/tutorial_etl_dag.py for tasks to queue
[2023-04-01 15:11:28,429] {logging_mixin.py:115} INFO - [2023-04-01 15:11:28,429] {dagbag.py:507} INFO - Filling up the DagBag from /home/airflow/.local/lib/python3.7/site-packages/airflow/example_dags/tutorial_etl_dag.py
[2023-04-01 15:11:28,442] {processor.py:651} INFO - DAG(s) dict_keys(['tutorial_etl_dag']) retrieved from /home/airflow/.local/lib/python3.7/site-packages/airflow/example_dags/tutorial_etl_dag.py
[2023-04-01 15:11:28,480] {logging_mixin.py:115} INFO - [2023-04-01 15:11:28,480] {dag.py:2371} INFO - Sync 1 DAGs
[2023-04-01 15:11:28,514] {logging_mixin.py:115} INFO - [2023-04-01 15:11:28,514] {dag.py:2919} INFO - Setting next_dagrun for tutorial_etl_dag to None, run_after=None
[2023-04-01 15:11:28,531] {processor.py:161} INFO - Processing /home/airflow/.local/lib/python3.7/site-packages/airflow/example_dags/tutorial_etl_dag.py took 0.111 seconds
[2023-04-01 15:11:58,822] {processor.py:153} INFO - Started process (PID=231) to work on /home/airflow/.local/lib/python3.7/site-packages/airflow/example_dags/tutorial_etl_dag.py
[2023-04-01 15:11:58,825] {processor.py:641} INFO - Processing file /home/airflow/.local/lib/python3.7/site-packages/airflow/example_dags/tutorial_etl_dag.py for tasks to queue
[2023-04-01 15:11:58,826] {logging_mixin.py:115} INFO - [2023-04-01 15:11:58,826] {dagbag.py:507} INFO - Filling up the DagBag from /home/airflow/.local/lib/python3.7/site-packages/airflow/example_dags/tutorial_etl_dag.py
[2023-04-01 15:11:58,838] {processor.py:651} INFO - DAG(s) dict_keys(['tutorial_etl_dag']) retrieved from /home/airflow/.local/lib/python3.7/site-packages/airflow/example_dags/tutorial_etl_dag.py
[2023-04-01 15:11:58,879] {logging_mixin.py:115} INFO - [2023-04-01 15:11:58,879] {dag.py:2371} INFO - Sync 1 DAGs
[2023-04-01 15:11:58,913] {logging_mixin.py:115} INFO - [2023-04-01 15:11:58,913] {dag.py:2919} INFO - Setting next_dagrun for tutorial_etl_dag to None, run_after=None
[2023-04-01 15:11:58,933] {processor.py:161} INFO - Processing /home/airflow/.local/lib/python3.7/site-packages/airflow/example_dags/tutorial_etl_dag.py took 0.116 seconds
[2023-04-01 15:12:29,021] {processor.py:153} INFO - Started process (PID=292) to work on /home/airflow/.local/lib/python3.7/site-packages/airflow/example_dags/tutorial_etl_dag.py
[2023-04-01 15:12:29,024] {processor.py:641} INFO - Processing file /home/airflow/.local/lib/python3.7/site-packages/airflow/example_dags/tutorial_etl_dag.py for tasks to queue
[2023-04-01 15:12:29,025] {logging_mixin.py:115} INFO - [2023-04-01 15:12:29,025] {dagbag.py:507} INFO - Filling up the DagBag from /home/airflow/.local/lib/python3.7/site-packages/airflow/example_dags/tutorial_etl_dag.py
[2023-04-01 15:12:29,037] {processor.py:651} INFO - DAG(s) dict_keys(['tutorial_etl_dag']) retrieved from /home/airflow/.local/lib/python3.7/site-packages/airflow/example_dags/tutorial_etl_dag.py
[2023-04-01 15:12:29,076] {logging_mixin.py:115} INFO - [2023-04-01 15:12:29,076] {dag.py:2371} INFO - Sync 1 DAGs
[2023-04-01 15:12:29,107] {logging_mixin.py:115} INFO - [2023-04-01 15:12:29,107] {dag.py:2919} INFO - Setting next_dagrun for tutorial_etl_dag to None, run_after=None
[2023-04-01 15:12:29,124] {processor.py:161} INFO - Processing /home/airflow/.local/lib/python3.7/site-packages/airflow/example_dags/tutorial_etl_dag.py took 0.107 seconds
[2023-04-01 15:12:59,539] {processor.py:153} INFO - Started process (PID=346) to work on /home/airflow/.local/lib/python3.7/site-packages/airflow/example_dags/tutorial_etl_dag.py
[2023-04-01 15:12:59,541] {processor.py:641} INFO - Processing file /home/airflow/.local/lib/python3.7/site-packages/airflow/example_dags/tutorial_etl_dag.py for tasks to queue
[2023-04-01 15:12:59,542] {logging_mixin.py:115} INFO - [2023-04-01 15:12:59,542] {dagbag.py:507} INFO - Filling up the DagBag from /home/airflow/.local/lib/python3.7/site-packages/airflow/example_dags/tutorial_etl_dag.py
[2023-04-01 15:12:59,554] {processor.py:651} INFO - DAG(s) dict_keys(['tutorial_etl_dag']) retrieved from /home/airflow/.local/lib/python3.7/site-packages/airflow/example_dags/tutorial_etl_dag.py
[2023-04-01 15:12:59,594] {logging_mixin.py:115} INFO - [2023-04-01 15:12:59,594] {dag.py:2371} INFO - Sync 1 DAGs
[2023-04-01 15:12:59,627] {logging_mixin.py:115} INFO - [2023-04-01 15:12:59,627] {dag.py:2919} INFO - Setting next_dagrun for tutorial_etl_dag to None, run_after=None
[2023-04-01 15:12:59,643] {processor.py:161} INFO - Processing /home/airflow/.local/lib/python3.7/site-packages/airflow/example_dags/tutorial_etl_dag.py took 0.110 seconds
[2023-04-01 15:13:30,334] {processor.py:153} INFO - Started process (PID=408) to work on /home/airflow/.local/lib/python3.7/site-packages/airflow/example_dags/tutorial_etl_dag.py
[2023-04-01 15:13:30,337] {processor.py:641} INFO - Processing file /home/airflow/.local/lib/python3.7/site-packages/airflow/example_dags/tutorial_etl_dag.py for tasks to queue
[2023-04-01 15:13:30,339] {logging_mixin.py:115} INFO - [2023-04-01 15:13:30,339] {dagbag.py:507} INFO - Filling up the DagBag from /home/airflow/.local/lib/python3.7/site-packages/airflow/example_dags/tutorial_etl_dag.py
[2023-04-01 15:13:30,358] {processor.py:651} INFO - DAG(s) dict_keys(['tutorial_etl_dag']) retrieved from /home/airflow/.local/lib/python3.7/site-packages/airflow/example_dags/tutorial_etl_dag.py
[2023-04-01 15:13:30,410] {logging_mixin.py:115} INFO - [2023-04-01 15:13:30,410] {dag.py:2371} INFO - Sync 1 DAGs
[2023-04-01 15:13:30,447] {logging_mixin.py:115} INFO - [2023-04-01 15:13:30,446] {dag.py:2919} INFO - Setting next_dagrun for tutorial_etl_dag to None, run_after=None
[2023-04-01 15:13:30,464] {processor.py:161} INFO - Processing /home/airflow/.local/lib/python3.7/site-packages/airflow/example_dags/tutorial_etl_dag.py took 0.137 seconds
[2023-04-01 15:14:01,508] {processor.py:153} INFO - Started process (PID=463) to work on /home/airflow/.local/lib/python3.7/site-packages/airflow/example_dags/tutorial_etl_dag.py
[2023-04-01 15:14:01,511] {processor.py:641} INFO - Processing file /home/airflow/.local/lib/python3.7/site-packages/airflow/example_dags/tutorial_etl_dag.py for tasks to queue
[2023-04-01 15:14:01,514] {logging_mixin.py:115} INFO - [2023-04-01 15:14:01,514] {dagbag.py:507} INFO - Filling up the DagBag from /home/airflow/.local/lib/python3.7/site-packages/airflow/example_dags/tutorial_etl_dag.py
[2023-04-01 15:14:01,544] {processor.py:651} INFO - DAG(s) dict_keys(['tutorial_etl_dag']) retrieved from /home/airflow/.local/lib/python3.7/site-packages/airflow/example_dags/tutorial_etl_dag.py
[2023-04-01 15:14:01,621] {logging_mixin.py:115} INFO - [2023-04-01 15:14:01,620] {dag.py:2371} INFO - Sync 1 DAGs
[2023-04-01 15:14:01,672] {logging_mixin.py:115} INFO - [2023-04-01 15:14:01,671] {dag.py:2919} INFO - Setting next_dagrun for tutorial_etl_dag to None, run_after=None
[2023-04-01 15:14:01,703] {processor.py:161} INFO - Processing /home/airflow/.local/lib/python3.7/site-packages/airflow/example_dags/tutorial_etl_dag.py took 0.206 seconds
[2023-04-01 15:14:32,124] {processor.py:153} INFO - Started process (PID=526) to work on /home/airflow/.local/lib/python3.7/site-packages/airflow/example_dags/tutorial_etl_dag.py
[2023-04-01 15:14:32,127] {processor.py:641} INFO - Processing file /home/airflow/.local/lib/python3.7/site-packages/airflow/example_dags/tutorial_etl_dag.py for tasks to queue
[2023-04-01 15:14:32,129] {logging_mixin.py:115} INFO - [2023-04-01 15:14:32,129] {dagbag.py:507} INFO - Filling up the DagBag from /home/airflow/.local/lib/python3.7/site-packages/airflow/example_dags/tutorial_etl_dag.py
[2023-04-01 15:14:32,141] {processor.py:651} INFO - DAG(s) dict_keys(['tutorial_etl_dag']) retrieved from /home/airflow/.local/lib/python3.7/site-packages/airflow/example_dags/tutorial_etl_dag.py
[2023-04-01 15:14:32,196] {logging_mixin.py:115} INFO - [2023-04-01 15:14:32,195] {dag.py:2371} INFO - Sync 1 DAGs
[2023-04-01 15:14:32,243] {logging_mixin.py:115} INFO - [2023-04-01 15:14:32,242] {dag.py:2919} INFO - Setting next_dagrun for tutorial_etl_dag to None, run_after=None
[2023-04-01 15:14:32,274] {processor.py:161} INFO - Processing /home/airflow/.local/lib/python3.7/site-packages/airflow/example_dags/tutorial_etl_dag.py took 0.156 seconds
[2023-04-01 15:15:02,532] {processor.py:153} INFO - Started process (PID=580) to work on /home/airflow/.local/lib/python3.7/site-packages/airflow/example_dags/tutorial_etl_dag.py
[2023-04-01 15:15:02,534] {processor.py:641} INFO - Processing file /home/airflow/.local/lib/python3.7/site-packages/airflow/example_dags/tutorial_etl_dag.py for tasks to queue
[2023-04-01 15:15:02,536] {logging_mixin.py:115} INFO - [2023-04-01 15:15:02,535] {dagbag.py:507} INFO - Filling up the DagBag from /home/airflow/.local/lib/python3.7/site-packages/airflow/example_dags/tutorial_etl_dag.py
[2023-04-01 15:15:02,547] {processor.py:651} INFO - DAG(s) dict_keys(['tutorial_etl_dag']) retrieved from /home/airflow/.local/lib/python3.7/site-packages/airflow/example_dags/tutorial_etl_dag.py
[2023-04-01 15:15:02,601] {logging_mixin.py:115} INFO - [2023-04-01 15:15:02,601] {dag.py:2371} INFO - Sync 1 DAGs
[2023-04-01 15:15:02,656] {logging_mixin.py:115} INFO - [2023-04-01 15:15:02,655] {dag.py:2919} INFO - Setting next_dagrun for tutorial_etl_dag to None, run_after=None
[2023-04-01 15:15:02,679] {processor.py:161} INFO - Processing /home/airflow/.local/lib/python3.7/site-packages/airflow/example_dags/tutorial_etl_dag.py took 0.152 seconds
[2023-04-01 15:15:33,475] {processor.py:153} INFO - Started process (PID=644) to work on /home/airflow/.local/lib/python3.7/site-packages/airflow/example_dags/tutorial_etl_dag.py
[2023-04-01 15:15:33,476] {processor.py:641} INFO - Processing file /home/airflow/.local/lib/python3.7/site-packages/airflow/example_dags/tutorial_etl_dag.py for tasks to queue
[2023-04-01 15:15:33,479] {logging_mixin.py:115} INFO - [2023-04-01 15:15:33,478] {dagbag.py:507} INFO - Filling up the DagBag from /home/airflow/.local/lib/python3.7/site-packages/airflow/example_dags/tutorial_etl_dag.py
[2023-04-01 15:15:33,491] {processor.py:651} INFO - DAG(s) dict_keys(['tutorial_etl_dag']) retrieved from /home/airflow/.local/lib/python3.7/site-packages/airflow/example_dags/tutorial_etl_dag.py
[2023-04-01 15:15:33,535] {logging_mixin.py:115} INFO - [2023-04-01 15:15:33,535] {dag.py:2371} INFO - Sync 1 DAGs
[2023-04-01 15:15:33,581] {logging_mixin.py:115} INFO - [2023-04-01 15:15:33,581] {dag.py:2919} INFO - Setting next_dagrun for tutorial_etl_dag to None, run_after=None
[2023-04-01 15:15:33,602] {processor.py:161} INFO - Processing /home/airflow/.local/lib/python3.7/site-packages/airflow/example_dags/tutorial_etl_dag.py took 0.133 seconds
[2023-04-01 15:16:04,618] {processor.py:153} INFO - Started process (PID=707) to work on /home/airflow/.local/lib/python3.7/site-packages/airflow/example_dags/tutorial_etl_dag.py
[2023-04-01 15:16:04,622] {processor.py:641} INFO - Processing file /home/airflow/.local/lib/python3.7/site-packages/airflow/example_dags/tutorial_etl_dag.py for tasks to queue
[2023-04-01 15:16:04,624] {logging_mixin.py:115} INFO - [2023-04-01 15:16:04,624] {dagbag.py:507} INFO - Filling up the DagBag from /home/airflow/.local/lib/python3.7/site-packages/airflow/example_dags/tutorial_etl_dag.py
[2023-04-01 15:16:04,636] {processor.py:651} INFO - DAG(s) dict_keys(['tutorial_etl_dag']) retrieved from /home/airflow/.local/lib/python3.7/site-packages/airflow/example_dags/tutorial_etl_dag.py
[2023-04-01 15:16:04,675] {logging_mixin.py:115} INFO - [2023-04-01 15:16:04,675] {dag.py:2371} INFO - Sync 1 DAGs
[2023-04-01 15:16:04,730] {logging_mixin.py:115} INFO - [2023-04-01 15:16:04,730] {dag.py:2919} INFO - Setting next_dagrun for tutorial_etl_dag to None, run_after=None
[2023-04-01 15:16:04,749] {processor.py:161} INFO - Processing /home/airflow/.local/lib/python3.7/site-packages/airflow/example_dags/tutorial_etl_dag.py took 0.136 seconds
[2023-04-01 15:16:35,214] {processor.py:153} INFO - Started process (PID=761) to work on /home/airflow/.local/lib/python3.7/site-packages/airflow/example_dags/tutorial_etl_dag.py
[2023-04-01 15:16:35,216] {processor.py:641} INFO - Processing file /home/airflow/.local/lib/python3.7/site-packages/airflow/example_dags/tutorial_etl_dag.py for tasks to queue
[2023-04-01 15:16:35,218] {logging_mixin.py:115} INFO - [2023-04-01 15:16:35,218] {dagbag.py:507} INFO - Filling up the DagBag from /home/airflow/.local/lib/python3.7/site-packages/airflow/example_dags/tutorial_etl_dag.py
[2023-04-01 15:16:35,232] {processor.py:651} INFO - DAG(s) dict_keys(['tutorial_etl_dag']) retrieved from /home/airflow/.local/lib/python3.7/site-packages/airflow/example_dags/tutorial_etl_dag.py
[2023-04-01 15:16:35,285] {logging_mixin.py:115} INFO - [2023-04-01 15:16:35,285] {dag.py:2371} INFO - Sync 1 DAGs
[2023-04-01 15:16:35,323] {logging_mixin.py:115} INFO - [2023-04-01 15:16:35,322] {dag.py:2919} INFO - Setting next_dagrun for tutorial_etl_dag to None, run_after=None
[2023-04-01 15:16:35,342] {processor.py:161} INFO - Processing /home/airflow/.local/lib/python3.7/site-packages/airflow/example_dags/tutorial_etl_dag.py took 0.136 seconds
[2023-04-01 15:17:05,714] {processor.py:153} INFO - Started process (PID=824) to work on /home/airflow/.local/lib/python3.7/site-packages/airflow/example_dags/tutorial_etl_dag.py
[2023-04-01 15:17:05,718] {processor.py:641} INFO - Processing file /home/airflow/.local/lib/python3.7/site-packages/airflow/example_dags/tutorial_etl_dag.py for tasks to queue
[2023-04-01 15:17:05,721] {logging_mixin.py:115} INFO - [2023-04-01 15:17:05,720] {dagbag.py:507} INFO - Filling up the DagBag from /home/airflow/.local/lib/python3.7/site-packages/airflow/example_dags/tutorial_etl_dag.py
[2023-04-01 15:17:05,746] {processor.py:651} INFO - DAG(s) dict_keys(['tutorial_etl_dag']) retrieved from /home/airflow/.local/lib/python3.7/site-packages/airflow/example_dags/tutorial_etl_dag.py
[2023-04-01 15:17:05,829] {logging_mixin.py:115} INFO - [2023-04-01 15:17:05,829] {dag.py:2371} INFO - Sync 1 DAGs
[2023-04-01 15:17:05,880] {logging_mixin.py:115} INFO - [2023-04-01 15:17:05,879] {dag.py:2919} INFO - Setting next_dagrun for tutorial_etl_dag to None, run_after=None
[2023-04-01 15:17:05,919] {processor.py:161} INFO - Processing /home/airflow/.local/lib/python3.7/site-packages/airflow/example_dags/tutorial_etl_dag.py took 0.217 seconds
[2023-04-01 15:17:36,019] {processor.py:153} INFO - Started process (PID=880) to work on /home/airflow/.local/lib/python3.7/site-packages/airflow/example_dags/tutorial_etl_dag.py
[2023-04-01 15:17:36,020] {processor.py:641} INFO - Processing file /home/airflow/.local/lib/python3.7/site-packages/airflow/example_dags/tutorial_etl_dag.py for tasks to queue
[2023-04-01 15:17:36,022] {logging_mixin.py:115} INFO - [2023-04-01 15:17:36,022] {dagbag.py:507} INFO - Filling up the DagBag from /home/airflow/.local/lib/python3.7/site-packages/airflow/example_dags/tutorial_etl_dag.py
[2023-04-01 15:17:36,036] {processor.py:651} INFO - DAG(s) dict_keys(['tutorial_etl_dag']) retrieved from /home/airflow/.local/lib/python3.7/site-packages/airflow/example_dags/tutorial_etl_dag.py
[2023-04-01 15:17:36,075] {logging_mixin.py:115} INFO - [2023-04-01 15:17:36,075] {dag.py:2371} INFO - Sync 1 DAGs
[2023-04-01 15:17:36,121] {logging_mixin.py:115} INFO - [2023-04-01 15:17:36,121] {dag.py:2919} INFO - Setting next_dagrun for tutorial_etl_dag to None, run_after=None
[2023-04-01 15:17:36,147] {processor.py:161} INFO - Processing /home/airflow/.local/lib/python3.7/site-packages/airflow/example_dags/tutorial_etl_dag.py took 0.134 seconds
[2023-04-01 15:18:06,598] {processor.py:153} INFO - Started process (PID=944) to work on /home/airflow/.local/lib/python3.7/site-packages/airflow/example_dags/tutorial_etl_dag.py
[2023-04-01 15:18:06,603] {processor.py:641} INFO - Processing file /home/airflow/.local/lib/python3.7/site-packages/airflow/example_dags/tutorial_etl_dag.py for tasks to queue
[2023-04-01 15:18:06,607] {logging_mixin.py:115} INFO - [2023-04-01 15:18:06,607] {dagbag.py:507} INFO - Filling up the DagBag from /home/airflow/.local/lib/python3.7/site-packages/airflow/example_dags/tutorial_etl_dag.py
[2023-04-01 15:18:06,619] {processor.py:651} INFO - DAG(s) dict_keys(['tutorial_etl_dag']) retrieved from /home/airflow/.local/lib/python3.7/site-packages/airflow/example_dags/tutorial_etl_dag.py
[2023-04-01 15:18:06,684] {logging_mixin.py:115} INFO - [2023-04-01 15:18:06,684] {dag.py:2371} INFO - Sync 1 DAGs
[2023-04-01 15:18:06,722] {logging_mixin.py:115} INFO - [2023-04-01 15:18:06,722] {dag.py:2919} INFO - Setting next_dagrun for tutorial_etl_dag to None, run_after=None
[2023-04-01 15:18:06,743] {processor.py:161} INFO - Processing /home/airflow/.local/lib/python3.7/site-packages/airflow/example_dags/tutorial_etl_dag.py took 0.150 seconds
[2023-04-01 15:18:37,890] {processor.py:153} INFO - Started process (PID=998) to work on /home/airflow/.local/lib/python3.7/site-packages/airflow/example_dags/tutorial_etl_dag.py
[2023-04-01 15:18:37,892] {processor.py:641} INFO - Processing file /home/airflow/.local/lib/python3.7/site-packages/airflow/example_dags/tutorial_etl_dag.py for tasks to queue
[2023-04-01 15:18:37,894] {logging_mixin.py:115} INFO - [2023-04-01 15:18:37,894] {dagbag.py:507} INFO - Filling up the DagBag from /home/airflow/.local/lib/python3.7/site-packages/airflow/example_dags/tutorial_etl_dag.py
[2023-04-01 15:18:37,907] {processor.py:651} INFO - DAG(s) dict_keys(['tutorial_etl_dag']) retrieved from /home/airflow/.local/lib/python3.7/site-packages/airflow/example_dags/tutorial_etl_dag.py
[2023-04-01 15:18:37,955] {logging_mixin.py:115} INFO - [2023-04-01 15:18:37,955] {dag.py:2371} INFO - Sync 1 DAGs
[2023-04-01 15:18:37,996] {logging_mixin.py:115} INFO - [2023-04-01 15:18:37,995] {dag.py:2919} INFO - Setting next_dagrun for tutorial_etl_dag to None, run_after=None
[2023-04-01 15:18:38,015] {processor.py:161} INFO - Processing /home/airflow/.local/lib/python3.7/site-packages/airflow/example_dags/tutorial_etl_dag.py took 0.130 seconds
[2023-04-01 15:19:08,428] {processor.py:153} INFO - Started process (PID=1052) to work on /home/airflow/.local/lib/python3.7/site-packages/airflow/example_dags/tutorial_etl_dag.py
[2023-04-01 15:19:08,429] {processor.py:641} INFO - Processing file /home/airflow/.local/lib/python3.7/site-packages/airflow/example_dags/tutorial_etl_dag.py for tasks to queue
[2023-04-01 15:19:08,431] {logging_mixin.py:115} INFO - [2023-04-01 15:19:08,431] {dagbag.py:507} INFO - Filling up the DagBag from /home/airflow/.local/lib/python3.7/site-packages/airflow/example_dags/tutorial_etl_dag.py
[2023-04-01 15:19:08,443] {processor.py:651} INFO - DAG(s) dict_keys(['tutorial_etl_dag']) retrieved from /home/airflow/.local/lib/python3.7/site-packages/airflow/example_dags/tutorial_etl_dag.py
[2023-04-01 15:19:08,483] {logging_mixin.py:115} INFO - [2023-04-01 15:19:08,483] {dag.py:2371} INFO - Sync 1 DAGs
[2023-04-01 15:19:08,529] {logging_mixin.py:115} INFO - [2023-04-01 15:19:08,529] {dag.py:2919} INFO - Setting next_dagrun for tutorial_etl_dag to None, run_after=None
[2023-04-01 15:19:08,550] {processor.py:161} INFO - Processing /home/airflow/.local/lib/python3.7/site-packages/airflow/example_dags/tutorial_etl_dag.py took 0.128 seconds
[2023-04-01 15:19:39,190] {processor.py:153} INFO - Started process (PID=1117) to work on /home/airflow/.local/lib/python3.7/site-packages/airflow/example_dags/tutorial_etl_dag.py
[2023-04-01 15:19:39,192] {processor.py:641} INFO - Processing file /home/airflow/.local/lib/python3.7/site-packages/airflow/example_dags/tutorial_etl_dag.py for tasks to queue
[2023-04-01 15:19:39,194] {logging_mixin.py:115} INFO - [2023-04-01 15:19:39,194] {dagbag.py:507} INFO - Filling up the DagBag from /home/airflow/.local/lib/python3.7/site-packages/airflow/example_dags/tutorial_etl_dag.py
[2023-04-01 15:19:39,209] {processor.py:651} INFO - DAG(s) dict_keys(['tutorial_etl_dag']) retrieved from /home/airflow/.local/lib/python3.7/site-packages/airflow/example_dags/tutorial_etl_dag.py
[2023-04-01 15:19:39,251] {logging_mixin.py:115} INFO - [2023-04-01 15:19:39,251] {dag.py:2371} INFO - Sync 1 DAGs
[2023-04-01 15:19:39,285] {logging_mixin.py:115} INFO - [2023-04-01 15:19:39,285] {dag.py:2919} INFO - Setting next_dagrun for tutorial_etl_dag to None, run_after=None
[2023-04-01 15:19:39,303] {processor.py:161} INFO - Processing /home/airflow/.local/lib/python3.7/site-packages/airflow/example_dags/tutorial_etl_dag.py took 0.127 seconds
[2023-04-01 15:20:10,131] {processor.py:153} INFO - Started process (PID=1171) to work on /home/airflow/.local/lib/python3.7/site-packages/airflow/example_dags/tutorial_etl_dag.py
[2023-04-01 15:20:10,133] {processor.py:641} INFO - Processing file /home/airflow/.local/lib/python3.7/site-packages/airflow/example_dags/tutorial_etl_dag.py for tasks to queue
[2023-04-01 15:20:10,134] {logging_mixin.py:115} INFO - [2023-04-01 15:20:10,134] {dagbag.py:507} INFO - Filling up the DagBag from /home/airflow/.local/lib/python3.7/site-packages/airflow/example_dags/tutorial_etl_dag.py
[2023-04-01 15:20:10,148] {processor.py:651} INFO - DAG(s) dict_keys(['tutorial_etl_dag']) retrieved from /home/airflow/.local/lib/python3.7/site-packages/airflow/example_dags/tutorial_etl_dag.py
[2023-04-01 15:20:10,188] {logging_mixin.py:115} INFO - [2023-04-01 15:20:10,188] {dag.py:2371} INFO - Sync 1 DAGs
[2023-04-01 15:20:10,221] {logging_mixin.py:115} INFO - [2023-04-01 15:20:10,220] {dag.py:2919} INFO - Setting next_dagrun for tutorial_etl_dag to None, run_after=None
[2023-04-01 15:20:10,237] {processor.py:161} INFO - Processing /home/airflow/.local/lib/python3.7/site-packages/airflow/example_dags/tutorial_etl_dag.py took 0.112 seconds
[2023-04-01 15:20:41,153] {processor.py:153} INFO - Started process (PID=1236) to work on /home/airflow/.local/lib/python3.7/site-packages/airflow/example_dags/tutorial_etl_dag.py
[2023-04-01 15:20:41,155] {processor.py:641} INFO - Processing file /home/airflow/.local/lib/python3.7/site-packages/airflow/example_dags/tutorial_etl_dag.py for tasks to queue
[2023-04-01 15:20:41,157] {logging_mixin.py:115} INFO - [2023-04-01 15:20:41,157] {dagbag.py:507} INFO - Filling up the DagBag from /home/airflow/.local/lib/python3.7/site-packages/airflow/example_dags/tutorial_etl_dag.py
[2023-04-01 15:20:41,170] {processor.py:651} INFO - DAG(s) dict_keys(['tutorial_etl_dag']) retrieved from /home/airflow/.local/lib/python3.7/site-packages/airflow/example_dags/tutorial_etl_dag.py
[2023-04-01 15:20:41,223] {logging_mixin.py:115} INFO - [2023-04-01 15:20:41,222] {dag.py:2371} INFO - Sync 1 DAGs
[2023-04-01 15:20:41,266] {logging_mixin.py:115} INFO - [2023-04-01 15:20:41,266] {dag.py:2919} INFO - Setting next_dagrun for tutorial_etl_dag to None, run_after=None
[2023-04-01 15:20:41,286] {processor.py:161} INFO - Processing /home/airflow/.local/lib/python3.7/site-packages/airflow/example_dags/tutorial_etl_dag.py took 0.139 seconds
[2023-04-01 15:21:12,459] {processor.py:153} INFO - Started process (PID=1299) to work on /home/airflow/.local/lib/python3.7/site-packages/airflow/example_dags/tutorial_etl_dag.py
[2023-04-01 15:21:12,461] {processor.py:641} INFO - Processing file /home/airflow/.local/lib/python3.7/site-packages/airflow/example_dags/tutorial_etl_dag.py for tasks to queue
[2023-04-01 15:21:12,462] {logging_mixin.py:115} INFO - [2023-04-01 15:21:12,462] {dagbag.py:507} INFO - Filling up the DagBag from /home/airflow/.local/lib/python3.7/site-packages/airflow/example_dags/tutorial_etl_dag.py
[2023-04-01 15:21:12,477] {processor.py:651} INFO - DAG(s) dict_keys(['tutorial_etl_dag']) retrieved from /home/airflow/.local/lib/python3.7/site-packages/airflow/example_dags/tutorial_etl_dag.py
[2023-04-01 15:21:12,521] {logging_mixin.py:115} INFO - [2023-04-01 15:21:12,521] {dag.py:2371} INFO - Sync 1 DAGs
[2023-04-01 15:21:12,558] {logging_mixin.py:115} INFO - [2023-04-01 15:21:12,558] {dag.py:2919} INFO - Setting next_dagrun for tutorial_etl_dag to None, run_after=None
[2023-04-01 15:21:12,577] {processor.py:161} INFO - Processing /home/airflow/.local/lib/python3.7/site-packages/airflow/example_dags/tutorial_etl_dag.py took 0.123 seconds
[2023-04-01 15:21:42,823] {processor.py:153} INFO - Started process (PID=1353) to work on /home/airflow/.local/lib/python3.7/site-packages/airflow/example_dags/tutorial_etl_dag.py
[2023-04-01 15:21:42,826] {processor.py:641} INFO - Processing file /home/airflow/.local/lib/python3.7/site-packages/airflow/example_dags/tutorial_etl_dag.py for tasks to queue
[2023-04-01 15:21:42,828] {logging_mixin.py:115} INFO - [2023-04-01 15:21:42,828] {dagbag.py:507} INFO - Filling up the DagBag from /home/airflow/.local/lib/python3.7/site-packages/airflow/example_dags/tutorial_etl_dag.py
[2023-04-01 15:21:42,842] {processor.py:651} INFO - DAG(s) dict_keys(['tutorial_etl_dag']) retrieved from /home/airflow/.local/lib/python3.7/site-packages/airflow/example_dags/tutorial_etl_dag.py
[2023-04-01 15:21:42,883] {logging_mixin.py:115} INFO - [2023-04-01 15:21:42,882] {dag.py:2371} INFO - Sync 1 DAGs
[2023-04-01 15:21:42,916] {logging_mixin.py:115} INFO - [2023-04-01 15:21:42,916] {dag.py:2919} INFO - Setting next_dagrun for tutorial_etl_dag to None, run_after=None
[2023-04-01 15:21:42,934] {processor.py:161} INFO - Processing /home/airflow/.local/lib/python3.7/site-packages/airflow/example_dags/tutorial_etl_dag.py took 0.116 seconds
[2023-04-01 15:22:13,325] {processor.py:153} INFO - Started process (PID=1416) to work on /home/airflow/.local/lib/python3.7/site-packages/airflow/example_dags/tutorial_etl_dag.py
[2023-04-01 15:22:13,327] {processor.py:641} INFO - Processing file /home/airflow/.local/lib/python3.7/site-packages/airflow/example_dags/tutorial_etl_dag.py for tasks to queue
[2023-04-01 15:22:13,331] {logging_mixin.py:115} INFO - [2023-04-01 15:22:13,331] {dagbag.py:507} INFO - Filling up the DagBag from /home/airflow/.local/lib/python3.7/site-packages/airflow/example_dags/tutorial_etl_dag.py
[2023-04-01 15:22:13,346] {processor.py:651} INFO - DAG(s) dict_keys(['tutorial_etl_dag']) retrieved from /home/airflow/.local/lib/python3.7/site-packages/airflow/example_dags/tutorial_etl_dag.py
[2023-04-01 15:22:13,396] {logging_mixin.py:115} INFO - [2023-04-01 15:22:13,396] {dag.py:2371} INFO - Sync 1 DAGs
[2023-04-01 15:22:13,441] {logging_mixin.py:115} INFO - [2023-04-01 15:22:13,440] {dag.py:2919} INFO - Setting next_dagrun for tutorial_etl_dag to None, run_after=None
[2023-04-01 15:22:13,457] {processor.py:161} INFO - Processing /home/airflow/.local/lib/python3.7/site-packages/airflow/example_dags/tutorial_etl_dag.py took 0.140 seconds
[2023-04-01 15:22:43,652] {processor.py:153} INFO - Started process (PID=1469) to work on /home/airflow/.local/lib/python3.7/site-packages/airflow/example_dags/tutorial_etl_dag.py
[2023-04-01 15:22:43,654] {processor.py:641} INFO - Processing file /home/airflow/.local/lib/python3.7/site-packages/airflow/example_dags/tutorial_etl_dag.py for tasks to queue
[2023-04-01 15:22:43,656] {logging_mixin.py:115} INFO - [2023-04-01 15:22:43,655] {dagbag.py:507} INFO - Filling up the DagBag from /home/airflow/.local/lib/python3.7/site-packages/airflow/example_dags/tutorial_etl_dag.py
[2023-04-01 15:22:43,669] {processor.py:651} INFO - DAG(s) dict_keys(['tutorial_etl_dag']) retrieved from /home/airflow/.local/lib/python3.7/site-packages/airflow/example_dags/tutorial_etl_dag.py
[2023-04-01 15:22:43,714] {logging_mixin.py:115} INFO - [2023-04-01 15:22:43,714] {dag.py:2371} INFO - Sync 1 DAGs
[2023-04-01 15:22:43,751] {logging_mixin.py:115} INFO - [2023-04-01 15:22:43,751] {dag.py:2919} INFO - Setting next_dagrun for tutorial_etl_dag to None, run_after=None
[2023-04-01 15:22:43,768] {processor.py:161} INFO - Processing /home/airflow/.local/lib/python3.7/site-packages/airflow/example_dags/tutorial_etl_dag.py took 0.121 seconds
[2023-04-01 15:23:14,105] {processor.py:153} INFO - Started process (PID=1532) to work on /home/airflow/.local/lib/python3.7/site-packages/airflow/example_dags/tutorial_etl_dag.py
[2023-04-01 15:23:14,107] {processor.py:641} INFO - Processing file /home/airflow/.local/lib/python3.7/site-packages/airflow/example_dags/tutorial_etl_dag.py for tasks to queue
[2023-04-01 15:23:14,109] {logging_mixin.py:115} INFO - [2023-04-01 15:23:14,109] {dagbag.py:507} INFO - Filling up the DagBag from /home/airflow/.local/lib/python3.7/site-packages/airflow/example_dags/tutorial_etl_dag.py
[2023-04-01 15:23:14,122] {processor.py:651} INFO - DAG(s) dict_keys(['tutorial_etl_dag']) retrieved from /home/airflow/.local/lib/python3.7/site-packages/airflow/example_dags/tutorial_etl_dag.py
[2023-04-01 15:23:14,166] {logging_mixin.py:115} INFO - [2023-04-01 15:23:14,166] {dag.py:2371} INFO - Sync 1 DAGs
[2023-04-01 15:23:14,206] {logging_mixin.py:115} INFO - [2023-04-01 15:23:14,206] {dag.py:2919} INFO - Setting next_dagrun for tutorial_etl_dag to None, run_after=None
[2023-04-01 15:23:14,224] {processor.py:161} INFO - Processing /home/airflow/.local/lib/python3.7/site-packages/airflow/example_dags/tutorial_etl_dag.py took 0.125 seconds
[2023-04-01 15:23:45,201] {processor.py:153} INFO - Started process (PID=1586) to work on /home/airflow/.local/lib/python3.7/site-packages/airflow/example_dags/tutorial_etl_dag.py
[2023-04-01 15:23:45,203] {processor.py:641} INFO - Processing file /home/airflow/.local/lib/python3.7/site-packages/airflow/example_dags/tutorial_etl_dag.py for tasks to queue
[2023-04-01 15:23:45,204] {logging_mixin.py:115} INFO - [2023-04-01 15:23:45,204] {dagbag.py:507} INFO - Filling up the DagBag from /home/airflow/.local/lib/python3.7/site-packages/airflow/example_dags/tutorial_etl_dag.py
[2023-04-01 15:23:45,216] {processor.py:651} INFO - DAG(s) dict_keys(['tutorial_etl_dag']) retrieved from /home/airflow/.local/lib/python3.7/site-packages/airflow/example_dags/tutorial_etl_dag.py
[2023-04-01 15:23:45,256] {logging_mixin.py:115} INFO - [2023-04-01 15:23:45,256] {dag.py:2371} INFO - Sync 1 DAGs
[2023-04-01 15:23:45,289] {logging_mixin.py:115} INFO - [2023-04-01 15:23:45,289] {dag.py:2919} INFO - Setting next_dagrun for tutorial_etl_dag to None, run_after=None
[2023-04-01 15:23:45,305] {processor.py:161} INFO - Processing /home/airflow/.local/lib/python3.7/site-packages/airflow/example_dags/tutorial_etl_dag.py took 0.110 seconds
[2023-04-01 15:24:15,496] {processor.py:153} INFO - Started process (PID=1649) to work on /home/airflow/.local/lib/python3.7/site-packages/airflow/example_dags/tutorial_etl_dag.py
[2023-04-01 15:24:15,500] {processor.py:641} INFO - Processing file /home/airflow/.local/lib/python3.7/site-packages/airflow/example_dags/tutorial_etl_dag.py for tasks to queue
[2023-04-01 15:24:15,502] {logging_mixin.py:115} INFO - [2023-04-01 15:24:15,502] {dagbag.py:507} INFO - Filling up the DagBag from /home/airflow/.local/lib/python3.7/site-packages/airflow/example_dags/tutorial_etl_dag.py
[2023-04-01 15:24:15,519] {processor.py:651} INFO - DAG(s) dict_keys(['tutorial_etl_dag']) retrieved from /home/airflow/.local/lib/python3.7/site-packages/airflow/example_dags/tutorial_etl_dag.py
[2023-04-01 15:24:15,562] {logging_mixin.py:115} INFO - [2023-04-01 15:24:15,562] {dag.py:2371} INFO - Sync 1 DAGs
[2023-04-01 15:24:15,594] {logging_mixin.py:115} INFO - [2023-04-01 15:24:15,594] {dag.py:2919} INFO - Setting next_dagrun for tutorial_etl_dag to None, run_after=None
[2023-04-01 15:24:15,610] {processor.py:161} INFO - Processing /home/airflow/.local/lib/python3.7/site-packages/airflow/example_dags/tutorial_etl_dag.py took 0.126 seconds
[2023-04-01 15:24:45,973] {processor.py:153} INFO - Started process (PID=1703) to work on /home/airflow/.local/lib/python3.7/site-packages/airflow/example_dags/tutorial_etl_dag.py
[2023-04-01 15:24:45,975] {processor.py:641} INFO - Processing file /home/airflow/.local/lib/python3.7/site-packages/airflow/example_dags/tutorial_etl_dag.py for tasks to queue
[2023-04-01 15:24:45,977] {logging_mixin.py:115} INFO - [2023-04-01 15:24:45,977] {dagbag.py:507} INFO - Filling up the DagBag from /home/airflow/.local/lib/python3.7/site-packages/airflow/example_dags/tutorial_etl_dag.py
[2023-04-01 15:24:45,990] {processor.py:651} INFO - DAG(s) dict_keys(['tutorial_etl_dag']) retrieved from /home/airflow/.local/lib/python3.7/site-packages/airflow/example_dags/tutorial_etl_dag.py
[2023-04-01 15:24:46,040] {logging_mixin.py:115} INFO - [2023-04-01 15:24:46,039] {dag.py:2371} INFO - Sync 1 DAGs
[2023-04-01 15:24:46,088] {logging_mixin.py:115} INFO - [2023-04-01 15:24:46,088] {dag.py:2919} INFO - Setting next_dagrun for tutorial_etl_dag to None, run_after=None
[2023-04-01 15:24:46,110] {processor.py:161} INFO - Processing /home/airflow/.local/lib/python3.7/site-packages/airflow/example_dags/tutorial_etl_dag.py took 0.144 seconds
[2023-04-01 15:25:16,614] {processor.py:153} INFO - Started process (PID=1766) to work on /home/airflow/.local/lib/python3.7/site-packages/airflow/example_dags/tutorial_etl_dag.py
[2023-04-01 15:25:16,615] {processor.py:641} INFO - Processing file /home/airflow/.local/lib/python3.7/site-packages/airflow/example_dags/tutorial_etl_dag.py for tasks to queue
[2023-04-01 15:25:16,617] {logging_mixin.py:115} INFO - [2023-04-01 15:25:16,616] {dagbag.py:507} INFO - Filling up the DagBag from /home/airflow/.local/lib/python3.7/site-packages/airflow/example_dags/tutorial_etl_dag.py
[2023-04-01 15:25:16,628] {processor.py:651} INFO - DAG(s) dict_keys(['tutorial_etl_dag']) retrieved from /home/airflow/.local/lib/python3.7/site-packages/airflow/example_dags/tutorial_etl_dag.py
[2023-04-01 15:25:16,670] {logging_mixin.py:115} INFO - [2023-04-01 15:25:16,670] {dag.py:2371} INFO - Sync 1 DAGs
[2023-04-01 15:25:16,702] {logging_mixin.py:115} INFO - [2023-04-01 15:25:16,702] {dag.py:2919} INFO - Setting next_dagrun for tutorial_etl_dag to None, run_after=None
[2023-04-01 15:25:16,719] {processor.py:161} INFO - Processing /home/airflow/.local/lib/python3.7/site-packages/airflow/example_dags/tutorial_etl_dag.py took 0.110 seconds
[2023-04-01 15:25:47,641] {processor.py:153} INFO - Started process (PID=1820) to work on /home/airflow/.local/lib/python3.7/site-packages/airflow/example_dags/tutorial_etl_dag.py
[2023-04-01 15:25:47,643] {processor.py:641} INFO - Processing file /home/airflow/.local/lib/python3.7/site-packages/airflow/example_dags/tutorial_etl_dag.py for tasks to queue
[2023-04-01 15:25:47,644] {logging_mixin.py:115} INFO - [2023-04-01 15:25:47,644] {dagbag.py:507} INFO - Filling up the DagBag from /home/airflow/.local/lib/python3.7/site-packages/airflow/example_dags/tutorial_etl_dag.py
[2023-04-01 15:25:47,656] {processor.py:651} INFO - DAG(s) dict_keys(['tutorial_etl_dag']) retrieved from /home/airflow/.local/lib/python3.7/site-packages/airflow/example_dags/tutorial_etl_dag.py
[2023-04-01 15:25:47,696] {logging_mixin.py:115} INFO - [2023-04-01 15:25:47,696] {dag.py:2371} INFO - Sync 1 DAGs
[2023-04-01 15:25:47,731] {logging_mixin.py:115} INFO - [2023-04-01 15:25:47,731] {dag.py:2919} INFO - Setting next_dagrun for tutorial_etl_dag to None, run_after=None
[2023-04-01 15:25:47,747] {processor.py:161} INFO - Processing /home/airflow/.local/lib/python3.7/site-packages/airflow/example_dags/tutorial_etl_dag.py took 0.111 seconds
[2023-04-01 15:26:17,991] {processor.py:153} INFO - Started process (PID=1883) to work on /home/airflow/.local/lib/python3.7/site-packages/airflow/example_dags/tutorial_etl_dag.py
[2023-04-01 15:26:17,993] {processor.py:641} INFO - Processing file /home/airflow/.local/lib/python3.7/site-packages/airflow/example_dags/tutorial_etl_dag.py for tasks to queue
[2023-04-01 15:26:17,994] {logging_mixin.py:115} INFO - [2023-04-01 15:26:17,994] {dagbag.py:507} INFO - Filling up the DagBag from /home/airflow/.local/lib/python3.7/site-packages/airflow/example_dags/tutorial_etl_dag.py
[2023-04-01 15:26:18,006] {processor.py:651} INFO - DAG(s) dict_keys(['tutorial_etl_dag']) retrieved from /home/airflow/.local/lib/python3.7/site-packages/airflow/example_dags/tutorial_etl_dag.py
[2023-04-01 15:26:18,048] {logging_mixin.py:115} INFO - [2023-04-01 15:26:18,048] {dag.py:2371} INFO - Sync 1 DAGs
[2023-04-01 15:26:18,081] {logging_mixin.py:115} INFO - [2023-04-01 15:26:18,081] {dag.py:2919} INFO - Setting next_dagrun for tutorial_etl_dag to None, run_after=None
[2023-04-01 15:26:18,098] {processor.py:161} INFO - Processing /home/airflow/.local/lib/python3.7/site-packages/airflow/example_dags/tutorial_etl_dag.py took 0.111 seconds
[2023-04-01 15:26:48,403] {processor.py:153} INFO - Started process (PID=1939) to work on /home/airflow/.local/lib/python3.7/site-packages/airflow/example_dags/tutorial_etl_dag.py
[2023-04-01 15:26:48,405] {processor.py:641} INFO - Processing file /home/airflow/.local/lib/python3.7/site-packages/airflow/example_dags/tutorial_etl_dag.py for tasks to queue
[2023-04-01 15:26:48,407] {logging_mixin.py:115} INFO - [2023-04-01 15:26:48,407] {dagbag.py:507} INFO - Filling up the DagBag from /home/airflow/.local/lib/python3.7/site-packages/airflow/example_dags/tutorial_etl_dag.py
[2023-04-01 15:26:48,429] {processor.py:651} INFO - DAG(s) dict_keys(['tutorial_etl_dag']) retrieved from /home/airflow/.local/lib/python3.7/site-packages/airflow/example_dags/tutorial_etl_dag.py
[2023-04-01 15:26:48,474] {logging_mixin.py:115} INFO - [2023-04-01 15:26:48,474] {dag.py:2371} INFO - Sync 1 DAGs
[2023-04-01 15:26:48,519] {logging_mixin.py:115} INFO - [2023-04-01 15:26:48,519] {dag.py:2919} INFO - Setting next_dagrun for tutorial_etl_dag to None, run_after=None
[2023-04-01 15:26:48,540] {processor.py:161} INFO - Processing /home/airflow/.local/lib/python3.7/site-packages/airflow/example_dags/tutorial_etl_dag.py took 0.143 seconds
[2023-04-01 15:27:19,091] {processor.py:153} INFO - Started process (PID=2002) to work on /home/airflow/.local/lib/python3.7/site-packages/airflow/example_dags/tutorial_etl_dag.py
[2023-04-01 15:27:19,093] {processor.py:641} INFO - Processing file /home/airflow/.local/lib/python3.7/site-packages/airflow/example_dags/tutorial_etl_dag.py for tasks to queue
[2023-04-01 15:27:19,095] {logging_mixin.py:115} INFO - [2023-04-01 15:27:19,094] {dagbag.py:507} INFO - Filling up the DagBag from /home/airflow/.local/lib/python3.7/site-packages/airflow/example_dags/tutorial_etl_dag.py
[2023-04-01 15:27:19,109] {processor.py:651} INFO - DAG(s) dict_keys(['tutorial_etl_dag']) retrieved from /home/airflow/.local/lib/python3.7/site-packages/airflow/example_dags/tutorial_etl_dag.py
[2023-04-01 15:27:19,150] {logging_mixin.py:115} INFO - [2023-04-01 15:27:19,150] {dag.py:2371} INFO - Sync 1 DAGs
[2023-04-01 15:27:19,188] {logging_mixin.py:115} INFO - [2023-04-01 15:27:19,188] {dag.py:2919} INFO - Setting next_dagrun for tutorial_etl_dag to None, run_after=None
[2023-04-01 15:27:19,208] {processor.py:161} INFO - Processing /home/airflow/.local/lib/python3.7/site-packages/airflow/example_dags/tutorial_etl_dag.py took 0.122 seconds
[2023-04-01 15:27:49,598] {processor.py:153} INFO - Started process (PID=2056) to work on /home/airflow/.local/lib/python3.7/site-packages/airflow/example_dags/tutorial_etl_dag.py
[2023-04-01 15:27:49,600] {processor.py:641} INFO - Processing file /home/airflow/.local/lib/python3.7/site-packages/airflow/example_dags/tutorial_etl_dag.py for tasks to queue
[2023-04-01 15:27:49,602] {logging_mixin.py:115} INFO - [2023-04-01 15:27:49,602] {dagbag.py:507} INFO - Filling up the DagBag from /home/airflow/.local/lib/python3.7/site-packages/airflow/example_dags/tutorial_etl_dag.py
[2023-04-01 15:27:49,614] {processor.py:651} INFO - DAG(s) dict_keys(['tutorial_etl_dag']) retrieved from /home/airflow/.local/lib/python3.7/site-packages/airflow/example_dags/tutorial_etl_dag.py
[2023-04-01 15:27:49,671] {logging_mixin.py:115} INFO - [2023-04-01 15:27:49,671] {dag.py:2371} INFO - Sync 1 DAGs
[2023-04-01 15:27:49,745] {logging_mixin.py:115} INFO - [2023-04-01 15:27:49,745] {dag.py:2919} INFO - Setting next_dagrun for tutorial_etl_dag to None, run_after=None
[2023-04-01 15:27:49,788] {processor.py:161} INFO - Processing /home/airflow/.local/lib/python3.7/site-packages/airflow/example_dags/tutorial_etl_dag.py took 0.200 seconds
[2023-04-01 15:28:20,575] {processor.py:153} INFO - Started process (PID=2129) to work on /home/airflow/.local/lib/python3.7/site-packages/airflow/example_dags/tutorial_etl_dag.py
[2023-04-01 15:28:20,577] {processor.py:641} INFO - Processing file /home/airflow/.local/lib/python3.7/site-packages/airflow/example_dags/tutorial_etl_dag.py for tasks to queue
[2023-04-01 15:28:20,579] {logging_mixin.py:115} INFO - [2023-04-01 15:28:20,579] {dagbag.py:507} INFO - Filling up the DagBag from /home/airflow/.local/lib/python3.7/site-packages/airflow/example_dags/tutorial_etl_dag.py
[2023-04-01 15:28:20,596] {processor.py:651} INFO - DAG(s) dict_keys(['tutorial_etl_dag']) retrieved from /home/airflow/.local/lib/python3.7/site-packages/airflow/example_dags/tutorial_etl_dag.py
[2023-04-01 15:28:20,648] {logging_mixin.py:115} INFO - [2023-04-01 15:28:20,648] {dag.py:2371} INFO - Sync 1 DAGs
[2023-04-01 15:28:20,685] {logging_mixin.py:115} INFO - [2023-04-01 15:28:20,685] {dag.py:2919} INFO - Setting next_dagrun for tutorial_etl_dag to None, run_after=None
[2023-04-01 15:28:20,702] {processor.py:161} INFO - Processing /home/airflow/.local/lib/python3.7/site-packages/airflow/example_dags/tutorial_etl_dag.py took 0.134 seconds
[2023-04-01 15:28:51,690] {processor.py:153} INFO - Started process (PID=2199) to work on /home/airflow/.local/lib/python3.7/site-packages/airflow/example_dags/tutorial_etl_dag.py
[2023-04-01 15:28:51,692] {processor.py:641} INFO - Processing file /home/airflow/.local/lib/python3.7/site-packages/airflow/example_dags/tutorial_etl_dag.py for tasks to queue
[2023-04-01 15:28:51,694] {logging_mixin.py:115} INFO - [2023-04-01 15:28:51,694] {dagbag.py:507} INFO - Filling up the DagBag from /home/airflow/.local/lib/python3.7/site-packages/airflow/example_dags/tutorial_etl_dag.py
[2023-04-01 15:28:51,706] {processor.py:651} INFO - DAG(s) dict_keys(['tutorial_etl_dag']) retrieved from /home/airflow/.local/lib/python3.7/site-packages/airflow/example_dags/tutorial_etl_dag.py
[2023-04-01 15:28:51,746] {logging_mixin.py:115} INFO - [2023-04-01 15:28:51,746] {dag.py:2371} INFO - Sync 1 DAGs
[2023-04-01 15:28:51,779] {logging_mixin.py:115} INFO - [2023-04-01 15:28:51,779] {dag.py:2919} INFO - Setting next_dagrun for tutorial_etl_dag to None, run_after=None
[2023-04-01 15:28:51,796] {processor.py:161} INFO - Processing /home/airflow/.local/lib/python3.7/site-packages/airflow/example_dags/tutorial_etl_dag.py took 0.111 seconds
[2023-04-01 15:29:22,608] {processor.py:153} INFO - Started process (PID=2255) to work on /home/airflow/.local/lib/python3.7/site-packages/airflow/example_dags/tutorial_etl_dag.py
[2023-04-01 15:29:22,610] {processor.py:641} INFO - Processing file /home/airflow/.local/lib/python3.7/site-packages/airflow/example_dags/tutorial_etl_dag.py for tasks to queue
[2023-04-01 15:29:22,612] {logging_mixin.py:115} INFO - [2023-04-01 15:29:22,612] {dagbag.py:507} INFO - Filling up the DagBag from /home/airflow/.local/lib/python3.7/site-packages/airflow/example_dags/tutorial_etl_dag.py
[2023-04-01 15:29:22,626] {processor.py:651} INFO - DAG(s) dict_keys(['tutorial_etl_dag']) retrieved from /home/airflow/.local/lib/python3.7/site-packages/airflow/example_dags/tutorial_etl_dag.py
[2023-04-01 15:29:22,666] {logging_mixin.py:115} INFO - [2023-04-01 15:29:22,666] {dag.py:2371} INFO - Sync 1 DAGs
[2023-04-01 15:29:22,701] {logging_mixin.py:115} INFO - [2023-04-01 15:29:22,701] {dag.py:2919} INFO - Setting next_dagrun for tutorial_etl_dag to None, run_after=None
[2023-04-01 15:29:22,721] {processor.py:161} INFO - Processing /home/airflow/.local/lib/python3.7/site-packages/airflow/example_dags/tutorial_etl_dag.py took 0.120 seconds
[2023-04-01 15:29:53,371] {processor.py:153} INFO - Started process (PID=2318) to work on /home/airflow/.local/lib/python3.7/site-packages/airflow/example_dags/tutorial_etl_dag.py
[2023-04-01 15:29:53,373] {processor.py:641} INFO - Processing file /home/airflow/.local/lib/python3.7/site-packages/airflow/example_dags/tutorial_etl_dag.py for tasks to queue
[2023-04-01 15:29:53,375] {logging_mixin.py:115} INFO - [2023-04-01 15:29:53,375] {dagbag.py:507} INFO - Filling up the DagBag from /home/airflow/.local/lib/python3.7/site-packages/airflow/example_dags/tutorial_etl_dag.py
[2023-04-01 15:29:53,393] {processor.py:651} INFO - DAG(s) dict_keys(['tutorial_etl_dag']) retrieved from /home/airflow/.local/lib/python3.7/site-packages/airflow/example_dags/tutorial_etl_dag.py
[2023-04-01 15:29:53,438] {logging_mixin.py:115} INFO - [2023-04-01 15:29:53,438] {dag.py:2371} INFO - Sync 1 DAGs
[2023-04-01 15:29:53,473] {logging_mixin.py:115} INFO - [2023-04-01 15:29:53,473] {dag.py:2919} INFO - Setting next_dagrun for tutorial_etl_dag to None, run_after=None
[2023-04-01 15:29:53,492] {processor.py:161} INFO - Processing /home/airflow/.local/lib/python3.7/site-packages/airflow/example_dags/tutorial_etl_dag.py took 0.127 seconds
[2023-04-01 15:30:24,510] {processor.py:153} INFO - Started process (PID=2382) to work on /home/airflow/.local/lib/python3.7/site-packages/airflow/example_dags/tutorial_etl_dag.py
[2023-04-01 15:30:24,512] {processor.py:641} INFO - Processing file /home/airflow/.local/lib/python3.7/site-packages/airflow/example_dags/tutorial_etl_dag.py for tasks to queue
[2023-04-01 15:30:24,513] {logging_mixin.py:115} INFO - [2023-04-01 15:30:24,513] {dagbag.py:507} INFO - Filling up the DagBag from /home/airflow/.local/lib/python3.7/site-packages/airflow/example_dags/tutorial_etl_dag.py
[2023-04-01 15:30:24,542] {processor.py:651} INFO - DAG(s) dict_keys(['tutorial_etl_dag']) retrieved from /home/airflow/.local/lib/python3.7/site-packages/airflow/example_dags/tutorial_etl_dag.py
[2023-04-01 15:30:24,624] {logging_mixin.py:115} INFO - [2023-04-01 15:30:24,624] {dag.py:2371} INFO - Sync 1 DAGs
[2023-04-01 15:30:24,680] {logging_mixin.py:115} INFO - [2023-04-01 15:30:24,679] {dag.py:2919} INFO - Setting next_dagrun for tutorial_etl_dag to None, run_after=None
[2023-04-01 15:30:24,721] {processor.py:161} INFO - Processing /home/airflow/.local/lib/python3.7/site-packages/airflow/example_dags/tutorial_etl_dag.py took 0.217 seconds
[2023-04-01 15:30:55,083] {processor.py:153} INFO - Started process (PID=2455) to work on /home/airflow/.local/lib/python3.7/site-packages/airflow/example_dags/tutorial_etl_dag.py
[2023-04-01 15:30:55,085] {processor.py:641} INFO - Processing file /home/airflow/.local/lib/python3.7/site-packages/airflow/example_dags/tutorial_etl_dag.py for tasks to queue
[2023-04-01 15:30:55,086] {logging_mixin.py:115} INFO - [2023-04-01 15:30:55,086] {dagbag.py:507} INFO - Filling up the DagBag from /home/airflow/.local/lib/python3.7/site-packages/airflow/example_dags/tutorial_etl_dag.py
[2023-04-01 15:30:55,099] {processor.py:651} INFO - DAG(s) dict_keys(['tutorial_etl_dag']) retrieved from /home/airflow/.local/lib/python3.7/site-packages/airflow/example_dags/tutorial_etl_dag.py
[2023-04-01 15:30:55,138] {logging_mixin.py:115} INFO - [2023-04-01 15:30:55,138] {dag.py:2371} INFO - Sync 1 DAGs
[2023-04-01 15:30:55,176] {logging_mixin.py:115} INFO - [2023-04-01 15:30:55,176] {dag.py:2919} INFO - Setting next_dagrun for tutorial_etl_dag to None, run_after=None
[2023-04-01 15:30:55,197] {processor.py:161} INFO - Processing /home/airflow/.local/lib/python3.7/site-packages/airflow/example_dags/tutorial_etl_dag.py took 0.118 seconds
[2023-04-01 15:31:25,512] {processor.py:153} INFO - Started process (PID=2509) to work on /home/airflow/.local/lib/python3.7/site-packages/airflow/example_dags/tutorial_etl_dag.py
[2023-04-01 15:31:25,514] {processor.py:641} INFO - Processing file /home/airflow/.local/lib/python3.7/site-packages/airflow/example_dags/tutorial_etl_dag.py for tasks to queue
[2023-04-01 15:31:25,515] {logging_mixin.py:115} INFO - [2023-04-01 15:31:25,515] {dagbag.py:507} INFO - Filling up the DagBag from /home/airflow/.local/lib/python3.7/site-packages/airflow/example_dags/tutorial_etl_dag.py
[2023-04-01 15:31:25,527] {processor.py:651} INFO - DAG(s) dict_keys(['tutorial_etl_dag']) retrieved from /home/airflow/.local/lib/python3.7/site-packages/airflow/example_dags/tutorial_etl_dag.py
[2023-04-01 15:31:25,577] {logging_mixin.py:115} INFO - [2023-04-01 15:31:25,576] {dag.py:2371} INFO - Sync 1 DAGs
[2023-04-01 15:31:25,617] {logging_mixin.py:115} INFO - [2023-04-01 15:31:25,617] {dag.py:2919} INFO - Setting next_dagrun for tutorial_etl_dag to None, run_after=None
[2023-04-01 15:31:25,639] {processor.py:161} INFO - Processing /home/airflow/.local/lib/python3.7/site-packages/airflow/example_dags/tutorial_etl_dag.py took 0.132 seconds
[2023-04-01 15:31:55,943] {processor.py:153} INFO - Started process (PID=2571) to work on /home/airflow/.local/lib/python3.7/site-packages/airflow/example_dags/tutorial_etl_dag.py
[2023-04-01 15:31:55,946] {processor.py:641} INFO - Processing file /home/airflow/.local/lib/python3.7/site-packages/airflow/example_dags/tutorial_etl_dag.py for tasks to queue
[2023-04-01 15:31:55,947] {logging_mixin.py:115} INFO - [2023-04-01 15:31:55,947] {dagbag.py:507} INFO - Filling up the DagBag from /home/airflow/.local/lib/python3.7/site-packages/airflow/example_dags/tutorial_etl_dag.py
[2023-04-01 15:31:55,958] {processor.py:651} INFO - DAG(s) dict_keys(['tutorial_etl_dag']) retrieved from /home/airflow/.local/lib/python3.7/site-packages/airflow/example_dags/tutorial_etl_dag.py
[2023-04-01 15:31:55,996] {logging_mixin.py:115} INFO - [2023-04-01 15:31:55,996] {dag.py:2371} INFO - Sync 1 DAGs
[2023-04-01 15:31:56,029] {logging_mixin.py:115} INFO - [2023-04-01 15:31:56,029] {dag.py:2919} INFO - Setting next_dagrun for tutorial_etl_dag to None, run_after=None
[2023-04-01 15:31:56,046] {processor.py:161} INFO - Processing /home/airflow/.local/lib/python3.7/site-packages/airflow/example_dags/tutorial_etl_dag.py took 0.109 seconds
[2023-04-01 15:32:26,883] {processor.py:153} INFO - Started process (PID=2625) to work on /home/airflow/.local/lib/python3.7/site-packages/airflow/example_dags/tutorial_etl_dag.py
[2023-04-01 15:32:26,885] {processor.py:641} INFO - Processing file /home/airflow/.local/lib/python3.7/site-packages/airflow/example_dags/tutorial_etl_dag.py for tasks to queue
[2023-04-01 15:32:26,887] {logging_mixin.py:115} INFO - [2023-04-01 15:32:26,886] {dagbag.py:507} INFO - Filling up the DagBag from /home/airflow/.local/lib/python3.7/site-packages/airflow/example_dags/tutorial_etl_dag.py
[2023-04-01 15:32:26,899] {processor.py:651} INFO - DAG(s) dict_keys(['tutorial_etl_dag']) retrieved from /home/airflow/.local/lib/python3.7/site-packages/airflow/example_dags/tutorial_etl_dag.py
[2023-04-01 15:32:26,942] {logging_mixin.py:115} INFO - [2023-04-01 15:32:26,942] {dag.py:2371} INFO - Sync 1 DAGs
[2023-04-01 15:32:26,987] {logging_mixin.py:115} INFO - [2023-04-01 15:32:26,987] {dag.py:2919} INFO - Setting next_dagrun for tutorial_etl_dag to None, run_after=None
[2023-04-01 15:32:27,008] {processor.py:161} INFO - Processing /home/airflow/.local/lib/python3.7/site-packages/airflow/example_dags/tutorial_etl_dag.py took 0.130 seconds
[2023-04-01 15:32:57,211] {processor.py:153} INFO - Started process (PID=2688) to work on /home/airflow/.local/lib/python3.7/site-packages/airflow/example_dags/tutorial_etl_dag.py
[2023-04-01 15:32:57,213] {processor.py:641} INFO - Processing file /home/airflow/.local/lib/python3.7/site-packages/airflow/example_dags/tutorial_etl_dag.py for tasks to queue
[2023-04-01 15:32:57,215] {logging_mixin.py:115} INFO - [2023-04-01 15:32:57,215] {dagbag.py:507} INFO - Filling up the DagBag from /home/airflow/.local/lib/python3.7/site-packages/airflow/example_dags/tutorial_etl_dag.py
[2023-04-01 15:32:57,226] {processor.py:651} INFO - DAG(s) dict_keys(['tutorial_etl_dag']) retrieved from /home/airflow/.local/lib/python3.7/site-packages/airflow/example_dags/tutorial_etl_dag.py
[2023-04-01 15:32:57,264] {logging_mixin.py:115} INFO - [2023-04-01 15:32:57,264] {dag.py:2371} INFO - Sync 1 DAGs
[2023-04-01 15:32:57,297] {logging_mixin.py:115} INFO - [2023-04-01 15:32:57,297] {dag.py:2919} INFO - Setting next_dagrun for tutorial_etl_dag to None, run_after=None
[2023-04-01 15:32:57,314] {processor.py:161} INFO - Processing /home/airflow/.local/lib/python3.7/site-packages/airflow/example_dags/tutorial_etl_dag.py took 0.108 seconds
[2023-04-01 15:33:27,430] {processor.py:153} INFO - Started process (PID=2741) to work on /home/airflow/.local/lib/python3.7/site-packages/airflow/example_dags/tutorial_etl_dag.py
[2023-04-01 15:33:27,432] {processor.py:641} INFO - Processing file /home/airflow/.local/lib/python3.7/site-packages/airflow/example_dags/tutorial_etl_dag.py for tasks to queue
[2023-04-01 15:33:27,433] {logging_mixin.py:115} INFO - [2023-04-01 15:33:27,433] {dagbag.py:507} INFO - Filling up the DagBag from /home/airflow/.local/lib/python3.7/site-packages/airflow/example_dags/tutorial_etl_dag.py
[2023-04-01 15:33:27,446] {processor.py:651} INFO - DAG(s) dict_keys(['tutorial_etl_dag']) retrieved from /home/airflow/.local/lib/python3.7/site-packages/airflow/example_dags/tutorial_etl_dag.py
[2023-04-01 15:33:27,484] {logging_mixin.py:115} INFO - [2023-04-01 15:33:27,484] {dag.py:2371} INFO - Sync 1 DAGs
[2023-04-01 15:33:27,517] {logging_mixin.py:115} INFO - [2023-04-01 15:33:27,517] {dag.py:2919} INFO - Setting next_dagrun for tutorial_etl_dag to None, run_after=None
[2023-04-01 15:33:27,533] {processor.py:161} INFO - Processing /home/airflow/.local/lib/python3.7/site-packages/airflow/example_dags/tutorial_etl_dag.py took 0.109 seconds
[2023-04-01 15:34:58,087] {processor.py:153} INFO - Started process (PID=61) to work on /home/airflow/.local/lib/python3.7/site-packages/airflow/example_dags/tutorial_etl_dag.py
[2023-04-01 15:34:58,089] {processor.py:641} INFO - Processing file /home/airflow/.local/lib/python3.7/site-packages/airflow/example_dags/tutorial_etl_dag.py for tasks to queue
[2023-04-01 15:34:58,090] {logging_mixin.py:115} INFO - [2023-04-01 15:34:58,090] {dagbag.py:507} INFO - Filling up the DagBag from /home/airflow/.local/lib/python3.7/site-packages/airflow/example_dags/tutorial_etl_dag.py
[2023-04-01 15:34:58,110] {processor.py:651} INFO - DAG(s) dict_keys(['tutorial_etl_dag']) retrieved from /home/airflow/.local/lib/python3.7/site-packages/airflow/example_dags/tutorial_etl_dag.py
[2023-04-01 15:34:58,164] {logging_mixin.py:115} INFO - [2023-04-01 15:34:58,164] {dag.py:2371} INFO - Sync 1 DAGs
[2023-04-01 15:34:58,214] {logging_mixin.py:115} INFO - [2023-04-01 15:34:58,214] {dag.py:2919} INFO - Setting next_dagrun for tutorial_etl_dag to None, run_after=None
[2023-04-01 15:34:58,468] {processor.py:161} INFO - Processing /home/airflow/.local/lib/python3.7/site-packages/airflow/example_dags/tutorial_etl_dag.py took 0.388 seconds
[2023-04-01 15:35:29,446] {processor.py:153} INFO - Started process (PID=124) to work on /home/airflow/.local/lib/python3.7/site-packages/airflow/example_dags/tutorial_etl_dag.py
[2023-04-01 15:35:29,449] {processor.py:641} INFO - Processing file /home/airflow/.local/lib/python3.7/site-packages/airflow/example_dags/tutorial_etl_dag.py for tasks to queue
[2023-04-01 15:35:29,451] {logging_mixin.py:115} INFO - [2023-04-01 15:35:29,451] {dagbag.py:507} INFO - Filling up the DagBag from /home/airflow/.local/lib/python3.7/site-packages/airflow/example_dags/tutorial_etl_dag.py
[2023-04-01 15:35:29,471] {processor.py:651} INFO - DAG(s) dict_keys(['tutorial_etl_dag']) retrieved from /home/airflow/.local/lib/python3.7/site-packages/airflow/example_dags/tutorial_etl_dag.py
[2023-04-01 15:35:29,538] {logging_mixin.py:115} INFO - [2023-04-01 15:35:29,537] {dag.py:2371} INFO - Sync 1 DAGs
[2023-04-01 15:35:29,597] {logging_mixin.py:115} INFO - [2023-04-01 15:35:29,597] {dag.py:2919} INFO - Setting next_dagrun for tutorial_etl_dag to None, run_after=None
[2023-04-01 15:35:29,815] {processor.py:161} INFO - Processing /home/airflow/.local/lib/python3.7/site-packages/airflow/example_dags/tutorial_etl_dag.py took 0.375 seconds
[2023-04-01 15:36:00,359] {processor.py:153} INFO - Started process (PID=179) to work on /home/airflow/.local/lib/python3.7/site-packages/airflow/example_dags/tutorial_etl_dag.py
[2023-04-01 15:36:00,361] {processor.py:641} INFO - Processing file /home/airflow/.local/lib/python3.7/site-packages/airflow/example_dags/tutorial_etl_dag.py for tasks to queue
[2023-04-01 15:36:00,362] {logging_mixin.py:115} INFO - [2023-04-01 15:36:00,362] {dagbag.py:507} INFO - Filling up the DagBag from /home/airflow/.local/lib/python3.7/site-packages/airflow/example_dags/tutorial_etl_dag.py
[2023-04-01 15:36:00,374] {processor.py:651} INFO - DAG(s) dict_keys(['tutorial_etl_dag']) retrieved from /home/airflow/.local/lib/python3.7/site-packages/airflow/example_dags/tutorial_etl_dag.py
[2023-04-01 15:36:00,419] {logging_mixin.py:115} INFO - [2023-04-01 15:36:00,419] {dag.py:2371} INFO - Sync 1 DAGs
[2023-04-01 15:36:00,463] {logging_mixin.py:115} INFO - [2023-04-01 15:36:00,463] {dag.py:2919} INFO - Setting next_dagrun for tutorial_etl_dag to None, run_after=None
[2023-04-01 15:36:00,640] {processor.py:161} INFO - Processing /home/airflow/.local/lib/python3.7/site-packages/airflow/example_dags/tutorial_etl_dag.py took 0.286 seconds
[2023-04-01 15:36:31,131] {processor.py:153} INFO - Started process (PID=249) to work on /home/airflow/.local/lib/python3.7/site-packages/airflow/example_dags/tutorial_etl_dag.py
[2023-04-01 15:36:31,134] {processor.py:641} INFO - Processing file /home/airflow/.local/lib/python3.7/site-packages/airflow/example_dags/tutorial_etl_dag.py for tasks to queue
[2023-04-01 15:36:31,136] {logging_mixin.py:115} INFO - [2023-04-01 15:36:31,136] {dagbag.py:507} INFO - Filling up the DagBag from /home/airflow/.local/lib/python3.7/site-packages/airflow/example_dags/tutorial_etl_dag.py
[2023-04-01 15:36:31,148] {processor.py:651} INFO - DAG(s) dict_keys(['tutorial_etl_dag']) retrieved from /home/airflow/.local/lib/python3.7/site-packages/airflow/example_dags/tutorial_etl_dag.py
[2023-04-01 15:36:31,193] {logging_mixin.py:115} INFO - [2023-04-01 15:36:31,193] {dag.py:2371} INFO - Sync 1 DAGs
[2023-04-01 15:36:31,234] {logging_mixin.py:115} INFO - [2023-04-01 15:36:31,234] {dag.py:2919} INFO - Setting next_dagrun for tutorial_etl_dag to None, run_after=None
[2023-04-01 15:36:31,402] {processor.py:161} INFO - Processing /home/airflow/.local/lib/python3.7/site-packages/airflow/example_dags/tutorial_etl_dag.py took 0.277 seconds
[2023-04-01 15:37:01,727] {processor.py:153} INFO - Started process (PID=312) to work on /home/airflow/.local/lib/python3.7/site-packages/airflow/example_dags/tutorial_etl_dag.py
[2023-04-01 15:37:01,729] {processor.py:641} INFO - Processing file /home/airflow/.local/lib/python3.7/site-packages/airflow/example_dags/tutorial_etl_dag.py for tasks to queue
[2023-04-01 15:37:01,731] {logging_mixin.py:115} INFO - [2023-04-01 15:37:01,731] {dagbag.py:507} INFO - Filling up the DagBag from /home/airflow/.local/lib/python3.7/site-packages/airflow/example_dags/tutorial_etl_dag.py
[2023-04-01 15:37:01,742] {processor.py:651} INFO - DAG(s) dict_keys(['tutorial_etl_dag']) retrieved from /home/airflow/.local/lib/python3.7/site-packages/airflow/example_dags/tutorial_etl_dag.py
[2023-04-01 15:37:01,786] {logging_mixin.py:115} INFO - [2023-04-01 15:37:01,786] {dag.py:2371} INFO - Sync 1 DAGs
[2023-04-01 15:37:01,828] {logging_mixin.py:115} INFO - [2023-04-01 15:37:01,828] {dag.py:2919} INFO - Setting next_dagrun for tutorial_etl_dag to None, run_after=None
[2023-04-01 15:37:02,001] {processor.py:161} INFO - Processing /home/airflow/.local/lib/python3.7/site-packages/airflow/example_dags/tutorial_etl_dag.py took 0.278 seconds
[2023-04-01 15:37:32,836] {processor.py:153} INFO - Started process (PID=394) to work on /home/airflow/.local/lib/python3.7/site-packages/airflow/example_dags/tutorial_etl_dag.py
[2023-04-01 15:37:32,838] {processor.py:641} INFO - Processing file /home/airflow/.local/lib/python3.7/site-packages/airflow/example_dags/tutorial_etl_dag.py for tasks to queue
[2023-04-01 15:37:32,839] {logging_mixin.py:115} INFO - [2023-04-01 15:37:32,839] {dagbag.py:507} INFO - Filling up the DagBag from /home/airflow/.local/lib/python3.7/site-packages/airflow/example_dags/tutorial_etl_dag.py
[2023-04-01 15:37:32,852] {processor.py:651} INFO - DAG(s) dict_keys(['tutorial_etl_dag']) retrieved from /home/airflow/.local/lib/python3.7/site-packages/airflow/example_dags/tutorial_etl_dag.py
[2023-04-01 15:37:32,896] {logging_mixin.py:115} INFO - [2023-04-01 15:37:32,895] {dag.py:2371} INFO - Sync 1 DAGs
[2023-04-01 15:37:32,934] {logging_mixin.py:115} INFO - [2023-04-01 15:37:32,934] {dag.py:2919} INFO - Setting next_dagrun for tutorial_etl_dag to None, run_after=None
[2023-04-01 15:37:33,108] {processor.py:161} INFO - Processing /home/airflow/.local/lib/python3.7/site-packages/airflow/example_dags/tutorial_etl_dag.py took 0.277 seconds
[2023-04-01 15:38:03,859] {processor.py:153} INFO - Started process (PID=451) to work on /home/airflow/.local/lib/python3.7/site-packages/airflow/example_dags/tutorial_etl_dag.py
[2023-04-01 15:38:03,862] {processor.py:641} INFO - Processing file /home/airflow/.local/lib/python3.7/site-packages/airflow/example_dags/tutorial_etl_dag.py for tasks to queue
[2023-04-01 15:38:03,863] {logging_mixin.py:115} INFO - [2023-04-01 15:38:03,863] {dagbag.py:507} INFO - Filling up the DagBag from /home/airflow/.local/lib/python3.7/site-packages/airflow/example_dags/tutorial_etl_dag.py
[2023-04-01 15:38:03,876] {processor.py:651} INFO - DAG(s) dict_keys(['tutorial_etl_dag']) retrieved from /home/airflow/.local/lib/python3.7/site-packages/airflow/example_dags/tutorial_etl_dag.py
[2023-04-01 15:38:03,915] {logging_mixin.py:115} INFO - [2023-04-01 15:38:03,915] {dag.py:2371} INFO - Sync 1 DAGs
[2023-04-01 15:38:03,953] {logging_mixin.py:115} INFO - [2023-04-01 15:38:03,953] {dag.py:2919} INFO - Setting next_dagrun for tutorial_etl_dag to None, run_after=None
[2023-04-01 15:38:04,113] {processor.py:161} INFO - Processing /home/airflow/.local/lib/python3.7/site-packages/airflow/example_dags/tutorial_etl_dag.py took 0.259 seconds
[2023-04-01 15:38:35,230] {processor.py:153} INFO - Started process (PID=520) to work on /home/airflow/.local/lib/python3.7/site-packages/airflow/example_dags/tutorial_etl_dag.py
[2023-04-01 15:38:35,232] {processor.py:641} INFO - Processing file /home/airflow/.local/lib/python3.7/site-packages/airflow/example_dags/tutorial_etl_dag.py for tasks to queue
[2023-04-01 15:38:35,234] {logging_mixin.py:115} INFO - [2023-04-01 15:38:35,234] {dagbag.py:507} INFO - Filling up the DagBag from /home/airflow/.local/lib/python3.7/site-packages/airflow/example_dags/tutorial_etl_dag.py
[2023-04-01 15:38:35,246] {processor.py:651} INFO - DAG(s) dict_keys(['tutorial_etl_dag']) retrieved from /home/airflow/.local/lib/python3.7/site-packages/airflow/example_dags/tutorial_etl_dag.py
[2023-04-01 15:38:35,288] {logging_mixin.py:115} INFO - [2023-04-01 15:38:35,288] {dag.py:2371} INFO - Sync 1 DAGs
[2023-04-01 15:38:35,350] {logging_mixin.py:115} INFO - [2023-04-01 15:38:35,350] {dag.py:2919} INFO - Setting next_dagrun for tutorial_etl_dag to None, run_after=None
[2023-04-01 15:38:35,815] {processor.py:161} INFO - Processing /home/airflow/.local/lib/python3.7/site-packages/airflow/example_dags/tutorial_etl_dag.py took 0.590 seconds
[2023-04-01 15:39:06,116] {processor.py:153} INFO - Started process (PID=583) to work on /home/airflow/.local/lib/python3.7/site-packages/airflow/example_dags/tutorial_etl_dag.py
[2023-04-01 15:39:06,118] {processor.py:641} INFO - Processing file /home/airflow/.local/lib/python3.7/site-packages/airflow/example_dags/tutorial_etl_dag.py for tasks to queue
[2023-04-01 15:39:06,119] {logging_mixin.py:115} INFO - [2023-04-01 15:39:06,119] {dagbag.py:507} INFO - Filling up the DagBag from /home/airflow/.local/lib/python3.7/site-packages/airflow/example_dags/tutorial_etl_dag.py
[2023-04-01 15:39:06,131] {processor.py:651} INFO - DAG(s) dict_keys(['tutorial_etl_dag']) retrieved from /home/airflow/.local/lib/python3.7/site-packages/airflow/example_dags/tutorial_etl_dag.py
[2023-04-01 15:39:06,174] {logging_mixin.py:115} INFO - [2023-04-01 15:39:06,174] {dag.py:2371} INFO - Sync 1 DAGs
[2023-04-01 15:39:06,214] {logging_mixin.py:115} INFO - [2023-04-01 15:39:06,213] {dag.py:2919} INFO - Setting next_dagrun for tutorial_etl_dag to None, run_after=None
[2023-04-01 15:39:06,384] {processor.py:161} INFO - Processing /home/airflow/.local/lib/python3.7/site-packages/airflow/example_dags/tutorial_etl_dag.py took 0.273 seconds
[2023-04-01 15:41:20,831] {processor.py:153} INFO - Started process (PID=60) to work on /home/airflow/.local/lib/python3.7/site-packages/airflow/example_dags/tutorial_etl_dag.py
[2023-04-01 15:41:20,834] {processor.py:641} INFO - Processing file /home/airflow/.local/lib/python3.7/site-packages/airflow/example_dags/tutorial_etl_dag.py for tasks to queue
[2023-04-01 15:41:20,839] {logging_mixin.py:115} INFO - [2023-04-01 15:41:20,839] {dagbag.py:507} INFO - Filling up the DagBag from /home/airflow/.local/lib/python3.7/site-packages/airflow/example_dags/tutorial_etl_dag.py
[2023-04-01 15:41:20,870] {processor.py:651} INFO - DAG(s) dict_keys(['tutorial_etl_dag']) retrieved from /home/airflow/.local/lib/python3.7/site-packages/airflow/example_dags/tutorial_etl_dag.py
[2023-04-01 15:41:20,965] {logging_mixin.py:115} INFO - [2023-04-01 15:41:20,965] {dag.py:2371} INFO - Sync 1 DAGs
[2023-04-01 15:41:21,033] {logging_mixin.py:115} INFO - [2023-04-01 15:41:21,032] {dag.py:2919} INFO - Setting next_dagrun for tutorial_etl_dag to None, run_after=None
[2023-04-01 15:41:21,247] {processor.py:161} INFO - Processing /home/airflow/.local/lib/python3.7/site-packages/airflow/example_dags/tutorial_etl_dag.py took 0.428 seconds
[2023-04-01 15:41:51,508] {processor.py:153} INFO - Started process (PID=122) to work on /home/airflow/.local/lib/python3.7/site-packages/airflow/example_dags/tutorial_etl_dag.py
[2023-04-01 15:41:51,511] {processor.py:641} INFO - Processing file /home/airflow/.local/lib/python3.7/site-packages/airflow/example_dags/tutorial_etl_dag.py for tasks to queue
[2023-04-01 15:41:51,512] {logging_mixin.py:115} INFO - [2023-04-01 15:41:51,512] {dagbag.py:507} INFO - Filling up the DagBag from /home/airflow/.local/lib/python3.7/site-packages/airflow/example_dags/tutorial_etl_dag.py
[2023-04-01 15:41:51,525] {processor.py:651} INFO - DAG(s) dict_keys(['tutorial_etl_dag']) retrieved from /home/airflow/.local/lib/python3.7/site-packages/airflow/example_dags/tutorial_etl_dag.py
[2023-04-01 15:41:51,568] {logging_mixin.py:115} INFO - [2023-04-01 15:41:51,568] {dag.py:2371} INFO - Sync 1 DAGs
[2023-04-01 15:41:51,607] {logging_mixin.py:115} INFO - [2023-04-01 15:41:51,607] {dag.py:2919} INFO - Setting next_dagrun for tutorial_etl_dag to None, run_after=None
[2023-04-01 15:41:51,792] {processor.py:161} INFO - Processing /home/airflow/.local/lib/python3.7/site-packages/airflow/example_dags/tutorial_etl_dag.py took 0.289 seconds
[2023-04-01 15:42:22,426] {processor.py:153} INFO - Started process (PID=187) to work on /home/airflow/.local/lib/python3.7/site-packages/airflow/example_dags/tutorial_etl_dag.py
[2023-04-01 15:42:22,428] {processor.py:641} INFO - Processing file /home/airflow/.local/lib/python3.7/site-packages/airflow/example_dags/tutorial_etl_dag.py for tasks to queue
[2023-04-01 15:42:22,431] {logging_mixin.py:115} INFO - [2023-04-01 15:42:22,431] {dagbag.py:507} INFO - Filling up the DagBag from /home/airflow/.local/lib/python3.7/site-packages/airflow/example_dags/tutorial_etl_dag.py
[2023-04-01 15:42:22,450] {processor.py:651} INFO - DAG(s) dict_keys(['tutorial_etl_dag']) retrieved from /home/airflow/.local/lib/python3.7/site-packages/airflow/example_dags/tutorial_etl_dag.py
[2023-04-01 15:42:22,497] {logging_mixin.py:115} INFO - [2023-04-01 15:42:22,497] {dag.py:2371} INFO - Sync 1 DAGs
[2023-04-01 15:42:22,542] {logging_mixin.py:115} INFO - [2023-04-01 15:42:22,542] {dag.py:2919} INFO - Setting next_dagrun for tutorial_etl_dag to None, run_after=None
[2023-04-01 15:42:22,717] {processor.py:161} INFO - Processing /home/airflow/.local/lib/python3.7/site-packages/airflow/example_dags/tutorial_etl_dag.py took 0.299 seconds
[2023-04-01 15:42:54,046] {processor.py:153} INFO - Started process (PID=250) to work on /home/airflow/.local/lib/python3.7/site-packages/airflow/example_dags/tutorial_etl_dag.py
[2023-04-01 15:42:54,048] {processor.py:641} INFO - Processing file /home/airflow/.local/lib/python3.7/site-packages/airflow/example_dags/tutorial_etl_dag.py for tasks to queue
[2023-04-01 15:42:54,051] {logging_mixin.py:115} INFO - [2023-04-01 15:42:54,050] {dagbag.py:507} INFO - Filling up the DagBag from /home/airflow/.local/lib/python3.7/site-packages/airflow/example_dags/tutorial_etl_dag.py
[2023-04-01 15:42:54,071] {processor.py:651} INFO - DAG(s) dict_keys(['tutorial_etl_dag']) retrieved from /home/airflow/.local/lib/python3.7/site-packages/airflow/example_dags/tutorial_etl_dag.py
[2023-04-01 15:42:54,132] {logging_mixin.py:115} INFO - [2023-04-01 15:42:54,132] {dag.py:2371} INFO - Sync 1 DAGs
[2023-04-01 15:42:54,198] {logging_mixin.py:115} INFO - [2023-04-01 15:42:54,198] {dag.py:2919} INFO - Setting next_dagrun for tutorial_etl_dag to None, run_after=None
[2023-04-01 15:42:54,424] {processor.py:161} INFO - Processing /home/airflow/.local/lib/python3.7/site-packages/airflow/example_dags/tutorial_etl_dag.py took 0.391 seconds
[2023-04-01 15:43:25,265] {processor.py:153} INFO - Started process (PID=322) to work on /home/airflow/.local/lib/python3.7/site-packages/airflow/example_dags/tutorial_etl_dag.py
[2023-04-01 15:43:25,267] {processor.py:641} INFO - Processing file /home/airflow/.local/lib/python3.7/site-packages/airflow/example_dags/tutorial_etl_dag.py for tasks to queue
[2023-04-01 15:43:25,269] {logging_mixin.py:115} INFO - [2023-04-01 15:43:25,269] {dagbag.py:507} INFO - Filling up the DagBag from /home/airflow/.local/lib/python3.7/site-packages/airflow/example_dags/tutorial_etl_dag.py
[2023-04-01 15:43:25,282] {processor.py:651} INFO - DAG(s) dict_keys(['tutorial_etl_dag']) retrieved from /home/airflow/.local/lib/python3.7/site-packages/airflow/example_dags/tutorial_etl_dag.py
[2023-04-01 15:43:25,326] {logging_mixin.py:115} INFO - [2023-04-01 15:43:25,325] {dag.py:2371} INFO - Sync 1 DAGs
[2023-04-01 15:43:25,365] {logging_mixin.py:115} INFO - [2023-04-01 15:43:25,365] {dag.py:2919} INFO - Setting next_dagrun for tutorial_etl_dag to None, run_after=None
[2023-04-01 15:43:25,722] {processor.py:161} INFO - Processing /home/airflow/.local/lib/python3.7/site-packages/airflow/example_dags/tutorial_etl_dag.py took 0.462 seconds
[2023-04-01 15:43:56,237] {processor.py:153} INFO - Started process (PID=376) to work on /home/airflow/.local/lib/python3.7/site-packages/airflow/example_dags/tutorial_etl_dag.py
[2023-04-01 15:43:56,239] {processor.py:641} INFO - Processing file /home/airflow/.local/lib/python3.7/site-packages/airflow/example_dags/tutorial_etl_dag.py for tasks to queue
[2023-04-01 15:43:56,240] {logging_mixin.py:115} INFO - [2023-04-01 15:43:56,240] {dagbag.py:507} INFO - Filling up the DagBag from /home/airflow/.local/lib/python3.7/site-packages/airflow/example_dags/tutorial_etl_dag.py
[2023-04-01 15:43:56,255] {processor.py:651} INFO - DAG(s) dict_keys(['tutorial_etl_dag']) retrieved from /home/airflow/.local/lib/python3.7/site-packages/airflow/example_dags/tutorial_etl_dag.py
[2023-04-01 15:43:56,302] {logging_mixin.py:115} INFO - [2023-04-01 15:43:56,301] {dag.py:2371} INFO - Sync 1 DAGs
[2023-04-01 15:43:56,356] {logging_mixin.py:115} INFO - [2023-04-01 15:43:56,356] {dag.py:2919} INFO - Setting next_dagrun for tutorial_etl_dag to None, run_after=None
[2023-04-01 15:43:56,535] {processor.py:161} INFO - Processing /home/airflow/.local/lib/python3.7/site-packages/airflow/example_dags/tutorial_etl_dag.py took 0.303 seconds
[2023-04-01 15:44:27,510] {processor.py:153} INFO - Started process (PID=448) to work on /home/airflow/.local/lib/python3.7/site-packages/airflow/example_dags/tutorial_etl_dag.py
[2023-04-01 15:44:27,512] {processor.py:641} INFO - Processing file /home/airflow/.local/lib/python3.7/site-packages/airflow/example_dags/tutorial_etl_dag.py for tasks to queue
[2023-04-01 15:44:27,514] {logging_mixin.py:115} INFO - [2023-04-01 15:44:27,514] {dagbag.py:507} INFO - Filling up the DagBag from /home/airflow/.local/lib/python3.7/site-packages/airflow/example_dags/tutorial_etl_dag.py
[2023-04-01 15:44:27,527] {processor.py:651} INFO - DAG(s) dict_keys(['tutorial_etl_dag']) retrieved from /home/airflow/.local/lib/python3.7/site-packages/airflow/example_dags/tutorial_etl_dag.py
[2023-04-01 15:44:27,567] {logging_mixin.py:115} INFO - [2023-04-01 15:44:27,567] {dag.py:2371} INFO - Sync 1 DAGs
[2023-04-01 15:44:27,605] {logging_mixin.py:115} INFO - [2023-04-01 15:44:27,605] {dag.py:2919} INFO - Setting next_dagrun for tutorial_etl_dag to None, run_after=None
[2023-04-01 15:44:27,768] {processor.py:161} INFO - Processing /home/airflow/.local/lib/python3.7/site-packages/airflow/example_dags/tutorial_etl_dag.py took 0.262 seconds
[2023-04-01 15:44:58,314] {processor.py:153} INFO - Started process (PID=502) to work on /home/airflow/.local/lib/python3.7/site-packages/airflow/example_dags/tutorial_etl_dag.py
[2023-04-01 15:44:58,317] {processor.py:641} INFO - Processing file /home/airflow/.local/lib/python3.7/site-packages/airflow/example_dags/tutorial_etl_dag.py for tasks to queue
[2023-04-01 15:44:58,318] {logging_mixin.py:115} INFO - [2023-04-01 15:44:58,318] {dagbag.py:507} INFO - Filling up the DagBag from /home/airflow/.local/lib/python3.7/site-packages/airflow/example_dags/tutorial_etl_dag.py
[2023-04-01 15:44:58,330] {processor.py:651} INFO - DAG(s) dict_keys(['tutorial_etl_dag']) retrieved from /home/airflow/.local/lib/python3.7/site-packages/airflow/example_dags/tutorial_etl_dag.py
[2023-04-01 15:44:58,371] {logging_mixin.py:115} INFO - [2023-04-01 15:44:58,371] {dag.py:2371} INFO - Sync 1 DAGs
[2023-04-01 15:44:58,407] {logging_mixin.py:115} INFO - [2023-04-01 15:44:58,407] {dag.py:2919} INFO - Setting next_dagrun for tutorial_etl_dag to None, run_after=None
[2023-04-01 15:44:58,567] {processor.py:161} INFO - Processing /home/airflow/.local/lib/python3.7/site-packages/airflow/example_dags/tutorial_etl_dag.py took 0.259 seconds
[2023-04-01 15:45:29,445] {processor.py:153} INFO - Started process (PID=565) to work on /home/airflow/.local/lib/python3.7/site-packages/airflow/example_dags/tutorial_etl_dag.py
[2023-04-01 15:45:29,446] {processor.py:641} INFO - Processing file /home/airflow/.local/lib/python3.7/site-packages/airflow/example_dags/tutorial_etl_dag.py for tasks to queue
[2023-04-01 15:45:29,448] {logging_mixin.py:115} INFO - [2023-04-01 15:45:29,448] {dagbag.py:507} INFO - Filling up the DagBag from /home/airflow/.local/lib/python3.7/site-packages/airflow/example_dags/tutorial_etl_dag.py
[2023-04-01 15:45:29,459] {processor.py:651} INFO - DAG(s) dict_keys(['tutorial_etl_dag']) retrieved from /home/airflow/.local/lib/python3.7/site-packages/airflow/example_dags/tutorial_etl_dag.py
[2023-04-01 15:45:29,498] {logging_mixin.py:115} INFO - [2023-04-01 15:45:29,498] {dag.py:2371} INFO - Sync 1 DAGs
[2023-04-01 15:45:29,547] {logging_mixin.py:115} INFO - [2023-04-01 15:45:29,547] {dag.py:2919} INFO - Setting next_dagrun for tutorial_etl_dag to None, run_after=None
[2023-04-01 15:45:29,717] {processor.py:161} INFO - Processing /home/airflow/.local/lib/python3.7/site-packages/airflow/example_dags/tutorial_etl_dag.py took 0.277 seconds
[2023-04-01 15:46:00,446] {processor.py:153} INFO - Started process (PID=619) to work on /home/airflow/.local/lib/python3.7/site-packages/airflow/example_dags/tutorial_etl_dag.py
[2023-04-01 15:46:00,448] {processor.py:641} INFO - Processing file /home/airflow/.local/lib/python3.7/site-packages/airflow/example_dags/tutorial_etl_dag.py for tasks to queue
[2023-04-01 15:46:00,450] {logging_mixin.py:115} INFO - [2023-04-01 15:46:00,449] {dagbag.py:507} INFO - Filling up the DagBag from /home/airflow/.local/lib/python3.7/site-packages/airflow/example_dags/tutorial_etl_dag.py
[2023-04-01 15:46:00,462] {processor.py:651} INFO - DAG(s) dict_keys(['tutorial_etl_dag']) retrieved from /home/airflow/.local/lib/python3.7/site-packages/airflow/example_dags/tutorial_etl_dag.py
[2023-04-01 15:46:00,503] {logging_mixin.py:115} INFO - [2023-04-01 15:46:00,503] {dag.py:2371} INFO - Sync 1 DAGs
[2023-04-01 15:46:00,543] {logging_mixin.py:115} INFO - [2023-04-01 15:46:00,542] {dag.py:2919} INFO - Setting next_dagrun for tutorial_etl_dag to None, run_after=None
[2023-04-01 15:46:00,714] {processor.py:161} INFO - Processing /home/airflow/.local/lib/python3.7/site-packages/airflow/example_dags/tutorial_etl_dag.py took 0.273 seconds
