[2023-04-01 15:06:23,742] {taskinstance.py:1159} INFO - Dependencies all met for <TaskInstance: tutorial.print_date scheduled__2023-03-31T15:06:13.958197+00:00 [queued]>
[2023-04-01 15:06:23,755] {taskinstance.py:1159} INFO - Dependencies all met for <TaskInstance: tutorial.print_date scheduled__2023-03-31T15:06:13.958197+00:00 [queued]>
[2023-04-01 15:06:23,756] {taskinstance.py:1356} INFO - 
--------------------------------------------------------------------------------
[2023-04-01 15:06:23,757] {taskinstance.py:1357} INFO - Starting attempt 1 of 2
[2023-04-01 15:06:23,758] {taskinstance.py:1358} INFO - 
--------------------------------------------------------------------------------
[2023-04-01 15:06:23,780] {taskinstance.py:1377} INFO - Executing <Task(BashOperator): print_date> on 2023-03-31 15:06:13.958197+00:00
[2023-04-01 15:06:23,788] {standard_task_runner.py:52} INFO - Started process 321 to run task
[2023-04-01 15:06:23,795] {standard_task_runner.py:79} INFO - Running: ['***', 'tasks', 'run', 'tutorial', 'print_date', 'scheduled__2023-03-31T15:06:13.958197+00:00', '--job-id', '22', '--raw', '--subdir', '/home/***/.local/lib/python3.7/site-packages/***/example_dags/tutorial.py', '--cfg-path', '/tmp/tmpy1n1772i', '--error-file', '/tmp/tmp7mb3bizv']
[2023-04-01 15:06:23,796] {standard_task_runner.py:80} INFO - Job 22: Subtask print_date
[2023-04-01 15:06:23,883] {task_command.py:369} INFO - Running <TaskInstance: tutorial.print_date scheduled__2023-03-31T15:06:13.958197+00:00 [running]> on host 94291ec70be5
[2023-04-01 15:06:24,000] {taskinstance.py:1571} INFO - Exporting the following env vars:
AIRFLOW_CTX_DAG_EMAIL=***@example.com
AIRFLOW_CTX_DAG_OWNER=***
AIRFLOW_CTX_DAG_ID=tutorial
AIRFLOW_CTX_TASK_ID=print_date
AIRFLOW_CTX_EXECUTION_DATE=2023-03-31T15:06:13.958197+00:00
AIRFLOW_CTX_TRY_NUMBER=1
AIRFLOW_CTX_DAG_RUN_ID=scheduled__2023-03-31T15:06:13.958197+00:00
[2023-04-01 15:06:24,004] {subprocess.py:62} INFO - Tmp dir root location: 
 /tmp
[2023-04-01 15:06:24,006] {subprocess.py:74} INFO - Running command: ['bash', '-c', 'date']
[2023-04-01 15:06:24,024] {subprocess.py:85} INFO - Output:
[2023-04-01 15:06:24,031] {subprocess.py:92} INFO - Sat Apr  1 15:06:24 UTC 2023
[2023-04-01 15:06:24,032] {subprocess.py:96} INFO - Command exited with return code 0
[2023-04-01 15:06:24,086] {taskinstance.py:1400} INFO - Marking task as SUCCESS. dag_id=tutorial, task_id=print_date, execution_date=20230331T150613, start_date=20230401T150623, end_date=20230401T150624
[2023-04-01 15:06:24,130] {local_task_job.py:156} INFO - Task exited with return code 0
[2023-04-01 15:06:24,186] {local_task_job.py:273} INFO - 2 downstream tasks scheduled from follow-on schedule check
