[2023-04-01 15:04:20,071] {taskinstance.py:1159} INFO - Dependencies all met for <TaskInstance: example_bash_operator.also_run_this scheduled__2023-03-31T00:00:00+00:00 [queued]>
[2023-04-01 15:04:20,095] {taskinstance.py:1159} INFO - Dependencies all met for <TaskInstance: example_bash_operator.also_run_this scheduled__2023-03-31T00:00:00+00:00 [queued]>
[2023-04-01 15:04:20,097] {taskinstance.py:1356} INFO - 
--------------------------------------------------------------------------------
[2023-04-01 15:04:20,098] {taskinstance.py:1357} INFO - Starting attempt 1 of 1
[2023-04-01 15:04:20,099] {taskinstance.py:1358} INFO - 
--------------------------------------------------------------------------------
[2023-04-01 15:04:20,136] {taskinstance.py:1377} INFO - Executing <Task(BashOperator): also_run_this> on 2023-03-31 00:00:00+00:00
[2023-04-01 15:04:20,144] {standard_task_runner.py:52} INFO - Started process 185 to run task
[2023-04-01 15:04:20,199] {standard_task_runner.py:79} INFO - Running: ['***', 'tasks', 'run', 'example_bash_operator', 'also_run_this', 'scheduled__2023-03-31T00:00:00+00:00', '--job-id', '5', '--raw', '--subdir', '/home/***/.local/lib/python3.7/site-packages/***/example_dags/example_bash_operator.py', '--cfg-path', '/tmp/tmp031u2s60', '--error-file', '/tmp/tmpkyq5h007']
[2023-04-01 15:04:20,202] {standard_task_runner.py:80} INFO - Job 5: Subtask also_run_this
[2023-04-01 15:04:20,636] {task_command.py:369} INFO - Running <TaskInstance: example_bash_operator.also_run_this scheduled__2023-03-31T00:00:00+00:00 [running]> on host 94291ec70be5
[2023-04-01 15:04:22,423] {taskinstance.py:1571} INFO - Exporting the following env vars:
AIRFLOW_CTX_DAG_OWNER=***
AIRFLOW_CTX_DAG_ID=example_bash_operator
AIRFLOW_CTX_TASK_ID=also_run_this
AIRFLOW_CTX_EXECUTION_DATE=2023-03-31T00:00:00+00:00
AIRFLOW_CTX_TRY_NUMBER=1
AIRFLOW_CTX_DAG_RUN_ID=scheduled__2023-03-31T00:00:00+00:00
[2023-04-01 15:04:22,430] {subprocess.py:62} INFO - Tmp dir root location: 
 /tmp
[2023-04-01 15:04:22,441] {subprocess.py:74} INFO - Running command: ['bash', '-c', 'echo "run_id=scheduled__2023-03-31T00:00:00+00:00 | dag_run=<DagRun example_bash_operator @ 2023-03-31 00:00:00+00:00: scheduled__2023-03-31T00:00:00+00:00, externally triggered: False>"']
[2023-04-01 15:04:22,499] {subprocess.py:85} INFO - Output:
[2023-04-01 15:04:22,502] {subprocess.py:92} INFO - run_id=scheduled__2023-03-31T00:00:00+00:00 | dag_run=<DagRun example_bash_operator @ 2023-03-31 00:00:00+00:00: scheduled__2023-03-31T00:00:00+00:00, externally triggered: False>
[2023-04-01 15:04:22,504] {subprocess.py:96} INFO - Command exited with return code 0
[2023-04-01 15:04:22,961] {taskinstance.py:1400} INFO - Marking task as SUCCESS. dag_id=example_bash_operator, task_id=also_run_this, execution_date=20230331T000000, start_date=20230401T150420, end_date=20230401T150422
[2023-04-01 15:04:23,115] {local_task_job.py:156} INFO - Task exited with return code 0
[2023-04-01 15:04:23,246] {local_task_job.py:273} INFO - 0 downstream tasks scheduled from follow-on schedule check
