[2023-04-01 15:05:16,595] {taskinstance.py:1159} INFO - Dependencies all met for <TaskInstance: example_branch_python_operator_decorator.branching scheduled__2023-03-31T00:00:00+00:00 [queued]>
[2023-04-01 15:05:16,611] {taskinstance.py:1159} INFO - Dependencies all met for <TaskInstance: example_branch_python_operator_decorator.branching scheduled__2023-03-31T00:00:00+00:00 [queued]>
[2023-04-01 15:05:16,612] {taskinstance.py:1356} INFO - 
--------------------------------------------------------------------------------
[2023-04-01 15:05:16,613] {taskinstance.py:1357} INFO - Starting attempt 1 of 1
[2023-04-01 15:05:16,614] {taskinstance.py:1358} INFO - 
--------------------------------------------------------------------------------
[2023-04-01 15:05:16,633] {taskinstance.py:1377} INFO - Executing <Task(_BranchPythonDecoratedOperator): branching> on 2023-03-31 00:00:00+00:00
[2023-04-01 15:05:16,639] {standard_task_runner.py:52} INFO - Started process 263 to run task
[2023-04-01 15:05:16,645] {standard_task_runner.py:79} INFO - Running: ['***', 'tasks', 'run', 'example_branch_python_operator_decorator', 'branching', 'scheduled__2023-03-31T00:00:00+00:00', '--job-id', '20', '--raw', '--subdir', '/home/***/.local/lib/python3.7/site-packages/***/example_dags/example_branch_operator_decorator.py', '--cfg-path', '/tmp/tmp6v6ic9xq', '--error-file', '/tmp/tmp8h89jh9f']
[2023-04-01 15:05:16,646] {standard_task_runner.py:80} INFO - Job 20: Subtask branching
[2023-04-01 15:05:16,740] {task_command.py:369} INFO - Running <TaskInstance: example_branch_python_operator_decorator.branching scheduled__2023-03-31T00:00:00+00:00 [running]> on host 94291ec70be5
[2023-04-01 15:05:16,839] {taskinstance.py:1571} INFO - Exporting the following env vars:
AIRFLOW_CTX_DAG_OWNER=***
AIRFLOW_CTX_DAG_ID=example_branch_python_operator_decorator
AIRFLOW_CTX_TASK_ID=branching
AIRFLOW_CTX_EXECUTION_DATE=2023-03-31T00:00:00+00:00
AIRFLOW_CTX_TRY_NUMBER=1
AIRFLOW_CTX_DAG_RUN_ID=scheduled__2023-03-31T00:00:00+00:00
[2023-04-01 15:05:16,841] {python.py:173} INFO - Done. Returned value was: branch_c
[2023-04-01 15:05:16,842] {skipmixin.py:140} INFO - Following branch branch_c
[2023-04-01 15:05:16,843] {skipmixin.py:175} INFO - Skipping tasks ['branch_b', 'branch_a', 'branch_d']
[2023-04-01 15:05:16,911] {taskinstance.py:1400} INFO - Marking task as SUCCESS. dag_id=example_branch_python_operator_decorator, task_id=branching, execution_date=20230331T000000, start_date=20230401T150516, end_date=20230401T150516
[2023-04-01 15:05:16,939] {local_task_job.py:156} INFO - Task exited with return code 0
[2023-04-01 15:05:17,032] {local_task_job.py:273} INFO - 1 downstream tasks scheduled from follow-on schedule check
