[2023-04-01 15:04:59,085] {taskinstance.py:1159} INFO - Dependencies all met for <TaskInstance: example_branch_datetime_operator_2.datetime_branch scheduled__2023-03-31T00:00:00+00:00 [queued]>
[2023-04-01 15:04:59,106] {taskinstance.py:1159} INFO - Dependencies all met for <TaskInstance: example_branch_datetime_operator_2.datetime_branch scheduled__2023-03-31T00:00:00+00:00 [queued]>
[2023-04-01 15:04:59,107] {taskinstance.py:1356} INFO - 
--------------------------------------------------------------------------------
[2023-04-01 15:04:59,108] {taskinstance.py:1357} INFO - Starting attempt 1 of 1
[2023-04-01 15:04:59,110] {taskinstance.py:1358} INFO - 
--------------------------------------------------------------------------------
[2023-04-01 15:04:59,156] {taskinstance.py:1377} INFO - Executing <Task(BranchDateTimeOperator): datetime_branch> on 2023-03-31 00:00:00+00:00
[2023-04-01 15:04:59,171] {standard_task_runner.py:52} INFO - Started process 246 to run task
[2023-04-01 15:04:59,178] {standard_task_runner.py:79} INFO - Running: ['***', 'tasks', 'run', 'example_branch_datetime_operator_2', 'datetime_branch', 'scheduled__2023-03-31T00:00:00+00:00', '--job-id', '16', '--raw', '--subdir', '/home/***/.local/lib/python3.7/site-packages/***/example_dags/example_branch_datetime_operator.py', '--cfg-path', '/tmp/tmp8k8mxhug', '--error-file', '/tmp/tmphk7u090i']
[2023-04-01 15:04:59,180] {standard_task_runner.py:80} INFO - Job 16: Subtask datetime_branch
[2023-04-01 15:04:59,336] {task_command.py:369} INFO - Running <TaskInstance: example_branch_datetime_operator_2.datetime_branch scheduled__2023-03-31T00:00:00+00:00 [running]> on host 94291ec70be5
[2023-04-01 15:04:59,518] {taskinstance.py:1571} INFO - Exporting the following env vars:
AIRFLOW_CTX_DAG_OWNER=***
AIRFLOW_CTX_DAG_ID=example_branch_datetime_operator_2
AIRFLOW_CTX_TASK_ID=datetime_branch
AIRFLOW_CTX_EXECUTION_DATE=2023-03-31T00:00:00+00:00
AIRFLOW_CTX_TRY_NUMBER=1
AIRFLOW_CTX_DAG_RUN_ID=scheduled__2023-03-31T00:00:00+00:00
[2023-04-01 15:04:59,521] {skipmixin.py:140} INFO - Following branch ['date_in_range']
[2023-04-01 15:04:59,522] {skipmixin.py:175} INFO - Skipping tasks ['date_outside_range']
[2023-04-01 15:04:59,630] {taskinstance.py:1400} INFO - Marking task as SUCCESS. dag_id=example_branch_datetime_operator_2, task_id=datetime_branch, execution_date=20230331T000000, start_date=20230401T150459, end_date=20230401T150459
[2023-04-01 15:04:59,717] {local_task_job.py:156} INFO - Task exited with return code 0
[2023-04-01 15:05:00,029] {local_task_job.py:273} INFO - 0 downstream tasks scheduled from follow-on schedule check
