[2023-04-01 15:06:39,270] {taskinstance.py:1159} INFO - Dependencies all met for <TaskInstance: tutorial_taskflow_api_etl_virtualenv.load manual__2023-04-01T15:06:27.329720+00:00 [queued]>
[2023-04-01 15:06:39,291] {taskinstance.py:1159} INFO - Dependencies all met for <TaskInstance: tutorial_taskflow_api_etl_virtualenv.load manual__2023-04-01T15:06:27.329720+00:00 [queued]>
[2023-04-01 15:06:39,292] {taskinstance.py:1356} INFO - 
--------------------------------------------------------------------------------
[2023-04-01 15:06:39,293] {taskinstance.py:1357} INFO - Starting attempt 1 of 1
[2023-04-01 15:06:39,294] {taskinstance.py:1358} INFO - 
--------------------------------------------------------------------------------
[2023-04-01 15:06:39,321] {taskinstance.py:1377} INFO - Executing <Task(_PythonDecoratedOperator): load> on 2023-04-01 15:06:27.329720+00:00
[2023-04-01 15:06:39,328] {standard_task_runner.py:52} INFO - Started process 375 to run task
[2023-04-01 15:06:39,333] {standard_task_runner.py:79} INFO - Running: ['***', 'tasks', 'run', 'tutorial_taskflow_api_etl_virtualenv', 'load', 'manual__2023-04-01T15:06:27.329720+00:00', '--job-id', '27', '--raw', '--subdir', '/home/***/.local/lib/python3.7/site-packages/***/example_dags/tutorial_taskflow_api_etl_virtualenv.py', '--cfg-path', '/tmp/tmp_pcydsi_', '--error-file', '/tmp/tmp35cmyxta']
[2023-04-01 15:06:39,361] {standard_task_runner.py:80} INFO - Job 27: Subtask load
[2023-04-01 15:06:39,515] {task_command.py:369} INFO - Running <TaskInstance: tutorial_taskflow_api_etl_virtualenv.load manual__2023-04-01T15:06:27.329720+00:00 [running]> on host 94291ec70be5
[2023-04-01 15:06:39,653] {taskinstance.py:1571} INFO - Exporting the following env vars:
AIRFLOW_CTX_DAG_OWNER=***
AIRFLOW_CTX_DAG_ID=tutorial_taskflow_api_etl_virtualenv
AIRFLOW_CTX_TASK_ID=load
AIRFLOW_CTX_EXECUTION_DATE=2023-04-01T15:06:27.329720+00:00
AIRFLOW_CTX_TRY_NUMBER=1
AIRFLOW_CTX_DAG_RUN_ID=manual__2023-04-01T15:06:27.329720+00:00
[2023-04-01 15:06:39,656] {logging_mixin.py:115} INFO - Total order value is: 1236.70
[2023-04-01 15:06:39,657] {python.py:173} INFO - Done. Returned value was: None
[2023-04-01 15:06:39,676] {taskinstance.py:1400} INFO - Marking task as SUCCESS. dag_id=tutorial_taskflow_api_etl_virtualenv, task_id=load, execution_date=20230401T150627, start_date=20230401T150639, end_date=20230401T150639
[2023-04-01 15:06:39,722] {local_task_job.py:156} INFO - Task exited with return code 0
[2023-04-01 15:06:39,779] {local_task_job.py:273} INFO - 0 downstream tasks scheduled from follow-on schedule check
