[2023-04-01 15:05:06,732] {taskinstance.py:1159} INFO - Dependencies all met for <TaskInstance: example_branch_dop_operator_v3.condition scheduled__2023-04-01T15:04:00+00:00 [queued]>
[2023-04-01 15:05:06,751] {taskinstance.py:1159} INFO - Dependencies all met for <TaskInstance: example_branch_dop_operator_v3.condition scheduled__2023-04-01T15:04:00+00:00 [queued]>
[2023-04-01 15:05:06,752] {taskinstance.py:1356} INFO - 
--------------------------------------------------------------------------------
[2023-04-01 15:05:06,753] {taskinstance.py:1357} INFO - Starting attempt 1 of 1
[2023-04-01 15:05:06,754] {taskinstance.py:1358} INFO - 
--------------------------------------------------------------------------------
[2023-04-01 15:05:06,781] {taskinstance.py:1377} INFO - Executing <Task(BranchPythonOperator): condition> on 2023-04-01 15:04:00+00:00
[2023-04-01 15:05:06,791] {standard_task_runner.py:52} INFO - Started process 259 to run task
[2023-04-01 15:05:06,796] {standard_task_runner.py:79} INFO - Running: ['***', 'tasks', 'run', 'example_branch_dop_operator_v3', 'condition', 'scheduled__2023-04-01T15:04:00+00:00', '--job-id', '18', '--raw', '--subdir', '/home/***/.local/lib/python3.7/site-packages/***/example_dags/example_branch_python_dop_operator_3.py', '--cfg-path', '/tmp/tmpe4cflg2k', '--error-file', '/tmp/tmp8pzur380']
[2023-04-01 15:05:06,797] {standard_task_runner.py:80} INFO - Job 18: Subtask condition
[2023-04-01 15:05:06,932] {task_command.py:369} INFO - Running <TaskInstance: example_branch_dop_operator_v3.condition scheduled__2023-04-01T15:04:00+00:00 [running]> on host 94291ec70be5
[2023-04-01 15:05:07,066] {taskinstance.py:1571} INFO - Exporting the following env vars:
AIRFLOW_CTX_DAG_OWNER=***
AIRFLOW_CTX_DAG_ID=example_branch_dop_operator_v3
AIRFLOW_CTX_TASK_ID=condition
AIRFLOW_CTX_EXECUTION_DATE=2023-04-01T15:04:00+00:00
AIRFLOW_CTX_TRY_NUMBER=1
AIRFLOW_CTX_DAG_RUN_ID=scheduled__2023-04-01T15:04:00+00:00
[2023-04-01 15:05:07,070] {warnings.py:110} WARNING - /home/***/.local/lib/python3.7/site-packages/***/utils/context.py:290: AirflowContextDeprecationWarning: Accessing 'execution_date' from the template is deprecated and will be removed in a future version. Please use 'data_interval_start' or 'logical_date' instead.
  warnings.warn(_create_deprecation_warning(k, replacements))

[2023-04-01 15:05:07,071] {logging_mixin.py:115} INFO - ------------- exec dttm = 2023-04-01T15:04:00+00:00 and minute = 4
[2023-04-01 15:05:07,072] {python.py:173} INFO - Done. Returned value was: empty_task_1
[2023-04-01 15:05:07,073] {skipmixin.py:140} INFO - Following branch empty_task_1
[2023-04-01 15:05:07,074] {skipmixin.py:175} INFO - Skipping tasks ['empty_task_2']
[2023-04-01 15:05:07,141] {taskinstance.py:1400} INFO - Marking task as SUCCESS. dag_id=example_branch_dop_operator_v3, task_id=condition, execution_date=20230401T150400, start_date=20230401T150506, end_date=20230401T150507
[2023-04-01 15:05:07,172] {local_task_job.py:156} INFO - Task exited with return code 0
[2023-04-01 15:05:07,248] {local_task_job.py:273} INFO - 1 downstream tasks scheduled from follow-on schedule check
